2019-01-09 10:14:33,810:INFO main (EnumUtils.java:192) - EnumScanner将扫描:com.ygbc.brain
2019-01-09 10:14:34,042:INFO main (EnumUtils.java:106) - 加载枚举:ObjectType
2019-01-09 10:14:34,043:INFO main (EnumUtils.java:106) - 加载枚举:TransactionType
2019-01-09 10:14:34,043:INFO main (EnumUtils.java:106) - 加载枚举:ExperimentStatus
2019-01-09 10:14:34,043:INFO main (EnumUtils.java:106) - 加载枚举:ExperimentType
2019-01-09 10:14:34,044:INFO main (EnumUtils.java:106) - 加载枚举:DocumentType
2019-01-09 10:14:34,044:INFO main (EnumUtils.java:106) - 加载枚举:TransactionStatus
2019-01-09 10:14:34,044:INFO main (EnumUtils.java:106) - 加载枚举:LcReferenceType
2019-01-09 10:14:34,044:INFO main (EnumUtils.java:106) - 加载枚举:PendingStatus
2019-01-09 10:14:34,045:INFO main (EnumUtils.java:106) - 加载枚举:ReferenceType
2019-01-09 10:14:34,045:INFO main (EnumUtils.java:111) - 加载枚举:TrueFalse
2019-01-09 10:14:34,045:INFO main (EnumUtils.java:111) - 加载枚举:ImageSceneType
2019-01-09 10:14:34,045:INFO main (EnumUtils.java:111) - 加载枚举:YesNo
2019-01-09 10:14:34,046:INFO main (EnumUtils.java:111) - 加载枚举:AllowType
2019-01-09 10:14:34,046:INFO main (EnumUtils.java:111) - 加载枚举:UserStatus
2019-01-09 10:14:34,046:INFO main (EnumUtils.java:111) - 加载枚举:ImageType
2019-01-09 10:16:20,033:INFO qtp1579015748-29 (LogAspect.java:32) - com.ygbc.brain.business.management.api.impl.AlgorithmServiceFacadeImpl.delete开始执行
2019-01-09 10:16:20,061:INFO qtp1579015748-29 (LogAspect.java:51) - 请求参数1:{"data":{"id":100},"pending":false}
2019-01-09 10:31:23,791:DEBUG qtp1579015748-29 (BaseJdbcLogger.java:159) - ==>  Preparing: select id, code, name, name_cn, name_en, remark,arguments, create_time,create_by, update_time, update_by, ver, is_del from algorithm where id = ? and 1 = 1 
2019-01-09 10:31:24,115:DEBUG qtp1579015748-29 (BaseJdbcLogger.java:159) - ==> Parameters: 100(Long)
2019-01-09 10:31:24,328:DEBUG qtp1579015748-29 (BaseJdbcLogger.java:159) - <==      Total: 0
2019-01-09 10:32:44,049:INFO qtp1579015748-29 (LogAspect.java:64) - com.ygbc.brain.business.management.api.impl.AlgorithmServiceFacadeImpl.delete返回值:{"errors":{"id":"该算法不存在"},"pageNo":1,"pageSize":10,"respCode":"9004","respMsg":"参数校验未通过","totalCount":0,"totalPage":0}
2019-01-09 10:34:41,915:INFO main (EnumUtils.java:192) - EnumScanner将扫描:com.ygbc.brain
2019-01-09 10:34:42,132:INFO main (EnumUtils.java:106) - 加载枚举:ObjectType
2019-01-09 10:34:42,133:INFO main (EnumUtils.java:106) - 加载枚举:TransactionType
2019-01-09 10:34:42,133:INFO main (EnumUtils.java:106) - 加载枚举:ExperimentStatus
2019-01-09 10:34:42,133:INFO main (EnumUtils.java:106) - 加载枚举:ExperimentType
2019-01-09 10:34:42,133:INFO main (EnumUtils.java:106) - 加载枚举:DocumentType
2019-01-09 10:34:42,133:INFO main (EnumUtils.java:106) - 加载枚举:TransactionStatus
2019-01-09 10:34:42,134:INFO main (EnumUtils.java:106) - 加载枚举:LcReferenceType
2019-01-09 10:34:42,134:INFO main (EnumUtils.java:106) - 加载枚举:PendingStatus
2019-01-09 10:34:42,134:INFO main (EnumUtils.java:106) - 加载枚举:ReferenceType
2019-01-09 10:34:42,134:INFO main (EnumUtils.java:111) - 加载枚举:TrueFalse
2019-01-09 10:34:42,135:INFO main (EnumUtils.java:111) - 加载枚举:ImageSceneType
2019-01-09 10:34:42,135:INFO main (EnumUtils.java:111) - 加载枚举:YesNo
2019-01-09 10:34:42,135:INFO main (EnumUtils.java:111) - 加载枚举:AllowType
2019-01-09 10:34:42,135:INFO main (EnumUtils.java:111) - 加载枚举:UserStatus
2019-01-09 10:34:42,135:INFO main (EnumUtils.java:111) - 加载枚举:ImageType
2019-01-09 10:35:07,711:INFO qtp28612052-25 (LogAspect.java:32) - com.ygbc.brain.business.management.api.impl.AlgorithmServiceFacadeImpl.delete开始执行
2019-01-09 10:35:07,740:INFO qtp28612052-25 (LogAspect.java:51) - 请求参数1:{"data":{"id":100},"pending":false}
2019-01-09 10:36:07,939:DEBUG qtp28612052-25 (BaseJdbcLogger.java:159) - ==>  Preparing: select id, code, name, name_cn, name_en, remark,arguments, create_time,create_by, update_time, update_by, ver, is_del from algorithm where id = ? and 1 = 1 
2019-01-09 10:36:07,972:DEBUG qtp28612052-25 (BaseJdbcLogger.java:159) - ==> Parameters: 100(Long)
2019-01-09 10:36:07,996:DEBUG qtp28612052-25 (BaseJdbcLogger.java:159) - <==      Total: 0
2019-01-09 10:36:08,007:INFO qtp28612052-25 (LogAspect.java:64) - com.ygbc.brain.business.management.api.impl.AlgorithmServiceFacadeImpl.delete返回值:{"errors":{"id":"该算法不存在"},"pageNo":1,"pageSize":10,"respCode":"9004","respMsg":"参数校验未通过","totalCount":0,"totalPage":0}
2019-01-09 10:36:18,150:INFO qtp28612052-27 (LogAspect.java:32) - com.ygbc.brain.business.management.api.impl.AlgorithmServiceFacadeImpl.delete开始执行
2019-01-09 10:36:18,151:INFO qtp28612052-27 (LogAspect.java:51) - 请求参数1:{"data":{},"pending":false}
2019-01-09 10:40:51,474:INFO qtp28612052-27 (LogAspect.java:64) - com.ygbc.brain.business.management.api.impl.AlgorithmServiceFacadeImpl.delete返回值:{"errors":{"id":"请选择要删除的算法"},"pageNo":1,"pageSize":10,"respCode":"9004","respMsg":"参数校验未通过","totalCount":0,"totalPage":0}
2019-01-09 10:58:07,301:INFO main (EnumUtils.java:192) - EnumScanner将扫描:com.ygbc.brain
2019-01-09 10:58:07,520:INFO main (EnumUtils.java:106) - 加载枚举:ObjectType
2019-01-09 10:58:07,521:INFO main (EnumUtils.java:106) - 加载枚举:TransactionType
2019-01-09 10:58:07,521:INFO main (EnumUtils.java:106) - 加载枚举:ExperimentStatus
2019-01-09 10:58:07,522:INFO main (EnumUtils.java:106) - 加载枚举:ExperimentType
2019-01-09 10:58:07,522:INFO main (EnumUtils.java:106) - 加载枚举:DocumentType
2019-01-09 10:58:07,522:INFO main (EnumUtils.java:106) - 加载枚举:TransactionStatus
2019-01-09 10:58:07,522:INFO main (EnumUtils.java:106) - 加载枚举:LcReferenceType
2019-01-09 10:58:07,523:INFO main (EnumUtils.java:106) - 加载枚举:PendingStatus
2019-01-09 10:58:07,523:INFO main (EnumUtils.java:106) - 加载枚举:ReferenceType
2019-01-09 10:58:07,523:INFO main (EnumUtils.java:111) - 加载枚举:TrueFalse
2019-01-09 10:58:07,523:INFO main (EnumUtils.java:111) - 加载枚举:ImageSceneType
2019-01-09 10:58:07,523:INFO main (EnumUtils.java:111) - 加载枚举:YesNo
2019-01-09 10:58:07,524:INFO main (EnumUtils.java:111) - 加载枚举:AllowType
2019-01-09 10:58:07,524:INFO main (EnumUtils.java:111) - 加载枚举:UserStatus
2019-01-09 10:58:07,524:INFO main (EnumUtils.java:111) - 加载枚举:ImageType
2019-01-09 10:58:50,386:INFO qtp2147002844-25 (LogAspect.java:32) - com.ygbc.brain.business.management.api.impl.ImageServiceFacadeImpl.delete开始执行
2019-01-09 10:58:50,416:INFO qtp2147002844-25 (LogAspect.java:51) - 请求参数1:{"data":{"sceneType":8},"pending":false}
2019-01-09 11:02:02,544:DEBUG qtp2147002844-25 (BaseJdbcLogger.java:159) - ==>  Preparing: select id, code, name, image_size_x, image_size_y, get_time,image_type,scene_location_longitude,scene_location_latitude, scene_type,device_name,management_user_code,image_info, create_by, update_time, update_by, ver, is_del from image where id = ? and 1 = 1 
2019-01-09 11:02:02,590:DEBUG qtp2147002844-25 (BaseJdbcLogger.java:159) - ==> Parameters: null
2019-01-09 11:02:02,613:DEBUG qtp2147002844-25 (BaseJdbcLogger.java:159) - <==      Total: 0
2019-01-09 11:02:02,633:INFO qtp2147002844-25 (LogAspect.java:64) - com.ygbc.brain.business.management.api.impl.ImageServiceFacadeImpl.delete返回值:{"errors":{"id":"该图片不存在"},"pageNo":1,"pageSize":10,"respCode":"9004","respMsg":"参数校验未通过","totalCount":0,"totalPage":0}
2019-01-09 11:21:18,914:INFO main (EnumUtils.java:192) - EnumScanner将扫描:com.ygbc.brain
2019-01-09 11:21:19,128:INFO main (EnumUtils.java:106) - 加载枚举:ObjectType
2019-01-09 11:21:19,129:INFO main (EnumUtils.java:106) - 加载枚举:TransactionType
2019-01-09 11:21:19,129:INFO main (EnumUtils.java:106) - 加载枚举:ExperimentStatus
2019-01-09 11:21:19,129:INFO main (EnumUtils.java:106) - 加载枚举:ExperimentType
2019-01-09 11:21:19,129:INFO main (EnumUtils.java:106) - 加载枚举:DocumentType
2019-01-09 11:21:19,129:INFO main (EnumUtils.java:106) - 加载枚举:TransactionStatus
2019-01-09 11:21:19,130:INFO main (EnumUtils.java:106) - 加载枚举:LcReferenceType
2019-01-09 11:21:19,130:INFO main (EnumUtils.java:106) - 加载枚举:PendingStatus
2019-01-09 11:21:19,130:INFO main (EnumUtils.java:106) - 加载枚举:ReferenceType
2019-01-09 11:21:19,130:INFO main (EnumUtils.java:111) - 加载枚举:TrueFalse
2019-01-09 11:21:19,131:INFO main (EnumUtils.java:111) - 加载枚举:ImageSceneType
2019-01-09 11:21:19,131:INFO main (EnumUtils.java:111) - 加载枚举:YesNo
2019-01-09 11:21:19,131:INFO main (EnumUtils.java:111) - 加载枚举:AllowType
2019-01-09 11:21:19,131:INFO main (EnumUtils.java:111) - 加载枚举:UserStatus
2019-01-09 11:21:19,131:INFO main (EnumUtils.java:111) - 加载枚举:ImageType
2019-01-09 11:21:34,907:INFO qtp2147002844-26 (LogAspect.java:32) - com.ygbc.brain.business.management.api.impl.ImageServiceFacadeImpl.delete开始执行
2019-01-09 11:21:34,992:INFO qtp2147002844-26 (LogAspect.java:51) - 请求参数1:{"data":{},"pending":false}
2019-01-09 11:22:52,682:DEBUG qtp2147002844-26 (BaseJdbcLogger.java:159) - ==>  Preparing: select id, code, name, image_size_x, image_size_y, get_time,image_type,scene_location_longitude,scene_location_latitude, scene_type,device_name,management_user_code,image_info, create_by, update_time, update_by, ver, is_del from image where id = ? and 1 = 1 
2019-01-09 11:22:52,992:DEBUG qtp2147002844-26 (BaseJdbcLogger.java:159) - ==> Parameters: null
2019-01-09 11:22:53,202:DEBUG qtp2147002844-26 (BaseJdbcLogger.java:159) - <==      Total: 0
2019-01-09 11:26:38,501:INFO main (EnumUtils.java:192) - EnumScanner将扫描:com.ygbc.brain
2019-01-09 11:26:38,710:INFO main (EnumUtils.java:106) - 加载枚举:ObjectType
2019-01-09 11:26:38,710:INFO main (EnumUtils.java:106) - 加载枚举:TransactionType
2019-01-09 11:26:38,711:INFO main (EnumUtils.java:106) - 加载枚举:ExperimentStatus
2019-01-09 11:26:38,711:INFO main (EnumUtils.java:106) - 加载枚举:ExperimentType
2019-01-09 11:26:38,711:INFO main (EnumUtils.java:106) - 加载枚举:DocumentType
2019-01-09 11:26:38,711:INFO main (EnumUtils.java:106) - 加载枚举:TransactionStatus
2019-01-09 11:26:38,712:INFO main (EnumUtils.java:106) - 加载枚举:LcReferenceType
2019-01-09 11:26:38,712:INFO main (EnumUtils.java:106) - 加载枚举:PendingStatus
2019-01-09 11:26:38,712:INFO main (EnumUtils.java:106) - 加载枚举:ReferenceType
2019-01-09 11:26:38,712:INFO main (EnumUtils.java:111) - 加载枚举:TrueFalse
2019-01-09 11:26:38,712:INFO main (EnumUtils.java:111) - 加载枚举:ImageSceneType
2019-01-09 11:26:38,713:INFO main (EnumUtils.java:111) - 加载枚举:YesNo
2019-01-09 11:26:38,713:INFO main (EnumUtils.java:111) - 加载枚举:AllowType
2019-01-09 11:26:38,713:INFO main (EnumUtils.java:111) - 加载枚举:UserStatus
2019-01-09 11:26:38,713:INFO main (EnumUtils.java:111) - 加载枚举:ImageType
2019-01-09 11:26:48,016:INFO qtp28612052-29 (LogAspect.java:32) - com.ygbc.brain.business.management.api.impl.ImageServiceFacadeImpl.delete开始执行
2019-01-09 11:26:48,047:INFO qtp28612052-29 (LogAspect.java:51) - 请求参数1:{"data":{"sceneType":8},"pending":false}
2019-01-09 11:27:06,805:DEBUG qtp28612052-29 (BaseJdbcLogger.java:159) - ==>  Preparing: select id, code, name, image_size_x, image_size_y, get_time,image_type,scene_location_longitude,scene_location_latitude, scene_type,device_name,management_user_code,image_info, create_by, update_time, update_by, ver, is_del from image where id = ? and 1 = 1 
2019-01-09 11:27:06,835:DEBUG qtp28612052-29 (BaseJdbcLogger.java:159) - ==> Parameters: null
2019-01-09 11:27:06,868:DEBUG qtp28612052-29 (BaseJdbcLogger.java:159) - <==      Total: 0
2019-01-09 11:35:20,050:INFO main (EnumUtils.java:192) - EnumScanner将扫描:com.ygbc.brain
2019-01-09 11:35:20,246:INFO main (EnumUtils.java:106) - 加载枚举:ObjectType
2019-01-09 11:35:20,247:INFO main (EnumUtils.java:106) - 加载枚举:TransactionType
2019-01-09 11:35:20,247:INFO main (EnumUtils.java:106) - 加载枚举:ExperimentStatus
2019-01-09 11:35:20,247:INFO main (EnumUtils.java:106) - 加载枚举:ExperimentType
2019-01-09 11:35:20,247:INFO main (EnumUtils.java:106) - 加载枚举:DocumentType
2019-01-09 11:35:20,248:INFO main (EnumUtils.java:106) - 加载枚举:TransactionStatus
2019-01-09 11:35:20,248:INFO main (EnumUtils.java:106) - 加载枚举:LcReferenceType
2019-01-09 11:35:20,248:INFO main (EnumUtils.java:106) - 加载枚举:PendingStatus
2019-01-09 11:35:20,248:INFO main (EnumUtils.java:106) - 加载枚举:ReferenceType
2019-01-09 11:35:20,248:INFO main (EnumUtils.java:111) - 加载枚举:TrueFalse
2019-01-09 11:35:20,248:INFO main (EnumUtils.java:111) - 加载枚举:ImageSceneType
2019-01-09 11:35:20,249:INFO main (EnumUtils.java:111) - 加载枚举:YesNo
2019-01-09 11:35:20,249:INFO main (EnumUtils.java:111) - 加载枚举:AllowType
2019-01-09 11:35:20,249:INFO main (EnumUtils.java:111) - 加载枚举:UserStatus
2019-01-09 11:35:20,249:INFO main (EnumUtils.java:111) - 加载枚举:ImageType
2019-01-09 11:35:27,606:INFO qtp2147002844-25 (LogAspect.java:32) - com.ygbc.brain.business.management.api.impl.ImageServiceFacadeImpl.delete开始执行
2019-01-09 11:35:27,640:INFO qtp2147002844-25 (LogAspect.java:51) - 请求参数1:{"data":{"sceneType":8},"pending":false}
2019-01-09 11:35:46,597:DEBUG qtp2147002844-25 (BaseJdbcLogger.java:159) - ==>  Preparing: select id, code, name, image_size_x, image_size_y, get_time,image_type,scene_location_longitude,scene_location_latitude, scene_type,device_name,management_user_code,image_info, create_by, update_time, update_by, ver, is_del from image where id = ? and 1 = 1 
2019-01-09 11:35:46,631:DEBUG qtp2147002844-25 (BaseJdbcLogger.java:159) - ==> Parameters: null
2019-01-09 11:35:46,655:DEBUG qtp2147002844-25 (BaseJdbcLogger.java:159) - <==      Total: 0
2019-01-09 11:37:11,609:ERROR qtp2147002844-25 (BaseValidator.java:62) - 方法validateImageType进行验证时发生异常
2019-01-09 11:37:27,052:ERROR qtp2147002844-25 (LogAspect.java:76) - com.ygbc.brain.business.management.service.ImageDeleteService.execute发生异常:
java.lang.NullPointerException
	at sun.reflect.NativeMethodAccessorImpl.invoke0(Native Method) ~[?:1.8.0_161]
	at sun.reflect.NativeMethodAccessorImpl.invoke(NativeMethodAccessorImpl.java:62) ~[?:1.8.0_161]
	at sun.reflect.DelegatingMethodAccessorImpl.invoke(DelegatingMethodAccessorImpl.java:43) ~[?:1.8.0_161]
	at java.lang.reflect.Method.invoke(Method.java:498) ~[?:1.8.0_161]
	at com.ygbc.brain.common.validate.BaseValidator.doBaseCheck(BaseValidator.java:179) ~[brain-common-utils-1.0.0-SNAPSHOT.jar:?]
	at com.ygbc.brain.common.validate.BaseValidator.validate(BaseValidator.java:52) ~[brain-common-utils-1.0.0-SNAPSHOT.jar:?]
	at com.ygbc.brain.common.validate.BaseValidator.validate(BaseValidator.java:35) ~[brain-common-utils-1.0.0-SNAPSHOT.jar:?]
	at com.ygbc.brain.common.aspect.FieldValidateAspect.around(FieldValidateAspect.java:67) ~[brain-common-utils-1.0.0-SNAPSHOT.jar:?]
	at sun.reflect.NativeMethodAccessorImpl.invoke0(Native Method) ~[?:1.8.0_161]
	at sun.reflect.NativeMethodAccessorImpl.invoke(NativeMethodAccessorImpl.java:62) ~[?:1.8.0_161]
	at sun.reflect.DelegatingMethodAccessorImpl.invoke(DelegatingMethodAccessorImpl.java:43) ~[?:1.8.0_161]
	at java.lang.reflect.Method.invoke(Method.java:498) ~[?:1.8.0_161]
	at org.springframework.aop.aspectj.AbstractAspectJAdvice.invokeAdviceMethodWithGivenArgs(AbstractAspectJAdvice.java:620) [spring-aop-4.2.6.RELEASE.jar:4.2.6.RELEASE]
	at org.springframework.aop.aspectj.AbstractAspectJAdvice.invokeAdviceMethod(AbstractAspectJAdvice.java:609) [spring-aop-4.2.6.RELEASE.jar:4.2.6.RELEASE]
	at org.springframework.aop.aspectj.AspectJAroundAdvice.invoke(AspectJAroundAdvice.java:68) ~[spring-aop-4.2.6.RELEASE.jar:4.2.6.RELEASE]
	at org.springframework.aop.framework.ReflectiveMethodInvocation.proceed(ReflectiveMethodInvocation.java:179) ~[spring-aop-4.2.6.RELEASE.jar:4.2.6.RELEASE]
	at org.springframework.aop.aspectj.AspectJAfterThrowingAdvice.invoke(AspectJAfterThrowingAdvice.java:59) [spring-aop-4.2.6.RELEASE.jar:4.2.6.RELEASE]
	at org.springframework.aop.framework.ReflectiveMethodInvocation.proceed(ReflectiveMethodInvocation.java:179) [spring-aop-4.2.6.RELEASE.jar:4.2.6.RELEASE]
	at org.springframework.aop.interceptor.ExposeInvocationInterceptor.invoke(ExposeInvocationInterceptor.java:92) [spring-aop-4.2.6.RELEASE.jar:4.2.6.RELEASE]
	at org.springframework.aop.framework.ReflectiveMethodInvocation.proceed(ReflectiveMethodInvocation.java:179) [spring-aop-4.2.6.RELEASE.jar:4.2.6.RELEASE]
	at org.springframework.aop.framework.CglibAopProxy$DynamicAdvisedInterceptor.intercept(CglibAopProxy.java:655) [spring-aop-4.2.6.RELEASE.jar:4.2.6.RELEASE]
	at com.ygbc.brain.business.management.service.ImageDeleteService$$EnhancerBySpringCGLIB$$37f321a7.execute(<generated>) [brain-business-management-service-1.0.0-SNAPSHOT.jar:?]
	at com.ygbc.brain.business.management.api.impl.ImageServiceFacadeImpl.delete(ImageServiceFacadeImpl.java:53) [brain-business-management-service-1.0.0-SNAPSHOT.jar:?]
	at com.ygbc.brain.business.management.api.impl.ImageServiceFacadeImpl$$FastClassBySpringCGLIB$$e194e327.invoke(<generated>) [brain-business-management-service-1.0.0-SNAPSHOT.jar:?]
	at org.springframework.cglib.proxy.MethodProxy.invoke(MethodProxy.java:204) [spring-core-4.2.6.RELEASE.jar:4.2.6.RELEASE]
	at org.springframework.aop.framework.CglibAopProxy$CglibMethodInvocation.invokeJoinpoint(CglibAopProxy.java:720) [spring-aop-4.2.6.RELEASE.jar:4.2.6.RELEASE]
	at org.springframework.aop.framework.ReflectiveMethodInvocation.proceed(ReflectiveMethodInvocation.java:157) [spring-aop-4.2.6.RELEASE.jar:4.2.6.RELEASE]
	at org.springframework.aop.framework.adapter.MethodBeforeAdviceInterceptor.invoke(MethodBeforeAdviceInterceptor.java:52) [spring-aop-4.2.6.RELEASE.jar:4.2.6.RELEASE]
	at org.springframework.aop.framework.ReflectiveMethodInvocation.proceed(ReflectiveMethodInvocation.java:179) [spring-aop-4.2.6.RELEASE.jar:4.2.6.RELEASE]
	at org.springframework.aop.framework.adapter.AfterReturningAdviceInterceptor.invoke(AfterReturningAdviceInterceptor.java:52) [spring-aop-4.2.6.RELEASE.jar:4.2.6.RELEASE]
	at org.springframework.aop.framework.ReflectiveMethodInvocation.proceed(ReflectiveMethodInvocation.java:179) [spring-aop-4.2.6.RELEASE.jar:4.2.6.RELEASE]
	at org.springframework.aop.aspectj.AspectJAfterThrowingAdvice.invoke(AspectJAfterThrowingAdvice.java:59) [spring-aop-4.2.6.RELEASE.jar:4.2.6.RELEASE]
	at org.springframework.aop.framework.ReflectiveMethodInvocation.proceed(ReflectiveMethodInvocation.java:179) [spring-aop-4.2.6.RELEASE.jar:4.2.6.RELEASE]
	at org.springframework.aop.interceptor.ExposeInvocationInterceptor.invoke(ExposeInvocationInterceptor.java:92) [spring-aop-4.2.6.RELEASE.jar:4.2.6.RELEASE]
	at org.springframework.aop.framework.ReflectiveMethodInvocation.proceed(ReflectiveMethodInvocation.java:179) [spring-aop-4.2.6.RELEASE.jar:4.2.6.RELEASE]
	at org.springframework.aop.framework.CglibAopProxy$DynamicAdvisedInterceptor.intercept(CglibAopProxy.java:655) [spring-aop-4.2.6.RELEASE.jar:4.2.6.RELEASE]
	at com.ygbc.brain.business.management.api.impl.ImageServiceFacadeImpl$$EnhancerBySpringCGLIB$$f2ad944a.delete(<generated>) [brain-business-management-service-1.0.0-SNAPSHOT.jar:?]
	at com.ygbc.brain.business.management.web.controller.ImageServiceController.delete(ImageServiceController.java:50) [classes/:?]
	at sun.reflect.NativeMethodAccessorImpl.invoke0(Native Method) ~[?:1.8.0_161]
	at sun.reflect.NativeMethodAccessorImpl.invoke(NativeMethodAccessorImpl.java:62) ~[?:1.8.0_161]
	at sun.reflect.DelegatingMethodAccessorImpl.invoke(DelegatingMethodAccessorImpl.java:43) ~[?:1.8.0_161]
	at java.lang.reflect.Method.invoke(Method.java:498) ~[?:1.8.0_161]
	at org.springframework.web.method.support.InvocableHandlerMethod.doInvoke(InvocableHandlerMethod.java:221) [spring-web-4.2.6.RELEASE.jar:4.2.6.RELEASE]
	at org.springframework.web.method.support.InvocableHandlerMethod.invokeForRequest(InvocableHandlerMethod.java:136) [spring-web-4.2.6.RELEASE.jar:4.2.6.RELEASE]
	at org.springframework.web.servlet.mvc.method.annotation.ServletInvocableHandlerMethod.invokeAndHandle(ServletInvocableHandlerMethod.java:110) [spring-webmvc-4.2.6.RELEASE.jar:4.2.6.RELEASE]
	at org.springframework.web.servlet.mvc.method.annotation.RequestMappingHandlerAdapter.invokeHandlerMethod(RequestMappingHandlerAdapter.java:832) [spring-webmvc-4.2.6.RELEASE.jar:4.2.6.RELEASE]
	at org.springframework.web.servlet.mvc.method.annotation.RequestMappingHandlerAdapter.handleInternal(RequestMappingHandlerAdapter.java:743) [spring-webmvc-4.2.6.RELEASE.jar:4.2.6.RELEASE]
	at org.springframework.web.servlet.mvc.method.AbstractHandlerMethodAdapter.handle(AbstractHandlerMethodAdapter.java:85) [spring-webmvc-4.2.6.RELEASE.jar:4.2.6.RELEASE]
	at org.springframework.web.servlet.DispatcherServlet.doDispatch(DispatcherServlet.java:961) [spring-webmvc-4.2.6.RELEASE.jar:4.2.6.RELEASE]
	at org.springframework.web.servlet.DispatcherServlet.doService(DispatcherServlet.java:895) [spring-webmvc-4.2.6.RELEASE.jar:4.2.6.RELEASE]
	at org.springframework.web.servlet.FrameworkServlet.processRequest(FrameworkServlet.java:967) [spring-webmvc-4.2.6.RELEASE.jar:4.2.6.RELEASE]
	at org.springframework.web.servlet.FrameworkServlet.doPost(FrameworkServlet.java:869) [spring-webmvc-4.2.6.RELEASE.jar:4.2.6.RELEASE]
	at javax.servlet.http.HttpServlet.service(HttpServlet.java:755) [javax.servlet-3.0.0.v201112011016.jar:?]
	at org.springframework.web.servlet.FrameworkServlet.service(FrameworkServlet.java:843) [spring-webmvc-4.2.6.RELEASE.jar:4.2.6.RELEASE]
	at javax.servlet.http.HttpServlet.service(HttpServlet.java:848) [javax.servlet-3.0.0.v201112011016.jar:?]
	at org.eclipse.jetty.servlet.ServletHolder.handle(ServletHolder.java:684) [jetty-servlet-8.1.16.v20140903.jar:8.1.16.v20140903]
	at org.eclipse.jetty.servlet.ServletHandler$CachedChain.doFilter(ServletHandler.java:1496) [jetty-servlet-8.1.16.v20140903.jar:8.1.16.v20140903]
	at org.springframework.web.filter.CharacterEncodingFilter.doFilterInternal(CharacterEncodingFilter.java:121) [spring-web-4.2.6.RELEASE.jar:4.2.6.RELEASE]
	at org.springframework.web.filter.OncePerRequestFilter.doFilter(OncePerRequestFilter.java:107) [spring-web-4.2.6.RELEASE.jar:4.2.6.RELEASE]
	at org.eclipse.jetty.servlet.ServletHandler$CachedChain.doFilter(ServletHandler.java:1476) [jetty-servlet-8.1.16.v20140903.jar:8.1.16.v20140903]
	at org.eclipse.jetty.servlet.ServletHandler.doHandle(ServletHandler.java:501) [jetty-servlet-8.1.16.v20140903.jar:8.1.16.v20140903]
	at org.eclipse.jetty.server.handler.ScopedHandler.handle(ScopedHandler.java:137) [jetty-server-8.1.16.v20140903.jar:8.1.16.v20140903]
	at org.eclipse.jetty.security.SecurityHandler.handle(SecurityHandler.java:557) [jetty-security-8.1.16.v20140903.jar:8.1.16.v20140903]
	at org.eclipse.jetty.server.session.SessionHandler.doHandle(SessionHandler.java:231) [jetty-server-8.1.16.v20140903.jar:8.1.16.v20140903]
	at org.eclipse.jetty.server.handler.ContextHandler.doHandle(ContextHandler.java:1086) [jetty-server-8.1.16.v20140903.jar:8.1.16.v20140903]
	at org.eclipse.jetty.servlet.ServletHandler.doScope(ServletHandler.java:429) [jetty-servlet-8.1.16.v20140903.jar:8.1.16.v20140903]
	at org.eclipse.jetty.server.session.SessionHandler.doScope(SessionHandler.java:193) [jetty-server-8.1.16.v20140903.jar:8.1.16.v20140903]
	at org.eclipse.jetty.server.handler.ContextHandler.doScope(ContextHandler.java:1020) [jetty-server-8.1.16.v20140903.jar:8.1.16.v20140903]
	at org.eclipse.jetty.server.handler.ScopedHandler.handle(ScopedHandler.java:135) [jetty-server-8.1.16.v20140903.jar:8.1.16.v20140903]
	at org.eclipse.jetty.server.handler.ContextHandlerCollection.handle(ContextHandlerCollection.java:255) [jetty-server-8.1.16.v20140903.jar:8.1.16.v20140903]
	at org.eclipse.jetty.server.handler.HandlerCollection.handle(HandlerCollection.java:154) [jetty-server-8.1.16.v20140903.jar:8.1.16.v20140903]
	at org.eclipse.jetty.server.handler.HandlerWrapper.handle(HandlerWrapper.java:116) [jetty-server-8.1.16.v20140903.jar:8.1.16.v20140903]
	at org.eclipse.jetty.server.Server.handle(Server.java:370) [jetty-server-8.1.16.v20140903.jar:8.1.16.v20140903]
	at org.eclipse.jetty.server.AbstractHttpConnection.handleRequest(AbstractHttpConnection.java:494) [jetty-server-8.1.16.v20140903.jar:8.1.16.v20140903]
	at org.eclipse.jetty.server.AbstractHttpConnection.content(AbstractHttpConnection.java:982) [jetty-server-8.1.16.v20140903.jar:8.1.16.v20140903]
	at org.eclipse.jetty.server.AbstractHttpConnection$RequestHandler.content(AbstractHttpConnection.java:1043) [jetty-server-8.1.16.v20140903.jar:8.1.16.v20140903]
	at org.eclipse.jetty.http.HttpParser.parseNext(HttpParser.java:865) [jetty-http-8.1.16.v20140903.jar:8.1.16.v20140903]
	at org.eclipse.jetty.http.HttpParser.parseAvailable(HttpParser.java:240) [jetty-http-8.1.16.v20140903.jar:8.1.16.v20140903]
	at org.eclipse.jetty.server.AsyncHttpConnection.handle(AsyncHttpConnection.java:82) [jetty-server-8.1.16.v20140903.jar:8.1.16.v20140903]
	at org.eclipse.jetty.io.nio.SelectChannelEndPoint.handle(SelectChannelEndPoint.java:696) [jetty-io-8.1.16.v20140903.jar:8.1.16.v20140903]
	at org.eclipse.jetty.io.nio.SelectChannelEndPoint$1.run(SelectChannelEndPoint.java:53) [jetty-io-8.1.16.v20140903.jar:8.1.16.v20140903]
	at org.eclipse.jetty.util.thread.QueuedThreadPool.runJob(QueuedThreadPool.java:608) [jetty-util-8.1.16.v20140903.jar:8.1.16.v20140903]
	at org.eclipse.jetty.util.thread.QueuedThreadPool$3.run(QueuedThreadPool.java:543) [jetty-util-8.1.16.v20140903.jar:8.1.16.v20140903]
	at java.lang.Thread.run(Thread.java:748) [?:1.8.0_161]
2019-01-09 11:37:27,066:INFO qtp2147002844-25 (LogAspect.java:64) - com.ygbc.brain.business.management.api.impl.ImageServiceFacadeImpl.delete返回值:{"addition":"java.lang.NullPointerException","pageNo":1,"pageSize":10,"respCode":"9999","respMsg":"处理失败","totalCount":0,"totalPage":0}
2019-01-09 11:53:19,243:INFO main (EnumUtils.java:192) - EnumScanner将扫描:com.ygbc.brain
2019-01-09 11:53:19,452:INFO main (EnumUtils.java:106) - 加载枚举:ObjectType
2019-01-09 11:53:19,453:INFO main (EnumUtils.java:106) - 加载枚举:TransactionType
2019-01-09 11:53:19,453:INFO main (EnumUtils.java:106) - 加载枚举:ExperimentStatus
2019-01-09 11:53:19,453:INFO main (EnumUtils.java:106) - 加载枚举:ExperimentType
2019-01-09 11:53:19,453:INFO main (EnumUtils.java:106) - 加载枚举:DocumentType
2019-01-09 11:53:19,454:INFO main (EnumUtils.java:106) - 加载枚举:TransactionStatus
2019-01-09 11:53:19,454:INFO main (EnumUtils.java:106) - 加载枚举:LcReferenceType
2019-01-09 11:53:19,454:INFO main (EnumUtils.java:106) - 加载枚举:PendingStatus
2019-01-09 11:53:19,454:INFO main (EnumUtils.java:106) - 加载枚举:ReferenceType
2019-01-09 11:53:19,455:INFO main (EnumUtils.java:111) - 加载枚举:TrueFalse
2019-01-09 11:53:19,455:INFO main (EnumUtils.java:111) - 加载枚举:ImageSceneType
2019-01-09 11:53:19,455:INFO main (EnumUtils.java:111) - 加载枚举:YesNo
2019-01-09 11:53:19,455:INFO main (EnumUtils.java:111) - 加载枚举:AllowType
2019-01-09 11:53:19,455:INFO main (EnumUtils.java:111) - 加载枚举:UserStatus
2019-01-09 11:53:19,456:INFO main (EnumUtils.java:111) - 加载枚举:ImageType
2019-01-09 15:03:50,073:INFO main (EnumUtils.java:192) - EnumScanner将扫描:com.ygbc.brain
2019-01-09 15:03:50,290:INFO main (EnumUtils.java:106) - 加载枚举:ObjectType
2019-01-09 15:03:50,291:INFO main (EnumUtils.java:106) - 加载枚举:TransactionType
2019-01-09 15:03:50,292:INFO main (EnumUtils.java:106) - 加载枚举:ExperimentStatus
2019-01-09 15:03:50,292:INFO main (EnumUtils.java:106) - 加载枚举:ExperimentType
2019-01-09 15:03:50,292:INFO main (EnumUtils.java:106) - 加载枚举:DocumentType
2019-01-09 15:03:50,293:INFO main (EnumUtils.java:106) - 加载枚举:TransactionStatus
2019-01-09 15:03:50,293:INFO main (EnumUtils.java:106) - 加载枚举:LcReferenceType
2019-01-09 15:03:50,294:INFO main (EnumUtils.java:106) - 加载枚举:PendingStatus
2019-01-09 15:03:50,294:INFO main (EnumUtils.java:106) - 加载枚举:ReferenceType
2019-01-09 15:03:50,295:INFO main (EnumUtils.java:111) - 加载枚举:TrueFalse
2019-01-09 15:03:50,295:INFO main (EnumUtils.java:111) - 加载枚举:ImageSceneType
2019-01-09 15:03:50,296:INFO main (EnumUtils.java:111) - 加载枚举:YesNo
2019-01-09 15:03:50,296:INFO main (EnumUtils.java:111) - 加载枚举:AllowType
2019-01-09 15:03:50,296:INFO main (EnumUtils.java:111) - 加载枚举:UserStatus
2019-01-09 15:03:50,297:INFO main (EnumUtils.java:111) - 加载枚举:ImageType
2019-01-09 15:04:40,209:INFO qtp28612052-29 (LogAspect.java:32) - com.ygbc.brain.business.management.api.impl.ImageServiceFacadeImpl.delete开始执行
2019-01-09 15:04:40,243:INFO qtp28612052-29 (LogAspect.java:51) - 请求参数1:{"data":{"sceneType":8},"pending":false}
2019-01-09 15:08:59,942:INFO qtp28612052-29 (LogAspect.java:64) - com.ygbc.brain.business.management.api.impl.ImageServiceFacadeImpl.delete返回值:{"errors":{"sceneType":"无效的场景类型","id":"请选择要删除的图片"},"pageNo":1,"pageSize":10,"respCode":"9004","respMsg":"参数校验未通过","totalCount":0,"totalPage":0}
2019-01-09 15:09:15,504:INFO qtp28612052-29 (LogAspect.java:32) - com.ygbc.brain.business.management.api.impl.ImageServiceFacadeImpl.delete开始执行
2019-01-09 15:09:15,504:INFO qtp28612052-29 (LogAspect.java:51) - 请求参数1:{"data":{"sceneType":2},"pending":false}
2019-01-09 15:09:17,870:INFO qtp28612052-29 (LogAspect.java:64) - com.ygbc.brain.business.management.api.impl.ImageServiceFacadeImpl.delete返回值:{"errors":{"sceneType":"无效的场景类型","id":"请选择要删除的图片"},"pageNo":1,"pageSize":10,"respCode":"9004","respMsg":"参数校验未通过","totalCount":0,"totalPage":0}
