2018-11-13 10:36:44,849:INFO main (EnumUtils.java:192) - EnumScanner将扫描:com.ygbc.brain
2018-11-13 10:36:45,089:INFO main (EnumUtils.java:106) - 加载枚举:ObjectType
2018-11-13 10:36:45,090:INFO main (EnumUtils.java:106) - 加载枚举:LetterOfCreditType
2018-11-13 10:36:45,091:INFO main (EnumUtils.java:106) - 加载枚举:TransactionType
2018-11-13 10:36:45,091:INFO main (EnumUtils.java:106) - 加载枚举:DocumentType
2018-11-13 10:36:45,091:INFO main (EnumUtils.java:106) - 加载枚举:TransactionStatus
2018-11-13 10:36:45,092:INFO main (EnumUtils.java:106) - 加载枚举:LcReferenceType
2018-11-13 10:36:45,092:INFO main (EnumUtils.java:106) - 加载枚举:PendingStatus
2018-11-13 10:36:45,092:INFO main (EnumUtils.java:106) - 加载枚举:ReferenceType
2018-11-13 10:36:45,092:INFO main (EnumUtils.java:111) - 加载枚举:TrueFalse
2018-11-13 10:36:45,092:INFO main (EnumUtils.java:111) - 加载枚举:OpenType
2018-11-13 10:36:45,093:INFO main (EnumUtils.java:111) - 加载枚举:IssueFeeType
2018-11-13 10:36:45,093:INFO main (EnumUtils.java:111) - 加载枚举:NegotiationType
2018-11-13 10:36:45,093:INFO main (EnumUtils.java:111) - 加载枚举:IssueType
2018-11-13 10:36:45,093:INFO main (EnumUtils.java:111) - 加载枚举:DocumentType
2018-11-13 10:36:45,094:INFO main (EnumUtils.java:111) - 加载枚举:TransferType
2018-11-13 10:36:45,094:INFO main (EnumUtils.java:111) - 加载枚举:UserStatus
2018-11-13 10:36:45,094:INFO main (EnumUtils.java:111) - 加载枚举:AmountModifyType
2018-11-13 10:36:45,094:INFO main (EnumUtils.java:111) - 加载枚举:DiscrepancyType
2018-11-13 10:36:45,094:INFO main (EnumUtils.java:111) - 加载枚举:CloseReason
2018-11-13 10:36:45,095:INFO main (EnumUtils.java:111) - 加载枚举:TransferFlag
2018-11-13 10:36:45,095:INFO main (EnumUtils.java:111) - 加载枚举:AmendChargeBy
2018-11-13 10:36:45,097:INFO main (EnumUtils.java:111) - 加载枚举:SightPayFlag
2018-11-13 10:36:45,097:INFO main (EnumUtils.java:111) - 加载枚举:CheckDocumentResult
2018-11-13 10:36:45,097:INFO main (EnumUtils.java:111) - 加载枚举:YesNo
2018-11-13 10:36:45,098:INFO main (EnumUtils.java:111) - 加载枚举:AllowType
2018-11-13 10:37:06,737:INFO qtp1397643446-29 (LogAspect.java:32) - com.ygbc.brain.business.management.api.impl.DomesticBuyerDocumentServiceFacadeImpl.list开始执行
2018-11-13 10:37:06,778:INFO qtp1397643446-29 (LogAspect.java:51) - 请求参数1:{"data":{},"loginName":"admin","pending":false,"sessionId":"25af4a75-c2f9-43cc-8e24-73e71ca45e4a"}
2018-11-13 10:37:06,995:DEBUG qtp1397643446-29 (BaseJdbcLogger.java:159) - ==>  Preparing: select count(1) from lc_domestic_buyer_document dbd WHERE dbd.close_date is null order by dbd.receive_date DESC 
2018-11-13 10:37:07,035:DEBUG qtp1397643446-29 (BaseJdbcLogger.java:159) - ==> Parameters: 
2018-11-13 10:37:07,091:DEBUG qtp1397643446-29 (BaseJdbcLogger.java:159) - <==      Total: 1
2018-11-13 10:37:07,100:DEBUG qtp1397643446-29 (BaseJdbcLogger.java:159) - ==>  Preparing: select dbd.id as id, dbd.parent_code as parent_code, dbd.business_code as business_code, dbd.receive_date as receive_date, dbd.amount as amount, apl_pts.id as apl_pts_id, apl_pts.party_code as apl_pts_party_code, apl_pts.party_name as apl_pts_party_name, ben_pts.id as ben_pts_id, ben_pts.party_code as ben_pts_party_code, ben_pts.party_name as ben_pts_party_name, adv_pts.id as adv_pts_id, adv_pts.party_code as adv_pts_party_code, adv_pts.party_name as adv_pts_party_name from lc_domestic_buyer_document dbd left join sys_party_r_business apl_pts on apl_pts.object_code = dbd.parent_code and apl_pts.object_type = 'did' and apl_pts.role = 'apl' and apl_pts.is_del = 0 left join sys_party_r_business ben_pts on ben_pts.object_code = dbd.parent_code and ben_pts.object_type = 'did' and ben_pts.role = 'ben' and ben_pts.is_del = 0 left join sys_party_r_business adv_pts on adv_pts.object_code = dbd.parent_code and adv_pts.object_type = 'did' and adv_pts.role = 'adv' and adv_pts.is_del = 0 WHERE dbd.close_date is null order by dbd.receive_date DESC limit 10 
2018-11-13 10:37:07,101:DEBUG qtp1397643446-29 (BaseJdbcLogger.java:159) - ==> Parameters: 
2018-11-13 10:37:07,128:DEBUG qtp1397643446-29 (BaseJdbcLogger.java:159) - <==      Total: 1
2018-11-13 10:37:07,418:INFO qtp1397643446-29 (LogAspect.java:64) - com.ygbc.brain.business.management.api.impl.DomesticBuyerDocumentServiceFacadeImpl.list返回值:{"data":[{"amount":100.00,"businessCode":"BP0318000014","id":1,"parentCode":"LC0318000082","parties":{"adv":{"pts":{"id":1544,"partyCode":"004","partyName":"中国人民银行北京海淀支行"}},"apl":{"pts":{"id":1542,"partyCode":"001","partyName":"进口商"}},"ben":{"pts":{"id":1543,"partyCode":"002","partyName":"出口商"}}},"receiveDate":"2018-07-02 00:00:00"}],"pageNo":1,"pageSize":10,"respCode":"0000","respMsg":"成功","totalCount":1,"totalPage":1}
2018-11-13 10:57:30,653:INFO main (EnumUtils.java:192) - EnumScanner将扫描:com.ygbc.brain
2018-11-13 10:57:30,888:INFO main (EnumUtils.java:106) - 加载枚举:ObjectType
2018-11-13 10:57:30,889:INFO main (EnumUtils.java:106) - 加载枚举:LetterOfCreditType
2018-11-13 10:57:30,889:INFO main (EnumUtils.java:106) - 加载枚举:TransactionType
2018-11-13 10:57:30,889:INFO main (EnumUtils.java:106) - 加载枚举:DocumentType
2018-11-13 10:57:30,889:INFO main (EnumUtils.java:106) - 加载枚举:TransactionStatus
2018-11-13 10:57:30,889:INFO main (EnumUtils.java:106) - 加载枚举:LcReferenceType
2018-11-13 10:57:30,890:INFO main (EnumUtils.java:106) - 加载枚举:PendingStatus
2018-11-13 10:57:30,890:INFO main (EnumUtils.java:106) - 加载枚举:ReferenceType
2018-11-13 10:57:30,890:INFO main (EnumUtils.java:111) - 加载枚举:TrueFalse
2018-11-13 10:57:30,890:INFO main (EnumUtils.java:111) - 加载枚举:OpenType
2018-11-13 10:57:30,891:INFO main (EnumUtils.java:111) - 加载枚举:IssueFeeType
2018-11-13 10:57:30,891:INFO main (EnumUtils.java:111) - 加载枚举:NegotiationType
2018-11-13 10:57:30,891:INFO main (EnumUtils.java:111) - 加载枚举:IssueType
2018-11-13 10:57:30,891:INFO main (EnumUtils.java:111) - 加载枚举:DocumentType
2018-11-13 10:57:30,892:INFO main (EnumUtils.java:111) - 加载枚举:TransferType
2018-11-13 10:57:30,892:INFO main (EnumUtils.java:111) - 加载枚举:UserStatus
2018-11-13 10:57:30,892:INFO main (EnumUtils.java:111) - 加载枚举:AmountModifyType
2018-11-13 10:57:30,892:INFO main (EnumUtils.java:111) - 加载枚举:DiscrepancyType
2018-11-13 10:57:30,893:INFO main (EnumUtils.java:111) - 加载枚举:CloseReason
2018-11-13 10:57:30,893:INFO main (EnumUtils.java:111) - 加载枚举:TransferFlag
2018-11-13 10:57:30,893:INFO main (EnumUtils.java:111) - 加载枚举:AmendChargeBy
2018-11-13 10:57:30,893:INFO main (EnumUtils.java:111) - 加载枚举:SightPayFlag
2018-11-13 10:57:30,893:INFO main (EnumUtils.java:111) - 加载枚举:CheckDocumentResult
2018-11-13 10:57:30,894:INFO main (EnumUtils.java:111) - 加载枚举:YesNo
2018-11-13 10:57:30,894:INFO main (EnumUtils.java:111) - 加载枚举:AllowType
2018-11-13 10:58:07,804:INFO qtp1908505175-25 (LogAspect.java:32) - com.ygbc.brain.business.management.api.impl.DomesticBuyerDocumentServiceFacadeImpl.list开始执行
2018-11-13 10:58:07,847:INFO qtp1908505175-25 (LogAspect.java:51) - 请求参数1:{"data":{},"loginName":"admin","pending":false,"sessionId":"2d92aa55-03c2-4400-8eab-2d26e0f4c61f"}
2018-11-13 10:58:07,865:INFO qtp1908505175-25 (LogAspect.java:64) - com.ygbc.brain.business.management.api.impl.DomesticBuyerDocumentServiceFacadeImpl.list返回值:{"pageNo":1,"pageSize":10,"respCode":"9001","respMsg":"无效的请求token","totalCount":0,"totalPage":0}
2018-11-13 11:04:30,459:INFO qtp1908505175-26 (LogAspect.java:32) - com.ygbc.brain.business.management.api.impl.DomesticBuyerDocumentServiceFacadeImpl.list开始执行
2018-11-13 11:04:30,460:INFO qtp1908505175-26 (LogAspect.java:51) - 请求参数1:{"data":{},"loginName":"admin","pending":false,"sessionId":"f2379add-db22-426e-815d-fe0aa61ce6b7"}
2018-11-13 11:04:30,597:DEBUG qtp1908505175-26 (BaseJdbcLogger.java:159) - ==>  Preparing: select count(1) from lc_domestic_buyer_document dbd WHERE dbd.close_date is null order by dbd.receive_date DESC 
2018-11-13 11:04:30,630:DEBUG qtp1908505175-26 (BaseJdbcLogger.java:159) - ==> Parameters: 
2018-11-13 11:04:30,653:DEBUG qtp1908505175-26 (BaseJdbcLogger.java:159) - <==      Total: 1
2018-11-13 11:04:30,659:DEBUG qtp1908505175-26 (BaseJdbcLogger.java:159) - ==>  Preparing: select dbd.id as id, dbd.parent_code as parent_code, dbd.business_code as business_code, dbd.receive_date as receive_date, dbd.amount as amount, apl_pts.id as apl_pts_id, apl_pts.party_code as apl_pts_party_code, apl_pts.party_name as apl_pts_party_name, ben_pts.id as ben_pts_id, ben_pts.party_code as ben_pts_party_code, ben_pts.party_name as ben_pts_party_name, adv_pts.id as adv_pts_id, adv_pts.party_code as adv_pts_party_code, adv_pts.party_name as adv_pts_party_name from lc_domestic_buyer_document dbd left join sys_party_r_business apl_pts on apl_pts.object_code = dbd.parent_code and apl_pts.object_type = 'did' and apl_pts.role = 'apl' and apl_pts.is_del = 0 left join sys_party_r_business ben_pts on ben_pts.object_code = dbd.parent_code and ben_pts.object_type = 'did' and ben_pts.role = 'ben' and ben_pts.is_del = 0 left join sys_party_r_business adv_pts on adv_pts.object_code = dbd.parent_code and adv_pts.object_type = 'did' and adv_pts.role = 'adv' and adv_pts.is_del = 0 WHERE dbd.close_date is null order by dbd.receive_date DESC limit 10 
2018-11-13 11:04:30,660:DEBUG qtp1908505175-26 (BaseJdbcLogger.java:159) - ==> Parameters: 
2018-11-13 11:04:30,729:DEBUG qtp1908505175-26 (BaseJdbcLogger.java:159) - <==      Total: 1
2018-11-13 11:04:30,885:INFO qtp1908505175-26 (LogAspect.java:64) - com.ygbc.brain.business.management.api.impl.DomesticBuyerDocumentServiceFacadeImpl.list返回值:{"data":[{"amount":100.00,"businessCode":"BP0318000014","id":1,"parentCode":"LC0318000082","parties":{"adv":{"pts":{"id":1544,"partyCode":"004","partyName":"中国人民银行北京海淀支行"}},"apl":{"pts":{"id":1542,"partyCode":"001","partyName":"进口商"}},"ben":{"pts":{"id":1543,"partyCode":"002","partyName":"出口商"}}},"receiveDate":"2018-07-02 00:00:00"}],"pageNo":1,"pageSize":10,"respCode":"0000","respMsg":"成功","totalCount":1,"totalPage":1}
