2019-01-14 13:28:26,685:INFO main (EnumUtils.java:192) - EnumScanner将扫描:com.ygbc.brain
2019-01-14 13:28:26,894:INFO main (EnumUtils.java:106) - 加载枚举:ObjectType
2019-01-14 13:28:26,895:INFO main (EnumUtils.java:106) - 加载枚举:TransactionType
2019-01-14 13:28:26,895:INFO main (EnumUtils.java:106) - 加载枚举:ExperimentStatus
2019-01-14 13:28:26,896:INFO main (EnumUtils.java:106) - 加载枚举:ExperimentType
2019-01-14 13:28:26,896:INFO main (EnumUtils.java:111) - 加载枚举:TrueFalse
2019-01-14 13:28:26,896:INFO main (EnumUtils.java:111) - 加载枚举:ImageSceneType
2019-01-14 13:28:26,896:INFO main (EnumUtils.java:111) - 加载枚举:YesNo
2019-01-14 13:28:26,896:INFO main (EnumUtils.java:111) - 加载枚举:AllowType
2019-01-14 13:28:26,897:INFO main (EnumUtils.java:111) - 加载枚举:UserStatus
2019-01-14 13:28:26,897:INFO main (EnumUtils.java:111) - 加载枚举:ImageType
2019-01-14 13:29:00,397:INFO qtp580979398-26 (LogAspect.java:32) - com.ygbc.brain.business.management.api.impl.AlgorithmServiceFacadeImpl.create开始执行
2019-01-14 13:29:00,427:INFO qtp580979398-26 (LogAspect.java:51) - 请求参数1:{"data":{"name":"用来测试list字段第五次","nameCn":"第三个算法","arguments":{"{\"argument_name\":\"x\",\"argument_description\":\"横向坐标\",\"argument_type\":\"Long\"}":{"argument_name":"y","argument_description":"纵向坐标","argument_type":"Long"}},"remark":"吊炸天","nameEn":"third algorithm"},"pending":false}
2019-01-14 13:29:00,812:INFO qtp580979398-26 (MybatisAutoMapperInterceptor.java:50) - 使用插件处理SQL语句
2019-01-14 13:29:00,831:DEBUG qtp580979398-26 (BaseJdbcLogger.java:159) - ==>  Preparing: insert into algorithm(name,name_cn,name_en,remark,arguments) values (?,?,?,?,?) 
2019-01-14 13:29:00,882:DEBUG qtp580979398-26 (BaseJdbcLogger.java:159) - ==> Parameters: 用来测试list字段第五次(String), 第三个算法(String), third algorithm(String), 吊炸天(String), {"{\"argument_name\":\"x\",\"argument_description\":\"横向坐标\",\"argument_type\":\"Long\"}":{"argument_name":"y","argument_description":"纵向坐标","argument_type":"Long"}}(String)
2019-01-14 13:29:00,896:DEBUG qtp580979398-26 (BaseJdbcLogger.java:159) - <==    Updates: 1
2019-01-14 13:29:00,970:INFO qtp580979398-26 (LogAspect.java:64) - com.ygbc.brain.business.management.api.impl.AlgorithmServiceFacadeImpl.create返回值:{"pageNo":1,"pageSize":10,"respCode":"0000","respMsg":"成功","totalCount":0,"totalPage":0}
2019-01-14 13:29:07,365:INFO qtp580979398-25 (LogAspect.java:32) - com.ygbc.brain.business.management.api.impl.AlgorithmServiceFacadeImpl.list开始执行
2019-01-14 13:29:07,377:INFO qtp580979398-25 (LogAspect.java:51) - 请求参数1:{"data":{},"pending":false}
2019-01-14 13:29:07,483:DEBUG qtp580979398-25 (BaseJdbcLogger.java:159) - ==>  Preparing: select count(1) from algorithm WHERE 1 = 1 
2019-01-14 13:29:07,485:DEBUG qtp580979398-25 (BaseJdbcLogger.java:159) - ==> Parameters: 
2019-01-14 13:29:07,506:DEBUG qtp580979398-25 (BaseJdbcLogger.java:159) - <==      Total: 1
2019-01-14 13:29:07,510:DEBUG qtp580979398-25 (BaseJdbcLogger.java:159) - ==>  Preparing: select id, code, name, name_cn, name_en, remark,arguments, create_time,create_by, update_time, update_by, ver, is_del from algorithm WHERE 1 = 1 limit 10 
2019-01-14 13:29:07,510:DEBUG qtp580979398-25 (BaseJdbcLogger.java:159) - ==> Parameters: 
2019-01-14 13:29:07,529:DEBUG qtp580979398-25 (BaseJdbcLogger.java:159) - <==      Total: 5
2019-01-14 13:29:07,567:INFO qtp580979398-25 (LogAspect.java:64) - com.ygbc.brain.business.management.api.impl.AlgorithmServiceFacadeImpl.list返回值:{"data":[{"arguments":{"{\"argument_name\":\"x\",\"argument_description\":\"横向坐标\",\"argument_type\":\"Long\"}":{"argument_name":"y","argument_description":"纵向坐标","argument_type":"Long"}},"id":31,"name":"用来测试json字段第五次","nameCn":"第三个算法","nameEn":"third algorithm","remark":"吊炸天"},{"arguments":{"{\"argument_name\":\"a\",\"argument_description\":\"a\",\"argument_type\":\"Long\"}":{"argument_name":"b","argument_description":"b","argument_type":"Long"}},"id":32,"name":"用来测试list字段第七次","nameCn":"第三个算法","nameEn":"third algorithm","remark":"吊炸天"},{"arguments":{"{\"argument_name\":\"x\",\"argument_description\":\"横向坐标\",\"argument_type\":\"Long\"}":{"argument_name":"y","argument_description":"纵向坐标","argument_type":"Long"}},"id":33,"name":"mapper文件没问题","nameCn":"这个算法第一吊","nameEn":"this algorithm is no.1","remark":"我就这么描述了怎么样"},{"arguments":{"{\"argument_name\":\"x\",\"argument_description\":\"横向坐标\",\"argument_type\":\"Long\"}":{"argument_name":"y","argument_description":"纵向坐标","argument_type":"Long"}},"id":34,"name":"用来测试list字段第五次","nameCn":"第三个算法","nameEn":"third algorithm","remark":"吊炸天"},{"arguments":{"{\"argument_name\":\"x\",\"argument_description\":\"横向坐标\",\"argument_type\":\"Long\"}":{"argument_name":"y","argument_description":"纵向坐标","argument_type":"Long"}},"id":35,"name":"用来测试list字段第五次","nameCn":"第三个算法","nameEn":"third algorithm","remark":"吊炸天"}],"pageNo":1,"pageSize":10,"respCode":"0000","respMsg":"成功","totalCount":5,"totalPage":1}
2019-01-14 13:29:27,047:INFO qtp580979398-30 (LogAspect.java:32) - com.ygbc.brain.business.management.api.impl.AlgorithmServiceFacadeImpl.detail开始执行
2019-01-14 13:29:27,049:INFO qtp580979398-30 (LogAspect.java:51) - 请求参数1:{"data":{"id":35},"pending":false}
2019-01-14 13:29:27,064:DEBUG qtp580979398-30 (BaseJdbcLogger.java:159) - ==>  Preparing: select id, code, name, name_cn, name_en, remark,arguments, create_time,create_by, update_time, update_by, ver, is_del from algorithm where id = ? and 1 = 1 
2019-01-14 13:29:27,065:DEBUG qtp580979398-30 (BaseJdbcLogger.java:159) - ==> Parameters: 35(Long)
2019-01-14 13:29:27,074:DEBUG qtp580979398-30 (BaseJdbcLogger.java:159) - <==      Total: 1
2019-01-14 13:29:27,075:INFO qtp580979398-30 (LogAspect.java:64) - com.ygbc.brain.business.management.api.impl.AlgorithmServiceFacadeImpl.detail返回值:{"data":{"arguments":{"{\"argument_name\":\"x\",\"argument_description\":\"横向坐标\",\"argument_type\":\"Long\"}":{"argument_name":"y","argument_description":"纵向坐标","argument_type":"Long"}},"id":35,"name":"用来测试list字段第五次","nameCn":"第三个算法","nameEn":"third algorithm","remark":"吊炸天"},"pageNo":1,"pageSize":10,"respCode":"0000","respMsg":"成功","totalCount":0,"totalPage":0}
2019-01-14 13:30:05,705:INFO qtp580979398-30 (LogAspect.java:32) - com.ygbc.brain.business.management.api.impl.AlgorithmServiceFacadeImpl.list开始执行
2019-01-14 13:30:05,707:INFO qtp580979398-30 (LogAspect.java:51) - 请求参数1:{"data":{},"pending":false}
2019-01-14 13:30:05,713:DEBUG qtp580979398-30 (BaseJdbcLogger.java:159) - ==>  Preparing: select count(1) from algorithm WHERE 1 = 1 
2019-01-14 13:30:05,715:DEBUG qtp580979398-30 (BaseJdbcLogger.java:159) - ==> Parameters: 
2019-01-14 13:30:05,723:DEBUG qtp580979398-30 (BaseJdbcLogger.java:159) - <==      Total: 1
2019-01-14 13:30:05,725:DEBUG qtp580979398-30 (BaseJdbcLogger.java:159) - ==>  Preparing: select id, code, name, name_cn, name_en, remark,arguments, create_time,create_by, update_time, update_by, ver, is_del from algorithm WHERE 1 = 1 limit 10 
2019-01-14 13:30:05,726:DEBUG qtp580979398-30 (BaseJdbcLogger.java:159) - ==> Parameters: 
2019-01-14 13:30:05,738:DEBUG qtp580979398-30 (BaseJdbcLogger.java:159) - <==      Total: 5
2019-01-14 13:30:05,744:INFO qtp580979398-30 (LogAspect.java:64) - com.ygbc.brain.business.management.api.impl.AlgorithmServiceFacadeImpl.list返回值:{"data":[{"arguments":{"{\"argument_name\":\"x\",\"argument_description\":\"横向坐标\",\"argument_type\":\"Long\"}":{"argument_name":"y","argument_description":"纵向坐标","argument_type":"Long"}},"id":31,"name":"用来测试json字段第五次","nameCn":"第三个算法","nameEn":"third algorithm","remark":"吊炸天"},{"arguments":{"{\"argument_name\":\"a\",\"argument_description\":\"a\",\"argument_type\":\"Long\"}":{"argument_name":"b","argument_description":"b","argument_type":"Long"}},"id":32,"name":"用来测试list字段第七次","nameCn":"第三个算法","nameEn":"third algorithm","remark":"吊炸天"},{"arguments":{"{\"argument_name\":\"x\",\"argument_description\":\"横向坐标\",\"argument_type\":\"Long\"}":{"argument_name":"y","argument_description":"纵向坐标","argument_type":"Long"}},"id":33,"name":"mapper文件没问题","nameCn":"这个算法第一吊","nameEn":"this algorithm is no.1","remark":"我就这么描述了怎么样"},{"arguments":{"{\"argument_name\":\"x\",\"argument_description\":\"横向坐标\",\"argument_type\":\"Long\"}":{"argument_name":"y","argument_description":"纵向坐标","argument_type":"Long"}},"id":34,"name":"用来测试list字段第五次","nameCn":"第三个算法","nameEn":"third algorithm","remark":"吊炸天"},{"arguments":{"{\"argument_name\":\"x\",\"argument_description\":\"横向坐标\",\"argument_type\":\"Long\"}":{"argument_name":"y","argument_description":"纵向坐标","argument_type":"Long"}},"id":35,"name":"用来测试list字段第五次","nameCn":"第三个算法","nameEn":"third algorithm","remark":"吊炸天"}],"pageNo":1,"pageSize":10,"respCode":"0000","respMsg":"成功","totalCount":5,"totalPage":1}
2019-01-14 13:31:13,289:INFO qtp580979398-26 (LogAspect.java:32) - com.ygbc.brain.business.management.api.impl.AlgorithmServiceFacadeImpl.list开始执行
2019-01-14 13:31:13,291:INFO qtp580979398-26 (LogAspect.java:51) - 请求参数1:{"data":{},"pending":false}
2019-01-14 13:31:13,309:DEBUG qtp580979398-26 (BaseJdbcLogger.java:159) - ==>  Preparing: select count(1) from algorithm WHERE 1 = 1 
2019-01-14 13:31:13,311:DEBUG qtp580979398-26 (BaseJdbcLogger.java:159) - ==> Parameters: 
2019-01-14 13:31:13,316:DEBUG qtp580979398-26 (BaseJdbcLogger.java:159) - <==      Total: 1
2019-01-14 13:31:13,319:DEBUG qtp580979398-26 (BaseJdbcLogger.java:159) - ==>  Preparing: select id, code, name, name_cn, name_en, remark,arguments, create_time,create_by, update_time, update_by, ver, is_del from algorithm WHERE 1 = 1 limit 10 
2019-01-14 13:31:13,320:DEBUG qtp580979398-26 (BaseJdbcLogger.java:159) - ==> Parameters: 
2019-01-14 13:31:13,334:DEBUG qtp580979398-26 (BaseJdbcLogger.java:159) - <==      Total: 5
2019-01-14 13:31:13,346:INFO qtp580979398-26 (LogAspect.java:64) - com.ygbc.brain.business.management.api.impl.AlgorithmServiceFacadeImpl.list返回值:{"data":[{"arguments":{"{\"argument_name\":\"x\",\"argument_description\":\"横向坐标\",\"argument_type\":\"Long\"}":{"argument_name":"y","argument_description":"纵向坐标","argument_type":"Long"}},"id":31,"name":"用来测试json字段第五次","nameCn":"第三个算法","nameEn":"third algorithm","remark":"吊炸天"},{"arguments":{"{\"argument_name\":\"a\",\"argument_description\":\"a\",\"argument_type\":\"Long\"}":{"argument_name":"b","argument_description":"b","argument_type":"Long"}},"id":32,"name":"用来测试list字段第七次","nameCn":"第三个算法","nameEn":"third algorithm","remark":"吊炸天"},{"arguments":{"{\"argument_name\":\"x\",\"argument_description\":\"横向坐标\",\"argument_type\":\"Long\"}":{"argument_name":"y","argument_description":"纵向坐标","argument_type":"Long"}},"id":33,"name":"mapper文件没问题","nameCn":"这个算法第一吊","nameEn":"this algorithm is no.1","remark":"我就这么描述了怎么样"},{"arguments":{"{\"argument_name\":\"x\",\"argument_description\":\"横向坐标\",\"argument_type\":\"Long\"}":{"argument_name":"y","argument_description":"纵向坐标","argument_type":"Long"}},"id":34,"name":"用来测试list字段第五次","nameCn":"第三个算法","nameEn":"third algorithm","remark":"吊炸天"},{"arguments":{"{\"argument_name\":\"x\",\"argument_description\":\"横向坐标\",\"argument_type\":\"Long\"}":{"argument_name":"y","argument_description":"纵向坐标","argument_type":"Long"}},"id":35,"name":"用来测试list字段第五次","nameCn":"第三个算法","nameEn":"third algorithm","remark":"吊炸天"}],"pageNo":1,"pageSize":10,"respCode":"0000","respMsg":"成功","totalCount":5,"totalPage":1}
2019-01-14 13:31:26,548:INFO qtp580979398-29 (LogAspect.java:32) - com.ygbc.brain.business.management.api.impl.AlgorithmServiceFacadeImpl.detail开始执行
2019-01-14 13:31:26,548:INFO qtp580979398-29 (LogAspect.java:51) - 请求参数1:{"data":{"id":35},"pending":false}
2019-01-14 13:31:26,551:DEBUG qtp580979398-29 (BaseJdbcLogger.java:159) - ==>  Preparing: select id, code, name, name_cn, name_en, remark,arguments, create_time,create_by, update_time, update_by, ver, is_del from algorithm where id = ? and 1 = 1 
2019-01-14 13:31:26,552:DEBUG qtp580979398-29 (BaseJdbcLogger.java:159) - ==> Parameters: 35(Long)
2019-01-14 13:31:26,561:DEBUG qtp580979398-29 (BaseJdbcLogger.java:159) - <==      Total: 1
2019-01-14 13:31:26,564:INFO qtp580979398-29 (LogAspect.java:64) - com.ygbc.brain.business.management.api.impl.AlgorithmServiceFacadeImpl.detail返回值:{"data":{"arguments":{"{\"argument_name\":\"x\",\"argument_description\":\"横向坐标\",\"argument_type\":\"Long\"}":{"argument_name":"y","argument_description":"纵向坐标","argument_type":"Long"}},"id":35,"name":"用来测试list字段第五次","nameCn":"第三个算法","nameEn":"third algorithm","remark":"吊炸天"},"pageNo":1,"pageSize":10,"respCode":"0000","respMsg":"成功","totalCount":0,"totalPage":0}
2019-01-14 13:32:21,833:INFO main (EnumUtils.java:192) - EnumScanner将扫描:com.ygbc.brain
2019-01-14 13:32:22,030:INFO main (EnumUtils.java:106) - 加载枚举:ObjectType
2019-01-14 13:32:22,030:INFO main (EnumUtils.java:106) - 加载枚举:TransactionType
2019-01-14 13:32:22,031:INFO main (EnumUtils.java:106) - 加载枚举:ExperimentStatus
2019-01-14 13:32:22,031:INFO main (EnumUtils.java:106) - 加载枚举:ExperimentType
2019-01-14 13:32:22,031:INFO main (EnumUtils.java:111) - 加载枚举:TrueFalse
2019-01-14 13:32:22,031:INFO main (EnumUtils.java:111) - 加载枚举:ImageSceneType
2019-01-14 13:32:22,031:INFO main (EnumUtils.java:111) - 加载枚举:YesNo
2019-01-14 13:32:22,032:INFO main (EnumUtils.java:111) - 加载枚举:AllowType
2019-01-14 13:32:22,032:INFO main (EnumUtils.java:111) - 加载枚举:UserStatus
2019-01-14 13:32:22,032:INFO main (EnumUtils.java:111) - 加载枚举:ImageType
2019-01-14 13:32:41,252:INFO qtp1047000562-28 (LogAspect.java:32) - com.ygbc.brain.business.management.api.impl.AlgorithmServiceFacadeImpl.detail开始执行
2019-01-14 13:32:41,273:INFO qtp1047000562-28 (LogAspect.java:51) - 请求参数1:{"data":{"id":35},"pending":false}
2019-01-14 13:32:41,490:DEBUG qtp1047000562-28 (BaseJdbcLogger.java:159) - ==>  Preparing: select id, code, name, name_cn, name_en, remark,arguments, create_time,create_by, update_time, update_by, ver, is_del from algorithm where id = ? and 1 = 1 
2019-01-14 13:32:41,529:DEBUG qtp1047000562-28 (BaseJdbcLogger.java:159) - ==> Parameters: 35(Long)
2019-01-14 13:32:41,580:DEBUG qtp1047000562-28 (BaseJdbcLogger.java:159) - <==      Total: 1
2019-01-14 13:32:41,618:INFO qtp1047000562-28 (LogAspect.java:64) - com.ygbc.brain.business.management.api.impl.AlgorithmServiceFacadeImpl.detail返回值:{"data":{"arguments":{"{\"argument_name\":\"x\",\"argument_description\":\"横向坐标\",\"argument_type\":\"Long\"}":{"argument_name":"y","argument_description":"纵向坐标","argument_type":"Long"}},"id":35,"name":"用来测试list字段第五次","nameCn":"第三个算法","nameEn":"third algorithm","remark":"吊炸天"},"pageNo":1,"pageSize":10,"respCode":"0000","respMsg":"成功","totalCount":0,"totalPage":0}
2019-01-14 13:33:49,200:INFO qtp1047000562-29 (LogAspect.java:32) - com.ygbc.brain.business.management.api.impl.AlgorithmServiceFacadeImpl.detail开始执行
2019-01-14 13:33:49,203:INFO qtp1047000562-29 (LogAspect.java:51) - 请求参数1:{"data":{"id":33},"pending":false}
2019-01-14 13:33:49,219:DEBUG qtp1047000562-29 (BaseJdbcLogger.java:159) - ==>  Preparing: select id, code, name, name_cn, name_en, remark,arguments, create_time,create_by, update_time, update_by, ver, is_del from algorithm where id = ? and 1 = 1 
2019-01-14 13:33:49,224:DEBUG qtp1047000562-29 (BaseJdbcLogger.java:159) - ==> Parameters: 33(Long)
2019-01-14 13:33:49,234:DEBUG qtp1047000562-29 (BaseJdbcLogger.java:159) - <==      Total: 1
2019-01-14 13:33:49,238:INFO qtp1047000562-29 (LogAspect.java:64) - com.ygbc.brain.business.management.api.impl.AlgorithmServiceFacadeImpl.detail返回值:{"data":{"arguments":{{"argument_name":"x","argument_description":"横向坐标","argument_type":"Long"}:{"argument_name":"y","argument_description":"纵向坐标","argument_type":"Long"}},"id":33,"name":"mapper文件没问题","nameCn":"这个算法第一吊","nameEn":"this algorithm is no.1","remark":"我就这么描述了怎么样"},"pageNo":1,"pageSize":10,"respCode":"0000","respMsg":"成功","totalCount":0,"totalPage":0}
2019-01-14 13:34:34,374:INFO qtp1047000562-27 (LogAspect.java:32) - com.ygbc.brain.business.management.api.impl.AlgorithmServiceFacadeImpl.create开始执行
2019-01-14 13:34:34,382:INFO qtp1047000562-27 (LogAspect.java:51) - 请求参数1:{"data":{"name":"将fastjson jar包由版本28改回39测试","nameCn":"第三个算法","arguments":{{"argument_name":"x","argument_description":"横向坐标","argument_type":"Long"}:{"argument_name":"y","argument_description":"纵向坐标","argument_type":"Long"}},"remark":"吊炸天","nameEn":"third algorithm"},"pending":false}
2019-01-14 13:34:34,450:INFO qtp1047000562-27 (MybatisAutoMapperInterceptor.java:50) - 使用插件处理SQL语句
2019-01-14 13:34:34,451:DEBUG qtp1047000562-27 (BaseJdbcLogger.java:159) - ==>  Preparing: insert into algorithm(name,name_cn,name_en,remark,arguments) values (?,?,?,?,?) 
2019-01-14 13:34:34,453:DEBUG qtp1047000562-27 (BaseJdbcLogger.java:159) - ==> Parameters: 将fastjson jar包由版本28改回39测试(String), 第三个算法(String), third algorithm(String), 吊炸天(String), {{"argument_name":"x","argument_description":"横向坐标","argument_type":"Long"}:{"argument_name":"y","argument_description":"纵向坐标","argument_type":"Long"}}(String)
2019-01-14 13:34:34,463:DEBUG qtp1047000562-27 (BaseJdbcLogger.java:159) - <==    Updates: 1
2019-01-14 13:34:34,496:INFO qtp1047000562-27 (LogAspect.java:64) - com.ygbc.brain.business.management.api.impl.AlgorithmServiceFacadeImpl.create返回值:{"pageNo":1,"pageSize":10,"respCode":"0000","respMsg":"成功","totalCount":0,"totalPage":0}
2019-01-14 13:35:05,726:INFO qtp1047000562-28 (LogAspect.java:32) - com.ygbc.brain.business.management.api.impl.AlgorithmServiceFacadeImpl.detail开始执行
2019-01-14 13:35:05,727:INFO qtp1047000562-28 (LogAspect.java:51) - 请求参数1:{"data":{"id":36},"pending":false}
2019-01-14 13:35:05,729:DEBUG qtp1047000562-28 (BaseJdbcLogger.java:159) - ==>  Preparing: select id, code, name, name_cn, name_en, remark,arguments, create_time,create_by, update_time, update_by, ver, is_del from algorithm where id = ? and 1 = 1 
2019-01-14 13:35:05,730:DEBUG qtp1047000562-28 (BaseJdbcLogger.java:159) - ==> Parameters: 36(Long)
2019-01-14 13:35:05,739:DEBUG qtp1047000562-28 (BaseJdbcLogger.java:159) - <==      Total: 1
2019-01-14 13:35:05,740:INFO qtp1047000562-28 (LogAspect.java:64) - com.ygbc.brain.business.management.api.impl.AlgorithmServiceFacadeImpl.detail返回值:{"data":{"arguments":{{"argument_name":"x","argument_description":"横向坐标","argument_type":"Long"}:{"argument_name":"y","argument_description":"纵向坐标","argument_type":"Long"}},"id":36,"name":"将fastjson jar包由版本28改回39测试","nameCn":"第三个算法","nameEn":"third algorithm","remark":"吊炸天"},"pageNo":1,"pageSize":10,"respCode":"0000","respMsg":"成功","totalCount":0,"totalPage":0}
