2018-12-24 11:25:53,408:INFO qtp504006221-30 (LogAspect.java:32) - com.ygbc.brain.business.management.api.impl.CardServiceFacadeImpl.detail开始执行
2018-12-24 11:25:53,426:INFO qtp504006221-30 (LogAspect.java:51) - 请求参数1:{"data":{"number_mine":"15549048091"},"loginName":"admin","pending":false,"sessionId":"25af4a75-c2f9-43cc-8e24-73e71ca45e4a"}
2018-12-24 11:25:53,810:DEBUG qtp504006221-30 (BaseJdbcLogger.java:159) - ==>  Preparing: select id, content, number_mine, number_your, secret, save_time, action, create_time, create_by, update_time, update_by, ver, is_del from card WHERE number_mine = ? and 1 = 1 
2018-12-24 11:25:53,814:DEBUG qtp504006221-30 (BaseJdbcLogger.java:159) - ==> Parameters: 15549048091(String)
2018-12-24 11:25:53,826:DEBUG qtp504006221-30 (BaseJdbcLogger.java:159) - <==      Total: 1
2018-12-24 11:25:53,828:INFO qtp504006221-30 (LogAspect.java:64) - com.ygbc.brain.business.management.api.impl.CardServiceFacadeImpl.detail返回值:{"data":{"action":3,"content":"第一次见你是在monday","id":15,"number_mine":"15549048091","number_your":"15549048023","save_time":3,"secret":"123"},"pageNo":1,"pageSize":10,"respCode":"0000","respMsg":"成功","totalCount":0,"totalPage":0}
2018-12-24 13:04:12,019:INFO main (EnumUtils.java:192) - EnumScanner将扫描:com.ygbc.brain
2018-12-24 13:04:12,226:INFO main (EnumUtils.java:106) - 加载枚举:ObjectType
2018-12-24 13:04:12,226:INFO main (EnumUtils.java:106) - 加载枚举:LetterOfCreditType
2018-12-24 13:04:12,227:INFO main (EnumUtils.java:106) - 加载枚举:TransactionType
2018-12-24 13:04:12,228:INFO main (EnumUtils.java:106) - 加载枚举:DocumentType
2018-12-24 13:04:12,228:INFO main (EnumUtils.java:106) - 加载枚举:TransactionStatus
2018-12-24 13:04:12,228:INFO main (EnumUtils.java:106) - 加载枚举:LcReferenceType
2018-12-24 13:04:12,229:INFO main (EnumUtils.java:106) - 加载枚举:PendingStatus
2018-12-24 13:04:12,229:INFO main (EnumUtils.java:106) - 加载枚举:ReferenceType
2018-12-24 13:04:12,229:INFO main (EnumUtils.java:111) - 加载枚举:TrueFalse
2018-12-24 13:04:12,229:INFO main (EnumUtils.java:111) - 加载枚举:OpenType
2018-12-24 13:04:12,230:INFO main (EnumUtils.java:111) - 加载枚举:IssueFeeType
2018-12-24 13:04:12,230:INFO main (EnumUtils.java:111) - 加载枚举:NegotiationType
2018-12-24 13:04:12,230:INFO main (EnumUtils.java:111) - 加载枚举:IssueType
2018-12-24 13:04:12,230:INFO main (EnumUtils.java:111) - 加载枚举:DocumentType
2018-12-24 13:04:12,231:INFO main (EnumUtils.java:111) - 加载枚举:TransferType
2018-12-24 13:04:12,231:INFO main (EnumUtils.java:111) - 加载枚举:UserStatus
2018-12-24 13:04:12,231:INFO main (EnumUtils.java:111) - 加载枚举:AmountModifyType
2018-12-24 13:04:12,231:INFO main (EnumUtils.java:111) - 加载枚举:DiscrepancyType
2018-12-24 13:04:12,232:INFO main (EnumUtils.java:111) - 加载枚举:CloseReason
2018-12-24 13:04:12,232:INFO main (EnumUtils.java:111) - 加载枚举:TransferFlag
2018-12-24 13:04:12,232:INFO main (EnumUtils.java:111) - 加载枚举:AmendChargeBy
2018-12-24 13:04:12,232:INFO main (EnumUtils.java:111) - 加载枚举:SightPayFlag
2018-12-24 13:04:12,233:INFO main (EnumUtils.java:111) - 加载枚举:CheckDocumentResult
2018-12-24 13:04:12,233:INFO main (EnumUtils.java:111) - 加载枚举:YesNo
2018-12-24 13:04:12,233:INFO main (EnumUtils.java:111) - 加载枚举:AllowType
2018-12-24 13:08:30,381:INFO qtp1001946422-25 (LogAspect.java:32) - com.ygbc.brain.business.management.api.impl.CardServiceFacadeImpl.detail开始执行
2018-12-24 13:08:30,400:INFO qtp1001946422-25 (LogAspect.java:51) - 请求参数1:{"data":{},"loginName":"admin","pending":false,"sessionId":"25af4a75-c2f9-43cc-8e24-73e71ca45e4a"}
2018-12-24 13:08:30,528:DEBUG qtp1001946422-25 (BaseJdbcLogger.java:159) - ==>  Preparing: select id, theme, number_mine, name_mine, number_your, name_your, secret, save_time, action, create_time, create_by, update_time, update_by, ver, is_del from card WHERE 1 = 1 
2018-12-24 13:08:30,556:DEBUG qtp1001946422-25 (BaseJdbcLogger.java:159) - ==> Parameters: 
2018-12-24 13:08:30,580:INFO qtp1001946422-25 (LogAspect.java:64) - com.ygbc.brain.business.management.api.impl.CardServiceFacadeImpl.detail返回值:{"addition":"org.mybatis.spring.MyBatisSystemException: nested exception is org.apache.ibatis.exceptions.PersistenceException: \n### Error querying database.  Cause: java.lang.reflect.UndeclaredThrowableException\n### The error may exist in URL [jar:file:/Users/kaixuan/.m2/repository/message/message-business-management-service/1.0.0-SNAPSHOT/message-business-management-service-1.0.0-SNAPSHOT.jar!/mappers/CardMapper.xml]\n### The error may involve com.ygbc.brain.business.management.dal.dao.CardDao.selectOne-Inline\n### The error occurred while setting parameters\n### SQL: select                   id, theme, number_mine, name_mine, number_your, name_your, secret, save_time, action,         create_time, create_by, update_time, update_by, ver, is_del               from card                    WHERE  1 = 1\n### Cause: java.lang.reflect.UndeclaredThrowableException","pageNo":1,"pageSize":10,"respCode":"9999","respMsg":"处理失败","totalCount":0,"totalPage":0}
2018-12-24 13:09:42,143:INFO qtp1001946422-25 (LogAspect.java:32) - com.ygbc.brain.business.management.api.impl.CardServiceFacadeImpl.detail开始执行
2018-12-24 13:09:42,144:INFO qtp1001946422-25 (LogAspect.java:51) - 请求参数1:{"data":{},"loginName":"admin","pending":false,"sessionId":"25af4a75-c2f9-43cc-8e24-73e71ca45e4a"}
2018-12-24 13:09:42,155:DEBUG qtp1001946422-25 (BaseJdbcLogger.java:159) - ==>  Preparing: select id, theme, number_mine, name_mine, number_your, name_your, secret, save_time, action, create_time, create_by, update_time, update_by, ver, is_del from card WHERE 1 = 1 
2018-12-24 13:09:42,156:DEBUG qtp1001946422-25 (BaseJdbcLogger.java:159) - ==> Parameters: 
2018-12-24 13:09:42,187:DEBUG qtp1001946422-25 (BaseJdbcLogger.java:159) - <==      Total: 1
2018-12-24 13:09:42,210:INFO qtp1001946422-25 (LogAspect.java:64) - com.ygbc.brain.business.management.api.impl.CardServiceFacadeImpl.detail返回值:{"data":{"action":3,"content":"第一次见你是在monday","id":15,"number_mine":"15549048091","number_your":"15549048023","save_time":3,"secret":"123"},"pageNo":1,"pageSize":10,"respCode":"0000","respMsg":"成功","totalCount":0,"totalPage":0}
2018-12-24 13:13:45,326:INFO qtp1001946422-27 (LogAspect.java:32) - com.ygbc.brain.business.management.api.impl.CardServiceFacadeImpl.create开始执行
2018-12-24 13:13:45,334:INFO qtp1001946422-27 (LogAspect.java:51) - 请求参数1:{"data":{},"loginName":"admin","pending":false,"sessionId":"25af4a75-c2f9-43cc-8e24-73e71ca45e4a"}
2018-12-24 13:13:45,369:INFO qtp1001946422-27 (MybatisAutoMapperInterceptor.java:50) - 使用插件处理SQL语句
2018-12-24 13:13:45,376:DEBUG qtp1001946422-27 (BaseJdbcLogger.java:159) - ==>  Preparing: insert into card(save_time,action) values (?,?) 
2018-12-24 13:13:45,378:DEBUG qtp1001946422-27 (BaseJdbcLogger.java:159) - ==> Parameters: 0(Integer), 0(Integer)
2018-12-24 13:13:45,394:DEBUG qtp1001946422-27 (BaseJdbcLogger.java:159) - <==    Updates: 1
2018-12-24 13:13:45,397:DEBUG qtp1001946422-27 (BaseJdbcLogger.java:159) - ==>  Preparing: select id, theme, number_mine, name_mine, number_your, name_your, secret, save_time, action, create_time, create_by, update_time, update_by, ver, is_del from card WHERE 1 = 1 
2018-12-24 13:13:45,398:DEBUG qtp1001946422-27 (BaseJdbcLogger.java:159) - ==> Parameters: 
2018-12-24 13:13:45,407:DEBUG qtp1001946422-27 (BaseJdbcLogger.java:159) - <==      Total: 1
2018-12-24 13:13:45,415:INFO qtp1001946422-27 (MybatisAutoMapperInterceptor.java:50) - 使用插件处理SQL语句
2018-12-24 13:13:45,417:DEBUG qtp1001946422-27 (BaseJdbcLogger.java:159) - ==>  Preparing: insert into feeling(card_id) values (?) 
2018-12-24 13:13:45,419:DEBUG qtp1001946422-27 (BaseJdbcLogger.java:159) - ==> Parameters: 16(Long)
2018-12-24 13:13:45,465:INFO qtp1001946422-27 (LogAspect.java:64) - com.ygbc.brain.business.management.api.impl.CardServiceFacadeImpl.create返回值:{"addition":"org.springframework.dao.DataIntegrityViolationException: \n### Error updating database.  Cause: java.sql.SQLException: Field 'create_by' doesn't have a default value\n### The error may involve defaultParameterMap\n### The error occurred while setting parameters\n### SQL: insert into feeling(card_id)  values (?)\n### Cause: java.sql.SQLException: Field 'create_by' doesn't have a default value\n; SQL []; Field 'create_by' doesn't have a default value; nested exception is java.sql.SQLException: Field 'create_by' doesn't have a default value","pageNo":1,"pageSize":10,"respCode":"9999","respMsg":"处理失败","totalCount":0,"totalPage":0}
2018-12-24 13:15:55,723:INFO qtp1001946422-29 (LogAspect.java:32) - com.ygbc.brain.business.management.api.impl.CardServiceFacadeImpl.create开始执行
2018-12-24 13:15:55,724:INFO qtp1001946422-29 (LogAspect.java:51) - 请求参数1:{"data":{},"loginName":"admin","pending":false,"sessionId":"25af4a75-c2f9-43cc-8e24-73e71ca45e4a"}
2018-12-24 13:17:10,116:INFO qtp1001946422-29 (MybatisAutoMapperInterceptor.java:50) - 使用插件处理SQL语句
2018-12-24 13:17:10,125:DEBUG qtp1001946422-29 (BaseJdbcLogger.java:159) - ==>  Preparing: insert into card(save_time,action) values (?,?) 
2018-12-24 13:17:10,128:DEBUG qtp1001946422-29 (BaseJdbcLogger.java:159) - ==> Parameters: 0(Integer), 0(Integer)
2018-12-24 13:17:10,145:DEBUG qtp1001946422-29 (BaseJdbcLogger.java:159) - <==    Updates: 1
2018-12-24 13:17:10,152:DEBUG qtp1001946422-29 (BaseJdbcLogger.java:159) - ==>  Preparing: select id, theme, number_mine, name_mine, number_your, name_your, secret, save_time, action, create_time, create_by, update_time, update_by, ver, is_del from card WHERE 1 = 1 
2018-12-24 13:17:10,153:DEBUG qtp1001946422-29 (BaseJdbcLogger.java:159) - ==> Parameters: 
2018-12-24 13:17:10,165:DEBUG qtp1001946422-29 (BaseJdbcLogger.java:159) - <==      Total: 2
2018-12-24 13:17:10,167:INFO qtp1001946422-29 (LogAspect.java:64) - com.ygbc.brain.business.management.api.impl.CardServiceFacadeImpl.create返回值:{"addition":"org.mybatis.spring.MyBatisSystemException: nested exception is org.apache.ibatis.exceptions.TooManyResultsException: Expected one result (or null) to be returned by selectOne(), but found: 2","pageNo":1,"pageSize":10,"respCode":"9999","respMsg":"处理失败","totalCount":0,"totalPage":0}
2018-12-24 14:06:49,246:INFO qtp1001946422-25 (LogAspect.java:32) - com.ygbc.brain.business.management.api.impl.CardServiceFacadeImpl.create开始执行
2018-12-24 14:06:49,249:INFO qtp1001946422-25 (LogAspect.java:51) - 请求参数1:{"data":{},"loginName":"admin","pending":false,"sessionId":"25af4a75-c2f9-43cc-8e24-73e71ca45e4a"}
2018-12-24 14:07:48,726:INFO qtp1001946422-25 (MybatisAutoMapperInterceptor.java:50) - 使用插件处理SQL语句
2018-12-24 14:07:50,747:DEBUG qtp1001946422-25 (BaseJdbcLogger.java:159) - ==>  Preparing: insert into card(save_time,action) values (?,?) 
2018-12-24 14:07:50,749:DEBUG qtp1001946422-25 (BaseJdbcLogger.java:159) - ==> Parameters: 0(Integer), 0(Integer)
2018-12-24 14:07:50,766:DEBUG qtp1001946422-25 (BaseJdbcLogger.java:159) - <==    Updates: 1
2018-12-24 14:07:50,769:DEBUG qtp1001946422-25 (BaseJdbcLogger.java:159) - ==>  Preparing: select id, theme, number_mine, name_mine, number_your, name_your, secret, save_time, action, create_time, create_by, update_time, update_by, ver, is_del from card WHERE 1 = 1 
2018-12-24 14:07:50,770:DEBUG qtp1001946422-25 (BaseJdbcLogger.java:159) - ==> Parameters: 
2018-12-24 14:07:50,778:DEBUG qtp1001946422-25 (BaseJdbcLogger.java:159) - <==      Total: 3
2018-12-24 14:07:50,779:INFO qtp1001946422-25 (LogAspect.java:64) - com.ygbc.brain.business.management.api.impl.CardServiceFacadeImpl.create返回值:{"addition":"org.mybatis.spring.MyBatisSystemException: nested exception is org.apache.ibatis.exceptions.TooManyResultsException: Expected one result (or null) to be returned by selectOne(), but found: 3","pageNo":1,"pageSize":10,"respCode":"9999","respMsg":"处理失败","totalCount":0,"totalPage":0}
2018-12-24 14:09:30,093:INFO qtp1001946422-28 (LogAspect.java:32) - com.ygbc.brain.business.management.api.impl.CardServiceFacadeImpl.create开始执行
2018-12-24 14:09:30,093:INFO qtp1001946422-28 (LogAspect.java:51) - 请求参数1:{"data":{"number_your":"15549048092","visibility":1,"save_time":3,"action":1,"name_your":"lyf","secret":"123","title":"第一条feeling","content":"第一次见你是下雨天","number_mine":"15549048091","name_mine":"ckx"},"loginName":"admin","pending":false,"sessionId":"25af4a75-c2f9-43cc-8e24-73e71ca45e4a"}
2018-12-24 14:10:15,745:INFO qtp1001946422-28 (MybatisAutoMapperInterceptor.java:50) - 使用插件处理SQL语句
2018-12-24 14:10:15,759:DEBUG qtp1001946422-28 (BaseJdbcLogger.java:159) - ==>  Preparing: insert into card(number_mine,number_your,name_mine,name_your,secret,save_time,action) values (?,?,?,?,?,?,?) 
2018-12-24 14:10:15,769:DEBUG qtp1001946422-28 (BaseJdbcLogger.java:159) - ==> Parameters: 15549048091(String), 15549048092(String), ckx(String), lyf(String), 123(String), 3(Integer), 1(Integer)
2018-12-24 14:10:15,790:DEBUG qtp1001946422-28 (BaseJdbcLogger.java:159) - <==    Updates: 1
2018-12-24 14:10:19,458:DEBUG qtp1001946422-28 (BaseJdbcLogger.java:159) - ==>  Preparing: select id, theme, number_mine, name_mine, number_your, name_your, secret, save_time, action, create_time, create_by, update_time, update_by, ver, is_del from card WHERE number_mine = ? and 1 = 1 
2018-12-24 14:10:19,462:DEBUG qtp1001946422-28 (BaseJdbcLogger.java:159) - ==> Parameters: 15549048091(String)
2018-12-24 14:10:19,483:DEBUG qtp1001946422-28 (BaseJdbcLogger.java:159) - <==      Total: 1
2018-12-24 14:10:55,410:INFO qtp1001946422-28 (MybatisAutoMapperInterceptor.java:50) - 使用插件处理SQL语句
2018-12-24 14:10:55,420:DEBUG qtp1001946422-28 (BaseJdbcLogger.java:159) - ==>  Preparing: insert into feeling(card_id,title,content,visibility,create_by) values (?,?,?,?,?) 
2018-12-24 14:10:55,426:DEBUG qtp1001946422-28 (BaseJdbcLogger.java:159) - ==> Parameters: 19(Long), 第一条feeling(String), 第一次见你是下雨天(String), 1(Integer), ckx(String)
2018-12-24 14:14:56,978:INFO qtp1001946422-28 (LogAspect.java:64) - com.ygbc.brain.business.management.api.impl.CardServiceFacadeImpl.create返回值:{"addition":"org.springframework.dao.DataIntegrityViolationException: \n### Error updating database.  Cause: java.sql.SQLException: Field 'update_by' doesn't have a default value\n### The error may involve defaultParameterMap\n### The error occurred while setting parameters\n### SQL: insert into feeling(card_id,title,content,visibility,create_by)  values (?,?,?,?,?)\n### Cause: java.sql.SQLException: Field 'update_by' doesn't have a default value\n; SQL []; Field 'update_by' doesn't have a default value; nested exception is java.sql.SQLException: Field 'update_by' doesn't have a default value","pageNo":1,"pageSize":10,"respCode":"9999","respMsg":"处理失败","totalCount":0,"totalPage":0}
2018-12-24 14:15:37,545:INFO qtp1001946422-25 (LogAspect.java:32) - com.ygbc.brain.business.management.api.impl.CardServiceFacadeImpl.create开始执行
2018-12-24 14:15:37,547:INFO qtp1001946422-25 (LogAspect.java:51) - 请求参数1:{"data":{"number_your":"15549048092","visibility":1,"save_time":3,"action":1,"name_your":"lyf","secret":"123","title":"第一条feeling","content":"第一次见你是下雨天","number_mine":"15549048091","name_mine":"ckx"},"loginName":"admin","pending":false,"sessionId":"25af4a75-c2f9-43cc-8e24-73e71ca45e4a"}
2018-12-24 14:15:40,859:INFO qtp1001946422-25 (MybatisAutoMapperInterceptor.java:50) - 使用插件处理SQL语句
2018-12-24 14:15:40,874:DEBUG qtp1001946422-25 (BaseJdbcLogger.java:159) - ==>  Preparing: insert into card(number_mine,number_your,name_mine,name_your,secret,save_time,action) values (?,?,?,?,?,?,?) 
2018-12-24 14:15:40,882:DEBUG qtp1001946422-25 (BaseJdbcLogger.java:159) - ==> Parameters: 15549048091(String), 15549048092(String), ckx(String), lyf(String), 123(String), 3(Integer), 1(Integer)
2018-12-24 14:15:40,900:DEBUG qtp1001946422-25 (BaseJdbcLogger.java:159) - <==    Updates: 1
2018-12-24 14:15:41,364:DEBUG qtp1001946422-25 (BaseJdbcLogger.java:159) - ==>  Preparing: select id, theme, number_mine, name_mine, number_your, name_your, secret, save_time, action, create_time, create_by, update_time, update_by, ver, is_del from card WHERE number_mine = ? and 1 = 1 
2018-12-24 14:15:41,367:DEBUG qtp1001946422-25 (BaseJdbcLogger.java:159) - ==> Parameters: 15549048091(String)
2018-12-24 14:15:41,397:DEBUG qtp1001946422-25 (BaseJdbcLogger.java:159) - <==      Total: 1
2018-12-24 14:47:56,216:INFO qtp1001946422-25 (MybatisAutoMapperInterceptor.java:50) - 使用插件处理SQL语句
2018-12-24 14:47:58,235:DEBUG qtp1001946422-25 (BaseJdbcLogger.java:159) - ==>  Preparing: insert into feeling(card_id,title,content,visibility,create_by) values (?,?,?,?,?) 
2018-12-24 14:47:58,239:DEBUG qtp1001946422-25 (BaseJdbcLogger.java:159) - ==> Parameters: 20(Long), 第一条feeling(String), 第一次见你是下雨天(String), 1(Integer), ckx(String)
2018-12-24 14:47:58,260:INFO qtp1001946422-25 (LogAspect.java:64) - com.ygbc.brain.business.management.api.impl.CardServiceFacadeImpl.create返回值:{"addition":"org.springframework.dao.DataIntegrityViolationException: \n### Error updating database.  Cause: java.sql.SQLException: Field 'update_by' doesn't have a default value\n### The error may involve defaultParameterMap\n### The error occurred while setting parameters\n### SQL: insert into feeling(card_id,title,content,visibility,create_by)  values (?,?,?,?,?)\n### Cause: java.sql.SQLException: Field 'update_by' doesn't have a default value\n; SQL []; Field 'update_by' doesn't have a default value; nested exception is java.sql.SQLException: Field 'update_by' doesn't have a default value","pageNo":1,"pageSize":10,"respCode":"9999","respMsg":"处理失败","totalCount":0,"totalPage":0}
2018-12-24 14:54:09,120:INFO qtp1001946422-27 (LogAspect.java:32) - com.ygbc.brain.business.management.api.impl.CardServiceFacadeImpl.create开始执行
2018-12-24 14:54:09,122:INFO qtp1001946422-27 (LogAspect.java:51) - 请求参数1:{"data":{"number_your":"15549048092","visibility":1,"save_time":3,"action":1,"name_your":"lyf","secret":"123","title":"第一条feeling","content":"第一次见你是下雨天","number_mine":"15549048091","name_mine":"ckx"},"loginName":"admin","pending":false,"sessionId":"25af4a75-c2f9-43cc-8e24-73e71ca45e4a"}
2018-12-24 14:54:19,672:INFO qtp1001946422-27 (MybatisAutoMapperInterceptor.java:50) - 使用插件处理SQL语句
2018-12-24 14:54:19,680:DEBUG qtp1001946422-27 (BaseJdbcLogger.java:159) - ==>  Preparing: insert into card(number_mine,number_your,name_mine,name_your,secret,save_time,action) values (?,?,?,?,?,?,?) 
2018-12-24 14:54:19,683:DEBUG qtp1001946422-27 (BaseJdbcLogger.java:159) - ==> Parameters: 15549048091(String), 15549048092(String), ckx(String), lyf(String), 123(String), 3(Integer), 1(Integer)
2018-12-24 14:54:19,701:DEBUG qtp1001946422-27 (BaseJdbcLogger.java:159) - <==    Updates: 1
2018-12-24 14:54:19,704:DEBUG qtp1001946422-27 (BaseJdbcLogger.java:159) - ==>  Preparing: select id, theme, number_mine, name_mine, number_your, name_your, secret, save_time, action, create_time, create_by, update_time, update_by, ver, is_del from card WHERE number_mine = ? and 1 = 1 
2018-12-24 14:54:19,705:DEBUG qtp1001946422-27 (BaseJdbcLogger.java:159) - ==> Parameters: 15549048091(String)
2018-12-24 14:54:19,718:DEBUG qtp1001946422-27 (BaseJdbcLogger.java:159) - <==      Total: 1
2018-12-24 14:54:19,720:INFO qtp1001946422-27 (MybatisAutoMapperInterceptor.java:50) - 使用插件处理SQL语句
2018-12-24 14:54:19,721:DEBUG qtp1001946422-27 (BaseJdbcLogger.java:159) - ==>  Preparing: insert into feeling(card_id,title,content,visibility,create_by) values (?,?,?,?,?) 
2018-12-24 14:54:19,722:DEBUG qtp1001946422-27 (BaseJdbcLogger.java:159) - ==> Parameters: 21(Long), 第一条feeling(String), 第一次见你是下雨天(String), 1(Integer), ckx(String)
2018-12-24 14:54:19,738:DEBUG qtp1001946422-27 (BaseJdbcLogger.java:159) - <==    Updates: 1
2018-12-24 14:54:19,739:INFO qtp1001946422-27 (LogAspect.java:64) - com.ygbc.brain.business.management.api.impl.CardServiceFacadeImpl.create返回值:{"pageNo":1,"pageSize":10,"respCode":"0000","respMsg":"成功","totalCount":0,"totalPage":0}
2018-12-24 16:21:22,525:INFO main (EnumUtils.java:192) - EnumScanner将扫描:com.ygbc.brain
2018-12-24 16:21:22,725:INFO main (EnumUtils.java:106) - 加载枚举:ObjectType
2018-12-24 16:21:22,726:INFO main (EnumUtils.java:106) - 加载枚举:LetterOfCreditType
2018-12-24 16:21:22,726:INFO main (EnumUtils.java:106) - 加载枚举:TransactionType
2018-12-24 16:21:22,726:INFO main (EnumUtils.java:106) - 加载枚举:DocumentType
2018-12-24 16:21:22,726:INFO main (EnumUtils.java:106) - 加载枚举:TransactionStatus
2018-12-24 16:21:22,726:INFO main (EnumUtils.java:106) - 加载枚举:LcReferenceType
2018-12-24 16:21:22,726:INFO main (EnumUtils.java:106) - 加载枚举:PendingStatus
2018-12-24 16:21:22,727:INFO main (EnumUtils.java:106) - 加载枚举:ReferenceType
2018-12-24 16:21:22,727:INFO main (EnumUtils.java:111) - 加载枚举:TrueFalse
2018-12-24 16:21:22,727:INFO main (EnumUtils.java:111) - 加载枚举:OpenType
2018-12-24 16:21:22,727:INFO main (EnumUtils.java:111) - 加载枚举:IssueFeeType
2018-12-24 16:21:22,727:INFO main (EnumUtils.java:111) - 加载枚举:NegotiationType
2018-12-24 16:21:22,727:INFO main (EnumUtils.java:111) - 加载枚举:IssueType
2018-12-24 16:21:22,728:INFO main (EnumUtils.java:111) - 加载枚举:DocumentType
2018-12-24 16:21:22,728:INFO main (EnumUtils.java:111) - 加载枚举:TransferType
2018-12-24 16:21:22,728:INFO main (EnumUtils.java:111) - 加载枚举:UserStatus
2018-12-24 16:21:22,728:INFO main (EnumUtils.java:111) - 加载枚举:AmountModifyType
2018-12-24 16:21:22,728:INFO main (EnumUtils.java:111) - 加载枚举:DiscrepancyType
2018-12-24 16:21:22,728:INFO main (EnumUtils.java:111) - 加载枚举:CloseReason
2018-12-24 16:21:22,729:INFO main (EnumUtils.java:111) - 加载枚举:TransferFlag
2018-12-24 16:21:22,729:INFO main (EnumUtils.java:111) - 加载枚举:AmendChargeBy
2018-12-24 16:21:22,729:INFO main (EnumUtils.java:111) - 加载枚举:SightPayFlag
2018-12-24 16:21:22,729:INFO main (EnumUtils.java:111) - 加载枚举:CheckDocumentResult
2018-12-24 16:21:22,729:INFO main (EnumUtils.java:111) - 加载枚举:YesNo
2018-12-24 16:21:22,730:INFO main (EnumUtils.java:111) - 加载枚举:AllowType
2018-12-24 16:21:40,748:INFO qtp2106609649-25 (LogAspect.java:32) - com.ygbc.brain.business.management.api.impl.FeelingServiceFacadeImpl.create开始执行
2018-12-24 16:21:40,775:INFO qtp2106609649-25 (LogAspect.java:51) - 请求参数1:{"data":{"create_by":"ckx","visibility":2,"title":"第二条","card_id":21,"content":"第二次见你是晴天"},"loginName":"admin","pending":false,"sessionId":"25af4a75-c2f9-43cc-8e24-73e71ca45e4a"}
2018-12-24 16:21:40,791:ERROR qtp2106609649-25 (LogAspect.java:76) - com.ygbc.brain.business.management.api.impl.FeelingServiceFacadeImpl.create发生异常:
org.springframework.beans.factory.NoSuchBeanDefinitionException: No qualifying bean of type [com.ygbc.brain.business.management.service.feeling.FeelingCreateService] is defined
	at org.springframework.beans.factory.support.DefaultListableBeanFactory.getBean(DefaultListableBeanFactory.java:372) ~[spring-beans-4.2.6.RELEASE.jar:4.2.6.RELEASE]
	at org.springframework.beans.factory.support.DefaultListableBeanFactory.getBean(DefaultListableBeanFactory.java:332) ~[spring-beans-4.2.6.RELEASE.jar:4.2.6.RELEASE]
	at org.springframework.context.support.AbstractApplicationContext.getBean(AbstractApplicationContext.java:1066) ~[spring-context-4.2.6.RELEASE.jar:4.2.6.RELEASE]
	at com.ygbc.brain.common.utils.SpringUtils.getBean(SpringUtils.java:30) ~[message-common-utils-1.0.0-SNAPSHOT.jar:?]
	at com.ygbc.brain.business.management.api.impl.FeelingServiceFacadeImpl.create(FeelingServiceFacadeImpl.java:20) ~[message-business-management-service-1.0.0-SNAPSHOT.jar:?]
	at com.ygbc.brain.business.management.api.impl.FeelingServiceFacadeImpl$$FastClassBySpringCGLIB$$1b7ca166.invoke(<generated>) ~[message-business-management-service-1.0.0-SNAPSHOT.jar:?]
	at org.springframework.cglib.proxy.MethodProxy.invoke(MethodProxy.java:204) ~[spring-core-4.2.6.RELEASE.jar:4.2.6.RELEASE]
	at org.springframework.aop.framework.CglibAopProxy$CglibMethodInvocation.invokeJoinpoint(CglibAopProxy.java:720) ~[spring-aop-4.2.6.RELEASE.jar:4.2.6.RELEASE]
	at org.springframework.aop.framework.ReflectiveMethodInvocation.proceed(ReflectiveMethodInvocation.java:157) ~[spring-aop-4.2.6.RELEASE.jar:4.2.6.RELEASE]
	at org.springframework.aop.framework.adapter.MethodBeforeAdviceInterceptor.invoke(MethodBeforeAdviceInterceptor.java:52) ~[spring-aop-4.2.6.RELEASE.jar:4.2.6.RELEASE]
	at org.springframework.aop.framework.ReflectiveMethodInvocation.proceed(ReflectiveMethodInvocation.java:179) ~[spring-aop-4.2.6.RELEASE.jar:4.2.6.RELEASE]
	at org.springframework.aop.framework.adapter.AfterReturningAdviceInterceptor.invoke(AfterReturningAdviceInterceptor.java:52) ~[spring-aop-4.2.6.RELEASE.jar:4.2.6.RELEASE]
	at org.springframework.aop.framework.ReflectiveMethodInvocation.proceed(ReflectiveMethodInvocation.java:179) ~[spring-aop-4.2.6.RELEASE.jar:4.2.6.RELEASE]
	at org.springframework.aop.aspectj.AspectJAfterThrowingAdvice.invoke(AspectJAfterThrowingAdvice.java:59) [spring-aop-4.2.6.RELEASE.jar:4.2.6.RELEASE]
	at org.springframework.aop.framework.ReflectiveMethodInvocation.proceed(ReflectiveMethodInvocation.java:179) [spring-aop-4.2.6.RELEASE.jar:4.2.6.RELEASE]
	at org.springframework.aop.interceptor.ExposeInvocationInterceptor.invoke(ExposeInvocationInterceptor.java:92) [spring-aop-4.2.6.RELEASE.jar:4.2.6.RELEASE]
	at org.springframework.aop.framework.ReflectiveMethodInvocation.proceed(ReflectiveMethodInvocation.java:179) [spring-aop-4.2.6.RELEASE.jar:4.2.6.RELEASE]
	at org.springframework.aop.framework.CglibAopProxy$DynamicAdvisedInterceptor.intercept(CglibAopProxy.java:655) [spring-aop-4.2.6.RELEASE.jar:4.2.6.RELEASE]
	at com.ygbc.brain.business.management.api.impl.FeelingServiceFacadeImpl$$EnhancerBySpringCGLIB$$4299e50f.create(<generated>) [message-business-management-service-1.0.0-SNAPSHOT.jar:?]
	at com.ygbc.brain.business.management.web.controller.FeelingController.create(FeelingController.java:21) [classes/:?]
	at sun.reflect.NativeMethodAccessorImpl.invoke0(Native Method) ~[?:1.8.0_161]
	at sun.reflect.NativeMethodAccessorImpl.invoke(NativeMethodAccessorImpl.java:62) ~[?:1.8.0_161]
	at sun.reflect.DelegatingMethodAccessorImpl.invoke(DelegatingMethodAccessorImpl.java:43) ~[?:1.8.0_161]
	at java.lang.reflect.Method.invoke(Method.java:498) ~[?:1.8.0_161]
	at org.springframework.web.method.support.InvocableHandlerMethod.doInvoke(InvocableHandlerMethod.java:221) [spring-web-4.2.6.RELEASE.jar:4.2.6.RELEASE]
	at org.springframework.web.method.support.InvocableHandlerMethod.invokeForRequest(InvocableHandlerMethod.java:136) [spring-web-4.2.6.RELEASE.jar:4.2.6.RELEASE]
	at org.springframework.web.servlet.mvc.method.annotation.ServletInvocableHandlerMethod.invokeAndHandle(ServletInvocableHandlerMethod.java:110) [spring-webmvc-4.2.6.RELEASE.jar:4.2.6.RELEASE]
	at org.springframework.web.servlet.mvc.method.annotation.RequestMappingHandlerAdapter.invokeHandlerMethod(RequestMappingHandlerAdapter.java:832) [spring-webmvc-4.2.6.RELEASE.jar:4.2.6.RELEASE]
	at org.springframework.web.servlet.mvc.method.annotation.RequestMappingHandlerAdapter.handleInternal(RequestMappingHandlerAdapter.java:743) [spring-webmvc-4.2.6.RELEASE.jar:4.2.6.RELEASE]
	at org.springframework.web.servlet.mvc.method.AbstractHandlerMethodAdapter.handle(AbstractHandlerMethodAdapter.java:85) [spring-webmvc-4.2.6.RELEASE.jar:4.2.6.RELEASE]
	at org.springframework.web.servlet.DispatcherServlet.doDispatch(DispatcherServlet.java:961) [spring-webmvc-4.2.6.RELEASE.jar:4.2.6.RELEASE]
	at org.springframework.web.servlet.DispatcherServlet.doService(DispatcherServlet.java:895) [spring-webmvc-4.2.6.RELEASE.jar:4.2.6.RELEASE]
	at org.springframework.web.servlet.FrameworkServlet.processRequest(FrameworkServlet.java:967) [spring-webmvc-4.2.6.RELEASE.jar:4.2.6.RELEASE]
	at org.springframework.web.servlet.FrameworkServlet.doPost(FrameworkServlet.java:869) [spring-webmvc-4.2.6.RELEASE.jar:4.2.6.RELEASE]
	at javax.servlet.http.HttpServlet.service(HttpServlet.java:755) [javax.servlet-3.0.0.v201112011016.jar:?]
	at org.springframework.web.servlet.FrameworkServlet.service(FrameworkServlet.java:843) [spring-webmvc-4.2.6.RELEASE.jar:4.2.6.RELEASE]
	at javax.servlet.http.HttpServlet.service(HttpServlet.java:848) [javax.servlet-3.0.0.v201112011016.jar:?]
	at org.eclipse.jetty.servlet.ServletHolder.handle(ServletHolder.java:684) [jetty-servlet-8.1.16.v20140903.jar:8.1.16.v20140903]
	at org.eclipse.jetty.servlet.ServletHandler$CachedChain.doFilter(ServletHandler.java:1496) [jetty-servlet-8.1.16.v20140903.jar:8.1.16.v20140903]
	at org.springframework.web.filter.CharacterEncodingFilter.doFilterInternal(CharacterEncodingFilter.java:121) [spring-web-4.2.6.RELEASE.jar:4.2.6.RELEASE]
	at org.springframework.web.filter.OncePerRequestFilter.doFilter(OncePerRequestFilter.java:107) [spring-web-4.2.6.RELEASE.jar:4.2.6.RELEASE]
	at org.eclipse.jetty.servlet.ServletHandler$CachedChain.doFilter(ServletHandler.java:1476) [jetty-servlet-8.1.16.v20140903.jar:8.1.16.v20140903]
	at org.eclipse.jetty.servlet.ServletHandler.doHandle(ServletHandler.java:501) [jetty-servlet-8.1.16.v20140903.jar:8.1.16.v20140903]
	at org.eclipse.jetty.server.handler.ScopedHandler.handle(ScopedHandler.java:137) [jetty-server-8.1.16.v20140903.jar:8.1.16.v20140903]
	at org.eclipse.jetty.security.SecurityHandler.handle(SecurityHandler.java:557) [jetty-security-8.1.16.v20140903.jar:8.1.16.v20140903]
	at org.eclipse.jetty.server.session.SessionHandler.doHandle(SessionHandler.java:231) [jetty-server-8.1.16.v20140903.jar:8.1.16.v20140903]
	at org.eclipse.jetty.server.handler.ContextHandler.doHandle(ContextHandler.java:1086) [jetty-server-8.1.16.v20140903.jar:8.1.16.v20140903]
	at org.eclipse.jetty.servlet.ServletHandler.doScope(ServletHandler.java:429) [jetty-servlet-8.1.16.v20140903.jar:8.1.16.v20140903]
	at org.eclipse.jetty.server.session.SessionHandler.doScope(SessionHandler.java:193) [jetty-server-8.1.16.v20140903.jar:8.1.16.v20140903]
	at org.eclipse.jetty.server.handler.ContextHandler.doScope(ContextHandler.java:1020) [jetty-server-8.1.16.v20140903.jar:8.1.16.v20140903]
	at org.eclipse.jetty.server.handler.ScopedHandler.handle(ScopedHandler.java:135) [jetty-server-8.1.16.v20140903.jar:8.1.16.v20140903]
	at org.eclipse.jetty.server.handler.ContextHandlerCollection.handle(ContextHandlerCollection.java:255) [jetty-server-8.1.16.v20140903.jar:8.1.16.v20140903]
	at org.eclipse.jetty.server.handler.HandlerCollection.handle(HandlerCollection.java:154) [jetty-server-8.1.16.v20140903.jar:8.1.16.v20140903]
	at org.eclipse.jetty.server.handler.HandlerWrapper.handle(HandlerWrapper.java:116) [jetty-server-8.1.16.v20140903.jar:8.1.16.v20140903]
	at org.eclipse.jetty.server.Server.handle(Server.java:370) [jetty-server-8.1.16.v20140903.jar:8.1.16.v20140903]
	at org.eclipse.jetty.server.AbstractHttpConnection.handleRequest(AbstractHttpConnection.java:494) [jetty-server-8.1.16.v20140903.jar:8.1.16.v20140903]
	at org.eclipse.jetty.server.AbstractHttpConnection.content(AbstractHttpConnection.java:982) [jetty-server-8.1.16.v20140903.jar:8.1.16.v20140903]
	at org.eclipse.jetty.server.AbstractHttpConnection$RequestHandler.content(AbstractHttpConnection.java:1043) [jetty-server-8.1.16.v20140903.jar:8.1.16.v20140903]
	at org.eclipse.jetty.http.HttpParser.parseNext(HttpParser.java:865) [jetty-http-8.1.16.v20140903.jar:8.1.16.v20140903]
	at org.eclipse.jetty.http.HttpParser.parseAvailable(HttpParser.java:240) [jetty-http-8.1.16.v20140903.jar:8.1.16.v20140903]
	at org.eclipse.jetty.server.AsyncHttpConnection.handle(AsyncHttpConnection.java:82) [jetty-server-8.1.16.v20140903.jar:8.1.16.v20140903]
	at org.eclipse.jetty.io.nio.SelectChannelEndPoint.handle(SelectChannelEndPoint.java:696) [jetty-io-8.1.16.v20140903.jar:8.1.16.v20140903]
	at org.eclipse.jetty.io.nio.SelectChannelEndPoint$1.run(SelectChannelEndPoint.java:53) [jetty-io-8.1.16.v20140903.jar:8.1.16.v20140903]
	at org.eclipse.jetty.util.thread.QueuedThreadPool.runJob(QueuedThreadPool.java:608) [jetty-util-8.1.16.v20140903.jar:8.1.16.v20140903]
	at org.eclipse.jetty.util.thread.QueuedThreadPool$3.run(QueuedThreadPool.java:543) [jetty-util-8.1.16.v20140903.jar:8.1.16.v20140903]
	at java.lang.Thread.run(Thread.java:748) [?:1.8.0_161]
2018-12-24 16:22:17,063:INFO qtp2106609649-29 (LogAspect.java:32) - com.ygbc.brain.business.management.api.impl.FeelingServiceFacadeImpl.create开始执行
2018-12-24 16:22:17,066:INFO qtp2106609649-29 (LogAspect.java:51) - 请求参数1:{"data":{"create_by":"ckx","visibility":2,"title":"第二条","card_id":21,"content":"第二次见你是晴天"},"loginName":"admin","pending":false,"sessionId":"25af4a75-c2f9-43cc-8e24-73e71ca45e4a"}
2018-12-24 16:22:17,067:ERROR qtp2106609649-29 (LogAspect.java:76) - com.ygbc.brain.business.management.api.impl.FeelingServiceFacadeImpl.create发生异常:
org.springframework.beans.factory.NoSuchBeanDefinitionException: No qualifying bean of type [com.ygbc.brain.business.management.service.feeling.FeelingCreateService] is defined
	at org.springframework.beans.factory.support.DefaultListableBeanFactory.getBean(DefaultListableBeanFactory.java:372) ~[spring-beans-4.2.6.RELEASE.jar:4.2.6.RELEASE]
	at org.springframework.beans.factory.support.DefaultListableBeanFactory.getBean(DefaultListableBeanFactory.java:332) ~[spring-beans-4.2.6.RELEASE.jar:4.2.6.RELEASE]
	at org.springframework.context.support.AbstractApplicationContext.getBean(AbstractApplicationContext.java:1066) ~[spring-context-4.2.6.RELEASE.jar:4.2.6.RELEASE]
	at com.ygbc.brain.common.utils.SpringUtils.getBean(SpringUtils.java:30) ~[message-common-utils-1.0.0-SNAPSHOT.jar:?]
	at com.ygbc.brain.business.management.api.impl.FeelingServiceFacadeImpl.create(FeelingServiceFacadeImpl.java:20) ~[message-business-management-service-1.0.0-SNAPSHOT.jar:?]
	at com.ygbc.brain.business.management.api.impl.FeelingServiceFacadeImpl$$FastClassBySpringCGLIB$$1b7ca166.invoke(<generated>) ~[message-business-management-service-1.0.0-SNAPSHOT.jar:?]
	at org.springframework.cglib.proxy.MethodProxy.invoke(MethodProxy.java:204) ~[spring-core-4.2.6.RELEASE.jar:4.2.6.RELEASE]
	at org.springframework.aop.framework.CglibAopProxy$CglibMethodInvocation.invokeJoinpoint(CglibAopProxy.java:720) ~[spring-aop-4.2.6.RELEASE.jar:4.2.6.RELEASE]
	at org.springframework.aop.framework.ReflectiveMethodInvocation.proceed(ReflectiveMethodInvocation.java:157) ~[spring-aop-4.2.6.RELEASE.jar:4.2.6.RELEASE]
	at org.springframework.aop.framework.adapter.MethodBeforeAdviceInterceptor.invoke(MethodBeforeAdviceInterceptor.java:52) ~[spring-aop-4.2.6.RELEASE.jar:4.2.6.RELEASE]
	at org.springframework.aop.framework.ReflectiveMethodInvocation.proceed(ReflectiveMethodInvocation.java:179) ~[spring-aop-4.2.6.RELEASE.jar:4.2.6.RELEASE]
	at org.springframework.aop.framework.adapter.AfterReturningAdviceInterceptor.invoke(AfterReturningAdviceInterceptor.java:52) ~[spring-aop-4.2.6.RELEASE.jar:4.2.6.RELEASE]
	at org.springframework.aop.framework.ReflectiveMethodInvocation.proceed(ReflectiveMethodInvocation.java:179) ~[spring-aop-4.2.6.RELEASE.jar:4.2.6.RELEASE]
	at org.springframework.aop.aspectj.AspectJAfterThrowingAdvice.invoke(AspectJAfterThrowingAdvice.java:59) [spring-aop-4.2.6.RELEASE.jar:4.2.6.RELEASE]
	at org.springframework.aop.framework.ReflectiveMethodInvocation.proceed(ReflectiveMethodInvocation.java:179) [spring-aop-4.2.6.RELEASE.jar:4.2.6.RELEASE]
	at org.springframework.aop.interceptor.ExposeInvocationInterceptor.invoke(ExposeInvocationInterceptor.java:92) [spring-aop-4.2.6.RELEASE.jar:4.2.6.RELEASE]
	at org.springframework.aop.framework.ReflectiveMethodInvocation.proceed(ReflectiveMethodInvocation.java:179) [spring-aop-4.2.6.RELEASE.jar:4.2.6.RELEASE]
	at org.springframework.aop.framework.CglibAopProxy$DynamicAdvisedInterceptor.intercept(CglibAopProxy.java:655) [spring-aop-4.2.6.RELEASE.jar:4.2.6.RELEASE]
	at com.ygbc.brain.business.management.api.impl.FeelingServiceFacadeImpl$$EnhancerBySpringCGLIB$$4299e50f.create(<generated>) [message-business-management-service-1.0.0-SNAPSHOT.jar:?]
	at com.ygbc.brain.business.management.web.controller.FeelingController.create(FeelingController.java:21) [classes/:?]
	at sun.reflect.NativeMethodAccessorImpl.invoke0(Native Method) ~[?:1.8.0_161]
	at sun.reflect.NativeMethodAccessorImpl.invoke(NativeMethodAccessorImpl.java:62) ~[?:1.8.0_161]
	at sun.reflect.DelegatingMethodAccessorImpl.invoke(DelegatingMethodAccessorImpl.java:43) ~[?:1.8.0_161]
	at java.lang.reflect.Method.invoke(Method.java:498) ~[?:1.8.0_161]
	at org.springframework.web.method.support.InvocableHandlerMethod.doInvoke(InvocableHandlerMethod.java:221) [spring-web-4.2.6.RELEASE.jar:4.2.6.RELEASE]
	at org.springframework.web.method.support.InvocableHandlerMethod.invokeForRequest(InvocableHandlerMethod.java:136) [spring-web-4.2.6.RELEASE.jar:4.2.6.RELEASE]
	at org.springframework.web.servlet.mvc.method.annotation.ServletInvocableHandlerMethod.invokeAndHandle(ServletInvocableHandlerMethod.java:110) [spring-webmvc-4.2.6.RELEASE.jar:4.2.6.RELEASE]
	at org.springframework.web.servlet.mvc.method.annotation.RequestMappingHandlerAdapter.invokeHandlerMethod(RequestMappingHandlerAdapter.java:832) [spring-webmvc-4.2.6.RELEASE.jar:4.2.6.RELEASE]
	at org.springframework.web.servlet.mvc.method.annotation.RequestMappingHandlerAdapter.handleInternal(RequestMappingHandlerAdapter.java:743) [spring-webmvc-4.2.6.RELEASE.jar:4.2.6.RELEASE]
	at org.springframework.web.servlet.mvc.method.AbstractHandlerMethodAdapter.handle(AbstractHandlerMethodAdapter.java:85) [spring-webmvc-4.2.6.RELEASE.jar:4.2.6.RELEASE]
	at org.springframework.web.servlet.DispatcherServlet.doDispatch(DispatcherServlet.java:961) [spring-webmvc-4.2.6.RELEASE.jar:4.2.6.RELEASE]
	at org.springframework.web.servlet.DispatcherServlet.doService(DispatcherServlet.java:895) [spring-webmvc-4.2.6.RELEASE.jar:4.2.6.RELEASE]
	at org.springframework.web.servlet.FrameworkServlet.processRequest(FrameworkServlet.java:967) [spring-webmvc-4.2.6.RELEASE.jar:4.2.6.RELEASE]
	at org.springframework.web.servlet.FrameworkServlet.doPost(FrameworkServlet.java:869) [spring-webmvc-4.2.6.RELEASE.jar:4.2.6.RELEASE]
	at javax.servlet.http.HttpServlet.service(HttpServlet.java:755) [javax.servlet-3.0.0.v201112011016.jar:?]
	at org.springframework.web.servlet.FrameworkServlet.service(FrameworkServlet.java:843) [spring-webmvc-4.2.6.RELEASE.jar:4.2.6.RELEASE]
	at javax.servlet.http.HttpServlet.service(HttpServlet.java:848) [javax.servlet-3.0.0.v201112011016.jar:?]
	at org.eclipse.jetty.servlet.ServletHolder.handle(ServletHolder.java:684) [jetty-servlet-8.1.16.v20140903.jar:8.1.16.v20140903]
	at org.eclipse.jetty.servlet.ServletHandler$CachedChain.doFilter(ServletHandler.java:1496) [jetty-servlet-8.1.16.v20140903.jar:8.1.16.v20140903]
	at org.springframework.web.filter.CharacterEncodingFilter.doFilterInternal(CharacterEncodingFilter.java:121) [spring-web-4.2.6.RELEASE.jar:4.2.6.RELEASE]
	at org.springframework.web.filter.OncePerRequestFilter.doFilter(OncePerRequestFilter.java:107) [spring-web-4.2.6.RELEASE.jar:4.2.6.RELEASE]
	at org.eclipse.jetty.servlet.ServletHandler$CachedChain.doFilter(ServletHandler.java:1476) [jetty-servlet-8.1.16.v20140903.jar:8.1.16.v20140903]
	at org.eclipse.jetty.servlet.ServletHandler.doHandle(ServletHandler.java:501) [jetty-servlet-8.1.16.v20140903.jar:8.1.16.v20140903]
	at org.eclipse.jetty.server.handler.ScopedHandler.handle(ScopedHandler.java:137) [jetty-server-8.1.16.v20140903.jar:8.1.16.v20140903]
	at org.eclipse.jetty.security.SecurityHandler.handle(SecurityHandler.java:557) [jetty-security-8.1.16.v20140903.jar:8.1.16.v20140903]
	at org.eclipse.jetty.server.session.SessionHandler.doHandle(SessionHandler.java:231) [jetty-server-8.1.16.v20140903.jar:8.1.16.v20140903]
	at org.eclipse.jetty.server.handler.ContextHandler.doHandle(ContextHandler.java:1086) [jetty-server-8.1.16.v20140903.jar:8.1.16.v20140903]
	at org.eclipse.jetty.servlet.ServletHandler.doScope(ServletHandler.java:429) [jetty-servlet-8.1.16.v20140903.jar:8.1.16.v20140903]
	at org.eclipse.jetty.server.session.SessionHandler.doScope(SessionHandler.java:193) [jetty-server-8.1.16.v20140903.jar:8.1.16.v20140903]
	at org.eclipse.jetty.server.handler.ContextHandler.doScope(ContextHandler.java:1020) [jetty-server-8.1.16.v20140903.jar:8.1.16.v20140903]
	at org.eclipse.jetty.server.handler.ScopedHandler.handle(ScopedHandler.java:135) [jetty-server-8.1.16.v20140903.jar:8.1.16.v20140903]
	at org.eclipse.jetty.server.handler.ContextHandlerCollection.handle(ContextHandlerCollection.java:255) [jetty-server-8.1.16.v20140903.jar:8.1.16.v20140903]
	at org.eclipse.jetty.server.handler.HandlerCollection.handle(HandlerCollection.java:154) [jetty-server-8.1.16.v20140903.jar:8.1.16.v20140903]
	at org.eclipse.jetty.server.handler.HandlerWrapper.handle(HandlerWrapper.java:116) [jetty-server-8.1.16.v20140903.jar:8.1.16.v20140903]
	at org.eclipse.jetty.server.Server.handle(Server.java:370) [jetty-server-8.1.16.v20140903.jar:8.1.16.v20140903]
	at org.eclipse.jetty.server.AbstractHttpConnection.handleRequest(AbstractHttpConnection.java:494) [jetty-server-8.1.16.v20140903.jar:8.1.16.v20140903]
	at org.eclipse.jetty.server.AbstractHttpConnection.content(AbstractHttpConnection.java:982) [jetty-server-8.1.16.v20140903.jar:8.1.16.v20140903]
	at org.eclipse.jetty.server.AbstractHttpConnection$RequestHandler.content(AbstractHttpConnection.java:1043) [jetty-server-8.1.16.v20140903.jar:8.1.16.v20140903]
	at org.eclipse.jetty.http.HttpParser.parseNext(HttpParser.java:865) [jetty-http-8.1.16.v20140903.jar:8.1.16.v20140903]
	at org.eclipse.jetty.http.HttpParser.parseAvailable(HttpParser.java:240) [jetty-http-8.1.16.v20140903.jar:8.1.16.v20140903]
	at org.eclipse.jetty.server.AsyncHttpConnection.handle(AsyncHttpConnection.java:82) [jetty-server-8.1.16.v20140903.jar:8.1.16.v20140903]
	at org.eclipse.jetty.io.nio.SelectChannelEndPoint.handle(SelectChannelEndPoint.java:696) [jetty-io-8.1.16.v20140903.jar:8.1.16.v20140903]
	at org.eclipse.jetty.io.nio.SelectChannelEndPoint$1.run(SelectChannelEndPoint.java:53) [jetty-io-8.1.16.v20140903.jar:8.1.16.v20140903]
	at org.eclipse.jetty.util.thread.QueuedThreadPool.runJob(QueuedThreadPool.java:608) [jetty-util-8.1.16.v20140903.jar:8.1.16.v20140903]
	at org.eclipse.jetty.util.thread.QueuedThreadPool$3.run(QueuedThreadPool.java:543) [jetty-util-8.1.16.v20140903.jar:8.1.16.v20140903]
	at java.lang.Thread.run(Thread.java:748) [?:1.8.0_161]
2018-12-24 16:22:29,732:INFO qtp2106609649-26 (LogAspect.java:32) - com.ygbc.brain.business.management.api.impl.FeelingServiceFacadeImpl.create开始执行
2018-12-24 16:22:29,734:INFO qtp2106609649-26 (LogAspect.java:51) - 请求参数1:{"data":{"create_by":"ckx","visibility":2,"title":"第二条","card_id":21,"content":"第二次见你是晴天"},"loginName":"admin","pending":false,"sessionId":"25af4a75-c2f9-43cc-8e24-73e71ca45e4a"}
2018-12-24 16:22:29,735:ERROR qtp2106609649-26 (LogAspect.java:76) - com.ygbc.brain.business.management.api.impl.FeelingServiceFacadeImpl.create发生异常:
org.springframework.beans.factory.NoSuchBeanDefinitionException: No qualifying bean of type [com.ygbc.brain.business.management.service.feeling.FeelingCreateService] is defined
	at org.springframework.beans.factory.support.DefaultListableBeanFactory.getBean(DefaultListableBeanFactory.java:372) ~[spring-beans-4.2.6.RELEASE.jar:4.2.6.RELEASE]
	at org.springframework.beans.factory.support.DefaultListableBeanFactory.getBean(DefaultListableBeanFactory.java:332) ~[spring-beans-4.2.6.RELEASE.jar:4.2.6.RELEASE]
	at org.springframework.context.support.AbstractApplicationContext.getBean(AbstractApplicationContext.java:1066) ~[spring-context-4.2.6.RELEASE.jar:4.2.6.RELEASE]
	at com.ygbc.brain.common.utils.SpringUtils.getBean(SpringUtils.java:30) ~[message-common-utils-1.0.0-SNAPSHOT.jar:?]
	at com.ygbc.brain.business.management.api.impl.FeelingServiceFacadeImpl.create(FeelingServiceFacadeImpl.java:20) ~[message-business-management-service-1.0.0-SNAPSHOT.jar:?]
	at com.ygbc.brain.business.management.api.impl.FeelingServiceFacadeImpl$$FastClassBySpringCGLIB$$1b7ca166.invoke(<generated>) ~[message-business-management-service-1.0.0-SNAPSHOT.jar:?]
	at org.springframework.cglib.proxy.MethodProxy.invoke(MethodProxy.java:204) ~[spring-core-4.2.6.RELEASE.jar:4.2.6.RELEASE]
	at org.springframework.aop.framework.CglibAopProxy$CglibMethodInvocation.invokeJoinpoint(CglibAopProxy.java:720) ~[spring-aop-4.2.6.RELEASE.jar:4.2.6.RELEASE]
	at org.springframework.aop.framework.ReflectiveMethodInvocation.proceed(ReflectiveMethodInvocation.java:157) ~[spring-aop-4.2.6.RELEASE.jar:4.2.6.RELEASE]
	at org.springframework.aop.framework.adapter.MethodBeforeAdviceInterceptor.invoke(MethodBeforeAdviceInterceptor.java:52) ~[spring-aop-4.2.6.RELEASE.jar:4.2.6.RELEASE]
	at org.springframework.aop.framework.ReflectiveMethodInvocation.proceed(ReflectiveMethodInvocation.java:179) ~[spring-aop-4.2.6.RELEASE.jar:4.2.6.RELEASE]
	at org.springframework.aop.framework.adapter.AfterReturningAdviceInterceptor.invoke(AfterReturningAdviceInterceptor.java:52) ~[spring-aop-4.2.6.RELEASE.jar:4.2.6.RELEASE]
	at org.springframework.aop.framework.ReflectiveMethodInvocation.proceed(ReflectiveMethodInvocation.java:179) ~[spring-aop-4.2.6.RELEASE.jar:4.2.6.RELEASE]
	at org.springframework.aop.aspectj.AspectJAfterThrowingAdvice.invoke(AspectJAfterThrowingAdvice.java:59) [spring-aop-4.2.6.RELEASE.jar:4.2.6.RELEASE]
	at org.springframework.aop.framework.ReflectiveMethodInvocation.proceed(ReflectiveMethodInvocation.java:179) [spring-aop-4.2.6.RELEASE.jar:4.2.6.RELEASE]
	at org.springframework.aop.interceptor.ExposeInvocationInterceptor.invoke(ExposeInvocationInterceptor.java:92) [spring-aop-4.2.6.RELEASE.jar:4.2.6.RELEASE]
	at org.springframework.aop.framework.ReflectiveMethodInvocation.proceed(ReflectiveMethodInvocation.java:179) [spring-aop-4.2.6.RELEASE.jar:4.2.6.RELEASE]
	at org.springframework.aop.framework.CglibAopProxy$DynamicAdvisedInterceptor.intercept(CglibAopProxy.java:655) [spring-aop-4.2.6.RELEASE.jar:4.2.6.RELEASE]
	at com.ygbc.brain.business.management.api.impl.FeelingServiceFacadeImpl$$EnhancerBySpringCGLIB$$4299e50f.create(<generated>) [message-business-management-service-1.0.0-SNAPSHOT.jar:?]
	at com.ygbc.brain.business.management.web.controller.FeelingController.create(FeelingController.java:21) [classes/:?]
	at sun.reflect.NativeMethodAccessorImpl.invoke0(Native Method) ~[?:1.8.0_161]
	at sun.reflect.NativeMethodAccessorImpl.invoke(NativeMethodAccessorImpl.java:62) ~[?:1.8.0_161]
	at sun.reflect.DelegatingMethodAccessorImpl.invoke(DelegatingMethodAccessorImpl.java:43) ~[?:1.8.0_161]
	at java.lang.reflect.Method.invoke(Method.java:498) ~[?:1.8.0_161]
	at org.springframework.web.method.support.InvocableHandlerMethod.doInvoke(InvocableHandlerMethod.java:221) [spring-web-4.2.6.RELEASE.jar:4.2.6.RELEASE]
	at org.springframework.web.method.support.InvocableHandlerMethod.invokeForRequest(InvocableHandlerMethod.java:136) [spring-web-4.2.6.RELEASE.jar:4.2.6.RELEASE]
	at org.springframework.web.servlet.mvc.method.annotation.ServletInvocableHandlerMethod.invokeAndHandle(ServletInvocableHandlerMethod.java:110) [spring-webmvc-4.2.6.RELEASE.jar:4.2.6.RELEASE]
	at org.springframework.web.servlet.mvc.method.annotation.RequestMappingHandlerAdapter.invokeHandlerMethod(RequestMappingHandlerAdapter.java:832) [spring-webmvc-4.2.6.RELEASE.jar:4.2.6.RELEASE]
	at org.springframework.web.servlet.mvc.method.annotation.RequestMappingHandlerAdapter.handleInternal(RequestMappingHandlerAdapter.java:743) [spring-webmvc-4.2.6.RELEASE.jar:4.2.6.RELEASE]
	at org.springframework.web.servlet.mvc.method.AbstractHandlerMethodAdapter.handle(AbstractHandlerMethodAdapter.java:85) [spring-webmvc-4.2.6.RELEASE.jar:4.2.6.RELEASE]
	at org.springframework.web.servlet.DispatcherServlet.doDispatch(DispatcherServlet.java:961) [spring-webmvc-4.2.6.RELEASE.jar:4.2.6.RELEASE]
	at org.springframework.web.servlet.DispatcherServlet.doService(DispatcherServlet.java:895) [spring-webmvc-4.2.6.RELEASE.jar:4.2.6.RELEASE]
	at org.springframework.web.servlet.FrameworkServlet.processRequest(FrameworkServlet.java:967) [spring-webmvc-4.2.6.RELEASE.jar:4.2.6.RELEASE]
	at org.springframework.web.servlet.FrameworkServlet.doPost(FrameworkServlet.java:869) [spring-webmvc-4.2.6.RELEASE.jar:4.2.6.RELEASE]
	at javax.servlet.http.HttpServlet.service(HttpServlet.java:755) [javax.servlet-3.0.0.v201112011016.jar:?]
	at org.springframework.web.servlet.FrameworkServlet.service(FrameworkServlet.java:843) [spring-webmvc-4.2.6.RELEASE.jar:4.2.6.RELEASE]
	at javax.servlet.http.HttpServlet.service(HttpServlet.java:848) [javax.servlet-3.0.0.v201112011016.jar:?]
	at org.eclipse.jetty.servlet.ServletHolder.handle(ServletHolder.java:684) [jetty-servlet-8.1.16.v20140903.jar:8.1.16.v20140903]
	at org.eclipse.jetty.servlet.ServletHandler$CachedChain.doFilter(ServletHandler.java:1496) [jetty-servlet-8.1.16.v20140903.jar:8.1.16.v20140903]
	at org.springframework.web.filter.CharacterEncodingFilter.doFilterInternal(CharacterEncodingFilter.java:121) [spring-web-4.2.6.RELEASE.jar:4.2.6.RELEASE]
	at org.springframework.web.filter.OncePerRequestFilter.doFilter(OncePerRequestFilter.java:107) [spring-web-4.2.6.RELEASE.jar:4.2.6.RELEASE]
	at org.eclipse.jetty.servlet.ServletHandler$CachedChain.doFilter(ServletHandler.java:1476) [jetty-servlet-8.1.16.v20140903.jar:8.1.16.v20140903]
	at org.eclipse.jetty.servlet.ServletHandler.doHandle(ServletHandler.java:501) [jetty-servlet-8.1.16.v20140903.jar:8.1.16.v20140903]
	at org.eclipse.jetty.server.handler.ScopedHandler.handle(ScopedHandler.java:137) [jetty-server-8.1.16.v20140903.jar:8.1.16.v20140903]
	at org.eclipse.jetty.security.SecurityHandler.handle(SecurityHandler.java:557) [jetty-security-8.1.16.v20140903.jar:8.1.16.v20140903]
	at org.eclipse.jetty.server.session.SessionHandler.doHandle(SessionHandler.java:231) [jetty-server-8.1.16.v20140903.jar:8.1.16.v20140903]
	at org.eclipse.jetty.server.handler.ContextHandler.doHandle(ContextHandler.java:1086) [jetty-server-8.1.16.v20140903.jar:8.1.16.v20140903]
	at org.eclipse.jetty.servlet.ServletHandler.doScope(ServletHandler.java:429) [jetty-servlet-8.1.16.v20140903.jar:8.1.16.v20140903]
	at org.eclipse.jetty.server.session.SessionHandler.doScope(SessionHandler.java:193) [jetty-server-8.1.16.v20140903.jar:8.1.16.v20140903]
	at org.eclipse.jetty.server.handler.ContextHandler.doScope(ContextHandler.java:1020) [jetty-server-8.1.16.v20140903.jar:8.1.16.v20140903]
	at org.eclipse.jetty.server.handler.ScopedHandler.handle(ScopedHandler.java:135) [jetty-server-8.1.16.v20140903.jar:8.1.16.v20140903]
	at org.eclipse.jetty.server.handler.ContextHandlerCollection.handle(ContextHandlerCollection.java:255) [jetty-server-8.1.16.v20140903.jar:8.1.16.v20140903]
	at org.eclipse.jetty.server.handler.HandlerCollection.handle(HandlerCollection.java:154) [jetty-server-8.1.16.v20140903.jar:8.1.16.v20140903]
	at org.eclipse.jetty.server.handler.HandlerWrapper.handle(HandlerWrapper.java:116) [jetty-server-8.1.16.v20140903.jar:8.1.16.v20140903]
	at org.eclipse.jetty.server.Server.handle(Server.java:370) [jetty-server-8.1.16.v20140903.jar:8.1.16.v20140903]
	at org.eclipse.jetty.server.AbstractHttpConnection.handleRequest(AbstractHttpConnection.java:494) [jetty-server-8.1.16.v20140903.jar:8.1.16.v20140903]
	at org.eclipse.jetty.server.AbstractHttpConnection.content(AbstractHttpConnection.java:982) [jetty-server-8.1.16.v20140903.jar:8.1.16.v20140903]
	at org.eclipse.jetty.server.AbstractHttpConnection$RequestHandler.content(AbstractHttpConnection.java:1043) [jetty-server-8.1.16.v20140903.jar:8.1.16.v20140903]
	at org.eclipse.jetty.http.HttpParser.parseNext(HttpParser.java:865) [jetty-http-8.1.16.v20140903.jar:8.1.16.v20140903]
	at org.eclipse.jetty.http.HttpParser.parseAvailable(HttpParser.java:240) [jetty-http-8.1.16.v20140903.jar:8.1.16.v20140903]
	at org.eclipse.jetty.server.AsyncHttpConnection.handle(AsyncHttpConnection.java:82) [jetty-server-8.1.16.v20140903.jar:8.1.16.v20140903]
	at org.eclipse.jetty.io.nio.SelectChannelEndPoint.handle(SelectChannelEndPoint.java:696) [jetty-io-8.1.16.v20140903.jar:8.1.16.v20140903]
	at org.eclipse.jetty.io.nio.SelectChannelEndPoint$1.run(SelectChannelEndPoint.java:53) [jetty-io-8.1.16.v20140903.jar:8.1.16.v20140903]
	at org.eclipse.jetty.util.thread.QueuedThreadPool.runJob(QueuedThreadPool.java:608) [jetty-util-8.1.16.v20140903.jar:8.1.16.v20140903]
	at org.eclipse.jetty.util.thread.QueuedThreadPool$3.run(QueuedThreadPool.java:543) [jetty-util-8.1.16.v20140903.jar:8.1.16.v20140903]
	at java.lang.Thread.run(Thread.java:748) [?:1.8.0_161]
2018-12-24 16:23:52,247:INFO main (EnumUtils.java:192) - EnumScanner将扫描:com.ygbc.brain
2018-12-24 16:23:52,460:INFO main (EnumUtils.java:106) - 加载枚举:ObjectType
2018-12-24 16:23:52,461:INFO main (EnumUtils.java:106) - 加载枚举:LetterOfCreditType
2018-12-24 16:23:52,461:INFO main (EnumUtils.java:106) - 加载枚举:TransactionType
2018-12-24 16:23:52,462:INFO main (EnumUtils.java:106) - 加载枚举:DocumentType
2018-12-24 16:23:52,462:INFO main (EnumUtils.java:106) - 加载枚举:TransactionStatus
2018-12-24 16:23:52,462:INFO main (EnumUtils.java:106) - 加载枚举:LcReferenceType
2018-12-24 16:23:52,462:INFO main (EnumUtils.java:106) - 加载枚举:PendingStatus
2018-12-24 16:23:52,463:INFO main (EnumUtils.java:106) - 加载枚举:ReferenceType
2018-12-24 16:23:52,463:INFO main (EnumUtils.java:111) - 加载枚举:TrueFalse
2018-12-24 16:23:52,463:INFO main (EnumUtils.java:111) - 加载枚举:OpenType
2018-12-24 16:23:52,463:INFO main (EnumUtils.java:111) - 加载枚举:IssueFeeType
2018-12-24 16:23:52,463:INFO main (EnumUtils.java:111) - 加载枚举:NegotiationType
2018-12-24 16:23:52,463:INFO main (EnumUtils.java:111) - 加载枚举:IssueType
2018-12-24 16:23:52,464:INFO main (EnumUtils.java:111) - 加载枚举:DocumentType
2018-12-24 16:23:52,464:INFO main (EnumUtils.java:111) - 加载枚举:TransferType
2018-12-24 16:23:52,464:INFO main (EnumUtils.java:111) - 加载枚举:UserStatus
2018-12-24 16:23:52,464:INFO main (EnumUtils.java:111) - 加载枚举:AmountModifyType
2018-12-24 16:23:52,464:INFO main (EnumUtils.java:111) - 加载枚举:DiscrepancyType
2018-12-24 16:23:52,465:INFO main (EnumUtils.java:111) - 加载枚举:CloseReason
2018-12-24 16:23:52,465:INFO main (EnumUtils.java:111) - 加载枚举:TransferFlag
2018-12-24 16:23:52,465:INFO main (EnumUtils.java:111) - 加载枚举:AmendChargeBy
2018-12-24 16:23:52,465:INFO main (EnumUtils.java:111) - 加载枚举:SightPayFlag
2018-12-24 16:23:52,465:INFO main (EnumUtils.java:111) - 加载枚举:CheckDocumentResult
2018-12-24 16:23:52,466:INFO main (EnumUtils.java:111) - 加载枚举:YesNo
2018-12-24 16:23:52,466:INFO main (EnumUtils.java:111) - 加载枚举:AllowType
2018-12-24 16:23:59,378:INFO qtp1908505175-28 (LogAspect.java:32) - com.ygbc.brain.business.management.api.impl.FeelingServiceFacadeImpl.create开始执行
2018-12-24 16:23:59,398:INFO qtp1908505175-28 (LogAspect.java:51) - 请求参数1:{"data":{"create_by":"ckx","visibility":2,"title":"第二条","card_id":21,"content":"第二次见你是晴天"},"loginName":"admin","pending":false,"sessionId":"25af4a75-c2f9-43cc-8e24-73e71ca45e4a"}
2018-12-24 16:23:59,475:INFO qtp1908505175-28 (MybatisAutoMapperInterceptor.java:50) - 使用插件处理SQL语句
2018-12-24 16:23:59,514:DEBUG qtp1908505175-28 (BaseJdbcLogger.java:159) - ==>  Preparing: insert into feeling(card_id,title,content,visibility) values (?,?,?,?) 
2018-12-24 16:23:59,544:DEBUG qtp1908505175-28 (BaseJdbcLogger.java:159) - ==> Parameters: 21(Long), 第二条(String), 第二次见你是晴天(String), 2(Integer)
2018-12-24 16:23:59,565:DEBUG qtp1908505175-28 (BaseJdbcLogger.java:159) - <==    Updates: 1
2018-12-24 16:23:59,576:INFO qtp1908505175-28 (LogAspect.java:64) - com.ygbc.brain.business.management.api.impl.FeelingServiceFacadeImpl.create返回值:{"pageNo":1,"pageSize":10,"respCode":"0000","respMsg":"成功","totalCount":0,"totalPage":0}
2018-12-24 16:56:03,506:INFO main (EnumUtils.java:192) - EnumScanner将扫描:com.ygbc.brain
2018-12-24 16:56:03,699:INFO main (EnumUtils.java:106) - 加载枚举:ObjectType
2018-12-24 16:56:03,699:INFO main (EnumUtils.java:106) - 加载枚举:LetterOfCreditType
2018-12-24 16:56:03,699:INFO main (EnumUtils.java:106) - 加载枚举:TransactionType
2018-12-24 16:56:03,700:INFO main (EnumUtils.java:106) - 加载枚举:DocumentType
2018-12-24 16:56:03,700:INFO main (EnumUtils.java:106) - 加载枚举:TransactionStatus
2018-12-24 16:56:03,700:INFO main (EnumUtils.java:106) - 加载枚举:LcReferenceType
2018-12-24 16:56:03,700:INFO main (EnumUtils.java:106) - 加载枚举:PendingStatus
2018-12-24 16:56:03,700:INFO main (EnumUtils.java:106) - 加载枚举:ReferenceType
2018-12-24 16:56:03,700:INFO main (EnumUtils.java:111) - 加载枚举:TrueFalse
2018-12-24 16:56:03,701:INFO main (EnumUtils.java:111) - 加载枚举:OpenType
2018-12-24 16:56:03,701:INFO main (EnumUtils.java:111) - 加载枚举:IssueFeeType
2018-12-24 16:56:03,701:INFO main (EnumUtils.java:111) - 加载枚举:NegotiationType
2018-12-24 16:56:03,701:INFO main (EnumUtils.java:111) - 加载枚举:IssueType
2018-12-24 16:56:03,701:INFO main (EnumUtils.java:111) - 加载枚举:DocumentType
2018-12-24 16:56:03,701:INFO main (EnumUtils.java:111) - 加载枚举:TransferType
2018-12-24 16:56:03,702:INFO main (EnumUtils.java:111) - 加载枚举:UserStatus
2018-12-24 16:56:03,702:INFO main (EnumUtils.java:111) - 加载枚举:AmountModifyType
2018-12-24 16:56:03,702:INFO main (EnumUtils.java:111) - 加载枚举:DiscrepancyType
2018-12-24 16:56:03,702:INFO main (EnumUtils.java:111) - 加载枚举:CloseReason
2018-12-24 16:56:03,702:INFO main (EnumUtils.java:111) - 加载枚举:TransferFlag
2018-12-24 16:56:03,702:INFO main (EnumUtils.java:111) - 加载枚举:AmendChargeBy
2018-12-24 16:56:03,702:INFO main (EnumUtils.java:111) - 加载枚举:SightPayFlag
2018-12-24 16:56:03,703:INFO main (EnumUtils.java:111) - 加载枚举:CheckDocumentResult
2018-12-24 16:56:03,703:INFO main (EnumUtils.java:111) - 加载枚举:YesNo
2018-12-24 16:56:03,703:INFO main (EnumUtils.java:111) - 加载枚举:AllowType
2018-12-24 16:57:22,741:INFO qtp1397643446-26 (LogAspect.java:32) - com.ygbc.brain.business.management.api.impl.CardServiceFacadeImpl.detail开始执行
2018-12-24 16:57:22,763:INFO qtp1397643446-26 (LogAspect.java:51) - 请求参数1:{"data":{"number_mine":"15549048091"},"loginName":"admin","pending":false,"sessionId":"25af4a75-c2f9-43cc-8e24-73e71ca45e4a"}
2018-12-24 16:57:22,872:DEBUG qtp1397643446-26 (BaseJdbcLogger.java:159) - ==>  Preparing: select id, theme, number_mine, name_mine, number_your, name_your, secret, save_time, action, create_time, create_by, update_time, update_by, ver, is_del from card WHERE number_mine = ? and 1 = 1 
2018-12-24 16:57:22,902:DEBUG qtp1397643446-26 (BaseJdbcLogger.java:159) - ==> Parameters: 15549048091(String)
2018-12-24 16:57:22,931:DEBUG qtp1397643446-26 (BaseJdbcLogger.java:159) - <==      Total: 1
2018-12-24 16:57:22,940:DEBUG qtp1397643446-26 (BaseJdbcLogger.java:159) - ==>  Preparing: select id, card_id, title, content, visibility, create_time, create_by, update_time, update_by, ver, is_del from sys_attachment WHERE card_id = ? and 1 = 1 
2018-12-24 16:57:22,941:DEBUG qtp1397643446-26 (BaseJdbcLogger.java:159) - ==> Parameters: 21(Long)
2018-12-24 16:57:22,965:INFO qtp1397643446-26 (LogAspect.java:64) - com.ygbc.brain.business.management.api.impl.CardServiceFacadeImpl.detail返回值:{"addition":"org.mybatis.spring.MyBatisSystemException: nested exception is org.apache.ibatis.exceptions.PersistenceException: \n### Error querying database.  Cause: java.lang.reflect.UndeclaredThrowableException\n### The error may exist in URL [jar:file:/Users/kaixuan/.m2/repository/message/message-business-management-service/1.0.0-SNAPSHOT/message-business-management-service-1.0.0-SNAPSHOT.jar!/mappers/FeelingMapper.xml]\n### The error may involve com.ygbc.brain.business.management.dal.dao.FeelingDao.select-Inline\n### The error occurred while setting parameters\n### SQL: select                   id, card_id, title, content, visibility,         create_time, create_by, update_time, update_by, ver, is_del               from sys_attachment                    WHERE  card_id = ?                                                                 and 1 = 1\n### Cause: java.lang.reflect.UndeclaredThrowableException","pageNo":1,"pageSize":10,"respCode":"9999","respMsg":"处理失败","totalCount":0,"totalPage":0}
2018-12-24 17:01:05,688:INFO main (EnumUtils.java:192) - EnumScanner将扫描:com.ygbc.brain
2018-12-24 17:01:05,902:INFO main (EnumUtils.java:106) - 加载枚举:ObjectType
2018-12-24 17:01:05,902:INFO main (EnumUtils.java:106) - 加载枚举:LetterOfCreditType
2018-12-24 17:01:05,902:INFO main (EnumUtils.java:106) - 加载枚举:TransactionType
2018-12-24 17:01:05,903:INFO main (EnumUtils.java:106) - 加载枚举:DocumentType
2018-12-24 17:01:05,903:INFO main (EnumUtils.java:106) - 加载枚举:TransactionStatus
2018-12-24 17:01:05,903:INFO main (EnumUtils.java:106) - 加载枚举:LcReferenceType
2018-12-24 17:01:05,903:INFO main (EnumUtils.java:106) - 加载枚举:PendingStatus
2018-12-24 17:01:05,903:INFO main (EnumUtils.java:106) - 加载枚举:ReferenceType
2018-12-24 17:01:05,904:INFO main (EnumUtils.java:111) - 加载枚举:TrueFalse
2018-12-24 17:01:05,904:INFO main (EnumUtils.java:111) - 加载枚举:OpenType
2018-12-24 17:01:05,904:INFO main (EnumUtils.java:111) - 加载枚举:IssueFeeType
2018-12-24 17:01:05,904:INFO main (EnumUtils.java:111) - 加载枚举:NegotiationType
2018-12-24 17:01:05,904:INFO main (EnumUtils.java:111) - 加载枚举:IssueType
2018-12-24 17:01:05,904:INFO main (EnumUtils.java:111) - 加载枚举:DocumentType
2018-12-24 17:01:05,905:INFO main (EnumUtils.java:111) - 加载枚举:TransferType
2018-12-24 17:01:05,905:INFO main (EnumUtils.java:111) - 加载枚举:UserStatus
2018-12-24 17:01:05,906:INFO main (EnumUtils.java:111) - 加载枚举:AmountModifyType
2018-12-24 17:01:05,907:INFO main (EnumUtils.java:111) - 加载枚举:DiscrepancyType
2018-12-24 17:01:05,908:INFO main (EnumUtils.java:111) - 加载枚举:CloseReason
2018-12-24 17:01:05,908:INFO main (EnumUtils.java:111) - 加载枚举:TransferFlag
2018-12-24 17:01:05,909:INFO main (EnumUtils.java:111) - 加载枚举:AmendChargeBy
2018-12-24 17:01:05,910:INFO main (EnumUtils.java:111) - 加载枚举:SightPayFlag
2018-12-24 17:01:05,910:INFO main (EnumUtils.java:111) - 加载枚举:CheckDocumentResult
2018-12-24 17:01:05,911:INFO main (EnumUtils.java:111) - 加载枚举:YesNo
2018-12-24 17:01:05,911:INFO main (EnumUtils.java:111) - 加载枚举:AllowType
2018-12-24 17:01:13,702:INFO qtp1001946422-30 (LogAspect.java:32) - com.ygbc.brain.business.management.api.impl.CardServiceFacadeImpl.detail开始执行
2018-12-24 17:01:13,716:INFO qtp1001946422-30 (LogAspect.java:51) - 请求参数1:{"data":{"number_mine":"15549048091"},"loginName":"admin","pending":false,"sessionId":"25af4a75-c2f9-43cc-8e24-73e71ca45e4a"}
2018-12-24 17:01:13,808:DEBUG qtp1001946422-30 (BaseJdbcLogger.java:159) - ==>  Preparing: select id, theme, number_mine, name_mine, number_your, name_your, secret, save_time, action, create_time, create_by, update_time, update_by, ver, is_del from card WHERE number_mine = ? and 1 = 1 
2018-12-24 17:01:13,834:DEBUG qtp1001946422-30 (BaseJdbcLogger.java:159) - ==> Parameters: 15549048091(String)
2018-12-24 17:01:13,863:DEBUG qtp1001946422-30 (BaseJdbcLogger.java:159) - <==      Total: 1
2018-12-24 17:01:13,872:DEBUG qtp1001946422-30 (BaseJdbcLogger.java:159) - ==>  Preparing: select id, card_id, title, content, visibility, create_time, create_by, update_time, update_by, ver, is_del from feeling WHERE card_id = ? and 1 = 1 
2018-12-24 17:01:13,873:DEBUG qtp1001946422-30 (BaseJdbcLogger.java:159) - ==> Parameters: 21(Long)
2018-12-24 17:01:13,882:DEBUG qtp1001946422-30 (BaseJdbcLogger.java:159) - <==      Total: 2
2018-12-24 17:01:13,925:INFO qtp1001946422-30 (LogAspect.java:64) - com.ygbc.brain.business.management.api.impl.CardServiceFacadeImpl.detail返回值:{"data":{"action":1,"feelings":[{"card_id":21,"content":"第一次见你是下雨天","createTime":"2018-12-24 14:54:19","id":6,"title":"第一条feeling","visibility":1},{"card_id":21,"content":"第二次见你是晴天","createTime":"2018-12-24 16:23:59","id":7,"title":"第二条","visibility":2}],"id":21,"name_mine":"ckx","name_your":"lyf","number_mine":"15549048091","number_your":"15549048092","save_time":3,"secret":"123"},"pageNo":1,"pageSize":10,"respCode":"0000","respMsg":"成功","totalCount":0,"totalPage":0}
2018-12-24 17:04:17,304:INFO qtp1001946422-30 (LogAspect.java:32) - com.ygbc.brain.business.management.api.impl.CardServiceFacadeImpl.detail开始执行
2018-12-24 17:04:17,307:INFO qtp1001946422-30 (LogAspect.java:51) - 请求参数1:{"data":{"number_mine":"15549048091"},"loginName":"admin","pending":false,"sessionId":"25af4a75-c2f9-43cc-8e24-73e71ca45e4a"}
2018-12-24 17:04:17,320:DEBUG qtp1001946422-30 (BaseJdbcLogger.java:159) - ==>  Preparing: select id, theme, number_mine, name_mine, number_your, name_your, secret, save_time, action, create_time, create_by, update_time, update_by, ver, is_del from card WHERE number_mine = ? and 1 = 1 
2018-12-24 17:04:17,321:DEBUG qtp1001946422-30 (BaseJdbcLogger.java:159) - ==> Parameters: 15549048091(String)
2018-12-24 17:04:17,329:DEBUG qtp1001946422-30 (BaseJdbcLogger.java:159) - <==      Total: 1
2018-12-24 17:04:17,331:DEBUG qtp1001946422-30 (BaseJdbcLogger.java:159) - ==>  Preparing: select id, card_id, title, content, visibility, create_time, create_by, update_time, update_by, ver, is_del from feeling WHERE card_id = ? and 1 = 1 
2018-12-24 17:04:17,332:DEBUG qtp1001946422-30 (BaseJdbcLogger.java:159) - ==> Parameters: 21(Long)
2018-12-24 17:04:17,340:DEBUG qtp1001946422-30 (BaseJdbcLogger.java:159) - <==      Total: 2
2018-12-24 17:04:17,341:INFO qtp1001946422-30 (LogAspect.java:64) - com.ygbc.brain.business.management.api.impl.CardServiceFacadeImpl.detail返回值:{"data":{"action":1,"feelings":[{"card_id":21,"content":"第一次见你是下雨天","createTime":"2018-12-24 14:54:19","id":6,"title":"第一条feeling","visibility":1},{"card_id":21,"content":"第二次见你是晴天","createTime":"2018-12-24 16:23:59","id":7,"title":"第二条","visibility":2}],"id":21,"name_mine":"ckx","name_your":"lyf","number_mine":"15549048091","number_your":"15549048092","save_time":3,"secret":"123"},"pageNo":1,"pageSize":10,"respCode":"0000","respMsg":"成功","totalCount":0,"totalPage":0}
2018-12-24 17:05:53,998:INFO qtp1001946422-28 (LogAspect.java:32) - com.ygbc.brain.business.management.api.impl.CardServiceFacadeImpl.detail开始执行
2018-12-24 17:05:53,999:INFO qtp1001946422-28 (LogAspect.java:51) - 请求参数1:{"data":{"number_mine":"15549048091"},"loginName":"admin","pending":false,"sessionId":"25af4a75-c2f9-43cc-8e24-73e71ca45e4a"}
2018-12-24 17:05:54,010:DEBUG qtp1001946422-28 (BaseJdbcLogger.java:159) - ==>  Preparing: select id, theme, number_mine, name_mine, number_your, name_your, secret, save_time, action, create_time, create_by, update_time, update_by, ver, is_del from card WHERE number_mine = ? and 1 = 1 
2018-12-24 17:05:54,012:DEBUG qtp1001946422-28 (BaseJdbcLogger.java:159) - ==> Parameters: 15549048091(String)
2018-12-24 17:05:54,020:DEBUG qtp1001946422-28 (BaseJdbcLogger.java:159) - <==      Total: 1
2018-12-24 17:05:54,023:DEBUG qtp1001946422-28 (BaseJdbcLogger.java:159) - ==>  Preparing: select id, card_id, title, content, visibility, create_time, create_by, update_time, update_by, ver, is_del from feeling WHERE card_id = ? and 1 = 1 
2018-12-24 17:05:54,024:DEBUG qtp1001946422-28 (BaseJdbcLogger.java:159) - ==> Parameters: 21(Long)
2018-12-24 17:05:54,032:DEBUG qtp1001946422-28 (BaseJdbcLogger.java:159) - <==      Total: 2
2018-12-24 17:05:54,034:INFO qtp1001946422-28 (LogAspect.java:64) - com.ygbc.brain.business.management.api.impl.CardServiceFacadeImpl.detail返回值:{"data":{"action":1,"feelings":[{"card_id":21,"content":"第一次见你是下雨天","createTime":"2018-12-24 14:54:19","id":6,"title":"第一条feeling","visibility":1},{"card_id":21,"content":"第二次见你是晴天","createTime":"2018-12-24 16:23:59","id":7,"title":"第二条","visibility":2}],"id":21,"name_mine":"ckx","name_your":"lyf","number_mine":"15549048091","number_your":"15549048092","save_time":3,"secret":"123"},"pageNo":1,"pageSize":10,"respCode":"0000","respMsg":"成功","totalCount":0,"totalPage":0}
2018-12-24 17:06:10,931:INFO qtp1001946422-25 (LogAspect.java:32) - com.ygbc.brain.business.management.api.impl.CardServiceFacadeImpl.detail开始执行
2018-12-24 17:06:10,932:INFO qtp1001946422-25 (LogAspect.java:51) - 请求参数1:{"data":{"number_mine":"15549048091"},"loginName":"admin","pending":false,"sessionId":"25af4a75-c2f9-43cc-8e24-73e71ca45e4a"}
2018-12-24 17:06:10,933:DEBUG qtp1001946422-25 (BaseJdbcLogger.java:159) - ==>  Preparing: select id, theme, number_mine, name_mine, number_your, name_your, secret, save_time, action, create_time, create_by, update_time, update_by, ver, is_del from card WHERE number_mine = ? and 1 = 1 
2018-12-24 17:06:10,935:DEBUG qtp1001946422-25 (BaseJdbcLogger.java:159) - ==> Parameters: 15549048091(String)
2018-12-24 17:06:10,946:DEBUG qtp1001946422-25 (BaseJdbcLogger.java:159) - <==      Total: 1
2018-12-24 17:06:10,949:DEBUG qtp1001946422-25 (BaseJdbcLogger.java:159) - ==>  Preparing: select id, card_id, title, content, visibility, create_time, create_by, update_time, update_by, ver, is_del from feeling WHERE card_id = ? and 1 = 1 
2018-12-24 17:06:10,950:DEBUG qtp1001946422-25 (BaseJdbcLogger.java:159) - ==> Parameters: 21(Long)
2018-12-24 17:06:10,957:DEBUG qtp1001946422-25 (BaseJdbcLogger.java:159) - <==      Total: 2
2018-12-24 17:06:10,959:INFO qtp1001946422-25 (LogAspect.java:64) - com.ygbc.brain.business.management.api.impl.CardServiceFacadeImpl.detail返回值:{"data":{"action":1,"feelings":[{"card_id":21,"content":"第一次见你是下雨天","createTime":"2018-12-24 14:54:19","id":6,"title":"第一条feeling","visibility":1},{"card_id":21,"content":"第二次见你是晴天","createTime":"2018-12-24 16:23:59","id":7,"title":"第二条","visibility":2}],"id":21,"name_mine":"ckx","name_your":"lyf","number_mine":"15549048091","number_your":"15549048092","save_time":3,"secret":"123"},"pageNo":1,"pageSize":10,"respCode":"0000","respMsg":"成功","totalCount":0,"totalPage":0}
2018-12-24 17:06:32,466:INFO qtp1001946422-25 (LogAspect.java:32) - com.ygbc.brain.business.management.api.impl.CardServiceFacadeImpl.detail开始执行
2018-12-24 17:06:32,467:INFO qtp1001946422-25 (LogAspect.java:51) - 请求参数1:{"data":{"number_mine":"15549048091"},"loginName":"admin","pending":false,"sessionId":"25af4a75-c2f9-43cc-8e24-73e71ca45e4a"}
2018-12-24 17:06:32,469:DEBUG qtp1001946422-25 (BaseJdbcLogger.java:159) - ==>  Preparing: select id, theme, number_mine, name_mine, number_your, name_your, secret, save_time, action, create_time, create_by, update_time, update_by, ver, is_del from card WHERE number_mine = ? and 1 = 1 
2018-12-24 17:06:32,471:DEBUG qtp1001946422-25 (BaseJdbcLogger.java:159) - ==> Parameters: 15549048091(String)
2018-12-24 17:06:32,481:DEBUG qtp1001946422-25 (BaseJdbcLogger.java:159) - <==      Total: 1
2018-12-24 17:06:32,484:DEBUG qtp1001946422-25 (BaseJdbcLogger.java:159) - ==>  Preparing: select id, card_id, title, content, visibility, create_time, create_by, update_time, update_by, ver, is_del from feeling WHERE card_id = ? and 1 = 1 
2018-12-24 17:06:32,485:DEBUG qtp1001946422-25 (BaseJdbcLogger.java:159) - ==> Parameters: 21(Long)
2018-12-24 17:06:32,495:DEBUG qtp1001946422-25 (BaseJdbcLogger.java:159) - <==      Total: 2
2018-12-24 17:06:32,496:INFO qtp1001946422-25 (LogAspect.java:64) - com.ygbc.brain.business.management.api.impl.CardServiceFacadeImpl.detail返回值:{"data":{"action":1,"feelings":[{"card_id":21,"content":"第一次见你是下雨天","createTime":"2018-12-24 14:54:19","id":6,"title":"第一条feeling","visibility":1},{"card_id":21,"content":"第二次见你是晴天","createTime":"2018-12-24 16:23:59","id":7,"title":"第二条","visibility":2}],"id":21,"name_mine":"ckx","name_your":"lyf","number_mine":"15549048091","number_your":"15549048092","save_time":3,"secret":"123"},"pageNo":1,"pageSize":10,"respCode":"0000","respMsg":"成功","totalCount":0,"totalPage":0}
2018-12-24 17:06:48,039:INFO qtp1001946422-29 (LogAspect.java:32) - com.ygbc.brain.business.management.api.impl.CardServiceFacadeImpl.detail开始执行
2018-12-24 17:06:48,039:INFO qtp1001946422-29 (LogAspect.java:51) - 请求参数1:{"data":{"number_mine":"15549048091"},"loginName":"admin","pending":false,"sessionId":"25af4a75-c2f9-43cc-8e24-73e71ca45e4a"}
2018-12-24 17:06:48,042:DEBUG qtp1001946422-29 (BaseJdbcLogger.java:159) - ==>  Preparing: select id, theme, number_mine, name_mine, number_your, name_your, secret, save_time, action, create_time, create_by, update_time, update_by, ver, is_del from card WHERE number_mine = ? and 1 = 1 
2018-12-24 17:06:48,043:DEBUG qtp1001946422-29 (BaseJdbcLogger.java:159) - ==> Parameters: 15549048091(String)
2018-12-24 17:06:48,054:DEBUG qtp1001946422-29 (BaseJdbcLogger.java:159) - <==      Total: 1
2018-12-24 17:06:48,056:DEBUG qtp1001946422-29 (BaseJdbcLogger.java:159) - ==>  Preparing: select id, card_id, title, content, visibility, create_time, create_by, update_time, update_by, ver, is_del from feeling WHERE card_id = ? and 1 = 1 
2018-12-24 17:06:48,056:DEBUG qtp1001946422-29 (BaseJdbcLogger.java:159) - ==> Parameters: 21(Long)
2018-12-24 17:06:48,065:DEBUG qtp1001946422-29 (BaseJdbcLogger.java:159) - <==      Total: 2
2018-12-24 17:06:48,066:INFO qtp1001946422-29 (LogAspect.java:64) - com.ygbc.brain.business.management.api.impl.CardServiceFacadeImpl.detail返回值:{"data":{"action":1,"feelings":[{"card_id":21,"content":"第一次见你是下雨天","createTime":"2018-12-24 14:54:19","id":6,"title":"第一条feeling","visibility":1},{"card_id":21,"content":"第二次见你是晴天","createTime":"2018-12-24 16:23:59","id":7,"title":"第二条","visibility":2}],"id":21,"name_mine":"ckx","name_your":"lyf","number_mine":"15549048091","number_your":"15549048092","save_time":3,"secret":"123"},"pageNo":1,"pageSize":10,"respCode":"0000","respMsg":"成功","totalCount":0,"totalPage":0}
2018-12-24 17:07:28,758:INFO qtp1001946422-29 (LogAspect.java:32) - com.ygbc.brain.business.management.api.impl.CardServiceFacadeImpl.detail开始执行
2018-12-24 17:07:28,759:INFO qtp1001946422-29 (LogAspect.java:51) - 请求参数1:{"data":{"number_mine":"15549048091"},"loginName":"admin","pending":false,"sessionId":"25af4a75-c2f9-43cc-8e24-73e71ca45e4a"}
2018-12-24 17:07:28,761:DEBUG qtp1001946422-29 (BaseJdbcLogger.java:159) - ==>  Preparing: select id, theme, number_mine, name_mine, number_your, name_your, secret, save_time, action, create_time, create_by, update_time, update_by, ver, is_del from card WHERE number_mine = ? and 1 = 1 
2018-12-24 17:07:28,761:DEBUG qtp1001946422-29 (BaseJdbcLogger.java:159) - ==> Parameters: 15549048091(String)
2018-12-24 17:07:28,771:DEBUG qtp1001946422-29 (BaseJdbcLogger.java:159) - <==      Total: 1
2018-12-24 17:07:28,773:DEBUG qtp1001946422-29 (BaseJdbcLogger.java:159) - ==>  Preparing: select id, card_id, title, content, visibility, create_time, create_by, update_time, update_by, ver, is_del from feeling WHERE card_id = ? and 1 = 1 
2018-12-24 17:07:28,774:DEBUG qtp1001946422-29 (BaseJdbcLogger.java:159) - ==> Parameters: 21(Long)
2018-12-24 17:07:28,782:DEBUG qtp1001946422-29 (BaseJdbcLogger.java:159) - <==      Total: 2
2018-12-24 17:07:28,784:INFO qtp1001946422-29 (LogAspect.java:64) - com.ygbc.brain.business.management.api.impl.CardServiceFacadeImpl.detail返回值:{"data":{"action":1,"feelings":[{"card_id":21,"content":"第一次见你是下雨天","createTime":"2018-12-24 14:54:19","id":6,"title":"第一条feeling","visibility":1},{"card_id":21,"content":"第二次见你是晴天","createTime":"2018-12-24 16:23:59","id":7,"title":"第二条","visibility":2}],"id":21,"name_mine":"ckx","name_your":"lyf","number_mine":"15549048091","number_your":"15549048092","save_time":3,"secret":"123"},"pageNo":1,"pageSize":10,"respCode":"0000","respMsg":"成功","totalCount":0,"totalPage":0}
2018-12-24 17:07:44,026:INFO qtp1001946422-28 (LogAspect.java:32) - com.ygbc.brain.business.management.api.impl.CardServiceFacadeImpl.detail开始执行
2018-12-24 17:07:44,026:INFO qtp1001946422-28 (LogAspect.java:51) - 请求参数1:{"data":{"number_mine":"15549048091"},"loginName":"admin","pending":false,"sessionId":"25af4a75-c2f9-43cc-8e24-73e71ca45e4a"}
2018-12-24 17:07:44,029:DEBUG qtp1001946422-28 (BaseJdbcLogger.java:159) - ==>  Preparing: select id, theme, number_mine, name_mine, number_your, name_your, secret, save_time, action, create_time, create_by, update_time, update_by, ver, is_del from card WHERE number_mine = ? and 1 = 1 
2018-12-24 17:07:44,030:DEBUG qtp1001946422-28 (BaseJdbcLogger.java:159) - ==> Parameters: 15549048091(String)
2018-12-24 17:07:44,041:DEBUG qtp1001946422-28 (BaseJdbcLogger.java:159) - <==      Total: 1
2018-12-24 17:07:44,045:DEBUG qtp1001946422-28 (BaseJdbcLogger.java:159) - ==>  Preparing: select id, card_id, title, content, visibility, create_time, create_by, update_time, update_by, ver, is_del from feeling WHERE card_id = ? and 1 = 1 
2018-12-24 17:07:44,047:DEBUG qtp1001946422-28 (BaseJdbcLogger.java:159) - ==> Parameters: 21(Long)
2018-12-24 17:07:44,058:DEBUG qtp1001946422-28 (BaseJdbcLogger.java:159) - <==      Total: 2
2018-12-24 17:07:44,060:INFO qtp1001946422-28 (LogAspect.java:64) - com.ygbc.brain.business.management.api.impl.CardServiceFacadeImpl.detail返回值:{"data":{"action":1,"feelings":[{"card_id":21,"content":"第一次见你是下雨天","createTime":"2018-12-24 14:54:19","id":6,"title":"第一条feeling","visibility":1},{"card_id":21,"content":"第二次见你是晴天","createTime":"2018-12-24 16:23:59","id":7,"title":"第二条","visibility":2}],"id":21,"name_mine":"ckx","name_your":"lyf","number_mine":"15549048091","number_your":"15549048092","save_time":3,"secret":"123"},"pageNo":1,"pageSize":10,"respCode":"0000","respMsg":"成功","totalCount":0,"totalPage":0}
2018-12-24 17:10:25,673:INFO qtp1001946422-25 (LogAspect.java:32) - com.ygbc.brain.business.management.api.impl.CardServiceFacadeImpl.detail开始执行
2018-12-24 17:10:25,675:INFO qtp1001946422-25 (LogAspect.java:51) - 请求参数1:{"data":{"number_mine":"15549048091"},"loginName":"admin","pending":false,"sessionId":"25af4a75-c2f9-43cc-8e24-73e71ca45e4a"}
2018-12-24 17:10:25,685:DEBUG qtp1001946422-25 (BaseJdbcLogger.java:159) - ==>  Preparing: select id, theme, number_mine, name_mine, number_your, name_your, secret, save_time, action, create_time, create_by, update_time, update_by, ver, is_del from card WHERE number_mine = ? and 1 = 1 
2018-12-24 17:10:25,686:DEBUG qtp1001946422-25 (BaseJdbcLogger.java:159) - ==> Parameters: 15549048091(String)
2018-12-24 17:10:25,695:DEBUG qtp1001946422-25 (BaseJdbcLogger.java:159) - <==      Total: 1
2018-12-24 17:10:25,698:DEBUG qtp1001946422-25 (BaseJdbcLogger.java:159) - ==>  Preparing: select id, card_id, title, content, visibility, create_time, create_by, update_time, update_by, ver, is_del from feeling WHERE card_id = ? and 1 = 1 
2018-12-24 17:10:25,699:DEBUG qtp1001946422-25 (BaseJdbcLogger.java:159) - ==> Parameters: 21(Long)
2018-12-24 17:10:25,707:DEBUG qtp1001946422-25 (BaseJdbcLogger.java:159) - <==      Total: 2
2018-12-24 17:10:25,708:INFO qtp1001946422-25 (LogAspect.java:64) - com.ygbc.brain.business.management.api.impl.CardServiceFacadeImpl.detail返回值:{"data":{"action":1,"feelings":[{"card_id":21,"content":"第一次见你是下雨天","createTime":"2018-12-24 14:54:19","id":6,"title":"第一条feeling","visibility":1},{"card_id":21,"content":"第二次见你是晴天","createTime":"2018-12-24 16:23:59","id":7,"title":"第二条","visibility":2}],"id":21,"name_mine":"ckx","name_your":"lyf","number_mine":"15549048091","number_your":"15549048092","save_time":3,"secret":"123"},"pageNo":1,"pageSize":10,"respCode":"0000","respMsg":"成功","totalCount":0,"totalPage":0}
2018-12-24 17:15:21,162:INFO qtp1001946422-25 (LogAspect.java:32) - com.ygbc.brain.business.management.api.impl.CardServiceFacadeImpl.detail开始执行
2018-12-24 17:15:21,164:INFO qtp1001946422-25 (LogAspect.java:51) - 请求参数1:{"data":{"number_mine":"15549048091"},"loginName":"admin","pending":false,"sessionId":"25af4a75-c2f9-43cc-8e24-73e71ca45e4a"}
2018-12-24 17:15:21,173:DEBUG qtp1001946422-25 (BaseJdbcLogger.java:159) - ==>  Preparing: select id, theme, number_mine, name_mine, number_your, name_your, secret, save_time, action, create_time, create_by, update_time, update_by, ver, is_del from card WHERE number_mine = ? and 1 = 1 
2018-12-24 17:15:21,175:DEBUG qtp1001946422-25 (BaseJdbcLogger.java:159) - ==> Parameters: 15549048091(String)
2018-12-24 17:15:21,184:DEBUG qtp1001946422-25 (BaseJdbcLogger.java:159) - <==      Total: 1
2018-12-24 17:15:21,187:DEBUG qtp1001946422-25 (BaseJdbcLogger.java:159) - ==>  Preparing: select id, card_id, title, content, visibility, create_time, create_by, update_time, update_by, ver, is_del from feeling WHERE card_id = ? and 1 = 1 
2018-12-24 17:15:21,187:DEBUG qtp1001946422-25 (BaseJdbcLogger.java:159) - ==> Parameters: 21(Long)
2018-12-24 17:15:21,196:DEBUG qtp1001946422-25 (BaseJdbcLogger.java:159) - <==      Total: 2
2018-12-24 17:15:21,198:INFO qtp1001946422-25 (LogAspect.java:64) - com.ygbc.brain.business.management.api.impl.CardServiceFacadeImpl.detail返回值:{"data":{"action":1,"feelings":[{"card_id":21,"content":"第一次见你是下雨天","createTime":"2018-12-24 14:54:19","id":6,"title":"第一条feeling","visibility":1},{"card_id":21,"content":"第二次见你是晴天","createTime":"2018-12-24 16:23:59","id":7,"title":"第二条","visibility":2}],"id":21,"name_mine":"ckx","name_your":"lyf","number_mine":"15549048091","number_your":"15549048092","save_time":3,"secret":"123"},"pageNo":1,"pageSize":10,"respCode":"0000","respMsg":"成功","totalCount":0,"totalPage":0}
2018-12-24 17:29:39,772:INFO qtp1001946422-30 (LogAspect.java:32) - com.ygbc.brain.business.management.api.impl.FeelingServiceFacadeImpl.create开始执行
2018-12-24 17:29:39,779:INFO qtp1001946422-30 (LogAspect.java:51) - 请求参数1:{"data":{"create_by":"ckx","visibility":0,"title":"第三条","card_id":21,"content":"第三次见你是在下雪"},"loginName":"admin","pending":false,"sessionId":"25af4a75-c2f9-43cc-8e24-73e71ca45e4a"}
2018-12-24 17:29:39,805:INFO qtp1001946422-30 (MybatisAutoMapperInterceptor.java:50) - 使用插件处理SQL语句
2018-12-24 17:29:39,816:DEBUG qtp1001946422-30 (BaseJdbcLogger.java:159) - ==>  Preparing: insert into feeling(card_id,title,content,visibility) values (?,?,?,?) 
2018-12-24 17:29:39,818:DEBUG qtp1001946422-30 (BaseJdbcLogger.java:159) - ==> Parameters: 21(Long), 第三条(String), 第三次见你是在下雪(String), 0(Integer)
2018-12-24 17:29:39,836:DEBUG qtp1001946422-30 (BaseJdbcLogger.java:159) - <==    Updates: 1
2018-12-24 17:29:39,837:INFO qtp1001946422-30 (LogAspect.java:64) - com.ygbc.brain.business.management.api.impl.FeelingServiceFacadeImpl.create返回值:{"pageNo":1,"pageSize":10,"respCode":"0000","respMsg":"成功","totalCount":0,"totalPage":0}
2018-12-24 17:29:51,986:INFO qtp1001946422-30 (LogAspect.java:32) - com.ygbc.brain.business.management.api.impl.CardServiceFacadeImpl.detail开始执行
2018-12-24 17:29:51,986:INFO qtp1001946422-30 (LogAspect.java:51) - 请求参数1:{"data":{"number_mine":"15549048091"},"loginName":"admin","pending":false,"sessionId":"25af4a75-c2f9-43cc-8e24-73e71ca45e4a"}
2018-12-24 17:29:51,988:DEBUG qtp1001946422-30 (BaseJdbcLogger.java:159) - ==>  Preparing: select id, theme, number_mine, name_mine, number_your, name_your, secret, save_time, action, create_time, create_by, update_time, update_by, ver, is_del from card WHERE number_mine = ? and 1 = 1 
2018-12-24 17:29:51,988:DEBUG qtp1001946422-30 (BaseJdbcLogger.java:159) - ==> Parameters: 15549048091(String)
2018-12-24 17:29:51,999:DEBUG qtp1001946422-30 (BaseJdbcLogger.java:159) - <==      Total: 1
2018-12-24 17:29:52,002:DEBUG qtp1001946422-30 (BaseJdbcLogger.java:159) - ==>  Preparing: select id, card_id, title, content, visibility, create_time, create_by, update_time, update_by, ver, is_del from feeling WHERE card_id = ? and 1 = 1 
2018-12-24 17:29:52,003:DEBUG qtp1001946422-30 (BaseJdbcLogger.java:159) - ==> Parameters: 21(Long)
2018-12-24 17:29:52,013:DEBUG qtp1001946422-30 (BaseJdbcLogger.java:159) - <==      Total: 3
2018-12-24 17:29:52,015:INFO qtp1001946422-30 (LogAspect.java:64) - com.ygbc.brain.business.management.api.impl.CardServiceFacadeImpl.detail返回值:{"data":{"action":1,"feelings":[{"card_id":21,"content":"第一次见你是下雨天","createTime":"2018-12-24 14:54:19","id":6,"title":"第一条feeling","visibility":1},{"card_id":21,"content":"第二次见你是晴天","createTime":"2018-12-24 16:23:59","id":7,"title":"第二条","visibility":2},{"card_id":21,"content":"第三次见你是在下雪","createTime":"2018-12-24 17:29:39","id":8,"title":"第三条","visibility":0}],"id":21,"name_mine":"ckx","name_your":"lyf","number_mine":"15549048091","number_your":"15549048092","save_time":3,"secret":"123"},"pageNo":1,"pageSize":10,"respCode":"0000","respMsg":"成功","totalCount":0,"totalPage":0}
