2018-11-12 15:58:12,536:ERROR qtp504006221-26 (RedisSessionManager.java:123) - 序列化session失败
com.alibaba.fastjson.JSONException: syntax error, pos 58, json : {"@type":"com.ygbc.eibs.common.session.MapSessionWrapper","session":{"creationTime":1542004491728,"expired":false,"id":"f9d286d7-307e-4a65-aaee-d769016ea7c8","lastAccessedTime":1542004491728,"maxInactiveIntervalInSeconds":1800},"sessionAttrs":{"@type":"java.util.HashMap"}}
	at com.alibaba.fastjson.parser.DefaultJSONParser.parse(DefaultJSONParser.java:1394) ~[fastjson-1.2.28.jar:?]
	at com.alibaba.fastjson.parser.deserializer.JavaObjectDeserializer.deserialze(JavaObjectDeserializer.java:45) ~[fastjson-1.2.28.jar:?]
	at com.alibaba.fastjson.parser.deserializer.JavaBeanDeserializer.deserialze(JavaBeanDeserializer.java:557) ~[fastjson-1.2.28.jar:?]
	at com.alibaba.fastjson.parser.deserializer.JavaBeanDeserializer.deserialze(JavaBeanDeserializer.java:188) ~[fastjson-1.2.28.jar:?]
	at com.alibaba.fastjson.parser.deserializer.FastjsonASMDeserializer_2_MapSessionWrapper.deserialze(Unknown Source) ~[?:?]
	at com.alibaba.fastjson.parser.deserializer.JavaBeanDeserializer.deserialze(JavaBeanDeserializer.java:184) ~[fastjson-1.2.28.jar:?]
	at com.alibaba.fastjson.parser.DefaultJSONParser.parseObject(DefaultJSONParser.java:642) ~[fastjson-1.2.28.jar:?]
	at com.alibaba.fastjson.JSON.parseObject(JSON.java:350) ~[fastjson-1.2.28.jar:?]
	at com.alibaba.fastjson.JSON.parseObject(JSON.java:254) ~[fastjson-1.2.28.jar:?]
	at com.alibaba.fastjson.JSON.parseObject(JSON.java:467) ~[fastjson-1.2.28.jar:?]
	at com.ygbc.brain.common.session.RedisSessionManager.byteToSession(RedisSessionManager.java:119) [brain-common-utils-1.0.0-SNAPSHOT.jar:?]
	at com.ygbc.brain.common.session.RedisSessionManager.doReadSession(RedisSessionManager.java:45) [brain-common-utils-1.0.0-SNAPSHOT.jar:?]
	at com.ygbc.brain.common.session.RedisSessionManager.doVerify(RedisSessionManager.java:80) [brain-common-utils-1.0.0-SNAPSHOT.jar:?]
	at com.ygbc.brain.common.aspect.LoginTokenValidateAspect.around(LoginTokenValidateAspect.java:51) [brain-business-common-1.0.0-SNAPSHOT.jar:?]
	at sun.reflect.NativeMethodAccessorImpl.invoke0(Native Method) ~[?:1.8.0_161]
	at sun.reflect.NativeMethodAccessorImpl.invoke(NativeMethodAccessorImpl.java:62) ~[?:1.8.0_161]
	at sun.reflect.DelegatingMethodAccessorImpl.invoke(DelegatingMethodAccessorImpl.java:43) ~[?:1.8.0_161]
	at java.lang.reflect.Method.invoke(Method.java:498) ~[?:1.8.0_161]
	at org.springframework.aop.aspectj.AbstractAspectJAdvice.invokeAdviceMethodWithGivenArgs(AbstractAspectJAdvice.java:620) [spring-aop-4.2.6.RELEASE.jar:4.2.6.RELEASE]
	at org.springframework.aop.aspectj.AbstractAspectJAdvice.invokeAdviceMethod(AbstractAspectJAdvice.java:609) [spring-aop-4.2.6.RELEASE.jar:4.2.6.RELEASE]
	at org.springframework.aop.aspectj.AspectJAroundAdvice.invoke(AspectJAroundAdvice.java:68) [spring-aop-4.2.6.RELEASE.jar:4.2.6.RELEASE]
	at org.springframework.aop.framework.ReflectiveMethodInvocation.proceed(ReflectiveMethodInvocation.java:179) [spring-aop-4.2.6.RELEASE.jar:4.2.6.RELEASE]
	at org.springframework.aop.aspectj.MethodInvocationProceedingJoinPoint.proceed(MethodInvocationProceedingJoinPoint.java:85) [spring-aop-4.2.6.RELEASE.jar:4.2.6.RELEASE]
	at com.ygbc.brain.common.aspect.FieldValidateAspect.around(FieldValidateAspect.java:78) [brain-common-utils-1.0.0-SNAPSHOT.jar:?]
	at sun.reflect.NativeMethodAccessorImpl.invoke0(Native Method) ~[?:1.8.0_161]
	at sun.reflect.NativeMethodAccessorImpl.invoke(NativeMethodAccessorImpl.java:62) ~[?:1.8.0_161]
	at sun.reflect.DelegatingMethodAccessorImpl.invoke(DelegatingMethodAccessorImpl.java:43) ~[?:1.8.0_161]
	at java.lang.reflect.Method.invoke(Method.java:498) ~[?:1.8.0_161]
	at org.springframework.aop.aspectj.AbstractAspectJAdvice.invokeAdviceMethodWithGivenArgs(AbstractAspectJAdvice.java:620) [spring-aop-4.2.6.RELEASE.jar:4.2.6.RELEASE]
	at org.springframework.aop.aspectj.AbstractAspectJAdvice.invokeAdviceMethod(AbstractAspectJAdvice.java:609) [spring-aop-4.2.6.RELEASE.jar:4.2.6.RELEASE]
	at org.springframework.aop.aspectj.AspectJAroundAdvice.invoke(AspectJAroundAdvice.java:68) [spring-aop-4.2.6.RELEASE.jar:4.2.6.RELEASE]
	at org.springframework.aop.framework.ReflectiveMethodInvocation.proceed(ReflectiveMethodInvocation.java:179) [spring-aop-4.2.6.RELEASE.jar:4.2.6.RELEASE]
	at org.springframework.aop.aspectj.AspectJAfterThrowingAdvice.invoke(AspectJAfterThrowingAdvice.java:59) [spring-aop-4.2.6.RELEASE.jar:4.2.6.RELEASE]
	at org.springframework.aop.framework.ReflectiveMethodInvocation.proceed(ReflectiveMethodInvocation.java:179) [spring-aop-4.2.6.RELEASE.jar:4.2.6.RELEASE]
	at org.springframework.aop.interceptor.ExposeInvocationInterceptor.invoke(ExposeInvocationInterceptor.java:92) [spring-aop-4.2.6.RELEASE.jar:4.2.6.RELEASE]
	at org.springframework.aop.framework.ReflectiveMethodInvocation.proceed(ReflectiveMethodInvocation.java:179) [spring-aop-4.2.6.RELEASE.jar:4.2.6.RELEASE]
	at org.springframework.aop.framework.CglibAopProxy$DynamicAdvisedInterceptor.intercept(CglibAopProxy.java:655) [spring-aop-4.2.6.RELEASE.jar:4.2.6.RELEASE]
	at com.ygbc.brain.business.management.service.DomesticBuyerDocumentListService$$EnhancerBySpringCGLIB$$4207fe07.execute(<generated>) [brain-business-management-service-1.0.0-SNAPSHOT.jar:?]
	at com.ygbc.brain.business.management.api.impl.DomesticBuyerDocumentServiceFacadeImpl.list(DomesticBuyerDocumentServiceFacadeImpl.java:29) [brain-business-management-service-1.0.0-SNAPSHOT.jar:?]
	at com.ygbc.brain.business.management.web.controller.DomesticBuyerDocumentController.list(DomesticBuyerDocumentController.java:29) [classes/:?]
	at sun.reflect.NativeMethodAccessorImpl.invoke0(Native Method) ~[?:1.8.0_161]
	at sun.reflect.NativeMethodAccessorImpl.invoke(NativeMethodAccessorImpl.java:62) ~[?:1.8.0_161]
	at sun.reflect.DelegatingMethodAccessorImpl.invoke(DelegatingMethodAccessorImpl.java:43) ~[?:1.8.0_161]
	at java.lang.reflect.Method.invoke(Method.java:498) ~[?:1.8.0_161]
	at org.springframework.web.method.support.InvocableHandlerMethod.doInvoke(InvocableHandlerMethod.java:221) [spring-web-4.2.6.RELEASE.jar:4.2.6.RELEASE]
	at org.springframework.web.method.support.InvocableHandlerMethod.invokeForRequest(InvocableHandlerMethod.java:136) [spring-web-4.2.6.RELEASE.jar:4.2.6.RELEASE]
	at org.springframework.web.servlet.mvc.method.annotation.ServletInvocableHandlerMethod.invokeAndHandle(ServletInvocableHandlerMethod.java:110) [spring-webmvc-4.2.6.RELEASE.jar:4.2.6.RELEASE]
	at org.springframework.web.servlet.mvc.method.annotation.RequestMappingHandlerAdapter.invokeHandlerMethod(RequestMappingHandlerAdapter.java:832) [spring-webmvc-4.2.6.RELEASE.jar:4.2.6.RELEASE]
	at org.springframework.web.servlet.mvc.method.annotation.RequestMappingHandlerAdapter.handleInternal(RequestMappingHandlerAdapter.java:743) [spring-webmvc-4.2.6.RELEASE.jar:4.2.6.RELEASE]
	at org.springframework.web.servlet.mvc.method.AbstractHandlerMethodAdapter.handle(AbstractHandlerMethodAdapter.java:85) [spring-webmvc-4.2.6.RELEASE.jar:4.2.6.RELEASE]
	at org.springframework.web.servlet.DispatcherServlet.doDispatch(DispatcherServlet.java:961) [spring-webmvc-4.2.6.RELEASE.jar:4.2.6.RELEASE]
	at org.springframework.web.servlet.DispatcherServlet.doService(DispatcherServlet.java:895) [spring-webmvc-4.2.6.RELEASE.jar:4.2.6.RELEASE]
	at org.springframework.web.servlet.FrameworkServlet.processRequest(FrameworkServlet.java:967) [spring-webmvc-4.2.6.RELEASE.jar:4.2.6.RELEASE]
	at org.springframework.web.servlet.FrameworkServlet.doPost(FrameworkServlet.java:869) [spring-webmvc-4.2.6.RELEASE.jar:4.2.6.RELEASE]
	at javax.servlet.http.HttpServlet.service(HttpServlet.java:755) [javax.servlet-3.0.0.v201112011016.jar:?]
	at org.springframework.web.servlet.FrameworkServlet.service(FrameworkServlet.java:843) [spring-webmvc-4.2.6.RELEASE.jar:4.2.6.RELEASE]
	at javax.servlet.http.HttpServlet.service(HttpServlet.java:848) [javax.servlet-3.0.0.v201112011016.jar:?]
	at org.eclipse.jetty.servlet.ServletHolder.handle(ServletHolder.java:684) [jetty-servlet-8.1.16.v20140903.jar:8.1.16.v20140903]
	at org.eclipse.jetty.servlet.ServletHandler$CachedChain.doFilter(ServletHandler.java:1496) [jetty-servlet-8.1.16.v20140903.jar:8.1.16.v20140903]
	at org.springframework.web.filter.CharacterEncodingFilter.doFilterInternal(CharacterEncodingFilter.java:121) [spring-web-4.2.6.RELEASE.jar:4.2.6.RELEASE]
	at org.springframework.web.filter.OncePerRequestFilter.doFilter(OncePerRequestFilter.java:107) [spring-web-4.2.6.RELEASE.jar:4.2.6.RELEASE]
	at org.eclipse.jetty.servlet.ServletHandler$CachedChain.doFilter(ServletHandler.java:1476) [jetty-servlet-8.1.16.v20140903.jar:8.1.16.v20140903]
	at org.eclipse.jetty.servlet.ServletHandler.doHandle(ServletHandler.java:501) [jetty-servlet-8.1.16.v20140903.jar:8.1.16.v20140903]
	at org.eclipse.jetty.server.handler.ScopedHandler.handle(ScopedHandler.java:137) [jetty-server-8.1.16.v20140903.jar:8.1.16.v20140903]
	at org.eclipse.jetty.security.SecurityHandler.handle(SecurityHandler.java:557) [jetty-security-8.1.16.v20140903.jar:8.1.16.v20140903]
	at org.eclipse.jetty.server.session.SessionHandler.doHandle(SessionHandler.java:231) [jetty-server-8.1.16.v20140903.jar:8.1.16.v20140903]
	at org.eclipse.jetty.server.handler.ContextHandler.doHandle(ContextHandler.java:1086) [jetty-server-8.1.16.v20140903.jar:8.1.16.v20140903]
	at org.eclipse.jetty.servlet.ServletHandler.doScope(ServletHandler.java:429) [jetty-servlet-8.1.16.v20140903.jar:8.1.16.v20140903]
	at org.eclipse.jetty.server.session.SessionHandler.doScope(SessionHandler.java:193) [jetty-server-8.1.16.v20140903.jar:8.1.16.v20140903]
	at org.eclipse.jetty.server.handler.ContextHandler.doScope(ContextHandler.java:1020) [jetty-server-8.1.16.v20140903.jar:8.1.16.v20140903]
	at org.eclipse.jetty.server.handler.ScopedHandler.handle(ScopedHandler.java:135) [jetty-server-8.1.16.v20140903.jar:8.1.16.v20140903]
	at org.eclipse.jetty.server.handler.ContextHandlerCollection.handle(ContextHandlerCollection.java:255) [jetty-server-8.1.16.v20140903.jar:8.1.16.v20140903]
	at org.eclipse.jetty.server.handler.HandlerCollection.handle(HandlerCollection.java:154) [jetty-server-8.1.16.v20140903.jar:8.1.16.v20140903]
	at org.eclipse.jetty.server.handler.HandlerWrapper.handle(HandlerWrapper.java:116) [jetty-server-8.1.16.v20140903.jar:8.1.16.v20140903]
	at org.eclipse.jetty.server.Server.handle(Server.java:370) [jetty-server-8.1.16.v20140903.jar:8.1.16.v20140903]
	at org.eclipse.jetty.server.AbstractHttpConnection.handleRequest(AbstractHttpConnection.java:494) [jetty-server-8.1.16.v20140903.jar:8.1.16.v20140903]
	at org.eclipse.jetty.server.AbstractHttpConnection.content(AbstractHttpConnection.java:982) [jetty-server-8.1.16.v20140903.jar:8.1.16.v20140903]
	at org.eclipse.jetty.server.AbstractHttpConnection$RequestHandler.content(AbstractHttpConnection.java:1043) [jetty-server-8.1.16.v20140903.jar:8.1.16.v20140903]
	at org.eclipse.jetty.http.HttpParser.parseNext(HttpParser.java:865) [jetty-http-8.1.16.v20140903.jar:8.1.16.v20140903]
	at org.eclipse.jetty.http.HttpParser.parseAvailable(HttpParser.java:240) [jetty-http-8.1.16.v20140903.jar:8.1.16.v20140903]
	at org.eclipse.jetty.server.AsyncHttpConnection.handle(AsyncHttpConnection.java:82) [jetty-server-8.1.16.v20140903.jar:8.1.16.v20140903]
	at org.eclipse.jetty.io.nio.SelectChannelEndPoint.handle(SelectChannelEndPoint.java:696) [jetty-io-8.1.16.v20140903.jar:8.1.16.v20140903]
	at org.eclipse.jetty.io.nio.SelectChannelEndPoint$1.run(SelectChannelEndPoint.java:53) [jetty-io-8.1.16.v20140903.jar:8.1.16.v20140903]
	at org.eclipse.jetty.util.thread.QueuedThreadPool.runJob(QueuedThreadPool.java:608) [jetty-util-8.1.16.v20140903.jar:8.1.16.v20140903]
	at org.eclipse.jetty.util.thread.QueuedThreadPool$3.run(QueuedThreadPool.java:543) [jetty-util-8.1.16.v20140903.jar:8.1.16.v20140903]
	at java.lang.Thread.run(Thread.java:748) [?:1.8.0_161]
