2018-12-22 23:12:58,692:ERROR main (ContextLoader.java:351) - Context initialization failed
org.springframework.beans.factory.BeanInitializationException: Could not load properties; nested exception is java.io.FileNotFoundException: ${ENV_MESSAGE}/env.properties (No such file or directory)
	at org.springframework.beans.factory.config.PropertyResourceConfigurer.postProcessBeanFactory(PropertyResourceConfigurer.java:89) ~[spring-beans-4.2.6.RELEASE.jar:4.2.6.RELEASE]
	at org.springframework.context.support.PostProcessorRegistrationDelegate.invokeBeanFactoryPostProcessors(PostProcessorRegistrationDelegate.java:284) ~[spring-context-4.2.6.RELEASE.jar:4.2.6.RELEASE]
	at org.springframework.context.support.PostProcessorRegistrationDelegate.invokeBeanFactoryPostProcessors(PostProcessorRegistrationDelegate.java:166) ~[spring-context-4.2.6.RELEASE.jar:4.2.6.RELEASE]
	at org.springframework.context.support.AbstractApplicationContext.invokeBeanFactoryPostProcessors(AbstractApplicationContext.java:678) ~[spring-context-4.2.6.RELEASE.jar:4.2.6.RELEASE]
	at org.springframework.context.support.AbstractApplicationContext.refresh(AbstractApplicationContext.java:520) ~[spring-context-4.2.6.RELEASE.jar:4.2.6.RELEASE]
	at org.springframework.web.context.ContextLoader.configureAndRefreshWebApplicationContext(ContextLoader.java:444) ~[spring-web-4.2.6.RELEASE.jar:4.2.6.RELEASE]
	at org.springframework.web.context.ContextLoader.initWebApplicationContext(ContextLoader.java:326) [spring-web-4.2.6.RELEASE.jar:4.2.6.RELEASE]
	at org.springframework.web.context.ContextLoaderListener.contextInitialized(ContextLoaderListener.java:107) [spring-web-4.2.6.RELEASE.jar:4.2.6.RELEASE]
	at org.eclipse.jetty.server.handler.ContextHandler.callContextInitialized(ContextHandler.java:782) [jetty-server-8.1.16.v20140903.jar:8.1.16.v20140903]
	at org.eclipse.jetty.servlet.ServletContextHandler.callContextInitialized(ServletContextHandler.java:424) [jetty-servlet-8.1.16.v20140903.jar:8.1.16.v20140903]
	at org.eclipse.jetty.server.handler.ContextHandler.startContext(ContextHandler.java:774) [jetty-server-8.1.16.v20140903.jar:8.1.16.v20140903]
	at org.eclipse.jetty.servlet.ServletContextHandler.startContext(ServletContextHandler.java:249) [jetty-servlet-8.1.16.v20140903.jar:8.1.16.v20140903]
	at org.eclipse.jetty.webapp.WebAppContext.startContext(WebAppContext.java:1242) [jetty-webapp-8.1.16.v20140903.jar:8.1.16.v20140903]
	at org.eclipse.jetty.server.handler.ContextHandler.doStart(ContextHandler.java:717) [jetty-server-8.1.16.v20140903.jar:8.1.16.v20140903]
	at org.eclipse.jetty.webapp.WebAppContext.doStart(WebAppContext.java:494) [jetty-webapp-8.1.16.v20140903.jar:8.1.16.v20140903]
	at org.mortbay.jetty.plugin.JettyWebAppContext.doStart(JettyWebAppContext.java:298) [jetty-maven-plugin-8.1.16.v20140903.jar:8.1.16.v20140903]
	at org.eclipse.jetty.util.component.AbstractLifeCycle.start(AbstractLifeCycle.java:64) [jetty-util-8.1.16.v20140903.jar:8.1.16.v20140903]
	at org.eclipse.jetty.server.handler.HandlerCollection.doStart(HandlerCollection.java:229) [jetty-server-8.1.16.v20140903.jar:8.1.16.v20140903]
	at org.eclipse.jetty.server.handler.ContextHandlerCollection.doStart(ContextHandlerCollection.java:172) [jetty-server-8.1.16.v20140903.jar:8.1.16.v20140903]
	at org.eclipse.jetty.util.component.AbstractLifeCycle.start(AbstractLifeCycle.java:64) [jetty-util-8.1.16.v20140903.jar:8.1.16.v20140903]
	at org.eclipse.jetty.server.handler.HandlerCollection.doStart(HandlerCollection.java:229) [jetty-server-8.1.16.v20140903.jar:8.1.16.v20140903]
	at org.eclipse.jetty.util.component.AbstractLifeCycle.start(AbstractLifeCycle.java:64) [jetty-util-8.1.16.v20140903.jar:8.1.16.v20140903]
	at org.eclipse.jetty.server.handler.HandlerWrapper.doStart(HandlerWrapper.java:95) [jetty-server-8.1.16.v20140903.jar:8.1.16.v20140903]
	at org.eclipse.jetty.server.Server.doStart(Server.java:282) [jetty-server-8.1.16.v20140903.jar:8.1.16.v20140903]
	at org.mortbay.jetty.plugin.JettyServer.doStart(JettyServer.java:65) [jetty-maven-plugin-8.1.16.v20140903.jar:8.1.16.v20140903]
	at org.eclipse.jetty.util.component.AbstractLifeCycle.start(AbstractLifeCycle.java:64) [jetty-util-8.1.16.v20140903.jar:8.1.16.v20140903]
	at org.mortbay.jetty.plugin.AbstractJettyMojo.startJetty(AbstractJettyMojo.java:520) [jetty-maven-plugin-8.1.16.v20140903.jar:8.1.16.v20140903]
	at org.mortbay.jetty.plugin.AbstractJettyMojo.execute(AbstractJettyMojo.java:365) [jetty-maven-plugin-8.1.16.v20140903.jar:8.1.16.v20140903]
	at org.mortbay.jetty.plugin.JettyRunMojo.execute(JettyRunMojo.java:523) [jetty-maven-plugin-8.1.16.v20140903.jar:8.1.16.v20140903]
	at org.apache.maven.plugin.DefaultBuildPluginManager.executeMojo(DefaultBuildPluginManager.java:134) [maven-core-3.3.9.jar:3.3.9]
	at org.apache.maven.lifecycle.internal.MojoExecutor.execute(MojoExecutor.java:207) [maven-core-3.3.9.jar:3.3.9]
	at org.apache.maven.lifecycle.internal.MojoExecutor.execute(MojoExecutor.java:153) [maven-core-3.3.9.jar:3.3.9]
	at org.apache.maven.lifecycle.internal.MojoExecutor.execute(MojoExecutor.java:145) [maven-core-3.3.9.jar:3.3.9]
	at org.apache.maven.lifecycle.internal.LifecycleModuleBuilder.buildProject(LifecycleModuleBuilder.java:116) [maven-core-3.3.9.jar:3.3.9]
	at org.apache.maven.lifecycle.internal.LifecycleModuleBuilder.buildProject(LifecycleModuleBuilder.java:80) [maven-core-3.3.9.jar:3.3.9]
	at org.apache.maven.lifecycle.internal.builder.singlethreaded.SingleThreadedBuilder.build(SingleThreadedBuilder.java:51) [maven-core-3.3.9.jar:3.3.9]
	at org.apache.maven.lifecycle.internal.LifecycleStarter.execute(LifecycleStarter.java:128) [maven-core-3.3.9.jar:3.3.9]
	at org.apache.maven.DefaultMaven.doExecute(DefaultMaven.java:307) [maven-core-3.3.9.jar:3.3.9]
	at org.apache.maven.DefaultMaven.doExecute(DefaultMaven.java:193) [maven-core-3.3.9.jar:3.3.9]
	at org.apache.maven.DefaultMaven.execute(DefaultMaven.java:106) [maven-core-3.3.9.jar:3.3.9]
	at org.apache.maven.cli.MavenCli.execute(MavenCli.java:863) [maven-embedder-3.3.9.jar:3.3.9]
	at org.apache.maven.cli.MavenCli.doMain(MavenCli.java:288) [maven-embedder-3.3.9.jar:3.3.9]
	at org.apache.maven.cli.MavenCli.main(MavenCli.java:199) [maven-embedder-3.3.9.jar:3.3.9]
	at sun.reflect.NativeMethodAccessorImpl.invoke0(Native Method) ~[?:1.8.0_161]
	at sun.reflect.NativeMethodAccessorImpl.invoke(NativeMethodAccessorImpl.java:62) ~[?:1.8.0_161]
	at sun.reflect.DelegatingMethodAccessorImpl.invoke(DelegatingMethodAccessorImpl.java:43) ~[?:1.8.0_161]
	at java.lang.reflect.Method.invoke(Method.java:498) ~[?:1.8.0_161]
	at org.codehaus.plexus.classworlds.launcher.Launcher.launchEnhanced(Launcher.java:289) [plexus-classworlds-2.5.2.jar:?]
	at org.codehaus.plexus.classworlds.launcher.Launcher.launch(Launcher.java:229) [plexus-classworlds-2.5.2.jar:?]
	at org.codehaus.plexus.classworlds.launcher.Launcher.mainWithExitCode(Launcher.java:415) [plexus-classworlds-2.5.2.jar:?]
	at org.codehaus.plexus.classworlds.launcher.Launcher.main(Launcher.java:356) [plexus-classworlds-2.5.2.jar:?]
	at org.codehaus.classworlds.Launcher.main(Launcher.java:47) [plexus-classworlds-2.5.2.jar:?]
Caused by: java.io.FileNotFoundException: ${ENV_MESSAGE}/env.properties (No such file or directory)
	at java.io.FileInputStream.open0(Native Method) ~[?:1.8.0_161]
	at java.io.FileInputStream.open(FileInputStream.java:195) ~[?:1.8.0_161]
	at java.io.FileInputStream.<init>(FileInputStream.java:138) ~[?:1.8.0_161]
	at java.io.FileInputStream.<init>(FileInputStream.java:93) ~[?:1.8.0_161]
	at sun.net.www.protocol.file.FileURLConnection.connect(FileURLConnection.java:90) ~[?:1.8.0_161]
	at sun.net.www.protocol.file.FileURLConnection.getInputStream(FileURLConnection.java:188) ~[?:1.8.0_161]
	at org.springframework.core.io.UrlResource.getInputStream(UrlResource.java:168) ~[spring-core-4.2.6.RELEASE.jar:4.2.6.RELEASE]
	at org.springframework.core.io.support.EncodedResource.getInputStream(EncodedResource.java:153) ~[spring-core-4.2.6.RELEASE.jar:4.2.6.RELEASE]
	at org.springframework.core.io.support.PropertiesLoaderUtils.fillProperties(PropertiesLoaderUtils.java:98) ~[spring-core-4.2.6.RELEASE.jar:4.2.6.RELEASE]
	at org.springframework.core.io.support.PropertiesLoaderSupport.loadProperties(PropertiesLoaderSupport.java:175) ~[spring-core-4.2.6.RELEASE.jar:4.2.6.RELEASE]
	at org.springframework.core.io.support.PropertiesLoaderSupport.mergeProperties(PropertiesLoaderSupport.java:156) ~[spring-core-4.2.6.RELEASE.jar:4.2.6.RELEASE]
	at org.springframework.beans.factory.config.PropertyResourceConfigurer.postProcessBeanFactory(PropertyResourceConfigurer.java:80) ~[spring-beans-4.2.6.RELEASE.jar:4.2.6.RELEASE]
	... 51 more
2018-12-22 23:18:40,573:ERROR main (ContextLoader.java:351) - Context initialization failed
org.springframework.beans.factory.BeanInitializationException: Could not load properties; nested exception is java.io.FileNotFoundException: ${ENV_MESSAGE}/env.properties (No such file or directory)
	at org.springframework.beans.factory.config.PropertyResourceConfigurer.postProcessBeanFactory(PropertyResourceConfigurer.java:89) ~[spring-beans-4.2.6.RELEASE.jar:4.2.6.RELEASE]
	at org.springframework.context.support.PostProcessorRegistrationDelegate.invokeBeanFactoryPostProcessors(PostProcessorRegistrationDelegate.java:284) ~[spring-context-4.2.6.RELEASE.jar:4.2.6.RELEASE]
	at org.springframework.context.support.PostProcessorRegistrationDelegate.invokeBeanFactoryPostProcessors(PostProcessorRegistrationDelegate.java:166) ~[spring-context-4.2.6.RELEASE.jar:4.2.6.RELEASE]
	at org.springframework.context.support.AbstractApplicationContext.invokeBeanFactoryPostProcessors(AbstractApplicationContext.java:678) ~[spring-context-4.2.6.RELEASE.jar:4.2.6.RELEASE]
	at org.springframework.context.support.AbstractApplicationContext.refresh(AbstractApplicationContext.java:520) ~[spring-context-4.2.6.RELEASE.jar:4.2.6.RELEASE]
	at org.springframework.web.context.ContextLoader.configureAndRefreshWebApplicationContext(ContextLoader.java:444) ~[spring-web-4.2.6.RELEASE.jar:4.2.6.RELEASE]
	at org.springframework.web.context.ContextLoader.initWebApplicationContext(ContextLoader.java:326) [spring-web-4.2.6.RELEASE.jar:4.2.6.RELEASE]
	at org.springframework.web.context.ContextLoaderListener.contextInitialized(ContextLoaderListener.java:107) [spring-web-4.2.6.RELEASE.jar:4.2.6.RELEASE]
	at org.eclipse.jetty.server.handler.ContextHandler.callContextInitialized(ContextHandler.java:782) [jetty-server-8.1.16.v20140903.jar:8.1.16.v20140903]
	at org.eclipse.jetty.servlet.ServletContextHandler.callContextInitialized(ServletContextHandler.java:424) [jetty-servlet-8.1.16.v20140903.jar:8.1.16.v20140903]
	at org.eclipse.jetty.server.handler.ContextHandler.startContext(ContextHandler.java:774) [jetty-server-8.1.16.v20140903.jar:8.1.16.v20140903]
	at org.eclipse.jetty.servlet.ServletContextHandler.startContext(ServletContextHandler.java:249) [jetty-servlet-8.1.16.v20140903.jar:8.1.16.v20140903]
	at org.eclipse.jetty.webapp.WebAppContext.startContext(WebAppContext.java:1242) [jetty-webapp-8.1.16.v20140903.jar:8.1.16.v20140903]
	at org.eclipse.jetty.server.handler.ContextHandler.doStart(ContextHandler.java:717) [jetty-server-8.1.16.v20140903.jar:8.1.16.v20140903]
	at org.eclipse.jetty.webapp.WebAppContext.doStart(WebAppContext.java:494) [jetty-webapp-8.1.16.v20140903.jar:8.1.16.v20140903]
	at org.mortbay.jetty.plugin.JettyWebAppContext.doStart(JettyWebAppContext.java:298) [jetty-maven-plugin-8.1.16.v20140903.jar:8.1.16.v20140903]
	at org.eclipse.jetty.util.component.AbstractLifeCycle.start(AbstractLifeCycle.java:64) [jetty-util-8.1.16.v20140903.jar:8.1.16.v20140903]
	at org.eclipse.jetty.server.handler.HandlerCollection.doStart(HandlerCollection.java:229) [jetty-server-8.1.16.v20140903.jar:8.1.16.v20140903]
	at org.eclipse.jetty.server.handler.ContextHandlerCollection.doStart(ContextHandlerCollection.java:172) [jetty-server-8.1.16.v20140903.jar:8.1.16.v20140903]
	at org.eclipse.jetty.util.component.AbstractLifeCycle.start(AbstractLifeCycle.java:64) [jetty-util-8.1.16.v20140903.jar:8.1.16.v20140903]
	at org.eclipse.jetty.server.handler.HandlerCollection.doStart(HandlerCollection.java:229) [jetty-server-8.1.16.v20140903.jar:8.1.16.v20140903]
	at org.eclipse.jetty.util.component.AbstractLifeCycle.start(AbstractLifeCycle.java:64) [jetty-util-8.1.16.v20140903.jar:8.1.16.v20140903]
	at org.eclipse.jetty.server.handler.HandlerWrapper.doStart(HandlerWrapper.java:95) [jetty-server-8.1.16.v20140903.jar:8.1.16.v20140903]
	at org.eclipse.jetty.server.Server.doStart(Server.java:282) [jetty-server-8.1.16.v20140903.jar:8.1.16.v20140903]
	at org.mortbay.jetty.plugin.JettyServer.doStart(JettyServer.java:65) [jetty-maven-plugin-8.1.16.v20140903.jar:8.1.16.v20140903]
	at org.eclipse.jetty.util.component.AbstractLifeCycle.start(AbstractLifeCycle.java:64) [jetty-util-8.1.16.v20140903.jar:8.1.16.v20140903]
	at org.mortbay.jetty.plugin.AbstractJettyMojo.startJetty(AbstractJettyMojo.java:520) [jetty-maven-plugin-8.1.16.v20140903.jar:8.1.16.v20140903]
	at org.mortbay.jetty.plugin.AbstractJettyMojo.execute(AbstractJettyMojo.java:365) [jetty-maven-plugin-8.1.16.v20140903.jar:8.1.16.v20140903]
	at org.mortbay.jetty.plugin.JettyRunMojo.execute(JettyRunMojo.java:523) [jetty-maven-plugin-8.1.16.v20140903.jar:8.1.16.v20140903]
	at org.apache.maven.plugin.DefaultBuildPluginManager.executeMojo(DefaultBuildPluginManager.java:134) [maven-core-3.3.9.jar:3.3.9]
	at org.apache.maven.lifecycle.internal.MojoExecutor.execute(MojoExecutor.java:207) [maven-core-3.3.9.jar:3.3.9]
	at org.apache.maven.lifecycle.internal.MojoExecutor.execute(MojoExecutor.java:153) [maven-core-3.3.9.jar:3.3.9]
	at org.apache.maven.lifecycle.internal.MojoExecutor.execute(MojoExecutor.java:145) [maven-core-3.3.9.jar:3.3.9]
	at org.apache.maven.lifecycle.internal.LifecycleModuleBuilder.buildProject(LifecycleModuleBuilder.java:116) [maven-core-3.3.9.jar:3.3.9]
	at org.apache.maven.lifecycle.internal.LifecycleModuleBuilder.buildProject(LifecycleModuleBuilder.java:80) [maven-core-3.3.9.jar:3.3.9]
	at org.apache.maven.lifecycle.internal.builder.singlethreaded.SingleThreadedBuilder.build(SingleThreadedBuilder.java:51) [maven-core-3.3.9.jar:3.3.9]
	at org.apache.maven.lifecycle.internal.LifecycleStarter.execute(LifecycleStarter.java:128) [maven-core-3.3.9.jar:3.3.9]
	at org.apache.maven.DefaultMaven.doExecute(DefaultMaven.java:307) [maven-core-3.3.9.jar:3.3.9]
	at org.apache.maven.DefaultMaven.doExecute(DefaultMaven.java:193) [maven-core-3.3.9.jar:3.3.9]
	at org.apache.maven.DefaultMaven.execute(DefaultMaven.java:106) [maven-core-3.3.9.jar:3.3.9]
	at org.apache.maven.cli.MavenCli.execute(MavenCli.java:863) [maven-embedder-3.3.9.jar:3.3.9]
	at org.apache.maven.cli.MavenCli.doMain(MavenCli.java:288) [maven-embedder-3.3.9.jar:3.3.9]
	at org.apache.maven.cli.MavenCli.main(MavenCli.java:199) [maven-embedder-3.3.9.jar:3.3.9]
	at sun.reflect.NativeMethodAccessorImpl.invoke0(Native Method) ~[?:1.8.0_161]
	at sun.reflect.NativeMethodAccessorImpl.invoke(NativeMethodAccessorImpl.java:62) ~[?:1.8.0_161]
	at sun.reflect.DelegatingMethodAccessorImpl.invoke(DelegatingMethodAccessorImpl.java:43) ~[?:1.8.0_161]
	at java.lang.reflect.Method.invoke(Method.java:498) ~[?:1.8.0_161]
	at org.codehaus.plexus.classworlds.launcher.Launcher.launchEnhanced(Launcher.java:289) [plexus-classworlds-2.5.2.jar:?]
	at org.codehaus.plexus.classworlds.launcher.Launcher.launch(Launcher.java:229) [plexus-classworlds-2.5.2.jar:?]
	at org.codehaus.plexus.classworlds.launcher.Launcher.mainWithExitCode(Launcher.java:415) [plexus-classworlds-2.5.2.jar:?]
	at org.codehaus.plexus.classworlds.launcher.Launcher.main(Launcher.java:356) [plexus-classworlds-2.5.2.jar:?]
	at org.codehaus.classworlds.Launcher.main(Launcher.java:47) [plexus-classworlds-2.5.2.jar:?]
Caused by: java.io.FileNotFoundException: ${ENV_MESSAGE}/env.properties (No such file or directory)
	at java.io.FileInputStream.open0(Native Method) ~[?:1.8.0_161]
	at java.io.FileInputStream.open(FileInputStream.java:195) ~[?:1.8.0_161]
	at java.io.FileInputStream.<init>(FileInputStream.java:138) ~[?:1.8.0_161]
	at java.io.FileInputStream.<init>(FileInputStream.java:93) ~[?:1.8.0_161]
	at sun.net.www.protocol.file.FileURLConnection.connect(FileURLConnection.java:90) ~[?:1.8.0_161]
	at sun.net.www.protocol.file.FileURLConnection.getInputStream(FileURLConnection.java:188) ~[?:1.8.0_161]
	at org.springframework.core.io.UrlResource.getInputStream(UrlResource.java:168) ~[spring-core-4.2.6.RELEASE.jar:4.2.6.RELEASE]
	at org.springframework.core.io.support.EncodedResource.getInputStream(EncodedResource.java:153) ~[spring-core-4.2.6.RELEASE.jar:4.2.6.RELEASE]
	at org.springframework.core.io.support.PropertiesLoaderUtils.fillProperties(PropertiesLoaderUtils.java:98) ~[spring-core-4.2.6.RELEASE.jar:4.2.6.RELEASE]
	at org.springframework.core.io.support.PropertiesLoaderSupport.loadProperties(PropertiesLoaderSupport.java:175) ~[spring-core-4.2.6.RELEASE.jar:4.2.6.RELEASE]
	at org.springframework.core.io.support.PropertiesLoaderSupport.mergeProperties(PropertiesLoaderSupport.java:156) ~[spring-core-4.2.6.RELEASE.jar:4.2.6.RELEASE]
	at org.springframework.beans.factory.config.PropertyResourceConfigurer.postProcessBeanFactory(PropertyResourceConfigurer.java:80) ~[spring-beans-4.2.6.RELEASE.jar:4.2.6.RELEASE]
	... 51 more
2018-12-22 23:30:26,114:ERROR main (ContextLoader.java:351) - Context initialization failed
org.springframework.beans.factory.BeanInitializationException: Could not load properties; nested exception is java.io.FileNotFoundException: ${ENV_MESSAGE}/env.properties (No such file or directory)
	at org.springframework.beans.factory.config.PropertyResourceConfigurer.postProcessBeanFactory(PropertyResourceConfigurer.java:89) ~[spring-beans-4.2.6.RELEASE.jar:4.2.6.RELEASE]
	at org.springframework.context.support.PostProcessorRegistrationDelegate.invokeBeanFactoryPostProcessors(PostProcessorRegistrationDelegate.java:284) ~[spring-context-4.2.6.RELEASE.jar:4.2.6.RELEASE]
	at org.springframework.context.support.PostProcessorRegistrationDelegate.invokeBeanFactoryPostProcessors(PostProcessorRegistrationDelegate.java:166) ~[spring-context-4.2.6.RELEASE.jar:4.2.6.RELEASE]
	at org.springframework.context.support.AbstractApplicationContext.invokeBeanFactoryPostProcessors(AbstractApplicationContext.java:678) ~[spring-context-4.2.6.RELEASE.jar:4.2.6.RELEASE]
	at org.springframework.context.support.AbstractApplicationContext.refresh(AbstractApplicationContext.java:520) ~[spring-context-4.2.6.RELEASE.jar:4.2.6.RELEASE]
	at org.springframework.web.context.ContextLoader.configureAndRefreshWebApplicationContext(ContextLoader.java:444) ~[spring-web-4.2.6.RELEASE.jar:4.2.6.RELEASE]
	at org.springframework.web.context.ContextLoader.initWebApplicationContext(ContextLoader.java:326) [spring-web-4.2.6.RELEASE.jar:4.2.6.RELEASE]
	at org.springframework.web.context.ContextLoaderListener.contextInitialized(ContextLoaderListener.java:107) [spring-web-4.2.6.RELEASE.jar:4.2.6.RELEASE]
	at org.eclipse.jetty.server.handler.ContextHandler.callContextInitialized(ContextHandler.java:782) [jetty-server-8.1.16.v20140903.jar:8.1.16.v20140903]
	at org.eclipse.jetty.servlet.ServletContextHandler.callContextInitialized(ServletContextHandler.java:424) [jetty-servlet-8.1.16.v20140903.jar:8.1.16.v20140903]
	at org.eclipse.jetty.server.handler.ContextHandler.startContext(ContextHandler.java:774) [jetty-server-8.1.16.v20140903.jar:8.1.16.v20140903]
	at org.eclipse.jetty.servlet.ServletContextHandler.startContext(ServletContextHandler.java:249) [jetty-servlet-8.1.16.v20140903.jar:8.1.16.v20140903]
	at org.eclipse.jetty.webapp.WebAppContext.startContext(WebAppContext.java:1242) [jetty-webapp-8.1.16.v20140903.jar:8.1.16.v20140903]
	at org.eclipse.jetty.server.handler.ContextHandler.doStart(ContextHandler.java:717) [jetty-server-8.1.16.v20140903.jar:8.1.16.v20140903]
	at org.eclipse.jetty.webapp.WebAppContext.doStart(WebAppContext.java:494) [jetty-webapp-8.1.16.v20140903.jar:8.1.16.v20140903]
	at org.mortbay.jetty.plugin.JettyWebAppContext.doStart(JettyWebAppContext.java:298) [jetty-maven-plugin-8.1.16.v20140903.jar:8.1.16.v20140903]
	at org.eclipse.jetty.util.component.AbstractLifeCycle.start(AbstractLifeCycle.java:64) [jetty-util-8.1.16.v20140903.jar:8.1.16.v20140903]
	at org.eclipse.jetty.server.handler.HandlerCollection.doStart(HandlerCollection.java:229) [jetty-server-8.1.16.v20140903.jar:8.1.16.v20140903]
	at org.eclipse.jetty.server.handler.ContextHandlerCollection.doStart(ContextHandlerCollection.java:172) [jetty-server-8.1.16.v20140903.jar:8.1.16.v20140903]
	at org.eclipse.jetty.util.component.AbstractLifeCycle.start(AbstractLifeCycle.java:64) [jetty-util-8.1.16.v20140903.jar:8.1.16.v20140903]
	at org.eclipse.jetty.server.handler.HandlerCollection.doStart(HandlerCollection.java:229) [jetty-server-8.1.16.v20140903.jar:8.1.16.v20140903]
	at org.eclipse.jetty.util.component.AbstractLifeCycle.start(AbstractLifeCycle.java:64) [jetty-util-8.1.16.v20140903.jar:8.1.16.v20140903]
	at org.eclipse.jetty.server.handler.HandlerWrapper.doStart(HandlerWrapper.java:95) [jetty-server-8.1.16.v20140903.jar:8.1.16.v20140903]
	at org.eclipse.jetty.server.Server.doStart(Server.java:282) [jetty-server-8.1.16.v20140903.jar:8.1.16.v20140903]
	at org.mortbay.jetty.plugin.JettyServer.doStart(JettyServer.java:65) [jetty-maven-plugin-8.1.16.v20140903.jar:8.1.16.v20140903]
	at org.eclipse.jetty.util.component.AbstractLifeCycle.start(AbstractLifeCycle.java:64) [jetty-util-8.1.16.v20140903.jar:8.1.16.v20140903]
	at org.mortbay.jetty.plugin.AbstractJettyMojo.startJetty(AbstractJettyMojo.java:520) [jetty-maven-plugin-8.1.16.v20140903.jar:8.1.16.v20140903]
	at org.mortbay.jetty.plugin.AbstractJettyMojo.execute(AbstractJettyMojo.java:365) [jetty-maven-plugin-8.1.16.v20140903.jar:8.1.16.v20140903]
	at org.mortbay.jetty.plugin.JettyRunMojo.execute(JettyRunMojo.java:523) [jetty-maven-plugin-8.1.16.v20140903.jar:8.1.16.v20140903]
	at org.apache.maven.plugin.DefaultBuildPluginManager.executeMojo(DefaultBuildPluginManager.java:134) [maven-core-3.3.9.jar:3.3.9]
	at org.apache.maven.lifecycle.internal.MojoExecutor.execute(MojoExecutor.java:207) [maven-core-3.3.9.jar:3.3.9]
	at org.apache.maven.lifecycle.internal.MojoExecutor.execute(MojoExecutor.java:153) [maven-core-3.3.9.jar:3.3.9]
	at org.apache.maven.lifecycle.internal.MojoExecutor.execute(MojoExecutor.java:145) [maven-core-3.3.9.jar:3.3.9]
	at org.apache.maven.lifecycle.internal.LifecycleModuleBuilder.buildProject(LifecycleModuleBuilder.java:116) [maven-core-3.3.9.jar:3.3.9]
	at org.apache.maven.lifecycle.internal.LifecycleModuleBuilder.buildProject(LifecycleModuleBuilder.java:80) [maven-core-3.3.9.jar:3.3.9]
	at org.apache.maven.lifecycle.internal.builder.singlethreaded.SingleThreadedBuilder.build(SingleThreadedBuilder.java:51) [maven-core-3.3.9.jar:3.3.9]
	at org.apache.maven.lifecycle.internal.LifecycleStarter.execute(LifecycleStarter.java:128) [maven-core-3.3.9.jar:3.3.9]
	at org.apache.maven.DefaultMaven.doExecute(DefaultMaven.java:307) [maven-core-3.3.9.jar:3.3.9]
	at org.apache.maven.DefaultMaven.doExecute(DefaultMaven.java:193) [maven-core-3.3.9.jar:3.3.9]
	at org.apache.maven.DefaultMaven.execute(DefaultMaven.java:106) [maven-core-3.3.9.jar:3.3.9]
	at org.apache.maven.cli.MavenCli.execute(MavenCli.java:863) [maven-embedder-3.3.9.jar:3.3.9]
	at org.apache.maven.cli.MavenCli.doMain(MavenCli.java:288) [maven-embedder-3.3.9.jar:3.3.9]
	at org.apache.maven.cli.MavenCli.main(MavenCli.java:199) [maven-embedder-3.3.9.jar:3.3.9]
	at sun.reflect.NativeMethodAccessorImpl.invoke0(Native Method) ~[?:1.8.0_161]
	at sun.reflect.NativeMethodAccessorImpl.invoke(NativeMethodAccessorImpl.java:62) ~[?:1.8.0_161]
	at sun.reflect.DelegatingMethodAccessorImpl.invoke(DelegatingMethodAccessorImpl.java:43) ~[?:1.8.0_161]
	at java.lang.reflect.Method.invoke(Method.java:498) ~[?:1.8.0_161]
	at org.codehaus.plexus.classworlds.launcher.Launcher.launchEnhanced(Launcher.java:289) [plexus-classworlds-2.5.2.jar:?]
	at org.codehaus.plexus.classworlds.launcher.Launcher.launch(Launcher.java:229) [plexus-classworlds-2.5.2.jar:?]
	at org.codehaus.plexus.classworlds.launcher.Launcher.mainWithExitCode(Launcher.java:415) [plexus-classworlds-2.5.2.jar:?]
	at org.codehaus.plexus.classworlds.launcher.Launcher.main(Launcher.java:356) [plexus-classworlds-2.5.2.jar:?]
	at org.codehaus.classworlds.Launcher.main(Launcher.java:47) [plexus-classworlds-2.5.2.jar:?]
Caused by: java.io.FileNotFoundException: ${ENV_MESSAGE}/env.properties (No such file or directory)
	at java.io.FileInputStream.open0(Native Method) ~[?:1.8.0_161]
	at java.io.FileInputStream.open(FileInputStream.java:195) ~[?:1.8.0_161]
	at java.io.FileInputStream.<init>(FileInputStream.java:138) ~[?:1.8.0_161]
	at java.io.FileInputStream.<init>(FileInputStream.java:93) ~[?:1.8.0_161]
	at sun.net.www.protocol.file.FileURLConnection.connect(FileURLConnection.java:90) ~[?:1.8.0_161]
	at sun.net.www.protocol.file.FileURLConnection.getInputStream(FileURLConnection.java:188) ~[?:1.8.0_161]
	at org.springframework.core.io.UrlResource.getInputStream(UrlResource.java:168) ~[spring-core-4.2.6.RELEASE.jar:4.2.6.RELEASE]
	at org.springframework.core.io.support.EncodedResource.getInputStream(EncodedResource.java:153) ~[spring-core-4.2.6.RELEASE.jar:4.2.6.RELEASE]
	at org.springframework.core.io.support.PropertiesLoaderUtils.fillProperties(PropertiesLoaderUtils.java:98) ~[spring-core-4.2.6.RELEASE.jar:4.2.6.RELEASE]
	at org.springframework.core.io.support.PropertiesLoaderSupport.loadProperties(PropertiesLoaderSupport.java:175) ~[spring-core-4.2.6.RELEASE.jar:4.2.6.RELEASE]
	at org.springframework.core.io.support.PropertiesLoaderSupport.mergeProperties(PropertiesLoaderSupport.java:156) ~[spring-core-4.2.6.RELEASE.jar:4.2.6.RELEASE]
	at org.springframework.beans.factory.config.PropertyResourceConfigurer.postProcessBeanFactory(PropertyResourceConfigurer.java:80) ~[spring-beans-4.2.6.RELEASE.jar:4.2.6.RELEASE]
	... 51 more
