2018-11-13 10:33:47,880:INFO main (ContextLoader.java:305) - Root WebApplicationContext: initialization started
2018-11-13 10:33:47,977:INFO main (AbstractApplicationContext.java:578) - Refreshing Root WebApplicationContext: startup date [Tue Nov 13 10:33:47 CST 2018]; root of context hierarchy
2018-11-13 10:33:48,018:INFO main (XmlBeanDefinitionReader.java:317) - Loading XML bean definitions from class path resource [applicationContext.xml]
2018-11-13 10:33:48,173:INFO main (XmlBeanDefinitionReader.java:317) - Loading XML bean definitions from class path resource [spring-aspect.xml]
2018-11-13 10:33:48,230:INFO main (XmlBeanDefinitionReader.java:317) - Loading XML bean definitions from class path resource [spring-dubbo.xml]
2018-11-13 10:33:48,300:INFO main (XmlBeanDefinitionReader.java:317) - Loading XML bean definitions from class path resource [spring-mybatis.xml]
2018-11-13 10:33:48,354:INFO main (XmlBeanDefinitionReader.java:317) - Loading XML bean definitions from class path resource [spring-redis.xml]
2018-11-13 10:33:48,700:INFO main (PropertiesLoaderSupport.java:172) - Loading properties file from URL [file:${ENV_BRAIN_AUTHORIZATION}/env.properties]
2018-11-13 10:33:48,702:WARN main (AbstractApplicationContext.java:546) - Exception encountered during context initialization - cancelling refresh attempt: org.springframework.beans.factory.BeanInitializationException: Could not load properties; nested exception is java.io.FileNotFoundException: ${ENV_BRAIN_AUTHORIZATION}/env.properties (No such file or directory)
2018-11-13 10:33:48,704:ERROR main (ContextLoader.java:351) - Context initialization failed
org.springframework.beans.factory.BeanInitializationException: Could not load properties; nested exception is java.io.FileNotFoundException: ${ENV_BRAIN_AUTHORIZATION}/env.properties (No such file or directory)
	at org.springframework.beans.factory.config.PropertyResourceConfigurer.postProcessBeanFactory(PropertyResourceConfigurer.java:89) ~[spring-beans-4.2.6.RELEASE.jar:4.2.6.RELEASE]
	at org.springframework.context.support.PostProcessorRegistrationDelegate.invokeBeanFactoryPostProcessors(PostProcessorRegistrationDelegate.java:284) ~[spring-context-4.2.6.RELEASE.jar:4.2.6.RELEASE]
	at org.springframework.context.support.PostProcessorRegistrationDelegate.invokeBeanFactoryPostProcessors(PostProcessorRegistrationDelegate.java:166) ~[spring-context-4.2.6.RELEASE.jar:4.2.6.RELEASE]
	at org.springframework.context.support.AbstractApplicationContext.invokeBeanFactoryPostProcessors(AbstractApplicationContext.java:678) ~[spring-context-4.2.6.RELEASE.jar:4.2.6.RELEASE]
	at org.springframework.context.support.AbstractApplicationContext.refresh(AbstractApplicationContext.java:520) ~[spring-context-4.2.6.RELEASE.jar:4.2.6.RELEASE]
	at org.springframework.web.context.ContextLoader.configureAndRefreshWebApplicationContext(ContextLoader.java:444) ~[spring-web-4.2.6.RELEASE.jar:4.2.6.RELEASE]
	at org.springframework.web.context.ContextLoader.initWebApplicationContext(ContextLoader.java:326) [spring-web-4.2.6.RELEASE.jar:4.2.6.RELEASE]
	at org.springframework.web.context.ContextLoaderListener.contextInitialized(ContextLoaderListener.java:107) [spring-web-4.2.6.RELEASE.jar:4.2.6.RELEASE]
	at org.eclipse.jetty.server.handler.ContextHandler.callContextInitialized(ContextHandler.java:782) [jetty-server-8.1.16.v20140903.jar:8.1.16.v20140903]
	at org.eclipse.jetty.servlet.ServletContextHandler.callContextInitialized(ServletContextHandler.java:424) [jetty-servlet-8.1.16.v20140903.jar:8.1.16.v20140903]
	at org.eclipse.jetty.server.handler.ContextHandler.startContext(ContextHandler.java:774) [jetty-server-8.1.16.v20140903.jar:8.1.16.v20140903]
	at org.eclipse.jetty.servlet.ServletContextHandler.startContext(ServletContextHandler.java:249) [jetty-servlet-8.1.16.v20140903.jar:8.1.16.v20140903]
	at org.eclipse.jetty.webapp.WebAppContext.startContext(WebAppContext.java:1242) [jetty-webapp-8.1.16.v20140903.jar:8.1.16.v20140903]
	at org.eclipse.jetty.server.handler.ContextHandler.doStart(ContextHandler.java:717) [jetty-server-8.1.16.v20140903.jar:8.1.16.v20140903]
	at org.eclipse.jetty.webapp.WebAppContext.doStart(WebAppContext.java:494) [jetty-webapp-8.1.16.v20140903.jar:8.1.16.v20140903]
	at org.mortbay.jetty.plugin.JettyWebAppContext.doStart(JettyWebAppContext.java:298) [jetty-maven-plugin-8.1.16.v20140903.jar:8.1.16.v20140903]
	at org.eclipse.jetty.util.component.AbstractLifeCycle.start(AbstractLifeCycle.java:64) [jetty-util-8.1.16.v20140903.jar:8.1.16.v20140903]
	at org.eclipse.jetty.server.handler.HandlerCollection.doStart(HandlerCollection.java:229) [jetty-server-8.1.16.v20140903.jar:8.1.16.v20140903]
	at org.eclipse.jetty.server.handler.ContextHandlerCollection.doStart(ContextHandlerCollection.java:172) [jetty-server-8.1.16.v20140903.jar:8.1.16.v20140903]
	at org.eclipse.jetty.util.component.AbstractLifeCycle.start(AbstractLifeCycle.java:64) [jetty-util-8.1.16.v20140903.jar:8.1.16.v20140903]
	at org.eclipse.jetty.server.handler.HandlerCollection.doStart(HandlerCollection.java:229) [jetty-server-8.1.16.v20140903.jar:8.1.16.v20140903]
	at org.eclipse.jetty.util.component.AbstractLifeCycle.start(AbstractLifeCycle.java:64) [jetty-util-8.1.16.v20140903.jar:8.1.16.v20140903]
	at org.eclipse.jetty.server.handler.HandlerWrapper.doStart(HandlerWrapper.java:95) [jetty-server-8.1.16.v20140903.jar:8.1.16.v20140903]
	at org.eclipse.jetty.server.Server.doStart(Server.java:282) [jetty-server-8.1.16.v20140903.jar:8.1.16.v20140903]
	at org.mortbay.jetty.plugin.JettyServer.doStart(JettyServer.java:65) [jetty-maven-plugin-8.1.16.v20140903.jar:8.1.16.v20140903]
	at org.eclipse.jetty.util.component.AbstractLifeCycle.start(AbstractLifeCycle.java:64) [jetty-util-8.1.16.v20140903.jar:8.1.16.v20140903]
	at org.mortbay.jetty.plugin.AbstractJettyMojo.startJetty(AbstractJettyMojo.java:520) [jetty-maven-plugin-8.1.16.v20140903.jar:8.1.16.v20140903]
	at org.mortbay.jetty.plugin.AbstractJettyMojo.execute(AbstractJettyMojo.java:365) [jetty-maven-plugin-8.1.16.v20140903.jar:8.1.16.v20140903]
	at org.mortbay.jetty.plugin.JettyRunMojo.execute(JettyRunMojo.java:523) [jetty-maven-plugin-8.1.16.v20140903.jar:8.1.16.v20140903]
	at org.apache.maven.plugin.DefaultBuildPluginManager.executeMojo(DefaultBuildPluginManager.java:134) [maven-core-3.3.9.jar:3.3.9]
	at org.apache.maven.lifecycle.internal.MojoExecutor.execute(MojoExecutor.java:207) [maven-core-3.3.9.jar:3.3.9]
	at org.apache.maven.lifecycle.internal.MojoExecutor.execute(MojoExecutor.java:153) [maven-core-3.3.9.jar:3.3.9]
	at org.apache.maven.lifecycle.internal.MojoExecutor.execute(MojoExecutor.java:145) [maven-core-3.3.9.jar:3.3.9]
	at org.apache.maven.lifecycle.internal.LifecycleModuleBuilder.buildProject(LifecycleModuleBuilder.java:116) [maven-core-3.3.9.jar:3.3.9]
	at org.apache.maven.lifecycle.internal.LifecycleModuleBuilder.buildProject(LifecycleModuleBuilder.java:80) [maven-core-3.3.9.jar:3.3.9]
	at org.apache.maven.lifecycle.internal.builder.singlethreaded.SingleThreadedBuilder.build(SingleThreadedBuilder.java:51) [maven-core-3.3.9.jar:3.3.9]
	at org.apache.maven.lifecycle.internal.LifecycleStarter.execute(LifecycleStarter.java:128) [maven-core-3.3.9.jar:3.3.9]
	at org.apache.maven.DefaultMaven.doExecute(DefaultMaven.java:307) [maven-core-3.3.9.jar:3.3.9]
	at org.apache.maven.DefaultMaven.doExecute(DefaultMaven.java:193) [maven-core-3.3.9.jar:3.3.9]
	at org.apache.maven.DefaultMaven.execute(DefaultMaven.java:106) [maven-core-3.3.9.jar:3.3.9]
	at org.apache.maven.cli.MavenCli.execute(MavenCli.java:863) [maven-embedder-3.3.9.jar:3.3.9]
	at org.apache.maven.cli.MavenCli.doMain(MavenCli.java:288) [maven-embedder-3.3.9.jar:3.3.9]
	at org.apache.maven.cli.MavenCli.main(MavenCli.java:199) [maven-embedder-3.3.9.jar:3.3.9]
	at sun.reflect.NativeMethodAccessorImpl.invoke0(Native Method) ~[?:1.8.0_161]
	at sun.reflect.NativeMethodAccessorImpl.invoke(NativeMethodAccessorImpl.java:62) ~[?:1.8.0_161]
	at sun.reflect.DelegatingMethodAccessorImpl.invoke(DelegatingMethodAccessorImpl.java:43) ~[?:1.8.0_161]
	at java.lang.reflect.Method.invoke(Method.java:498) ~[?:1.8.0_161]
	at org.codehaus.plexus.classworlds.launcher.Launcher.launchEnhanced(Launcher.java:289) [plexus-classworlds-2.5.2.jar:?]
	at org.codehaus.plexus.classworlds.launcher.Launcher.launch(Launcher.java:229) [plexus-classworlds-2.5.2.jar:?]
	at org.codehaus.plexus.classworlds.launcher.Launcher.mainWithExitCode(Launcher.java:415) [plexus-classworlds-2.5.2.jar:?]
	at org.codehaus.plexus.classworlds.launcher.Launcher.main(Launcher.java:356) [plexus-classworlds-2.5.2.jar:?]
	at org.codehaus.classworlds.Launcher.main(Launcher.java:47) [plexus-classworlds-2.5.2.jar:?]
Caused by: java.io.FileNotFoundException: ${ENV_BRAIN_AUTHORIZATION}/env.properties (No such file or directory)
	at java.io.FileInputStream.open0(Native Method) ~[?:1.8.0_161]
	at java.io.FileInputStream.open(FileInputStream.java:195) ~[?:1.8.0_161]
	at java.io.FileInputStream.<init>(FileInputStream.java:138) ~[?:1.8.0_161]
	at java.io.FileInputStream.<init>(FileInputStream.java:93) ~[?:1.8.0_161]
	at sun.net.www.protocol.file.FileURLConnection.connect(FileURLConnection.java:90) ~[?:1.8.0_161]
	at sun.net.www.protocol.file.FileURLConnection.getInputStream(FileURLConnection.java:188) ~[?:1.8.0_161]
	at org.springframework.core.io.UrlResource.getInputStream(UrlResource.java:168) ~[spring-core-4.2.6.RELEASE.jar:4.2.6.RELEASE]
	at org.springframework.core.io.support.EncodedResource.getInputStream(EncodedResource.java:153) ~[spring-core-4.2.6.RELEASE.jar:4.2.6.RELEASE]
	at org.springframework.core.io.support.PropertiesLoaderUtils.fillProperties(PropertiesLoaderUtils.java:98) ~[spring-core-4.2.6.RELEASE.jar:4.2.6.RELEASE]
	at org.springframework.core.io.support.PropertiesLoaderSupport.loadProperties(PropertiesLoaderSupport.java:175) ~[spring-core-4.2.6.RELEASE.jar:4.2.6.RELEASE]
	at org.springframework.core.io.support.PropertiesLoaderSupport.mergeProperties(PropertiesLoaderSupport.java:156) ~[spring-core-4.2.6.RELEASE.jar:4.2.6.RELEASE]
	at org.springframework.beans.factory.config.PropertyResourceConfigurer.postProcessBeanFactory(PropertyResourceConfigurer.java:80) ~[spring-beans-4.2.6.RELEASE.jar:4.2.6.RELEASE]
	... 51 more
2018-11-13 10:36:41,197:INFO main (ContextLoader.java:305) - Root WebApplicationContext: initialization started
2018-11-13 10:36:41,277:INFO main (AbstractApplicationContext.java:578) - Refreshing Root WebApplicationContext: startup date [Tue Nov 13 10:36:41 CST 2018]; root of context hierarchy
2018-11-13 10:36:41,351:INFO main (XmlBeanDefinitionReader.java:317) - Loading XML bean definitions from class path resource [applicationContext.xml]
2018-11-13 10:36:41,452:INFO main (XmlBeanDefinitionReader.java:317) - Loading XML bean definitions from class path resource [spring-aspect.xml]
2018-11-13 10:36:41,498:INFO main (XmlBeanDefinitionReader.java:317) - Loading XML bean definitions from class path resource [spring-dubbo.xml]
2018-11-13 10:36:41,562:INFO main (XmlBeanDefinitionReader.java:317) - Loading XML bean definitions from class path resource [spring-mybatis.xml]
2018-11-13 10:36:41,621:INFO main (XmlBeanDefinitionReader.java:317) - Loading XML bean definitions from class path resource [spring-redis.xml]
2018-11-13 10:36:41,966:INFO main (PropertiesLoaderSupport.java:172) - Loading properties file from URL [file:/Users/kaixuan/IdeaProjects/brain-authorization/brain-authorization-web/src/main/resources/env/env.properties]
2018-11-13 10:36:41,976:INFO main (AutowiredAnnotationBeanPostProcessor.java:153) - JSR-330 'javax.inject.Inject' annotation found and supported for autowiring
2018-11-13 10:36:44,312:INFO main (PropertiesLoaderSupport.java:172) - Loading properties file from class path resource [freemarkerStaticClass.properties]
2018-11-13 10:36:45,172:INFO main (ContextLoader.java:345) - Root WebApplicationContext: initialization completed in 3973 ms
2018-11-13 10:36:45,238:INFO main (FrameworkServlet.java:487) - FrameworkServlet 'springmvc': initialization started
2018-11-13 10:36:45,242:INFO main (AbstractApplicationContext.java:578) - Refreshing WebApplicationContext for namespace 'springmvc-servlet': startup date [Tue Nov 13 10:36:45 CST 2018]; parent: Root WebApplicationContext
2018-11-13 10:36:45,243:INFO main (XmlBeanDefinitionReader.java:317) - Loading XML bean definitions from ServletContext resource [/WEB-INF/springmvc-servlet.xml]
2018-11-13 10:36:45,433:INFO main (PropertiesLoaderSupport.java:172) - Loading properties file from URL [file:/Users/kaixuan/IdeaProjects/brain-authorization/brain-authorization-web/src/main/resources/env/env.properties]
2018-11-13 10:36:45,434:INFO main (AutowiredAnnotationBeanPostProcessor.java:153) - JSR-330 'javax.inject.Inject' annotation found and supported for autowiring
2018-11-13 10:36:45,752:INFO main (AbstractHandlerMethodMapping.java:534) - Mapped "{[/domesticBuyerDocument/update],methods=[POST]}" onto public com.ygbc.brain.base.rpc.Resp com.ygbc.brain.business.management.web.controller.DomesticBuyerDocumentController.update(com.ygbc.brain.base.rpc.Req<com.ygbc.brain.business.management.api.dto.UpdateDomesticBuyerDocumentReqDTO>)
2018-11-13 10:36:45,753:INFO main (AbstractHandlerMethodMapping.java:534) - Mapped "{[/domesticBuyerDocument/accept],methods=[POST]}" onto public com.ygbc.brain.base.rpc.Resp com.ygbc.brain.business.management.web.controller.DomesticBuyerDocumentController.accept(com.ygbc.brain.base.rpc.Req<com.ygbc.brain.business.management.api.dto.AcceptDomesticBuyerDocumentReqDTO>)
2018-11-13 10:36:45,754:INFO main (AbstractHandlerMethodMapping.java:534) - Mapped "{[/domesticBuyerDocument/list],methods=[POST]}" onto public com.ygbc.brain.base.rpc.Resp<java.util.List<com.ygbc.brain.business.management.api.model.DomesticBuyerDocumentModel>> com.ygbc.brain.business.management.web.controller.DomesticBuyerDocumentController.list(com.ygbc.brain.base.rpc.Req<com.ygbc.brain.business.management.api.dto.QueryDomesticBuyerDocumentDTO>)
2018-11-13 10:36:45,754:INFO main (AbstractHandlerMethodMapping.java:534) - Mapped "{[/domesticBuyerDocument/detail],methods=[POST]}" onto com.ygbc.brain.base.rpc.Resp<com.ygbc.brain.business.management.api.model.DomesticBuyerDocumentModel> com.ygbc.brain.business.management.web.controller.DomesticBuyerDocumentController.detail(com.ygbc.brain.base.rpc.Req<com.ygbc.brain.business.management.api.dto.DetailDomesticBuyerDocumentDTO>)
2018-11-13 10:36:45,754:INFO main (AbstractHandlerMethodMapping.java:534) - Mapped "{[/domesticBuyerDocument/reject],methods=[POST]}" onto public com.ygbc.brain.base.rpc.Resp com.ygbc.brain.business.management.web.controller.DomesticBuyerDocumentController.reject(com.ygbc.brain.base.rpc.Req<com.ygbc.brain.business.management.api.dto.RejectDomesticBuyerDocumentReqDTO>)
2018-11-13 10:36:45,754:INFO main (AbstractHandlerMethodMapping.java:534) - Mapped "{[/domesticBuyerDocument/receive],methods=[POST]}" onto public com.ygbc.brain.base.rpc.Resp com.ygbc.brain.business.management.web.controller.DomesticBuyerDocumentController.receive(com.ygbc.brain.base.rpc.Req<com.ygbc.brain.business.management.api.dto.ReceiveDomesticBuyerDocumentReqDTO>)
2018-11-13 10:36:45,755:INFO main (AbstractHandlerMethodMapping.java:534) - Mapped "{[/domesticBuyerDocument/payment],methods=[POST]}" onto public com.ygbc.brain.base.rpc.Resp com.ygbc.brain.business.management.web.controller.DomesticBuyerDocumentController.payment(com.ygbc.brain.base.rpc.Req<com.ygbc.brain.business.management.api.dto.PaymentDomesticBuyerDocumentReqDTO>)
2018-11-13 10:36:45,755:INFO main (AbstractHandlerMethodMapping.java:534) - Mapped "{[/domesticBuyerDocument/advice],methods=[POST]}" onto public com.ygbc.brain.base.rpc.Resp com.ygbc.brain.business.management.web.controller.DomesticBuyerDocumentController.advice(com.ygbc.brain.base.rpc.Req<com.ygbc.brain.business.management.api.dto.AdviceDomesticBuyerDocumentReqDTO>)
2018-11-13 10:36:46,235:INFO main (RequestMappingHandlerAdapter.java:539) - Looking for @ControllerAdvice: WebApplicationContext for namespace 'springmvc-servlet': startup date [Tue Nov 13 10:36:45 CST 2018]; parent: Root WebApplicationContext
2018-11-13 10:36:46,287:INFO main (RequestMappingHandlerAdapter.java:539) - Looking for @ControllerAdvice: WebApplicationContext for namespace 'springmvc-servlet': startup date [Tue Nov 13 10:36:45 CST 2018]; parent: Root WebApplicationContext
2018-11-13 10:36:46,362:INFO main (AbstractUrlHandlerMapping.java:341) - Mapped URL path [/**] onto handler 'org.springframework.web.servlet.resource.DefaultServletHttpRequestHandler#0'
2018-11-13 10:36:46,440:INFO main (FrameworkServlet.java:506) - FrameworkServlet 'springmvc': initialization completed in 1201 ms
2018-11-13 10:57:24,218:INFO main (ContextLoader.java:305) - Root WebApplicationContext: initialization started
2018-11-13 10:57:24,355:INFO main (AbstractApplicationContext.java:578) - Refreshing Root WebApplicationContext: startup date [Tue Nov 13 10:57:24 CST 2018]; root of context hierarchy
2018-11-13 10:57:24,474:INFO main (XmlBeanDefinitionReader.java:317) - Loading XML bean definitions from class path resource [applicationContext.xml]
2018-11-13 10:57:24,935:INFO main (XmlBeanDefinitionReader.java:317) - Loading XML bean definitions from class path resource [spring-aspect.xml]
2018-11-13 10:57:25,230:INFO main (XmlBeanDefinitionReader.java:317) - Loading XML bean definitions from class path resource [spring-dubbo.xml]
2018-11-13 10:57:25,421:INFO main (XmlBeanDefinitionReader.java:317) - Loading XML bean definitions from class path resource [spring-mybatis.xml]
2018-11-13 10:57:25,594:INFO main (XmlBeanDefinitionReader.java:317) - Loading XML bean definitions from class path resource [spring-redis.xml]
2018-11-13 10:57:26,443:INFO main (PropertiesLoaderSupport.java:172) - Loading properties file from URL [file:/Users/kaixuan/IdeaProjects/brain-authorization/brain-authorization-web/src/main/resources/env/env.properties]
2018-11-13 10:57:26,450:INFO main (AutowiredAnnotationBeanPostProcessor.java:153) - JSR-330 'javax.inject.Inject' annotation found and supported for autowiring
2018-11-13 10:57:29,966:INFO main (PropertiesLoaderSupport.java:172) - Loading properties file from class path resource [freemarkerStaticClass.properties]
2018-11-13 10:57:30,990:INFO main (ContextLoader.java:345) - Root WebApplicationContext: initialization completed in 6769 ms
2018-11-13 10:57:31,058:INFO main (FrameworkServlet.java:487) - FrameworkServlet 'springmvc': initialization started
2018-11-13 10:57:31,061:INFO main (AbstractApplicationContext.java:578) - Refreshing WebApplicationContext for namespace 'springmvc-servlet': startup date [Tue Nov 13 10:57:31 CST 2018]; parent: Root WebApplicationContext
2018-11-13 10:57:31,062:INFO main (XmlBeanDefinitionReader.java:317) - Loading XML bean definitions from ServletContext resource [/WEB-INF/springmvc-servlet.xml]
2018-11-13 10:57:31,205:INFO main (PropertiesLoaderSupport.java:172) - Loading properties file from URL [file:/Users/kaixuan/IdeaProjects/brain-authorization/brain-authorization-web/src/main/resources/env/env.properties]
2018-11-13 10:57:31,208:INFO main (AutowiredAnnotationBeanPostProcessor.java:153) - JSR-330 'javax.inject.Inject' annotation found and supported for autowiring
2018-11-13 10:57:31,506:INFO main (AbstractHandlerMethodMapping.java:534) - Mapped "{[/domesticBuyerDocument/update],methods=[POST]}" onto public com.ygbc.brain.base.rpc.Resp com.ygbc.brain.business.management.web.controller.DomesticBuyerDocumentController.update(com.ygbc.brain.base.rpc.Req<com.ygbc.brain.business.management.api.dto.UpdateDomesticBuyerDocumentReqDTO>)
2018-11-13 10:57:31,511:INFO main (AbstractHandlerMethodMapping.java:534) - Mapped "{[/domesticBuyerDocument/accept],methods=[POST]}" onto public com.ygbc.brain.base.rpc.Resp com.ygbc.brain.business.management.web.controller.DomesticBuyerDocumentController.accept(com.ygbc.brain.base.rpc.Req<com.ygbc.brain.business.management.api.dto.AcceptDomesticBuyerDocumentReqDTO>)
2018-11-13 10:57:31,520:INFO main (AbstractHandlerMethodMapping.java:534) - Mapped "{[/domesticBuyerDocument/list],methods=[POST]}" onto public com.ygbc.brain.base.rpc.Resp<java.util.List<com.ygbc.brain.business.management.api.model.DomesticBuyerDocumentModel>> com.ygbc.brain.business.management.web.controller.DomesticBuyerDocumentController.list(com.ygbc.brain.base.rpc.Req<com.ygbc.brain.business.management.api.dto.QueryDomesticBuyerDocumentDTO>)
2018-11-13 10:57:31,521:INFO main (AbstractHandlerMethodMapping.java:534) - Mapped "{[/domesticBuyerDocument/detail],methods=[POST]}" onto com.ygbc.brain.base.rpc.Resp<com.ygbc.brain.business.management.api.model.DomesticBuyerDocumentModel> com.ygbc.brain.business.management.web.controller.DomesticBuyerDocumentController.detail(com.ygbc.brain.base.rpc.Req<com.ygbc.brain.business.management.api.dto.DetailDomesticBuyerDocumentDTO>)
2018-11-13 10:57:31,521:INFO main (AbstractHandlerMethodMapping.java:534) - Mapped "{[/domesticBuyerDocument/reject],methods=[POST]}" onto public com.ygbc.brain.base.rpc.Resp com.ygbc.brain.business.management.web.controller.DomesticBuyerDocumentController.reject(com.ygbc.brain.base.rpc.Req<com.ygbc.brain.business.management.api.dto.RejectDomesticBuyerDocumentReqDTO>)
2018-11-13 10:57:31,523:INFO main (AbstractHandlerMethodMapping.java:534) - Mapped "{[/domesticBuyerDocument/advice],methods=[POST]}" onto public com.ygbc.brain.base.rpc.Resp com.ygbc.brain.business.management.web.controller.DomesticBuyerDocumentController.advice(com.ygbc.brain.base.rpc.Req<com.ygbc.brain.business.management.api.dto.AdviceDomesticBuyerDocumentReqDTO>)
2018-11-13 10:57:31,523:INFO main (AbstractHandlerMethodMapping.java:534) - Mapped "{[/domesticBuyerDocument/receive],methods=[POST]}" onto public com.ygbc.brain.base.rpc.Resp com.ygbc.brain.business.management.web.controller.DomesticBuyerDocumentController.receive(com.ygbc.brain.base.rpc.Req<com.ygbc.brain.business.management.api.dto.ReceiveDomesticBuyerDocumentReqDTO>)
2018-11-13 10:57:31,524:INFO main (AbstractHandlerMethodMapping.java:534) - Mapped "{[/domesticBuyerDocument/payment],methods=[POST]}" onto public com.ygbc.brain.base.rpc.Resp com.ygbc.brain.business.management.web.controller.DomesticBuyerDocumentController.payment(com.ygbc.brain.base.rpc.Req<com.ygbc.brain.business.management.api.dto.PaymentDomesticBuyerDocumentReqDTO>)
2018-11-13 10:57:32,035:INFO main (RequestMappingHandlerAdapter.java:539) - Looking for @ControllerAdvice: WebApplicationContext for namespace 'springmvc-servlet': startup date [Tue Nov 13 10:57:31 CST 2018]; parent: Root WebApplicationContext
2018-11-13 10:57:32,089:INFO main (RequestMappingHandlerAdapter.java:539) - Looking for @ControllerAdvice: WebApplicationContext for namespace 'springmvc-servlet': startup date [Tue Nov 13 10:57:31 CST 2018]; parent: Root WebApplicationContext
2018-11-13 10:57:32,150:INFO main (AbstractUrlHandlerMapping.java:341) - Mapped URL path [/**] onto handler 'org.springframework.web.servlet.resource.DefaultServletHttpRequestHandler#0'
2018-11-13 10:57:32,215:INFO main (FrameworkServlet.java:506) - FrameworkServlet 'springmvc': initialization completed in 1155 ms
