2018-12-24 13:04:08,208:INFO main (ContextLoader.java:305) - Root WebApplicationContext: initialization started
2018-12-24 13:04:08,321:INFO main (AbstractApplicationContext.java:578) - Refreshing Root WebApplicationContext: startup date [Mon Dec 24 13:04:08 CST 2018]; root of context hierarchy
2018-12-24 13:04:08,361:INFO main (XmlBeanDefinitionReader.java:317) - Loading XML bean definitions from class path resource [applicationContext.xml]
2018-12-24 13:04:08,477:INFO main (XmlBeanDefinitionReader.java:317) - Loading XML bean definitions from class path resource [spring-aspect.xml]
2018-12-24 13:04:08,524:INFO main (XmlBeanDefinitionReader.java:317) - Loading XML bean definitions from class path resource [spring-dubbo.xml]
2018-12-24 13:04:08,594:INFO main (XmlBeanDefinitionReader.java:317) - Loading XML bean definitions from class path resource [spring-mybatis.xml]
2018-12-24 13:04:08,650:INFO main (XmlBeanDefinitionReader.java:317) - Loading XML bean definitions from class path resource [spring-redis.xml]
2018-12-24 13:04:08,989:INFO main (PropertiesLoaderSupport.java:172) - Loading properties file from URL [file:/Users/kaixuan/IdeaProjects/message/message-business-management/message-business-management-web/src/main/resources/env/env.properties]
2018-12-24 13:04:09,000:INFO main (AutowiredAnnotationBeanPostProcessor.java:153) - JSR-330 'javax.inject.Inject' annotation found and supported for autowiring
2018-12-24 13:04:11,397:INFO main (PropertiesLoaderSupport.java:172) - Loading properties file from class path resource [freemarkerStaticClass.properties]
2018-12-24 13:04:12,327:INFO main (ContextLoader.java:345) - Root WebApplicationContext: initialization completed in 4109 ms
2018-12-24 13:04:12,395:INFO main (FrameworkServlet.java:487) - FrameworkServlet 'springmvc': initialization started
2018-12-24 13:04:12,398:INFO main (AbstractApplicationContext.java:578) - Refreshing WebApplicationContext for namespace 'springmvc-servlet': startup date [Mon Dec 24 13:04:12 CST 2018]; parent: Root WebApplicationContext
2018-12-24 13:04:12,399:INFO main (XmlBeanDefinitionReader.java:317) - Loading XML bean definitions from ServletContext resource [/WEB-INF/springmvc-servlet.xml]
2018-12-24 13:04:12,542:INFO main (PropertiesLoaderSupport.java:172) - Loading properties file from URL [file:/Users/kaixuan/IdeaProjects/message/message-business-management/message-business-management-web/src/main/resources/env/env.properties]
2018-12-24 13:04:12,545:INFO main (AutowiredAnnotationBeanPostProcessor.java:153) - JSR-330 'javax.inject.Inject' annotation found and supported for autowiring
2018-12-24 13:04:12,822:INFO main (AbstractHandlerMethodMapping.java:534) - Mapped "{[/card/create],methods=[POST]}" onto public com.ygbc.brain.base.rpc.Resp com.ygbc.brain.business.management.web.controller.CardController.create(com.ygbc.brain.base.rpc.Req<com.ygbc.brain.business.management.api.dto.card.CardCreateReqDTO>)
2018-12-24 13:04:12,823:INFO main (AbstractHandlerMethodMapping.java:534) - Mapped "{[/card/detail],methods=[POST]}" onto public com.ygbc.brain.base.rpc.Resp<com.ygbc.brain.business.management.api.model.card.CardModel> com.ygbc.brain.business.management.web.controller.CardController.detail(com.ygbc.brain.base.rpc.Req<com.ygbc.brain.business.management.api.dto.card.CardDetailReqDTO>)
2018-12-24 13:04:12,828:INFO main (AbstractHandlerMethodMapping.java:534) - Mapped "{[/domesticBuyerDocument/update],methods=[POST]}" onto public com.ygbc.brain.base.rpc.Resp com.ygbc.brain.business.management.web.controller.DomesticBuyerDocumentController.update(com.ygbc.brain.base.rpc.Req<com.ygbc.brain.business.management.api.dto.UpdateDomesticBuyerDocumentReqDTO>)
2018-12-24 13:04:12,829:INFO main (AbstractHandlerMethodMapping.java:534) - Mapped "{[/domesticBuyerDocument/accept],methods=[POST]}" onto public com.ygbc.brain.base.rpc.Resp com.ygbc.brain.business.management.web.controller.DomesticBuyerDocumentController.accept(com.ygbc.brain.base.rpc.Req<com.ygbc.brain.business.management.api.dto.AcceptDomesticBuyerDocumentReqDTO>)
2018-12-24 13:04:12,829:INFO main (AbstractHandlerMethodMapping.java:534) - Mapped "{[/domesticBuyerDocument/list],methods=[POST]}" onto public com.ygbc.brain.base.rpc.Resp<java.util.List<com.ygbc.brain.business.management.api.model.DomesticBuyerDocumentModel>> com.ygbc.brain.business.management.web.controller.DomesticBuyerDocumentController.list(com.ygbc.brain.base.rpc.Req<com.ygbc.brain.business.management.api.dto.QueryDomesticBuyerDocumentDTO>)
2018-12-24 13:04:12,830:INFO main (AbstractHandlerMethodMapping.java:534) - Mapped "{[/domesticBuyerDocument/detail],methods=[POST]}" onto com.ygbc.brain.base.rpc.Resp<com.ygbc.brain.business.management.api.model.DomesticBuyerDocumentModel> com.ygbc.brain.business.management.web.controller.DomesticBuyerDocumentController.detail(com.ygbc.brain.base.rpc.Req<com.ygbc.brain.business.management.api.dto.DetailDomesticBuyerDocumentDTO>)
2018-12-24 13:04:12,830:INFO main (AbstractHandlerMethodMapping.java:534) - Mapped "{[/domesticBuyerDocument/reject],methods=[POST]}" onto public com.ygbc.brain.base.rpc.Resp com.ygbc.brain.business.management.web.controller.DomesticBuyerDocumentController.reject(com.ygbc.brain.base.rpc.Req<com.ygbc.brain.business.management.api.dto.RejectDomesticBuyerDocumentReqDTO>)
2018-12-24 13:04:12,831:INFO main (AbstractHandlerMethodMapping.java:534) - Mapped "{[/domesticBuyerDocument/advice],methods=[POST]}" onto public com.ygbc.brain.base.rpc.Resp com.ygbc.brain.business.management.web.controller.DomesticBuyerDocumentController.advice(com.ygbc.brain.base.rpc.Req<com.ygbc.brain.business.management.api.dto.AdviceDomesticBuyerDocumentReqDTO>)
2018-12-24 13:04:12,832:INFO main (AbstractHandlerMethodMapping.java:534) - Mapped "{[/domesticBuyerDocument/receive],methods=[POST]}" onto public com.ygbc.brain.base.rpc.Resp com.ygbc.brain.business.management.web.controller.DomesticBuyerDocumentController.receive(com.ygbc.brain.base.rpc.Req<com.ygbc.brain.business.management.api.dto.ReceiveDomesticBuyerDocumentReqDTO>)
2018-12-24 13:04:12,832:INFO main (AbstractHandlerMethodMapping.java:534) - Mapped "{[/domesticBuyerDocument/payment],methods=[POST]}" onto public com.ygbc.brain.base.rpc.Resp com.ygbc.brain.business.management.web.controller.DomesticBuyerDocumentController.payment(com.ygbc.brain.base.rpc.Req<com.ygbc.brain.business.management.api.dto.PaymentDomesticBuyerDocumentReqDTO>)
2018-12-24 13:04:13,389:INFO main (RequestMappingHandlerAdapter.java:539) - Looking for @ControllerAdvice: WebApplicationContext for namespace 'springmvc-servlet': startup date [Mon Dec 24 13:04:12 CST 2018]; parent: Root WebApplicationContext
2018-12-24 13:04:13,472:INFO main (RequestMappingHandlerAdapter.java:539) - Looking for @ControllerAdvice: WebApplicationContext for namespace 'springmvc-servlet': startup date [Mon Dec 24 13:04:12 CST 2018]; parent: Root WebApplicationContext
2018-12-24 13:04:13,550:INFO main (AbstractUrlHandlerMapping.java:341) - Mapped URL path [/**] onto handler 'org.springframework.web.servlet.resource.DefaultServletHttpRequestHandler#0'
2018-12-24 13:04:13,638:INFO main (FrameworkServlet.java:506) - FrameworkServlet 'springmvc': initialization completed in 1243 ms
2018-12-24 13:13:45,442:INFO qtp1001946422-27 (XmlBeanDefinitionReader.java:317) - Loading XML bean definitions from class path resource [org/springframework/jdbc/support/sql-error-codes.xml]
2018-12-24 13:13:45,461:INFO qtp1001946422-27 (SQLErrorCodesFactory.java:126) - SQLErrorCodes loaded: [DB2, Derby, H2, HSQL, Informix, MS-SQL, MySQL, Oracle, PostgreSQL, Sybase, Hana]
2018-12-24 16:21:18,806:INFO main (ContextLoader.java:305) - Root WebApplicationContext: initialization started
2018-12-24 16:21:18,884:INFO main (AbstractApplicationContext.java:578) - Refreshing Root WebApplicationContext: startup date [Mon Dec 24 16:21:18 CST 2018]; root of context hierarchy
2018-12-24 16:21:18,937:INFO main (XmlBeanDefinitionReader.java:317) - Loading XML bean definitions from class path resource [applicationContext.xml]
2018-12-24 16:21:19,039:INFO main (XmlBeanDefinitionReader.java:317) - Loading XML bean definitions from class path resource [spring-aspect.xml]
2018-12-24 16:21:19,082:INFO main (XmlBeanDefinitionReader.java:317) - Loading XML bean definitions from class path resource [spring-dubbo.xml]
2018-12-24 16:21:19,138:INFO main (XmlBeanDefinitionReader.java:317) - Loading XML bean definitions from class path resource [spring-mybatis.xml]
2018-12-24 16:21:19,190:INFO main (XmlBeanDefinitionReader.java:317) - Loading XML bean definitions from class path resource [spring-redis.xml]
2018-12-24 16:21:19,501:INFO main (PropertiesLoaderSupport.java:172) - Loading properties file from URL [file:/Users/kaixuan/IdeaProjects/message/message-business-management/message-business-management-web/src/main/resources/env/env.properties]
2018-12-24 16:21:19,510:INFO main (AutowiredAnnotationBeanPostProcessor.java:153) - JSR-330 'javax.inject.Inject' annotation found and supported for autowiring
2018-12-24 16:21:21,965:INFO main (PropertiesLoaderSupport.java:172) - Loading properties file from class path resource [freemarkerStaticClass.properties]
2018-12-24 16:21:22,810:INFO main (ContextLoader.java:345) - Root WebApplicationContext: initialization completed in 4001 ms
2018-12-24 16:21:22,871:INFO main (FrameworkServlet.java:487) - FrameworkServlet 'springmvc': initialization started
2018-12-24 16:21:22,874:INFO main (AbstractApplicationContext.java:578) - Refreshing WebApplicationContext for namespace 'springmvc-servlet': startup date [Mon Dec 24 16:21:22 CST 2018]; parent: Root WebApplicationContext
2018-12-24 16:21:22,875:INFO main (XmlBeanDefinitionReader.java:317) - Loading XML bean definitions from ServletContext resource [/WEB-INF/springmvc-servlet.xml]
2018-12-24 16:21:22,966:INFO main (PropertiesLoaderSupport.java:172) - Loading properties file from URL [file:/Users/kaixuan/IdeaProjects/message/message-business-management/message-business-management-web/src/main/resources/env/env.properties]
2018-12-24 16:21:22,968:INFO main (AutowiredAnnotationBeanPostProcessor.java:153) - JSR-330 'javax.inject.Inject' annotation found and supported for autowiring
2018-12-24 16:21:23,228:INFO main (AbstractHandlerMethodMapping.java:534) - Mapped "{[/feeling/create],methods=[POST]}" onto public com.ygbc.brain.base.rpc.Resp com.ygbc.brain.business.management.web.controller.FeelingController.create(com.ygbc.brain.base.rpc.Req<com.ygbc.brain.business.management.api.dto.feeling.FeelingCreateReqDTO>)
2018-12-24 16:21:23,229:INFO main (AbstractHandlerMethodMapping.java:534) - Mapped "{[/card/create],methods=[POST]}" onto public com.ygbc.brain.base.rpc.Resp com.ygbc.brain.business.management.web.controller.CardController.create(com.ygbc.brain.base.rpc.Req<com.ygbc.brain.business.management.api.dto.card.CardCreateReqDTO>)
2018-12-24 16:21:23,230:INFO main (AbstractHandlerMethodMapping.java:534) - Mapped "{[/card/detail],methods=[POST]}" onto public com.ygbc.brain.base.rpc.Resp<com.ygbc.brain.business.management.api.model.card.CardModel> com.ygbc.brain.business.management.web.controller.CardController.detail(com.ygbc.brain.base.rpc.Req<com.ygbc.brain.business.management.api.dto.card.CardDetailReqDTO>)
2018-12-24 16:21:23,235:INFO main (AbstractHandlerMethodMapping.java:534) - Mapped "{[/domesticBuyerDocument/update],methods=[POST]}" onto public com.ygbc.brain.base.rpc.Resp com.ygbc.brain.business.management.web.controller.DomesticBuyerDocumentController.update(com.ygbc.brain.base.rpc.Req<com.ygbc.brain.business.management.api.dto.UpdateDomesticBuyerDocumentReqDTO>)
2018-12-24 16:21:23,235:INFO main (AbstractHandlerMethodMapping.java:534) - Mapped "{[/domesticBuyerDocument/accept],methods=[POST]}" onto public com.ygbc.brain.base.rpc.Resp com.ygbc.brain.business.management.web.controller.DomesticBuyerDocumentController.accept(com.ygbc.brain.base.rpc.Req<com.ygbc.brain.business.management.api.dto.AcceptDomesticBuyerDocumentReqDTO>)
2018-12-24 16:21:23,236:INFO main (AbstractHandlerMethodMapping.java:534) - Mapped "{[/domesticBuyerDocument/list],methods=[POST]}" onto public com.ygbc.brain.base.rpc.Resp<java.util.List<com.ygbc.brain.business.management.api.model.DomesticBuyerDocumentModel>> com.ygbc.brain.business.management.web.controller.DomesticBuyerDocumentController.list(com.ygbc.brain.base.rpc.Req<com.ygbc.brain.business.management.api.dto.QueryDomesticBuyerDocumentDTO>)
2018-12-24 16:21:23,236:INFO main (AbstractHandlerMethodMapping.java:534) - Mapped "{[/domesticBuyerDocument/detail],methods=[POST]}" onto com.ygbc.brain.base.rpc.Resp<com.ygbc.brain.business.management.api.model.DomesticBuyerDocumentModel> com.ygbc.brain.business.management.web.controller.DomesticBuyerDocumentController.detail(com.ygbc.brain.base.rpc.Req<com.ygbc.brain.business.management.api.dto.DetailDomesticBuyerDocumentDTO>)
2018-12-24 16:21:23,236:INFO main (AbstractHandlerMethodMapping.java:534) - Mapped "{[/domesticBuyerDocument/reject],methods=[POST]}" onto public com.ygbc.brain.base.rpc.Resp com.ygbc.brain.business.management.web.controller.DomesticBuyerDocumentController.reject(com.ygbc.brain.base.rpc.Req<com.ygbc.brain.business.management.api.dto.RejectDomesticBuyerDocumentReqDTO>)
2018-12-24 16:21:23,237:INFO main (AbstractHandlerMethodMapping.java:534) - Mapped "{[/domesticBuyerDocument/advice],methods=[POST]}" onto public com.ygbc.brain.base.rpc.Resp com.ygbc.brain.business.management.web.controller.DomesticBuyerDocumentController.advice(com.ygbc.brain.base.rpc.Req<com.ygbc.brain.business.management.api.dto.AdviceDomesticBuyerDocumentReqDTO>)
2018-12-24 16:21:23,237:INFO main (AbstractHandlerMethodMapping.java:534) - Mapped "{[/domesticBuyerDocument/receive],methods=[POST]}" onto public com.ygbc.brain.base.rpc.Resp com.ygbc.brain.business.management.web.controller.DomesticBuyerDocumentController.receive(com.ygbc.brain.base.rpc.Req<com.ygbc.brain.business.management.api.dto.ReceiveDomesticBuyerDocumentReqDTO>)
2018-12-24 16:21:23,237:INFO main (AbstractHandlerMethodMapping.java:534) - Mapped "{[/domesticBuyerDocument/payment],methods=[POST]}" onto public com.ygbc.brain.base.rpc.Resp com.ygbc.brain.business.management.web.controller.DomesticBuyerDocumentController.payment(com.ygbc.brain.base.rpc.Req<com.ygbc.brain.business.management.api.dto.PaymentDomesticBuyerDocumentReqDTO>)
2018-12-24 16:21:23,590:INFO main (RequestMappingHandlerAdapter.java:539) - Looking for @ControllerAdvice: WebApplicationContext for namespace 'springmvc-servlet': startup date [Mon Dec 24 16:21:22 CST 2018]; parent: Root WebApplicationContext
2018-12-24 16:21:23,641:INFO main (RequestMappingHandlerAdapter.java:539) - Looking for @ControllerAdvice: WebApplicationContext for namespace 'springmvc-servlet': startup date [Mon Dec 24 16:21:22 CST 2018]; parent: Root WebApplicationContext
2018-12-24 16:21:23,704:INFO main (AbstractUrlHandlerMapping.java:341) - Mapped URL path [/**] onto handler 'org.springframework.web.servlet.resource.DefaultServletHttpRequestHandler#0'
2018-12-24 16:21:23,780:INFO main (FrameworkServlet.java:506) - FrameworkServlet 'springmvc': initialization completed in 908 ms
2018-12-24 16:23:48,771:INFO main (ContextLoader.java:305) - Root WebApplicationContext: initialization started
2018-12-24 16:23:48,852:INFO main (AbstractApplicationContext.java:578) - Refreshing Root WebApplicationContext: startup date [Mon Dec 24 16:23:48 CST 2018]; root of context hierarchy
2018-12-24 16:23:48,878:INFO main (XmlBeanDefinitionReader.java:317) - Loading XML bean definitions from class path resource [applicationContext.xml]
2018-12-24 16:23:49,014:INFO main (XmlBeanDefinitionReader.java:317) - Loading XML bean definitions from class path resource [spring-aspect.xml]
2018-12-24 16:23:49,059:INFO main (XmlBeanDefinitionReader.java:317) - Loading XML bean definitions from class path resource [spring-dubbo.xml]
2018-12-24 16:23:49,111:INFO main (XmlBeanDefinitionReader.java:317) - Loading XML bean definitions from class path resource [spring-mybatis.xml]
2018-12-24 16:23:49,157:INFO main (XmlBeanDefinitionReader.java:317) - Loading XML bean definitions from class path resource [spring-redis.xml]
2018-12-24 16:23:49,500:INFO main (PropertiesLoaderSupport.java:172) - Loading properties file from URL [file:/Users/kaixuan/IdeaProjects/message/message-business-management/message-business-management-web/src/main/resources/env/env.properties]
2018-12-24 16:23:49,515:INFO main (AutowiredAnnotationBeanPostProcessor.java:153) - JSR-330 'javax.inject.Inject' annotation found and supported for autowiring
2018-12-24 16:23:51,715:INFO main (PropertiesLoaderSupport.java:172) - Loading properties file from class path resource [freemarkerStaticClass.properties]
2018-12-24 16:23:52,546:INFO main (ContextLoader.java:345) - Root WebApplicationContext: initialization completed in 3774 ms
2018-12-24 16:23:52,605:INFO main (FrameworkServlet.java:487) - FrameworkServlet 'springmvc': initialization started
2018-12-24 16:23:52,608:INFO main (AbstractApplicationContext.java:578) - Refreshing WebApplicationContext for namespace 'springmvc-servlet': startup date [Mon Dec 24 16:23:52 CST 2018]; parent: Root WebApplicationContext
2018-12-24 16:23:52,609:INFO main (XmlBeanDefinitionReader.java:317) - Loading XML bean definitions from ServletContext resource [/WEB-INF/springmvc-servlet.xml]
2018-12-24 16:23:52,705:INFO main (PropertiesLoaderSupport.java:172) - Loading properties file from URL [file:/Users/kaixuan/IdeaProjects/message/message-business-management/message-business-management-web/src/main/resources/env/env.properties]
2018-12-24 16:23:52,706:INFO main (AutowiredAnnotationBeanPostProcessor.java:153) - JSR-330 'javax.inject.Inject' annotation found and supported for autowiring
2018-12-24 16:23:52,990:INFO main (AbstractHandlerMethodMapping.java:534) - Mapped "{[/feeling/create],methods=[POST]}" onto public com.ygbc.brain.base.rpc.Resp com.ygbc.brain.business.management.web.controller.FeelingController.create(com.ygbc.brain.base.rpc.Req<com.ygbc.brain.business.management.api.dto.feeling.FeelingCreateReqDTO>)
2018-12-24 16:23:52,992:INFO main (AbstractHandlerMethodMapping.java:534) - Mapped "{[/card/create],methods=[POST]}" onto public com.ygbc.brain.base.rpc.Resp com.ygbc.brain.business.management.web.controller.CardController.create(com.ygbc.brain.base.rpc.Req<com.ygbc.brain.business.management.api.dto.card.CardCreateReqDTO>)
2018-12-24 16:23:52,993:INFO main (AbstractHandlerMethodMapping.java:534) - Mapped "{[/card/detail],methods=[POST]}" onto public com.ygbc.brain.base.rpc.Resp<com.ygbc.brain.business.management.api.model.card.CardModel> com.ygbc.brain.business.management.web.controller.CardController.detail(com.ygbc.brain.base.rpc.Req<com.ygbc.brain.business.management.api.dto.card.CardDetailReqDTO>)
2018-12-24 16:23:52,998:INFO main (AbstractHandlerMethodMapping.java:534) - Mapped "{[/domesticBuyerDocument/update],methods=[POST]}" onto public com.ygbc.brain.base.rpc.Resp com.ygbc.brain.business.management.web.controller.DomesticBuyerDocumentController.update(com.ygbc.brain.base.rpc.Req<com.ygbc.brain.business.management.api.dto.UpdateDomesticBuyerDocumentReqDTO>)
2018-12-24 16:23:52,999:INFO main (AbstractHandlerMethodMapping.java:534) - Mapped "{[/domesticBuyerDocument/accept],methods=[POST]}" onto public com.ygbc.brain.base.rpc.Resp com.ygbc.brain.business.management.web.controller.DomesticBuyerDocumentController.accept(com.ygbc.brain.base.rpc.Req<com.ygbc.brain.business.management.api.dto.AcceptDomesticBuyerDocumentReqDTO>)
2018-12-24 16:23:53,000:INFO main (AbstractHandlerMethodMapping.java:534) - Mapped "{[/domesticBuyerDocument/list],methods=[POST]}" onto public com.ygbc.brain.base.rpc.Resp<java.util.List<com.ygbc.brain.business.management.api.model.DomesticBuyerDocumentModel>> com.ygbc.brain.business.management.web.controller.DomesticBuyerDocumentController.list(com.ygbc.brain.base.rpc.Req<com.ygbc.brain.business.management.api.dto.QueryDomesticBuyerDocumentDTO>)
2018-12-24 16:23:53,000:INFO main (AbstractHandlerMethodMapping.java:534) - Mapped "{[/domesticBuyerDocument/detail],methods=[POST]}" onto com.ygbc.brain.base.rpc.Resp<com.ygbc.brain.business.management.api.model.DomesticBuyerDocumentModel> com.ygbc.brain.business.management.web.controller.DomesticBuyerDocumentController.detail(com.ygbc.brain.base.rpc.Req<com.ygbc.brain.business.management.api.dto.DetailDomesticBuyerDocumentDTO>)
2018-12-24 16:23:53,001:INFO main (AbstractHandlerMethodMapping.java:534) - Mapped "{[/domesticBuyerDocument/advice],methods=[POST]}" onto public com.ygbc.brain.base.rpc.Resp com.ygbc.brain.business.management.web.controller.DomesticBuyerDocumentController.advice(com.ygbc.brain.base.rpc.Req<com.ygbc.brain.business.management.api.dto.AdviceDomesticBuyerDocumentReqDTO>)
2018-12-24 16:23:53,001:INFO main (AbstractHandlerMethodMapping.java:534) - Mapped "{[/domesticBuyerDocument/reject],methods=[POST]}" onto public com.ygbc.brain.base.rpc.Resp com.ygbc.brain.business.management.web.controller.DomesticBuyerDocumentController.reject(com.ygbc.brain.base.rpc.Req<com.ygbc.brain.business.management.api.dto.RejectDomesticBuyerDocumentReqDTO>)
2018-12-24 16:23:53,002:INFO main (AbstractHandlerMethodMapping.java:534) - Mapped "{[/domesticBuyerDocument/receive],methods=[POST]}" onto public com.ygbc.brain.base.rpc.Resp com.ygbc.brain.business.management.web.controller.DomesticBuyerDocumentController.receive(com.ygbc.brain.base.rpc.Req<com.ygbc.brain.business.management.api.dto.ReceiveDomesticBuyerDocumentReqDTO>)
2018-12-24 16:23:53,002:INFO main (AbstractHandlerMethodMapping.java:534) - Mapped "{[/domesticBuyerDocument/payment],methods=[POST]}" onto public com.ygbc.brain.base.rpc.Resp com.ygbc.brain.business.management.web.controller.DomesticBuyerDocumentController.payment(com.ygbc.brain.base.rpc.Req<com.ygbc.brain.business.management.api.dto.PaymentDomesticBuyerDocumentReqDTO>)
2018-12-24 16:23:53,356:INFO main (RequestMappingHandlerAdapter.java:539) - Looking for @ControllerAdvice: WebApplicationContext for namespace 'springmvc-servlet': startup date [Mon Dec 24 16:23:52 CST 2018]; parent: Root WebApplicationContext
2018-12-24 16:23:53,450:INFO main (RequestMappingHandlerAdapter.java:539) - Looking for @ControllerAdvice: WebApplicationContext for namespace 'springmvc-servlet': startup date [Mon Dec 24 16:23:52 CST 2018]; parent: Root WebApplicationContext
2018-12-24 16:23:53,509:INFO main (AbstractUrlHandlerMapping.java:341) - Mapped URL path [/**] onto handler 'org.springframework.web.servlet.resource.DefaultServletHttpRequestHandler#0'
2018-12-24 16:23:53,594:INFO main (FrameworkServlet.java:506) - FrameworkServlet 'springmvc': initialization completed in 989 ms
2018-12-24 16:56:00,026:INFO main (ContextLoader.java:305) - Root WebApplicationContext: initialization started
2018-12-24 16:56:00,100:INFO main (AbstractApplicationContext.java:578) - Refreshing Root WebApplicationContext: startup date [Mon Dec 24 16:56:00 CST 2018]; root of context hierarchy
2018-12-24 16:56:00,127:INFO main (XmlBeanDefinitionReader.java:317) - Loading XML bean definitions from class path resource [applicationContext.xml]
2018-12-24 16:56:00,261:INFO main (XmlBeanDefinitionReader.java:317) - Loading XML bean definitions from class path resource [spring-aspect.xml]
2018-12-24 16:56:00,314:INFO main (XmlBeanDefinitionReader.java:317) - Loading XML bean definitions from class path resource [spring-dubbo.xml]
2018-12-24 16:56:00,366:INFO main (XmlBeanDefinitionReader.java:317) - Loading XML bean definitions from class path resource [spring-mybatis.xml]
2018-12-24 16:56:00,409:INFO main (XmlBeanDefinitionReader.java:317) - Loading XML bean definitions from class path resource [spring-redis.xml]
2018-12-24 16:56:00,734:INFO main (PropertiesLoaderSupport.java:172) - Loading properties file from URL [file:/Users/kaixuan/IdeaProjects/message/message-business-management/message-business-management-web/src/main/resources/env/env.properties]
2018-12-24 16:56:00,741:INFO main (AutowiredAnnotationBeanPostProcessor.java:153) - JSR-330 'javax.inject.Inject' annotation found and supported for autowiring
2018-12-24 16:56:02,932:INFO main (PropertiesLoaderSupport.java:172) - Loading properties file from class path resource [freemarkerStaticClass.properties]
2018-12-24 16:56:03,797:INFO main (ContextLoader.java:345) - Root WebApplicationContext: initialization completed in 3769 ms
2018-12-24 16:56:03,857:INFO main (FrameworkServlet.java:487) - FrameworkServlet 'springmvc': initialization started
2018-12-24 16:56:03,862:INFO main (AbstractApplicationContext.java:578) - Refreshing WebApplicationContext for namespace 'springmvc-servlet': startup date [Mon Dec 24 16:56:03 CST 2018]; parent: Root WebApplicationContext
2018-12-24 16:56:03,863:INFO main (XmlBeanDefinitionReader.java:317) - Loading XML bean definitions from ServletContext resource [/WEB-INF/springmvc-servlet.xml]
2018-12-24 16:56:03,956:INFO main (PropertiesLoaderSupport.java:172) - Loading properties file from URL [file:/Users/kaixuan/IdeaProjects/message/message-business-management/message-business-management-web/src/main/resources/env/env.properties]
2018-12-24 16:56:03,958:INFO main (AutowiredAnnotationBeanPostProcessor.java:153) - JSR-330 'javax.inject.Inject' annotation found and supported for autowiring
2018-12-24 16:56:04,213:INFO main (AbstractHandlerMethodMapping.java:534) - Mapped "{[/feeling/create],methods=[POST]}" onto public com.ygbc.brain.base.rpc.Resp com.ygbc.brain.business.management.web.controller.FeelingController.create(com.ygbc.brain.base.rpc.Req<com.ygbc.brain.business.management.api.dto.feeling.FeelingCreateReqDTO>)
2018-12-24 16:56:04,215:INFO main (AbstractHandlerMethodMapping.java:534) - Mapped "{[/card/create],methods=[POST]}" onto public com.ygbc.brain.base.rpc.Resp com.ygbc.brain.business.management.web.controller.CardController.create(com.ygbc.brain.base.rpc.Req<com.ygbc.brain.business.management.api.dto.card.CardCreateReqDTO>)
2018-12-24 16:56:04,215:INFO main (AbstractHandlerMethodMapping.java:534) - Mapped "{[/card/detail],methods=[POST]}" onto public com.ygbc.brain.base.rpc.Resp<com.ygbc.brain.business.management.api.model.card.CardModel> com.ygbc.brain.business.management.web.controller.CardController.detail(com.ygbc.brain.base.rpc.Req<com.ygbc.brain.business.management.api.dto.card.CardDetailReqDTO>)
2018-12-24 16:56:04,221:INFO main (AbstractHandlerMethodMapping.java:534) - Mapped "{[/domesticBuyerDocument/update],methods=[POST]}" onto public com.ygbc.brain.base.rpc.Resp com.ygbc.brain.business.management.web.controller.DomesticBuyerDocumentController.update(com.ygbc.brain.base.rpc.Req<com.ygbc.brain.business.management.api.dto.UpdateDomesticBuyerDocumentReqDTO>)
2018-12-24 16:56:04,221:INFO main (AbstractHandlerMethodMapping.java:534) - Mapped "{[/domesticBuyerDocument/accept],methods=[POST]}" onto public com.ygbc.brain.base.rpc.Resp com.ygbc.brain.business.management.web.controller.DomesticBuyerDocumentController.accept(com.ygbc.brain.base.rpc.Req<com.ygbc.brain.business.management.api.dto.AcceptDomesticBuyerDocumentReqDTO>)
2018-12-24 16:56:04,222:INFO main (AbstractHandlerMethodMapping.java:534) - Mapped "{[/domesticBuyerDocument/list],methods=[POST]}" onto public com.ygbc.brain.base.rpc.Resp<java.util.List<com.ygbc.brain.business.management.api.model.DomesticBuyerDocumentModel>> com.ygbc.brain.business.management.web.controller.DomesticBuyerDocumentController.list(com.ygbc.brain.base.rpc.Req<com.ygbc.brain.business.management.api.dto.QueryDomesticBuyerDocumentDTO>)
2018-12-24 16:56:04,222:INFO main (AbstractHandlerMethodMapping.java:534) - Mapped "{[/domesticBuyerDocument/detail],methods=[POST]}" onto com.ygbc.brain.base.rpc.Resp<com.ygbc.brain.business.management.api.model.DomesticBuyerDocumentModel> com.ygbc.brain.business.management.web.controller.DomesticBuyerDocumentController.detail(com.ygbc.brain.base.rpc.Req<com.ygbc.brain.business.management.api.dto.DetailDomesticBuyerDocumentDTO>)
2018-12-24 16:56:04,223:INFO main (AbstractHandlerMethodMapping.java:534) - Mapped "{[/domesticBuyerDocument/reject],methods=[POST]}" onto public com.ygbc.brain.base.rpc.Resp com.ygbc.brain.business.management.web.controller.DomesticBuyerDocumentController.reject(com.ygbc.brain.base.rpc.Req<com.ygbc.brain.business.management.api.dto.RejectDomesticBuyerDocumentReqDTO>)
2018-12-24 16:56:04,223:INFO main (AbstractHandlerMethodMapping.java:534) - Mapped "{[/domesticBuyerDocument/advice],methods=[POST]}" onto public com.ygbc.brain.base.rpc.Resp com.ygbc.brain.business.management.web.controller.DomesticBuyerDocumentController.advice(com.ygbc.brain.base.rpc.Req<com.ygbc.brain.business.management.api.dto.AdviceDomesticBuyerDocumentReqDTO>)
2018-12-24 16:56:04,224:INFO main (AbstractHandlerMethodMapping.java:534) - Mapped "{[/domesticBuyerDocument/receive],methods=[POST]}" onto public com.ygbc.brain.base.rpc.Resp com.ygbc.brain.business.management.web.controller.DomesticBuyerDocumentController.receive(com.ygbc.brain.base.rpc.Req<com.ygbc.brain.business.management.api.dto.ReceiveDomesticBuyerDocumentReqDTO>)
2018-12-24 16:56:04,224:INFO main (AbstractHandlerMethodMapping.java:534) - Mapped "{[/domesticBuyerDocument/payment],methods=[POST]}" onto public com.ygbc.brain.base.rpc.Resp com.ygbc.brain.business.management.web.controller.DomesticBuyerDocumentController.payment(com.ygbc.brain.base.rpc.Req<com.ygbc.brain.business.management.api.dto.PaymentDomesticBuyerDocumentReqDTO>)
2018-12-24 16:56:04,579:INFO main (RequestMappingHandlerAdapter.java:539) - Looking for @ControllerAdvice: WebApplicationContext for namespace 'springmvc-servlet': startup date [Mon Dec 24 16:56:03 CST 2018]; parent: Root WebApplicationContext
2018-12-24 16:56:04,629:INFO main (RequestMappingHandlerAdapter.java:539) - Looking for @ControllerAdvice: WebApplicationContext for namespace 'springmvc-servlet': startup date [Mon Dec 24 16:56:03 CST 2018]; parent: Root WebApplicationContext
2018-12-24 16:56:04,693:INFO main (AbstractUrlHandlerMapping.java:341) - Mapped URL path [/**] onto handler 'org.springframework.web.servlet.resource.DefaultServletHttpRequestHandler#0'
2018-12-24 16:56:04,772:INFO main (FrameworkServlet.java:506) - FrameworkServlet 'springmvc': initialization completed in 913 ms
2018-12-24 17:01:02,044:INFO main (ContextLoader.java:305) - Root WebApplicationContext: initialization started
2018-12-24 17:01:02,132:INFO main (AbstractApplicationContext.java:578) - Refreshing Root WebApplicationContext: startup date [Mon Dec 24 17:01:02 CST 2018]; root of context hierarchy
2018-12-24 17:01:02,166:INFO main (XmlBeanDefinitionReader.java:317) - Loading XML bean definitions from class path resource [applicationContext.xml]
2018-12-24 17:01:02,305:INFO main (XmlBeanDefinitionReader.java:317) - Loading XML bean definitions from class path resource [spring-aspect.xml]
2018-12-24 17:01:02,354:INFO main (XmlBeanDefinitionReader.java:317) - Loading XML bean definitions from class path resource [spring-dubbo.xml]
2018-12-24 17:01:02,410:INFO main (XmlBeanDefinitionReader.java:317) - Loading XML bean definitions from class path resource [spring-mybatis.xml]
2018-12-24 17:01:02,454:INFO main (XmlBeanDefinitionReader.java:317) - Loading XML bean definitions from class path resource [spring-redis.xml]
2018-12-24 17:01:02,769:INFO main (PropertiesLoaderSupport.java:172) - Loading properties file from URL [file:/Users/kaixuan/IdeaProjects/message/message-business-management/message-business-management-web/src/main/resources/env/env.properties]
2018-12-24 17:01:02,776:INFO main (AutowiredAnnotationBeanPostProcessor.java:153) - JSR-330 'javax.inject.Inject' annotation found and supported for autowiring
2018-12-24 17:01:05,178:INFO main (PropertiesLoaderSupport.java:172) - Loading properties file from class path resource [freemarkerStaticClass.properties]
2018-12-24 17:01:05,983:INFO main (ContextLoader.java:345) - Root WebApplicationContext: initialization completed in 3938 ms
2018-12-24 17:01:06,051:INFO main (FrameworkServlet.java:487) - FrameworkServlet 'springmvc': initialization started
2018-12-24 17:01:06,054:INFO main (AbstractApplicationContext.java:578) - Refreshing WebApplicationContext for namespace 'springmvc-servlet': startup date [Mon Dec 24 17:01:06 CST 2018]; parent: Root WebApplicationContext
2018-12-24 17:01:06,055:INFO main (XmlBeanDefinitionReader.java:317) - Loading XML bean definitions from ServletContext resource [/WEB-INF/springmvc-servlet.xml]
2018-12-24 17:01:06,160:INFO main (PropertiesLoaderSupport.java:172) - Loading properties file from URL [file:/Users/kaixuan/IdeaProjects/message/message-business-management/message-business-management-web/src/main/resources/env/env.properties]
2018-12-24 17:01:06,164:INFO main (AutowiredAnnotationBeanPostProcessor.java:153) - JSR-330 'javax.inject.Inject' annotation found and supported for autowiring
2018-12-24 17:01:06,467:INFO main (AbstractHandlerMethodMapping.java:534) - Mapped "{[/feeling/create],methods=[POST]}" onto public com.ygbc.brain.base.rpc.Resp com.ygbc.brain.business.management.web.controller.FeelingController.create(com.ygbc.brain.base.rpc.Req<com.ygbc.brain.business.management.api.dto.feeling.FeelingCreateReqDTO>)
2018-12-24 17:01:06,469:INFO main (AbstractHandlerMethodMapping.java:534) - Mapped "{[/card/create],methods=[POST]}" onto public com.ygbc.brain.base.rpc.Resp com.ygbc.brain.business.management.web.controller.CardController.create(com.ygbc.brain.base.rpc.Req<com.ygbc.brain.business.management.api.dto.card.CardCreateReqDTO>)
2018-12-24 17:01:06,470:INFO main (AbstractHandlerMethodMapping.java:534) - Mapped "{[/card/detail],methods=[POST]}" onto public com.ygbc.brain.base.rpc.Resp<com.ygbc.brain.business.management.api.model.card.CardModel> com.ygbc.brain.business.management.web.controller.CardController.detail(com.ygbc.brain.base.rpc.Req<com.ygbc.brain.business.management.api.dto.card.CardDetailReqDTO>)
2018-12-24 17:01:06,477:INFO main (AbstractHandlerMethodMapping.java:534) - Mapped "{[/domesticBuyerDocument/update],methods=[POST]}" onto public com.ygbc.brain.base.rpc.Resp com.ygbc.brain.business.management.web.controller.DomesticBuyerDocumentController.update(com.ygbc.brain.base.rpc.Req<com.ygbc.brain.business.management.api.dto.UpdateDomesticBuyerDocumentReqDTO>)
2018-12-24 17:01:06,478:INFO main (AbstractHandlerMethodMapping.java:534) - Mapped "{[/domesticBuyerDocument/accept],methods=[POST]}" onto public com.ygbc.brain.base.rpc.Resp com.ygbc.brain.business.management.web.controller.DomesticBuyerDocumentController.accept(com.ygbc.brain.base.rpc.Req<com.ygbc.brain.business.management.api.dto.AcceptDomesticBuyerDocumentReqDTO>)
2018-12-24 17:01:06,479:INFO main (AbstractHandlerMethodMapping.java:534) - Mapped "{[/domesticBuyerDocument/list],methods=[POST]}" onto public com.ygbc.brain.base.rpc.Resp<java.util.List<com.ygbc.brain.business.management.api.model.DomesticBuyerDocumentModel>> com.ygbc.brain.business.management.web.controller.DomesticBuyerDocumentController.list(com.ygbc.brain.base.rpc.Req<com.ygbc.brain.business.management.api.dto.QueryDomesticBuyerDocumentDTO>)
2018-12-24 17:01:06,480:INFO main (AbstractHandlerMethodMapping.java:534) - Mapped "{[/domesticBuyerDocument/detail],methods=[POST]}" onto com.ygbc.brain.base.rpc.Resp<com.ygbc.brain.business.management.api.model.DomesticBuyerDocumentModel> com.ygbc.brain.business.management.web.controller.DomesticBuyerDocumentController.detail(com.ygbc.brain.base.rpc.Req<com.ygbc.brain.business.management.api.dto.DetailDomesticBuyerDocumentDTO>)
2018-12-24 17:01:06,481:INFO main (AbstractHandlerMethodMapping.java:534) - Mapped "{[/domesticBuyerDocument/reject],methods=[POST]}" onto public com.ygbc.brain.base.rpc.Resp com.ygbc.brain.business.management.web.controller.DomesticBuyerDocumentController.reject(com.ygbc.brain.base.rpc.Req<com.ygbc.brain.business.management.api.dto.RejectDomesticBuyerDocumentReqDTO>)
2018-12-24 17:01:06,482:INFO main (AbstractHandlerMethodMapping.java:534) - Mapped "{[/domesticBuyerDocument/receive],methods=[POST]}" onto public com.ygbc.brain.base.rpc.Resp com.ygbc.brain.business.management.web.controller.DomesticBuyerDocumentController.receive(com.ygbc.brain.base.rpc.Req<com.ygbc.brain.business.management.api.dto.ReceiveDomesticBuyerDocumentReqDTO>)
2018-12-24 17:01:06,482:INFO main (AbstractHandlerMethodMapping.java:534) - Mapped "{[/domesticBuyerDocument/payment],methods=[POST]}" onto public com.ygbc.brain.base.rpc.Resp com.ygbc.brain.business.management.web.controller.DomesticBuyerDocumentController.payment(com.ygbc.brain.base.rpc.Req<com.ygbc.brain.business.management.api.dto.PaymentDomesticBuyerDocumentReqDTO>)
2018-12-24 17:01:06,482:INFO main (AbstractHandlerMethodMapping.java:534) - Mapped "{[/domesticBuyerDocument/advice],methods=[POST]}" onto public com.ygbc.brain.base.rpc.Resp com.ygbc.brain.business.management.web.controller.DomesticBuyerDocumentController.advice(com.ygbc.brain.base.rpc.Req<com.ygbc.brain.business.management.api.dto.AdviceDomesticBuyerDocumentReqDTO>)
2018-12-24 17:01:06,865:INFO main (RequestMappingHandlerAdapter.java:539) - Looking for @ControllerAdvice: WebApplicationContext for namespace 'springmvc-servlet': startup date [Mon Dec 24 17:01:06 CST 2018]; parent: Root WebApplicationContext
2018-12-24 17:01:06,961:INFO main (RequestMappingHandlerAdapter.java:539) - Looking for @ControllerAdvice: WebApplicationContext for namespace 'springmvc-servlet': startup date [Mon Dec 24 17:01:06 CST 2018]; parent: Root WebApplicationContext
2018-12-24 17:01:07,030:INFO main (AbstractUrlHandlerMapping.java:341) - Mapped URL path [/**] onto handler 'org.springframework.web.servlet.resource.DefaultServletHttpRequestHandler#0'
2018-12-24 17:01:07,112:INFO main (FrameworkServlet.java:506) - FrameworkServlet 'springmvc': initialization completed in 1061 ms
