2018-11-12 15:57:44,028:INFO main (ContextLoader.java:305) - Root WebApplicationContext: initialization started
2018-11-12 15:57:44,133:INFO main (AbstractApplicationContext.java:578) - Refreshing Root WebApplicationContext: startup date [Mon Nov 12 15:57:44 CST 2018]; root of context hierarchy
2018-11-12 15:57:44,174:INFO main (XmlBeanDefinitionReader.java:317) - Loading XML bean definitions from class path resource [applicationContext.xml]
2018-11-12 15:57:44,312:INFO main (XmlBeanDefinitionReader.java:317) - Loading XML bean definitions from class path resource [spring-aspect.xml]
2018-11-12 15:57:44,355:INFO main (XmlBeanDefinitionReader.java:317) - Loading XML bean definitions from class path resource [spring-dubbo.xml]
2018-11-12 15:57:44,416:INFO main (XmlBeanDefinitionReader.java:317) - Loading XML bean definitions from class path resource [spring-mybatis.xml]
2018-11-12 15:57:44,460:INFO main (XmlBeanDefinitionReader.java:317) - Loading XML bean definitions from class path resource [spring-redis.xml]
2018-11-12 15:57:44,770:INFO main (PropertiesLoaderSupport.java:172) - Loading properties file from URL [file:/Users/kaixuan/IdeaProjects/jEIBS-common-service/jEIBS-common-service-web/src/main/resources/env/env.properties]
2018-11-12 15:57:44,778:INFO main (AutowiredAnnotationBeanPostProcessor.java:153) - JSR-330 'javax.inject.Inject' annotation found and supported for autowiring
2018-11-12 15:57:46,743:INFO main (PropertiesLoaderSupport.java:172) - Loading properties file from class path resource [freemarkerStaticClass.properties]
2018-11-12 15:57:47,508:INFO main (ContextLoader.java:345) - Root WebApplicationContext: initialization completed in 3478 ms
2018-11-12 15:57:47,585:INFO main (FrameworkServlet.java:487) - FrameworkServlet 'springmvc': initialization started
2018-11-12 15:57:47,588:INFO main (AbstractApplicationContext.java:578) - Refreshing WebApplicationContext for namespace 'springmvc-servlet': startup date [Mon Nov 12 15:57:47 CST 2018]; parent: Root WebApplicationContext
2018-11-12 15:57:47,589:INFO main (XmlBeanDefinitionReader.java:317) - Loading XML bean definitions from ServletContext resource [/WEB-INF/springmvc-servlet.xml]
2018-11-12 15:57:47,691:INFO main (PropertiesLoaderSupport.java:172) - Loading properties file from URL [file:/Users/kaixuan/IdeaProjects/jEIBS-common-service/jEIBS-common-service-web/src/main/resources/env/env.properties]
2018-11-12 15:57:47,692:INFO main (AutowiredAnnotationBeanPostProcessor.java:153) - JSR-330 'javax.inject.Inject' annotation found and supported for autowiring
2018-11-12 15:57:47,970:INFO main (AbstractHandlerMethodMapping.java:534) - Mapped "{[/domesticBuyerDocument/update],methods=[POST]}" onto public com.ygbc.brain.base.rpc.Resp com.ygbc.brain.business.management.web.controller.DomesticBuyerDocumentController.update(com.ygbc.brain.base.rpc.Req<com.ygbc.brain.business.management.api.dto.UpdateDomesticBuyerDocumentReqDTO>)
2018-11-12 15:57:47,971:INFO main (AbstractHandlerMethodMapping.java:534) - Mapped "{[/domesticBuyerDocument/accept],methods=[POST]}" onto public com.ygbc.brain.base.rpc.Resp com.ygbc.brain.business.management.web.controller.DomesticBuyerDocumentController.accept(com.ygbc.brain.base.rpc.Req<com.ygbc.brain.business.management.api.dto.AcceptDomesticBuyerDocumentReqDTO>)
2018-11-12 15:57:47,972:INFO main (AbstractHandlerMethodMapping.java:534) - Mapped "{[/domesticBuyerDocument/list],methods=[POST]}" onto public com.ygbc.brain.base.rpc.Resp<java.util.List<com.ygbc.brain.business.management.api.model.DomesticBuyerDocumentModel>> com.ygbc.brain.business.management.web.controller.DomesticBuyerDocumentController.list(com.ygbc.brain.base.rpc.Req<com.ygbc.brain.business.management.api.dto.QueryDomesticBuyerDocumentDTO>)
2018-11-12 15:57:47,972:INFO main (AbstractHandlerMethodMapping.java:534) - Mapped "{[/domesticBuyerDocument/detail],methods=[POST]}" onto com.ygbc.brain.base.rpc.Resp<com.ygbc.brain.business.management.api.model.DomesticBuyerDocumentModel> com.ygbc.brain.business.management.web.controller.DomesticBuyerDocumentController.detail(com.ygbc.brain.base.rpc.Req<com.ygbc.brain.business.management.api.dto.DetailDomesticBuyerDocumentDTO>)
2018-11-12 15:57:47,973:INFO main (AbstractHandlerMethodMapping.java:534) - Mapped "{[/domesticBuyerDocument/reject],methods=[POST]}" onto public com.ygbc.brain.base.rpc.Resp com.ygbc.brain.business.management.web.controller.DomesticBuyerDocumentController.reject(com.ygbc.brain.base.rpc.Req<com.ygbc.brain.business.management.api.dto.RejectDomesticBuyerDocumentReqDTO>)
2018-11-12 15:57:47,973:INFO main (AbstractHandlerMethodMapping.java:534) - Mapped "{[/domesticBuyerDocument/payment],methods=[POST]}" onto public com.ygbc.brain.base.rpc.Resp com.ygbc.brain.business.management.web.controller.DomesticBuyerDocumentController.payment(com.ygbc.brain.base.rpc.Req<com.ygbc.brain.business.management.api.dto.PaymentDomesticBuyerDocumentReqDTO>)
2018-11-12 15:57:47,973:INFO main (AbstractHandlerMethodMapping.java:534) - Mapped "{[/domesticBuyerDocument/receive],methods=[POST]}" onto public com.ygbc.brain.base.rpc.Resp com.ygbc.brain.business.management.web.controller.DomesticBuyerDocumentController.receive(com.ygbc.brain.base.rpc.Req<com.ygbc.brain.business.management.api.dto.ReceiveDomesticBuyerDocumentReqDTO>)
2018-11-12 15:57:47,974:INFO main (AbstractHandlerMethodMapping.java:534) - Mapped "{[/domesticBuyerDocument/advice],methods=[POST]}" onto public com.ygbc.brain.base.rpc.Resp com.ygbc.brain.business.management.web.controller.DomesticBuyerDocumentController.advice(com.ygbc.brain.base.rpc.Req<com.ygbc.brain.business.management.api.dto.AdviceDomesticBuyerDocumentReqDTO>)
2018-11-12 15:57:48,349:INFO main (RequestMappingHandlerAdapter.java:539) - Looking for @ControllerAdvice: WebApplicationContext for namespace 'springmvc-servlet': startup date [Mon Nov 12 15:57:47 CST 2018]; parent: Root WebApplicationContext
2018-11-12 15:57:48,410:INFO main (RequestMappingHandlerAdapter.java:539) - Looking for @ControllerAdvice: WebApplicationContext for namespace 'springmvc-servlet': startup date [Mon Nov 12 15:57:47 CST 2018]; parent: Root WebApplicationContext
2018-11-12 15:57:48,487:INFO main (AbstractUrlHandlerMapping.java:341) - Mapped URL path [/**] onto handler 'org.springframework.web.servlet.resource.DefaultServletHttpRequestHandler#0'
2018-11-12 15:57:48,591:INFO main (FrameworkServlet.java:506) - FrameworkServlet 'springmvc': initialization completed in 1006 ms
2018-11-12 16:00:44,991:INFO main (ContextLoader.java:305) - Root WebApplicationContext: initialization started
2018-11-12 16:00:45,084:INFO main (AbstractApplicationContext.java:578) - Refreshing Root WebApplicationContext: startup date [Mon Nov 12 16:00:45 CST 2018]; root of context hierarchy
2018-11-12 16:00:45,128:INFO main (XmlBeanDefinitionReader.java:317) - Loading XML bean definitions from class path resource [applicationContext.xml]
2018-11-12 16:00:45,255:INFO main (XmlBeanDefinitionReader.java:317) - Loading XML bean definitions from class path resource [spring-aspect.xml]
2018-11-12 16:00:45,301:INFO main (XmlBeanDefinitionReader.java:317) - Loading XML bean definitions from class path resource [spring-dubbo.xml]
2018-11-12 16:00:45,354:INFO main (XmlBeanDefinitionReader.java:317) - Loading XML bean definitions from class path resource [spring-mybatis.xml]
2018-11-12 16:00:45,399:INFO main (XmlBeanDefinitionReader.java:317) - Loading XML bean definitions from class path resource [spring-redis.xml]
2018-11-12 16:00:45,724:INFO main (PropertiesLoaderSupport.java:172) - Loading properties file from URL [file:/Users/kaixuan/IdeaProjects/jEIBS-common-service/jEIBS-common-service-web/src/main/resources/env/env.properties]
2018-11-12 16:00:45,733:INFO main (AutowiredAnnotationBeanPostProcessor.java:153) - JSR-330 'javax.inject.Inject' annotation found and supported for autowiring
2018-11-12 16:00:47,869:INFO main (PropertiesLoaderSupport.java:172) - Loading properties file from class path resource [freemarkerStaticClass.properties]
2018-11-12 16:00:48,697:INFO main (ContextLoader.java:345) - Root WebApplicationContext: initialization completed in 3704 ms
2018-11-12 16:00:48,774:INFO main (FrameworkServlet.java:487) - FrameworkServlet 'springmvc': initialization started
2018-11-12 16:00:48,779:INFO main (AbstractApplicationContext.java:578) - Refreshing WebApplicationContext for namespace 'springmvc-servlet': startup date [Mon Nov 12 16:00:48 CST 2018]; parent: Root WebApplicationContext
2018-11-12 16:00:48,780:INFO main (XmlBeanDefinitionReader.java:317) - Loading XML bean definitions from ServletContext resource [/WEB-INF/springmvc-servlet.xml]
2018-11-12 16:00:48,865:INFO main (PropertiesLoaderSupport.java:172) - Loading properties file from URL [file:/Users/kaixuan/IdeaProjects/jEIBS-common-service/jEIBS-common-service-web/src/main/resources/env/env.properties]
2018-11-12 16:00:48,868:INFO main (AutowiredAnnotationBeanPostProcessor.java:153) - JSR-330 'javax.inject.Inject' annotation found and supported for autowiring
2018-11-12 16:00:49,177:INFO main (AbstractHandlerMethodMapping.java:534) - Mapped "{[/domesticBuyerDocument/update],methods=[POST]}" onto public com.ygbc.brain.base.rpc.Resp com.ygbc.brain.business.management.web.controller.DomesticBuyerDocumentController.update(com.ygbc.brain.base.rpc.Req<com.ygbc.brain.business.management.api.dto.UpdateDomesticBuyerDocumentReqDTO>)
2018-11-12 16:00:49,178:INFO main (AbstractHandlerMethodMapping.java:534) - Mapped "{[/domesticBuyerDocument/accept],methods=[POST]}" onto public com.ygbc.brain.base.rpc.Resp com.ygbc.brain.business.management.web.controller.DomesticBuyerDocumentController.accept(com.ygbc.brain.base.rpc.Req<com.ygbc.brain.business.management.api.dto.AcceptDomesticBuyerDocumentReqDTO>)
2018-11-12 16:00:49,179:INFO main (AbstractHandlerMethodMapping.java:534) - Mapped "{[/domesticBuyerDocument/list],methods=[POST]}" onto public com.ygbc.brain.base.rpc.Resp<java.util.List<com.ygbc.brain.business.management.api.model.DomesticBuyerDocumentModel>> com.ygbc.brain.business.management.web.controller.DomesticBuyerDocumentController.list(com.ygbc.brain.base.rpc.Req<com.ygbc.brain.business.management.api.dto.QueryDomesticBuyerDocumentDTO>)
2018-11-12 16:00:49,180:INFO main (AbstractHandlerMethodMapping.java:534) - Mapped "{[/domesticBuyerDocument/detail],methods=[POST]}" onto com.ygbc.brain.base.rpc.Resp<com.ygbc.brain.business.management.api.model.DomesticBuyerDocumentModel> com.ygbc.brain.business.management.web.controller.DomesticBuyerDocumentController.detail(com.ygbc.brain.base.rpc.Req<com.ygbc.brain.business.management.api.dto.DetailDomesticBuyerDocumentDTO>)
2018-11-12 16:00:49,180:INFO main (AbstractHandlerMethodMapping.java:534) - Mapped "{[/domesticBuyerDocument/reject],methods=[POST]}" onto public com.ygbc.brain.base.rpc.Resp com.ygbc.brain.business.management.web.controller.DomesticBuyerDocumentController.reject(com.ygbc.brain.base.rpc.Req<com.ygbc.brain.business.management.api.dto.RejectDomesticBuyerDocumentReqDTO>)
2018-11-12 16:00:49,181:INFO main (AbstractHandlerMethodMapping.java:534) - Mapped "{[/domesticBuyerDocument/advice],methods=[POST]}" onto public com.ygbc.brain.base.rpc.Resp com.ygbc.brain.business.management.web.controller.DomesticBuyerDocumentController.advice(com.ygbc.brain.base.rpc.Req<com.ygbc.brain.business.management.api.dto.AdviceDomesticBuyerDocumentReqDTO>)
2018-11-12 16:00:49,181:INFO main (AbstractHandlerMethodMapping.java:534) - Mapped "{[/domesticBuyerDocument/receive],methods=[POST]}" onto public com.ygbc.brain.base.rpc.Resp com.ygbc.brain.business.management.web.controller.DomesticBuyerDocumentController.receive(com.ygbc.brain.base.rpc.Req<com.ygbc.brain.business.management.api.dto.ReceiveDomesticBuyerDocumentReqDTO>)
2018-11-12 16:00:49,182:INFO main (AbstractHandlerMethodMapping.java:534) - Mapped "{[/domesticBuyerDocument/payment],methods=[POST]}" onto public com.ygbc.brain.base.rpc.Resp com.ygbc.brain.business.management.web.controller.DomesticBuyerDocumentController.payment(com.ygbc.brain.base.rpc.Req<com.ygbc.brain.business.management.api.dto.PaymentDomesticBuyerDocumentReqDTO>)
2018-11-12 16:00:49,581:INFO main (RequestMappingHandlerAdapter.java:539) - Looking for @ControllerAdvice: WebApplicationContext for namespace 'springmvc-servlet': startup date [Mon Nov 12 16:00:48 CST 2018]; parent: Root WebApplicationContext
2018-11-12 16:00:49,640:INFO main (RequestMappingHandlerAdapter.java:539) - Looking for @ControllerAdvice: WebApplicationContext for namespace 'springmvc-servlet': startup date [Mon Nov 12 16:00:48 CST 2018]; parent: Root WebApplicationContext
2018-11-12 16:00:49,703:INFO main (AbstractUrlHandlerMapping.java:341) - Mapped URL path [/**] onto handler 'org.springframework.web.servlet.resource.DefaultServletHttpRequestHandler#0'
2018-11-12 16:00:49,822:INFO main (FrameworkServlet.java:506) - FrameworkServlet 'springmvc': initialization completed in 1045 ms
