2019-01-17 17:07:26,186:DEBUG qtp1741618564-26 (BaseJdbcLogger.java:159) - ==>  Preparing: insert into experiment_record(name,hz,temperature) values (?,?,?) 
2019-01-17 17:07:26,232:DEBUG qtp1741618564-26 (BaseJdbcLogger.java:159) - ==> Parameters: 第一个实验记录(String), 1000(Integer), 26(Integer)
2019-01-17 17:07:26,256:DEBUG qtp1741618564-26 (BaseJdbcLogger.java:159) - <==    Updates: 1
2019-01-17 17:13:22,958:DEBUG qtp1741618564-25 (BaseJdbcLogger.java:159) - ==>  Preparing: insert into algorithm(name,name_cn,name_en,remark,arguments) values (?,?,?,?,?) 
2019-01-17 17:13:22,959:DEBUG qtp1741618564-25 (BaseJdbcLogger.java:159) - ==> Parameters: string(String), string(String), string(String), string(String), {}(String)
2019-01-17 17:13:22,970:DEBUG qtp1741618564-25 (BaseJdbcLogger.java:159) - <==    Updates: 1
2019-01-17 17:13:47,107:DEBUG qtp1741618564-29 (BaseJdbcLogger.java:159) - ==>  Preparing: insert into algorithm(name,name_cn,name_en,remark,arguments) values (?,?,?,?,?) 
2019-01-17 17:13:47,108:DEBUG qtp1741618564-29 (BaseJdbcLogger.java:159) - ==> Parameters: string(String), string(String), string(String), string(String), {}(String)
2019-01-17 17:13:47,116:DEBUG qtp1741618564-29 (BaseJdbcLogger.java:159) - <==    Updates: 1
2019-01-17 17:14:17,174:DEBUG qtp1741618564-25 (BaseJdbcLogger.java:159) - ==>  Preparing: insert into experiment_record(name,hz,temperature) values (?,?,?) 
2019-01-17 17:14:17,175:DEBUG qtp1741618564-25 (BaseJdbcLogger.java:159) - ==> Parameters: 第一个实验记录(String), 1000(Integer), 26(Integer)
2019-01-17 17:14:17,202:DEBUG qtp1741618564-25 (BaseJdbcLogger.java:159) - <==    Updates: 1
2019-01-17 17:15:06,593:DEBUG qtp1741618564-29 (BaseJdbcLogger.java:159) - ==>  Preparing: insert into algorithm(name,name_cn,name_en,arguments) values (?,?,?,?) 
2019-01-17 17:15:06,595:DEBUG qtp1741618564-29 (BaseJdbcLogger.java:159) - ==> Parameters: string(String), string(String), string(String), {}(String)
2019-01-17 17:15:06,604:DEBUG qtp1741618564-29 (BaseJdbcLogger.java:159) - <==    Updates: 1
2019-01-17 17:21:41,544:DEBUG qtp1741618564-25 (BaseJdbcLogger.java:159) - ==>  Preparing: insert into algorithm(name,name_cn,name_en,arguments) values (?,?,?,?) 
2019-01-17 17:21:41,548:DEBUG qtp1741618564-25 (BaseJdbcLogger.java:159) - ==> Parameters: string(String), string(String), string(String), {}(String)
2019-01-17 17:21:41,559:DEBUG qtp1741618564-25 (BaseJdbcLogger.java:159) - <==    Updates: 1
2019-01-17 17:32:44,541:DEBUG qtp119420356-26 (BaseJdbcLogger.java:159) - ==>  Preparing: insert into experiment_algorithm(name,experiment_id,algorithm_id,algorithm_name_cn,algorithm_name_en,remark,arguments) values (?,?,?,?,?,?,?) 
2019-01-17 17:32:44,629:DEBUG qtp119420356-26 (BaseJdbcLogger.java:159) - ==> Parameters: string(String), 0(Long), 0(Long), string(String), string(String), string(String), {}(String)
2019-01-17 17:32:44,649:DEBUG qtp119420356-26 (BaseJdbcLogger.java:159) - <==    Updates: 1
2019-01-17 17:32:57,618:DEBUG qtp119420356-27 (BaseJdbcLogger.java:159) - ==>  Preparing: insert into experiment_algorithm(name,experiment_id,algorithm_id,algorithm_name_cn,algorithm_name_en,remark,arguments) values (?,?,?,?,?,?,?) 
2019-01-17 17:32:57,622:DEBUG qtp119420356-27 (BaseJdbcLogger.java:159) - ==> Parameters: string(String), 0(Long), 0(Long), string(String), string(String), string(String), {}(String)
2019-01-17 17:32:57,633:DEBUG qtp119420356-27 (BaseJdbcLogger.java:159) - <==    Updates: 1
2019-01-17 17:34:02,280:DEBUG qtp119420356-30 (BaseJdbcLogger.java:159) - ==>  Preparing: insert into experiment_record(name,experiment_code,subject_user_id,subject_user_name,experiment_start_time,experiment_end_time,experiment_period,experiment_place,experiment_type,hz,sample_rate,experiment_impedance,reference_electrode,device_number,temperature,brain_wave) values (?,?,?,?,?,?,?,?,?,?,?,?,?,?,?,?) 
2019-01-17 17:34:02,294:DEBUG qtp119420356-30 (BaseJdbcLogger.java:159) - ==> Parameters: string(String), string(String), string(String), string(String), 2019-01-17 17:33:13.572(Timestamp), 2019-01-17 17:33:13.572(Timestamp), 0(Integer), string(String), string(String), 0(Integer), 0(Integer), 0(Integer), string(String), string(String), 0(Integer), string(String)
2019-01-17 17:35:27,533:DEBUG qtp119420356-26 (BaseJdbcLogger.java:159) - ==>  Preparing: insert into experiment_record(name,experiment_code,subject_user_id,subject_user_name,experiment_start_time,experiment_end_time,experiment_period,experiment_place,experiment_type,hz,sample_rate,experiment_impedance,reference_electrode,device_number,temperature,brain_wave) values (?,?,?,?,?,?,?,?,?,?,?,?,?,?,?,?) 
2019-01-17 17:35:27,535:DEBUG qtp119420356-26 (BaseJdbcLogger.java:159) - ==> Parameters: string(String), string(String), string(String), string(String), 2019-01-17 17:33:13.572(Timestamp), 2019-01-17 17:33:13.572(Timestamp), 0(Integer), string(String), c(String), 0(Integer), 0(Integer), 0(Integer), string(String), string(String), 0(Integer), string(String)
2019-01-17 17:35:27,556:DEBUG qtp119420356-26 (BaseJdbcLogger.java:159) - <==    Updates: 1
2019-01-17 17:36:57,939:DEBUG qtp119420356-27 (BaseJdbcLogger.java:159) - ==>  Preparing: insert into experiment_record(name,experiment_code,subject_user_id,subject_user_name,experiment_start_time,experiment_end_time,experiment_period,experiment_place,experiment_type,hz,sample_rate,experiment_impedance,reference_electrode,device_number,temperature,brain_wave,status) values (?,?,?,?,?,?,?,?,?,?,?,?,?,?,?,?,?) 
2019-01-17 17:36:57,940:DEBUG qtp119420356-27 (BaseJdbcLogger.java:159) - ==> Parameters: string(String), string(String), string(String), string(String), 2019-01-17 17:33:13.572(Timestamp), 2019-01-17 17:33:13.572(Timestamp), 0(Integer), string(String), S(String), 0(Integer), 0(Integer), 0(Integer), string(String), string(String), 0(Integer), string(String), D(String)
2019-01-17 17:36:57,964:DEBUG qtp119420356-27 (BaseJdbcLogger.java:159) - <==    Updates: 1
2019-01-17 17:40:19,035:DEBUG qtp119420356-30 (BaseJdbcLogger.java:159) - ==>  Preparing: select id, code, name, experiment_code, subject_user_id, subject_user_name,experiment_start_time,experiment_end_time,experiment_period, experiment_place,experiment_type,hz,sample_rate,experiment_impedance,reference_electrode,device_number,temperature,brain_wave,status, create_by, update_time, update_by, ver, is_del from experiment_record where id = ? and 1 = 1 
2019-01-17 17:40:19,036:DEBUG qtp119420356-30 (BaseJdbcLogger.java:159) - ==> Parameters: 19(Long)
2019-01-17 17:40:19,068:DEBUG qtp119420356-30 (BaseJdbcLogger.java:159) - <==      Total: 1
2019-01-17 17:41:17,788:DEBUG qtp119420356-29 (BaseJdbcLogger.java:159) - ==>  Preparing: select id, code, name, experiment_code, subject_user_id, subject_user_name,experiment_start_time,experiment_end_time,experiment_period, experiment_place,experiment_type,hz,sample_rate,experiment_impedance,reference_electrode,device_number,temperature,brain_wave,status, create_by, update_time, update_by, ver, is_del from experiment_record where id = ? and 1 = 1 
2019-01-17 17:41:17,790:DEBUG qtp119420356-29 (BaseJdbcLogger.java:159) - ==> Parameters: 19(Long)
2019-01-17 17:41:17,803:DEBUG qtp119420356-29 (BaseJdbcLogger.java:159) - <==      Total: 1
2019-01-17 17:41:17,812:DEBUG qtp119420356-29 (BaseJdbcLogger.java:159) - ==>  Preparing: select id, code, name, experiment_code, subject_user_id, subject_user_name,experiment_start_time,experiment_end_time,experiment_period, experiment_place,experiment_type,hz,sample_rate,experiment_impedance,reference_electrode,device_number,temperature,brain_wave,status, create_by, update_time, update_by, ver, is_del from experiment_record where id = ? and 1 = 1 
2019-01-17 17:41:17,814:DEBUG qtp119420356-29 (BaseJdbcLogger.java:159) - ==> Parameters: 19(Long)
2019-01-17 17:41:17,821:DEBUG qtp119420356-29 (BaseJdbcLogger.java:159) - <==      Total: 1
2019-01-17 17:41:17,824:DEBUG qtp119420356-29 (BaseJdbcLogger.java:159) - ==>  Preparing: update experiment_record set name = ?,experiment_code = ?,subject_user_id = ?,subject_user_name = ?,experiment_start_time = ?,experiment_end_time = ?,experiment_period = ?,experiment_place = ?,experiment_type = ?,hz = ?,sample_rate = ?,experiment_impedance = ?,reference_electrode = ?,device_number = ?,temperature = ?,brain_wave = ?,status = ?,update_by = ?,ver = ?,is_del = ?,ver = ver + 1 where id = ? 
2019-01-17 17:41:17,825:DEBUG qtp119420356-29 (BaseJdbcLogger.java:159) - ==> Parameters: string(String), string(String), string(String), string(String), 2019-01-17 17:33:14.0(Timestamp), 2019-01-17 17:33:14.0(Timestamp), 0(Integer), string(String), S(String), 0(Integer), 0(Integer), 0(Integer), string(String), string(String), 0(Integer), string(String), D(String), SYS(String), 0(Integer), 1(Integer), 19(Long)
2019-01-17 17:41:17,849:DEBUG qtp119420356-29 (BaseJdbcLogger.java:159) - <==    Updates: 1
2019-01-17 17:41:44,850:DEBUG qtp119420356-27 (BaseJdbcLogger.java:159) - ==>  Preparing: select count(1) from experiment_record WHERE is_del = ? and 1 = 1 
2019-01-17 17:41:44,851:DEBUG qtp119420356-27 (BaseJdbcLogger.java:159) - ==> Parameters: 1(Integer)
2019-01-17 17:41:44,858:DEBUG qtp119420356-27 (BaseJdbcLogger.java:159) - <==      Total: 1
2019-01-17 17:41:44,863:DEBUG qtp119420356-27 (BaseJdbcLogger.java:159) - ==>  Preparing: select id, code, name, experiment_code, subject_user_id, subject_user_name,experiment_start_time,experiment_end_time,experiment_period, experiment_place,experiment_type,hz,sample_rate,experiment_impedance,reference_electrode,device_number,temperature,brain_wave,status, create_by, update_time, update_by, ver, is_del from experiment_record WHERE is_del = ? and 1 = 1 limit 10 
2019-01-17 17:41:44,864:DEBUG qtp119420356-27 (BaseJdbcLogger.java:159) - ==> Parameters: 1(Integer)
2019-01-17 17:41:44,871:DEBUG qtp119420356-27 (BaseJdbcLogger.java:159) - <==      Total: 2
2019-01-17 17:41:52,720:DEBUG qtp119420356-25 (BaseJdbcLogger.java:159) - ==>  Preparing: select count(1) from experiment_record WHERE is_del = ? and 1 = 1 
2019-01-17 17:41:52,720:DEBUG qtp119420356-25 (BaseJdbcLogger.java:159) - ==> Parameters: 0(Integer)
2019-01-17 17:41:52,727:DEBUG qtp119420356-25 (BaseJdbcLogger.java:159) - <==      Total: 1
2019-01-17 17:41:52,730:DEBUG qtp119420356-25 (BaseJdbcLogger.java:159) - ==>  Preparing: select id, code, name, experiment_code, subject_user_id, subject_user_name,experiment_start_time,experiment_end_time,experiment_period, experiment_place,experiment_type,hz,sample_rate,experiment_impedance,reference_electrode,device_number,temperature,brain_wave,status, create_by, update_time, update_by, ver, is_del from experiment_record WHERE is_del = ? and 1 = 1 limit 10 
2019-01-17 17:41:52,732:DEBUG qtp119420356-25 (BaseJdbcLogger.java:159) - ==> Parameters: 0(Integer)
2019-01-17 17:41:52,743:DEBUG qtp119420356-25 (BaseJdbcLogger.java:159) - <==      Total: 5
2019-01-17 17:43:24,829:DEBUG qtp119420356-25 (BaseJdbcLogger.java:159) - ==>  Preparing: select id, code, name, experiment_code, subject_user_id, subject_user_name,experiment_start_time,experiment_end_time,experiment_period, experiment_place,experiment_type,hz,sample_rate,experiment_impedance,reference_electrode,device_number,temperature,brain_wave,status, create_by, update_time, update_by, ver, is_del from experiment_record where id = ? and 1 = 1 
2019-01-17 17:43:24,831:DEBUG qtp119420356-25 (BaseJdbcLogger.java:159) - ==> Parameters: 0(Long)
2019-01-17 17:43:24,838:DEBUG qtp119420356-25 (BaseJdbcLogger.java:159) - <==      Total: 0
2019-01-17 17:45:03,949:DEBUG qtp119420356-27 (BaseJdbcLogger.java:159) - ==>  Preparing: select id, code, name, experiment_code, subject_user_id, subject_user_name,experiment_start_time,experiment_end_time,experiment_period, experiment_place,experiment_type,hz,sample_rate,experiment_impedance,reference_electrode,device_number,temperature,brain_wave,status, create_by, update_time, update_by, ver, is_del from experiment_record where id = ? and 1 = 1 
2019-01-17 17:45:03,951:DEBUG qtp119420356-27 (BaseJdbcLogger.java:159) - ==> Parameters: 0(Long)
2019-01-17 17:45:03,958:DEBUG qtp119420356-27 (BaseJdbcLogger.java:159) - <==      Total: 0
2019-01-17 17:45:55,556:DEBUG qtp119420356-30 (BaseJdbcLogger.java:159) - ==>  Preparing: select id, code, name, experiment_code, subject_user_id, subject_user_name,experiment_start_time,experiment_end_time,experiment_period, experiment_place,experiment_type,hz,sample_rate,experiment_impedance,reference_electrode,device_number,temperature,brain_wave,status, create_by, update_time, update_by, ver, is_del from experiment_record where id = ? and 1 = 1 
2019-01-17 17:45:55,562:DEBUG qtp119420356-30 (BaseJdbcLogger.java:159) - ==> Parameters: 0(Long)
2019-01-17 17:45:55,571:DEBUG qtp119420356-30 (BaseJdbcLogger.java:159) - <==      Total: 0
2019-01-17 17:47:11,953:DEBUG qtp119420356-28 (BaseJdbcLogger.java:159) - ==>  Preparing: select id, code, name, experiment_code, subject_user_id, subject_user_name,experiment_start_time,experiment_end_time,experiment_period, experiment_place,experiment_type,hz,sample_rate,experiment_impedance,reference_electrode,device_number,temperature,brain_wave,status, create_by, update_time, update_by, ver, is_del from experiment_record where id = ? and 1 = 1 
2019-01-17 17:47:11,954:DEBUG qtp119420356-28 (BaseJdbcLogger.java:159) - ==> Parameters: 0(Long)
2019-01-17 17:47:11,961:DEBUG qtp119420356-28 (BaseJdbcLogger.java:159) - <==      Total: 0
2019-01-17 17:47:36,776:DEBUG qtp119420356-26 (BaseJdbcLogger.java:159) - ==>  Preparing: select id, code, name, experiment_code, subject_user_id, subject_user_name,experiment_start_time,experiment_end_time,experiment_period, experiment_place,experiment_type,hz,sample_rate,experiment_impedance,reference_electrode,device_number,temperature,brain_wave,status, create_by, update_time, update_by, ver, is_del from experiment_record where id = ? and 1 = 1 
2019-01-17 17:47:36,777:DEBUG qtp119420356-26 (BaseJdbcLogger.java:159) - ==> Parameters: 19(Long)
2019-01-17 17:47:36,786:DEBUG qtp119420356-26 (BaseJdbcLogger.java:159) - <==      Total: 1
2019-01-17 17:47:36,792:DEBUG qtp119420356-26 (BaseJdbcLogger.java:159) - ==>  Preparing: update experiment_record set name = ?,experiment_code = ?,subject_user_id = ?,subject_user_name = ?,experiment_start_time = ?,experiment_end_time = ?,experiment_period = ?,experiment_place = ?,experiment_type = ?,hz = ?,sample_rate = ?,experiment_impedance = ?,reference_electrode = ?,device_number = ?,temperature = ?,brain_wave = ?,status = ?,update_by = ?,ver = ?,is_del = ?,ver = ver + 1 where id = ? 
2019-01-17 17:47:36,793:DEBUG qtp119420356-26 (BaseJdbcLogger.java:159) - ==> Parameters: SSSS(String), string(String), string(String), string(String), 2019-01-17 17:33:13.573(Timestamp), 2019-01-17 17:33:13.573(Timestamp), 0(Integer), string(String), S(String), 0(Integer), 0(Integer), 0(Integer), string(String), string(String), 0(Integer), AAA(String), D(String), SYS(String), 1(Integer), 1(Integer), 19(Long)
2019-01-17 17:47:36,816:DEBUG qtp119420356-26 (BaseJdbcLogger.java:159) - <==    Updates: 1
2019-01-17 18:08:53,042:DEBUG qtp418731780-27 (BaseJdbcLogger.java:159) - ==>  Preparing: select id, code, name, experiment_code, subject_user_id, subject_user_name,experiment_start_time,experiment_end_time,experiment_period, experiment_place,experiment_type,hz,sample_rate,experiment_impedance,reference_electrode,device_number,temperature,brain_wave,status, create_by, update_time, update_by, ver, is_del from experiment_record where id = ? and 1 = 1 
2019-01-17 18:08:53,087:DEBUG qtp418731780-27 (BaseJdbcLogger.java:159) - ==> Parameters: 19(Long)
2019-01-17 18:08:53,125:DEBUG qtp418731780-27 (BaseJdbcLogger.java:159) - <==      Total: 1
2019-01-17 18:08:53,133:DEBUG qtp418731780-27 (BaseJdbcLogger.java:159) - ==>  Preparing: update experiment_record set name = ?,experiment_code = ?,subject_user_id = ?,subject_user_name = ?,experiment_start_time = ?,experiment_end_time = ?,experiment_period = ?,experiment_place = ?,experiment_type = ?,hz = ?,sample_rate = ?,experiment_impedance = ?,reference_electrode = ?,device_number = ?,temperature = ?,brain_wave = ?,status = ?,update_by = ?,ver = ?,is_del = ?,ver = ver + 1 where id = ? 
2019-01-17 18:08:53,138:DEBUG qtp418731780-27 (BaseJdbcLogger.java:159) - ==> Parameters: SSSS(String), string(String), string(String), string(String), 2019-01-17 17:33:13.573(Timestamp), 2019-01-17 17:33:13.573(Timestamp), 0(Integer), string(String), S(String), 0(Integer), 0(Integer), 0(Integer), string(String), string(String), 0(Integer), AAA(String), D(String), SYS(String), 2(Integer), 1(Integer), 19(Long)
2019-01-17 18:08:53,162:DEBUG qtp418731780-27 (BaseJdbcLogger.java:159) - <==    Updates: 1
