2018-12-23 11:32:17,120:DEBUG qtp1397643446-28 (BaseJdbcLogger.java:159) - ==>  Preparing: select count(1) from lc_domestic_buyer_document dbd WHERE dbd.close_date is null order by dbd.receive_date DESC 
2018-12-23 11:32:17,163:DEBUG qtp1397643446-28 (BaseJdbcLogger.java:159) - ==> Parameters: 
2018-12-23 11:32:17,214:DEBUG qtp1397643446-28 (BaseJdbcLogger.java:159) - <==      Total: 1
2018-12-23 11:32:17,227:DEBUG qtp1397643446-28 (BaseJdbcLogger.java:159) - ==>  Preparing: select dbd.id as id, dbd.parent_code as parent_code, dbd.business_code as business_code, dbd.receive_date as receive_date, dbd.amount as amount, apl_pts.id as apl_pts_id, apl_pts.party_code as apl_pts_party_code, apl_pts.party_name as apl_pts_party_name, ben_pts.id as ben_pts_id, ben_pts.party_code as ben_pts_party_code, ben_pts.party_name as ben_pts_party_name, adv_pts.id as adv_pts_id, adv_pts.party_code as adv_pts_party_code, adv_pts.party_name as adv_pts_party_name from lc_domestic_buyer_document dbd left join sys_party_r_business apl_pts on apl_pts.object_code = dbd.parent_code and apl_pts.object_type = 'did' and apl_pts.role = 'apl' and apl_pts.is_del = 0 left join sys_party_r_business ben_pts on ben_pts.object_code = dbd.parent_code and ben_pts.object_type = 'did' and ben_pts.role = 'ben' and ben_pts.is_del = 0 left join sys_party_r_business adv_pts on adv_pts.object_code = dbd.parent_code and adv_pts.object_type = 'did' and adv_pts.role = 'adv' and adv_pts.is_del = 0 WHERE dbd.close_date is null order by dbd.receive_date DESC limit 10 
2018-12-23 11:32:17,229:DEBUG qtp1397643446-28 (BaseJdbcLogger.java:159) - ==> Parameters: 
2018-12-23 11:32:17,731:DEBUG qtp1397643446-28 (BaseJdbcLogger.java:159) - <==      Total: 1
2018-12-23 11:36:52,333:DEBUG qtp1397643446-29 (BaseJdbcLogger.java:159) - ==>  Preparing: select count(1) from lc_domestic_buyer_document dbd WHERE dbd.close_date is null order by dbd.receive_date DESC 
2018-12-23 11:36:52,334:DEBUG qtp1397643446-29 (BaseJdbcLogger.java:159) - ==> Parameters: 
2018-12-23 11:36:52,347:DEBUG qtp1397643446-29 (BaseJdbcLogger.java:159) - <==      Total: 1
2018-12-23 11:36:52,348:DEBUG qtp1397643446-29 (BaseJdbcLogger.java:159) - ==>  Preparing: select dbd.id as id, dbd.parent_code as parent_code, dbd.business_code as business_code, dbd.receive_date as receive_date, dbd.amount as amount, apl_pts.id as apl_pts_id, apl_pts.party_code as apl_pts_party_code, apl_pts.party_name as apl_pts_party_name, ben_pts.id as ben_pts_id, ben_pts.party_code as ben_pts_party_code, ben_pts.party_name as ben_pts_party_name, adv_pts.id as adv_pts_id, adv_pts.party_code as adv_pts_party_code, adv_pts.party_name as adv_pts_party_name from lc_domestic_buyer_document dbd left join sys_party_r_business apl_pts on apl_pts.object_code = dbd.parent_code and apl_pts.object_type = 'did' and apl_pts.role = 'apl' and apl_pts.is_del = 0 left join sys_party_r_business ben_pts on ben_pts.object_code = dbd.parent_code and ben_pts.object_type = 'did' and ben_pts.role = 'ben' and ben_pts.is_del = 0 left join sys_party_r_business adv_pts on adv_pts.object_code = dbd.parent_code and adv_pts.object_type = 'did' and adv_pts.role = 'adv' and adv_pts.is_del = 0 WHERE dbd.close_date is null order by dbd.receive_date DESC limit 10 
2018-12-23 11:36:52,349:DEBUG qtp1397643446-29 (BaseJdbcLogger.java:159) - ==> Parameters: 
2018-12-23 11:36:52,363:DEBUG qtp1397643446-29 (BaseJdbcLogger.java:159) - <==      Total: 1
2018-12-23 11:50:31,058:DEBUG qtp1397643446-27 (BaseJdbcLogger.java:159) - ==>  Preparing: select count(1) from lc_domestic_buyer_document dbd WHERE dbd.close_date is null order by dbd.receive_date DESC 
2018-12-23 11:50:31,063:DEBUG qtp1397643446-27 (BaseJdbcLogger.java:159) - ==> Parameters: 
2018-12-23 11:50:31,084:DEBUG qtp1397643446-27 (BaseJdbcLogger.java:159) - <==      Total: 1
2018-12-23 11:50:31,086:DEBUG qtp1397643446-27 (BaseJdbcLogger.java:159) - ==>  Preparing: select dbd.id as id, dbd.parent_code as parent_code, dbd.business_code as business_code, dbd.receive_date as receive_date, dbd.amount as amount, apl_pts.id as apl_pts_id, apl_pts.party_code as apl_pts_party_code, apl_pts.party_name as apl_pts_party_name, ben_pts.id as ben_pts_id, ben_pts.party_code as ben_pts_party_code, ben_pts.party_name as ben_pts_party_name, adv_pts.id as adv_pts_id, adv_pts.party_code as adv_pts_party_code, adv_pts.party_name as adv_pts_party_name from lc_domestic_buyer_document dbd left join sys_party_r_business apl_pts on apl_pts.object_code = dbd.parent_code and apl_pts.object_type = 'did' and apl_pts.role = 'apl' and apl_pts.is_del = 0 left join sys_party_r_business ben_pts on ben_pts.object_code = dbd.parent_code and ben_pts.object_type = 'did' and ben_pts.role = 'ben' and ben_pts.is_del = 0 left join sys_party_r_business adv_pts on adv_pts.object_code = dbd.parent_code and adv_pts.object_type = 'did' and adv_pts.role = 'adv' and adv_pts.is_del = 0 WHERE dbd.close_date is null order by dbd.receive_date DESC limit 10 
2018-12-23 11:50:31,087:DEBUG qtp1397643446-27 (BaseJdbcLogger.java:159) - ==> Parameters: 
2018-12-23 11:50:31,103:DEBUG qtp1397643446-27 (BaseJdbcLogger.java:159) - <==      Total: 1
2018-12-23 13:15:24,744:DEBUG qtp604602011-26 (BaseJdbcLogger.java:159) - ==>  Preparing: select count(1) from lc_domestic_buyer_document dbd WHERE dbd.close_date is null order by dbd.receive_date DESC 
2018-12-23 13:15:24,771:DEBUG qtp604602011-26 (BaseJdbcLogger.java:159) - ==> Parameters: 
2018-12-23 13:15:24,799:DEBUG qtp604602011-26 (BaseJdbcLogger.java:159) - <==      Total: 1
2018-12-23 13:15:24,804:DEBUG qtp604602011-26 (BaseJdbcLogger.java:159) - ==>  Preparing: select dbd.id as id, dbd.parent_code as parent_code, dbd.business_code as business_code, dbd.receive_date as receive_date, dbd.amount as amount, apl_pts.id as apl_pts_id, apl_pts.party_code as apl_pts_party_code, apl_pts.party_name as apl_pts_party_name, ben_pts.id as ben_pts_id, ben_pts.party_code as ben_pts_party_code, ben_pts.party_name as ben_pts_party_name, adv_pts.id as adv_pts_id, adv_pts.party_code as adv_pts_party_code, adv_pts.party_name as adv_pts_party_name from lc_domestic_buyer_document dbd left join sys_party_r_business apl_pts on apl_pts.object_code = dbd.parent_code and apl_pts.object_type = 'did' and apl_pts.role = 'apl' and apl_pts.is_del = 0 left join sys_party_r_business ben_pts on ben_pts.object_code = dbd.parent_code and ben_pts.object_type = 'did' and ben_pts.role = 'ben' and ben_pts.is_del = 0 left join sys_party_r_business adv_pts on adv_pts.object_code = dbd.parent_code and adv_pts.object_type = 'did' and adv_pts.role = 'adv' and adv_pts.is_del = 0 WHERE dbd.close_date is null order by dbd.receive_date DESC limit 10 
2018-12-23 13:15:24,805:DEBUG qtp604602011-26 (BaseJdbcLogger.java:159) - ==> Parameters: 
2018-12-23 13:15:24,825:DEBUG qtp604602011-26 (BaseJdbcLogger.java:159) - <==      Total: 1
2018-12-23 14:02:48,266:DEBUG qtp1397643446-28 (BaseJdbcLogger.java:159) - ==>  Preparing: select count(1) from lc_domestic_buyer_document dbd WHERE dbd.close_date is null order by dbd.receive_date DESC 
2018-12-23 14:02:48,310:DEBUG qtp1397643446-28 (BaseJdbcLogger.java:159) - ==> Parameters: 
2018-12-23 14:02:48,341:DEBUG qtp1397643446-28 (BaseJdbcLogger.java:159) - <==      Total: 1
2018-12-23 14:02:48,351:DEBUG qtp1397643446-28 (BaseJdbcLogger.java:159) - ==>  Preparing: select dbd.id as id, dbd.parent_code as parent_code, dbd.business_code as business_code, dbd.receive_date as receive_date, dbd.amount as amount, apl_pts.id as apl_pts_id, apl_pts.party_code as apl_pts_party_code, apl_pts.party_name as apl_pts_party_name, ben_pts.id as ben_pts_id, ben_pts.party_code as ben_pts_party_code, ben_pts.party_name as ben_pts_party_name, adv_pts.id as adv_pts_id, adv_pts.party_code as adv_pts_party_code, adv_pts.party_name as adv_pts_party_name from lc_domestic_buyer_document dbd left join sys_party_r_business apl_pts on apl_pts.object_code = dbd.parent_code and apl_pts.object_type = 'did' and apl_pts.role = 'apl' and apl_pts.is_del = 0 left join sys_party_r_business ben_pts on ben_pts.object_code = dbd.parent_code and ben_pts.object_type = 'did' and ben_pts.role = 'ben' and ben_pts.is_del = 0 left join sys_party_r_business adv_pts on adv_pts.object_code = dbd.parent_code and adv_pts.object_type = 'did' and adv_pts.role = 'adv' and adv_pts.is_del = 0 WHERE dbd.close_date is null order by dbd.receive_date DESC limit 10 
2018-12-23 14:02:48,352:DEBUG qtp1397643446-28 (BaseJdbcLogger.java:159) - ==> Parameters: 
2018-12-23 14:02:48,375:DEBUG qtp1397643446-28 (BaseJdbcLogger.java:159) - <==      Total: 1
2018-12-23 14:11:49,422:DEBUG qtp1001946422-28 (BaseJdbcLogger.java:159) - ==>  Preparing: insert into card(content,number_mine,number_your,secret,save_time,action) values (?,?,?,?,?,?) 
2018-12-23 14:11:49,728:DEBUG qtp1001946422-28 (BaseJdbcLogger.java:159) - ==> Parameters: 内容(String), 15549048091(String), 15549048092(String), 123(String), 0(Integer), 0(Integer)
2018-12-23 14:11:49,804:DEBUG qtp1001946422-28 (BaseJdbcLogger.java:159) - <==    Updates: 1
2018-12-23 14:37:33,349:DEBUG qtp1622362417-25 (BaseJdbcLogger.java:159) - ==>  Preparing: insert into card(content,number_mine,number_your,secret,save_time,action) values (?,?,?,?,?,?) 
2018-12-23 14:37:33,643:DEBUG qtp1622362417-25 (BaseJdbcLogger.java:159) - ==> Parameters: 内容(String), 15549048091(String), 15549048092(String), 123(String), 0(Integer), 0(Integer)
2018-12-23 14:37:33,677:DEBUG qtp1622362417-25 (BaseJdbcLogger.java:159) - <==    Updates: 1
2018-12-23 14:44:55,802:DEBUG qtp1001946422-25 (BaseJdbcLogger.java:159) - ==>  Preparing: insert into card(content,number_mine,number_your,secret,save_time,action) values (?,?,?,?,?,?) 
2018-12-23 14:44:55,834:DEBUG qtp1001946422-25 (BaseJdbcLogger.java:159) - ==> Parameters: 内容(String), 15549048091(String), 15549048092(String), 123(String), 0(Integer), 0(Integer)
2018-12-23 14:44:55,856:DEBUG qtp1001946422-25 (BaseJdbcLogger.java:159) - <==    Updates: 1
2018-12-23 14:58:17,588:DEBUG qtp1001946422-25 (BaseJdbcLogger.java:159) - ==>  Preparing: insert into card(content,number_mine,number_your,secret,save_time,action) values (?,?,?,?,?,?) 
2018-12-23 14:58:17,590:DEBUG qtp1001946422-25 (BaseJdbcLogger.java:159) - ==> Parameters: 内容(String), 15549048091(String), 15549048092(String), 123(String), 0(Integer), 0(Integer)
2018-12-23 14:58:17,612:DEBUG qtp1001946422-25 (BaseJdbcLogger.java:159) - <==    Updates: 1
2018-12-23 14:59:53,801:DEBUG qtp1001946422-28 (BaseJdbcLogger.java:159) - ==>  Preparing: insert into card(content,number_mine,number_your,secret,save_time,action) values (?,?,?,?,?,?) 
2018-12-23 14:59:53,802:DEBUG qtp1001946422-28 (BaseJdbcLogger.java:159) - ==> Parameters: 内容(String), 15549048091(String), 15549048093(String), 123(String), 0(Integer), 0(Integer)
2018-12-23 14:59:53,824:DEBUG qtp1001946422-28 (BaseJdbcLogger.java:159) - <==    Updates: 1
2018-12-23 15:05:41,158:DEBUG qtp1001946422-27 (BaseJdbcLogger.java:159) - ==>  Preparing: insert into card(content,number_mine,number_your,secret,save_time,action) values (?,?,?,?,?,?) 
2018-12-23 15:05:41,161:DEBUG qtp1001946422-27 (BaseJdbcLogger.java:159) - ==> Parameters: 内容(String), 15549048091(String), 15549048093(String), 123(String), 0(Integer), 0(Integer)
2018-12-23 15:05:41,182:DEBUG qtp1001946422-27 (BaseJdbcLogger.java:159) - <==    Updates: 1
2018-12-23 15:05:42,186:DEBUG qtp1001946422-29 (BaseJdbcLogger.java:159) - ==>  Preparing: insert into card(content,number_mine,number_your,secret,save_time,action) values (?,?,?,?,?,?) 
2018-12-23 15:05:42,188:DEBUG qtp1001946422-29 (BaseJdbcLogger.java:159) - ==> Parameters: 内容(String), 15549048091(String), 15549048093(String), 123(String), 0(Integer), 0(Integer)
2018-12-23 15:05:42,232:DEBUG qtp1001946422-29 (BaseJdbcLogger.java:159) - <==    Updates: 1
2018-12-23 15:28:09,251:DEBUG qtp1397643446-28 (BaseJdbcLogger.java:159) - ==>  Preparing: insert into card(content,number_mine,number_your,secret,save_time,action) values (?,?,?,?,?,?) 
2018-12-23 15:28:09,290:DEBUG qtp1397643446-28 (BaseJdbcLogger.java:159) - ==> Parameters: 内容(String), 15549048091(String), 15549048093(String), 123(String), 0(Integer), 0(Integer)
2018-12-23 15:28:09,310:DEBUG qtp1397643446-28 (BaseJdbcLogger.java:159) - <==    Updates: 1
2018-12-23 15:31:38,159:DEBUG qtp1397643446-25 (BaseJdbcLogger.java:159) - ==>  Preparing: insert into card(content,number_mine,number_your,secret,save_time,action) values (?,?,?,?,?,?) 
2018-12-23 15:31:38,160:DEBUG qtp1397643446-25 (BaseJdbcLogger.java:159) - ==> Parameters: 第一次见你是在monday(String), 15549048091(String), 15549048023(String), 123(String), 3(Integer), 3(Integer)
2018-12-23 15:31:38,180:DEBUG qtp1397643446-25 (BaseJdbcLogger.java:159) - <==    Updates: 1
2018-12-23 17:00:42,607:DEBUG qtp1397643446-29 (BaseJdbcLogger.java:159) - ==>  Preparing: select id, content, number_mine, number_your, secret, save_time, action, create_time, create_by, update_time, update_by, ver, is_del from card WHERE number_mine = ? and 1 = 1 
2018-12-23 17:00:42,906:DEBUG qtp1397643446-29 (BaseJdbcLogger.java:159) - ==> Parameters: 15549048091(String)
2018-12-23 17:06:45,576:DEBUG qtp1397643446-26 (BaseJdbcLogger.java:159) - ==>  Preparing: select id, content, number_mine, number_your, secret, save_time, action, create_time, create_by, update_time, update_by, ver, is_del from card WHERE number_mine = ? and 1 = 1 
2018-12-23 17:06:45,581:DEBUG qtp1397643446-26 (BaseJdbcLogger.java:159) - ==> Parameters: 15549048091(String)
2018-12-23 17:11:22,321:DEBUG qtp147089688-27 (BaseJdbcLogger.java:159) - ==>  Preparing: select id, content, number_mine, number_your, secret, save_time, action, create_time, create_by, update_time, update_by, ver, is_del from card WHERE number_mine = ? and 1 = 1 
2018-12-23 17:11:22,348:DEBUG qtp147089688-27 (BaseJdbcLogger.java:159) - ==> Parameters: 15549048091(String)
2018-12-23 17:16:52,176:DEBUG qtp2106609649-30 (BaseJdbcLogger.java:159) - ==>  Preparing: select id, content, number_mine, number_your, secret, save_time, action, create_time, create_by, update_time, update_by, ver, is_del from card WHERE number_mine = ? and 1 = 1 
2018-12-23 17:16:52,200:DEBUG qtp2106609649-30 (BaseJdbcLogger.java:159) - ==> Parameters: 15549048091(String)
2018-12-23 17:23:57,299:DEBUG qtp504006221-25 (BaseJdbcLogger.java:159) - ==>  Preparing: select id, content, number_mine, number_your, secret, save_time, create_time, create_by, update_time, update_by, ver, is_del from card WHERE number_mine = ? and 1 = 1 
2018-12-23 17:23:57,341:DEBUG qtp504006221-25 (BaseJdbcLogger.java:159) - ==> Parameters: 15549048091(String)
2018-12-23 17:29:32,754:DEBUG qtp504006221-25 (BaseJdbcLogger.java:159) - ==>  Preparing: select id, content, number_mine, number_your, secret, save_time, action, create_time, create_by, update_time, update_by, ver, is_del from card WHERE number_mine = ? and 1 = 1 
2018-12-23 17:29:33,056:DEBUG qtp504006221-25 (BaseJdbcLogger.java:159) - ==> Parameters: 15549048091(String)
2018-12-23 17:29:33,277:DEBUG qtp504006221-25 (BaseJdbcLogger.java:159) - <==      Total: 1
