2019-01-07 10:42:37,165:DEBUG qtp2134357721-26 (BaseJdbcLogger.java:159) - ==>  Preparing: insert into experiment(name,experiment_time,experiment_place,management_user_id,experiment_image_id,plan_start_time,plan_end_time,stitch_image_src,pre_treating_image_src,status) values (?,?,?,?,?,?,?,?,?,?) 
2019-01-07 10:42:37,212:DEBUG qtp2134357721-26 (BaseJdbcLogger.java:159) - ==> Parameters: 测试mapper文件(String), 2019-01-04 16:44:26.0(Timestamp), soho 1902(String), 2(String), image_one(String), 2019-01-04 16:44:26.0(Timestamp), 2019-01-07 16:44:26.0(Timestamp), /user/desktop/(String), /user/desktop/after(String), 1(String)
2019-01-07 10:42:37,226:DEBUG qtp2134357721-26 (BaseJdbcLogger.java:159) - <==    Updates: 1
2019-01-07 10:44:28,665:DEBUG qtp2134357721-29 (BaseJdbcLogger.java:159) - ==>  Preparing: select count(1) from experiment WHERE management_user_id = ? and DATE_FORMAT(plan_start_time, '%Y-%m-%d %H:%I:%S') >= DATE_FORMAT(?, '%Y-%m-%d %H:%I:%S') and DATE_FORMAT(plan_end_time, '%Y-%m-%d %H:%I:%S') <= DATE_FORMAT(?, '%Y-%m-%d %H:%I:%S') and 1 = 1 
2019-01-07 10:44:28,667:DEBUG qtp2134357721-29 (BaseJdbcLogger.java:159) - ==> Parameters: 3(String), 2019-01-03 16:44:26.0(Timestamp), 2019-01-04 16:44:26.0(Timestamp)
2019-01-07 10:44:28,685:DEBUG qtp2134357721-29 (BaseJdbcLogger.java:159) - <==      Total: 1
2019-01-07 10:46:22,054:DEBUG qtp2134357721-29 (BaseJdbcLogger.java:159) - ==>  Preparing: select count(1) from experiment WHERE management_user_id = ? and DATE_FORMAT(plan_start_time, '%Y-%m-%d %H:%I:%S') >= DATE_FORMAT(?, '%Y-%m-%d %H:%I:%S') and DATE_FORMAT(plan_end_time, '%Y-%m-%d %H:%I:%S') <= DATE_FORMAT(?, '%Y-%m-%d %H:%I:%S') and 1 = 1 
2019-01-07 10:46:22,055:DEBUG qtp2134357721-29 (BaseJdbcLogger.java:159) - ==> Parameters: 3(String), 2019-01-05 16:44:26.0(Timestamp), 2019-01-07 16:44:26.0(Timestamp)
2019-01-07 10:46:22,061:DEBUG qtp2134357721-29 (BaseJdbcLogger.java:159) - <==      Total: 1
2019-01-07 10:49:03,168:DEBUG qtp2134357721-30 (BaseJdbcLogger.java:159) - ==>  Preparing: select count(1) from experiment WHERE management_user_id = ? and DATE_FORMAT(plan_start_time, '%Y-%m-%d %H:%I:%S') >= DATE_FORMAT(?, '%Y-%m-%d %H:%I:%S') and DATE_FORMAT(plan_end_time, '%Y-%m-%d %H:%I:%S') <= DATE_FORMAT(?, '%Y-%m-%d %H:%I:%S') and 1 = 1 
2019-01-07 10:49:03,170:DEBUG qtp2134357721-30 (BaseJdbcLogger.java:159) - ==> Parameters: 3(String), 2019-01-01 16:44:26.0(Timestamp), 2019-01-07 16:44:26.0(Timestamp)
2019-01-07 10:49:03,176:DEBUG qtp2134357721-30 (BaseJdbcLogger.java:159) - <==      Total: 1
2019-01-07 10:49:06,162:DEBUG qtp2134357721-30 (BaseJdbcLogger.java:159) - ==>  Preparing: select count(1) from experiment WHERE management_user_id = ? and DATE_FORMAT(plan_start_time, '%Y-%m-%d %H:%I:%S') >= DATE_FORMAT(?, '%Y-%m-%d %H:%I:%S') and DATE_FORMAT(plan_end_time, '%Y-%m-%d %H:%I:%S') <= DATE_FORMAT(?, '%Y-%m-%d %H:%I:%S') and 1 = 1 
2019-01-07 10:49:06,163:DEBUG qtp2134357721-30 (BaseJdbcLogger.java:159) - ==> Parameters: 3(String), 2019-01-01 16:44:26.0(Timestamp), 2019-01-07 16:44:26.0(Timestamp)
2019-01-07 10:49:06,168:DEBUG qtp2134357721-30 (BaseJdbcLogger.java:159) - <==      Total: 1
2019-01-07 10:49:38,195:DEBUG qtp2134357721-27 (BaseJdbcLogger.java:159) - ==>  Preparing: select count(1) from experiment WHERE DATE_FORMAT(plan_start_time, '%Y-%m-%d %H:%I:%S') >= DATE_FORMAT(?, '%Y-%m-%d %H:%I:%S') and DATE_FORMAT(plan_end_time, '%Y-%m-%d %H:%I:%S') <= DATE_FORMAT(?, '%Y-%m-%d %H:%I:%S') and 1 = 1 
2019-01-07 10:49:38,197:DEBUG qtp2134357721-27 (BaseJdbcLogger.java:159) - ==> Parameters: 2019-01-01 16:44:26.0(Timestamp), 2019-01-07 16:44:26.0(Timestamp)
2019-01-07 10:49:38,205:DEBUG qtp2134357721-27 (BaseJdbcLogger.java:159) - <==      Total: 1
2019-01-07 10:49:38,208:DEBUG qtp2134357721-27 (BaseJdbcLogger.java:159) - ==>  Preparing: select id, code, name, experiment_time, experiment_place, management_user_id, experiment_image_id, plan_start_time, plan_end_time, stitch_image_src, pre_treating_image_src, status, create_time, create_by, update_time, update_by, ver, is_del from experiment WHERE DATE_FORMAT(plan_start_time, '%Y-%m-%d %H:%I:%S') >= DATE_FORMAT(?, '%Y-%m-%d %H:%I:%S') and DATE_FORMAT(plan_end_time, '%Y-%m-%d %H:%I:%S') <= DATE_FORMAT(?, '%Y-%m-%d %H:%I:%S') and 1 = 1 limit 10 
2019-01-07 10:49:38,209:DEBUG qtp2134357721-27 (BaseJdbcLogger.java:159) - ==> Parameters: 2019-01-01 16:44:26.0(Timestamp), 2019-01-07 16:44:26.0(Timestamp)
2019-01-07 10:49:38,216:DEBUG qtp2134357721-27 (BaseJdbcLogger.java:159) - <==      Total: 1
2019-01-07 10:49:45,199:DEBUG qtp2134357721-26 (BaseJdbcLogger.java:159) - ==>  Preparing: select count(1) from experiment WHERE DATE_FORMAT(plan_start_time, '%Y-%m-%d %H:%I:%S') >= DATE_FORMAT(?, '%Y-%m-%d %H:%I:%S') and DATE_FORMAT(plan_end_time, '%Y-%m-%d %H:%I:%S') <= DATE_FORMAT(?, '%Y-%m-%d %H:%I:%S') and 1 = 1 
2019-01-07 10:49:45,201:DEBUG qtp2134357721-26 (BaseJdbcLogger.java:159) - ==> Parameters: 2019-01-05 16:44:26.0(Timestamp), 2019-01-07 16:44:26.0(Timestamp)
2019-01-07 10:49:45,207:DEBUG qtp2134357721-26 (BaseJdbcLogger.java:159) - <==      Total: 1
2019-01-07 10:51:28,288:DEBUG qtp2134357721-28 (BaseJdbcLogger.java:159) - ==>  Preparing: select id, code, name, experiment_time, experiment_place, management_user_id, experiment_image_id, plan_start_time, plan_end_time, stitch_image_src, pre_treating_image_src, status, create_time, create_by, update_time, update_by, ver, is_del from experiment where id = ? and 1 = 1 
2019-01-07 10:51:28,289:DEBUG qtp2134357721-28 (BaseJdbcLogger.java:159) - ==> Parameters: 12(Long)
2019-01-07 10:51:28,297:DEBUG qtp2134357721-28 (BaseJdbcLogger.java:159) - <==      Total: 1
2019-01-07 10:51:28,301:DEBUG qtp2134357721-28 (BaseJdbcLogger.java:159) - ==>  Preparing: update experiment set name = ?,experiment_time = ?,experiment_place = ?,management_user_id = ?,experiment_image_id = ?,plan_start_time = ?,plan_end_time = ?,stitch_image_src = ?,pre_treating_image_src = ?,status = ?,update_by = ?,ver = ?,is_del = ?,ver = ver + 1 where id = ? 
2019-01-07 10:51:28,303:DEBUG qtp2134357721-28 (BaseJdbcLogger.java:159) - ==> Parameters: mapper文件(String), 2019-01-05 16:44:26.0(Timestamp), soho 1902(String), 2(String), image_one(String), 2019-01-04 16:44:26.0(Timestamp), 2019-01-07 16:44:26.0(Timestamp), /user/desktop/(String), /user/desktop/after(String), 1(String), SYS(String), 0(Integer), 0(Integer), 12(Long)
2019-01-07 10:51:28,312:DEBUG qtp2134357721-28 (BaseJdbcLogger.java:159) - <==    Updates: 1
2019-01-07 10:51:50,790:DEBUG qtp2134357721-26 (BaseJdbcLogger.java:159) - ==>  Preparing: select id, code, name, experiment_time, experiment_place, management_user_id, experiment_image_id, plan_start_time, plan_end_time, stitch_image_src, pre_treating_image_src, status, create_time, create_by, update_time, update_by, ver, is_del from experiment where id = ? and 1 = 1 
2019-01-07 10:51:50,791:DEBUG qtp2134357721-26 (BaseJdbcLogger.java:159) - ==> Parameters: 12(Long)
2019-01-07 10:51:50,800:DEBUG qtp2134357721-26 (BaseJdbcLogger.java:159) - <==      Total: 1
2019-01-07 10:52:06,727:DEBUG qtp2134357721-26 (BaseJdbcLogger.java:159) - ==>  Preparing: select id, code, name, experiment_time, experiment_place, management_user_id, experiment_image_id, plan_start_time, plan_end_time, stitch_image_src, pre_treating_image_src, status, create_time, create_by, update_time, update_by, ver, is_del from experiment where id = ? and 1 = 1 
2019-01-07 10:52:06,728:DEBUG qtp2134357721-26 (BaseJdbcLogger.java:159) - ==> Parameters: 12(Long)
2019-01-07 10:52:06,740:DEBUG qtp2134357721-26 (BaseJdbcLogger.java:159) - <==      Total: 1
2019-01-07 10:52:06,754:DEBUG qtp2134357721-26 (BaseJdbcLogger.java:159) - ==>  Preparing: select id, code, name, experiment_time, experiment_place, management_user_id, experiment_image_id, plan_start_time, plan_end_time, stitch_image_src, pre_treating_image_src, status, create_time, create_by, update_time, update_by, ver, is_del from experiment where id = ? and 1 = 1 
2019-01-07 10:52:06,756:DEBUG qtp2134357721-26 (BaseJdbcLogger.java:159) - ==> Parameters: 12(Long)
2019-01-07 10:52:06,764:DEBUG qtp2134357721-26 (BaseJdbcLogger.java:159) - <==      Total: 1
2019-01-07 10:52:06,767:DEBUG qtp2134357721-26 (BaseJdbcLogger.java:159) - ==>  Preparing: update experiment set name = ?,experiment_time = ?,experiment_place = ?,management_user_id = ?,experiment_image_id = ?,plan_start_time = ?,plan_end_time = ?,stitch_image_src = ?,pre_treating_image_src = ?,status = ?,update_by = ?,ver = ?,is_del = ?,ver = ver + 1 where id = ? 
2019-01-07 10:52:06,768:DEBUG qtp2134357721-26 (BaseJdbcLogger.java:159) - ==> Parameters: mapper文件(String), 2019-01-05 16:44:26.0(Timestamp), soho 1902(String), 2(String), image_one(String), 2019-01-04 16:44:26.0(Timestamp), 2019-01-07 16:44:26.0(Timestamp), /user/desktop/(String), /user/desktop/after(String), 1(String), SYS(String), 1(Integer), 1(Integer), 12(Long)
2019-01-07 10:52:06,778:DEBUG qtp2134357721-26 (BaseJdbcLogger.java:159) - <==    Updates: 1
2019-01-07 10:52:20,373:DEBUG qtp2134357721-28 (BaseJdbcLogger.java:159) - ==>  Preparing: select count(1) from experiment WHERE is_del = ? and 1 = 1 
2019-01-07 10:52:20,376:DEBUG qtp2134357721-28 (BaseJdbcLogger.java:159) - ==> Parameters: 0(Integer)
2019-01-07 10:52:20,384:DEBUG qtp2134357721-28 (BaseJdbcLogger.java:159) - <==      Total: 1
2019-01-07 10:52:26,454:DEBUG qtp2134357721-25 (BaseJdbcLogger.java:159) - ==>  Preparing: select count(1) from experiment WHERE is_del = ? and 1 = 1 
2019-01-07 10:52:26,457:DEBUG qtp2134357721-25 (BaseJdbcLogger.java:159) - ==> Parameters: 1(Integer)
2019-01-07 10:52:26,466:DEBUG qtp2134357721-25 (BaseJdbcLogger.java:159) - <==      Total: 1
2019-01-07 10:52:26,468:DEBUG qtp2134357721-25 (BaseJdbcLogger.java:159) - ==>  Preparing: select id, code, name, experiment_time, experiment_place, management_user_id, experiment_image_id, plan_start_time, plan_end_time, stitch_image_src, pre_treating_image_src, status, create_time, create_by, update_time, update_by, ver, is_del from experiment WHERE is_del = ? and 1 = 1 limit 10 
2019-01-07 10:52:26,469:DEBUG qtp2134357721-25 (BaseJdbcLogger.java:159) - ==> Parameters: 1(Integer)
2019-01-07 10:52:26,477:DEBUG qtp2134357721-25 (BaseJdbcLogger.java:159) - <==      Total: 1
2019-01-07 10:59:22,960:DEBUG qtp1579015748-29 (BaseJdbcLogger.java:159) - ==>  Preparing: select count(1) from algorithm WHERE DATE_FORMAT(create_time, '%Y-%m-%d %H:%I:%S') >= DATE_FORMAT(?, '%Y-%m-%d %H:%I:%S') and 1 = 1 
2019-01-07 10:59:23,008:DEBUG qtp1579015748-29 (BaseJdbcLogger.java:159) - ==> Parameters: 2019-01-08 20:56:16.0(Timestamp)
2019-01-07 10:59:23,034:DEBUG qtp1579015748-29 (BaseJdbcLogger.java:159) - <==      Total: 1
2019-01-07 10:59:33,284:DEBUG qtp1579015748-25 (BaseJdbcLogger.java:159) - ==>  Preparing: select count(1) from algorithm WHERE DATE_FORMAT(create_time, '%Y-%m-%d %H:%I:%S') >= DATE_FORMAT(?, '%Y-%m-%d %H:%I:%S') and 1 = 1 
2019-01-07 10:59:33,285:DEBUG qtp1579015748-25 (BaseJdbcLogger.java:159) - ==> Parameters: 2019-01-03 20:56:16.0(Timestamp)
2019-01-07 10:59:33,292:DEBUG qtp1579015748-25 (BaseJdbcLogger.java:159) - <==      Total: 1
2019-01-07 10:59:33,302:DEBUG qtp1579015748-25 (BaseJdbcLogger.java:159) - ==>  Preparing: select id, code, name, name_cn, name_en, remark,arguments, create_time,create_by, update_time, update_by, ver, is_del from algorithm WHERE DATE_FORMAT(create_time, '%Y-%m-%d %H:%I:%S') >= DATE_FORMAT(?, '%Y-%m-%d %H:%I:%S') and 1 = 1 limit 10 
2019-01-07 10:59:33,303:DEBUG qtp1579015748-25 (BaseJdbcLogger.java:159) - ==> Parameters: 2019-01-03 20:56:16.0(Timestamp)
2019-01-07 10:59:33,314:DEBUG qtp1579015748-25 (BaseJdbcLogger.java:159) - <==      Total: 4
2019-01-07 11:01:55,090:DEBUG qtp1579015748-26 (BaseJdbcLogger.java:159) - ==>  Preparing: insert into experiment_record(name,experiment_code,subject_user_id,subject_user_name,experiment_start_time,experiment_end_time,experiment_period,experiment_place,experiment_type,hz,sample_rate,experiment_impedance,reference_electrode,device_number,temperature,brain_wave) values (?,?,?,?,?,?,?,?,?,?,?,?,?,?,?,?) 
2019-01-07 11:01:55,093:DEBUG qtp1579015748-26 (BaseJdbcLogger.java:159) - ==> Parameters: 第一个实验记录(String), 9(String), 10(String), tom(String), 2019-01-04 16:44:26.0(Timestamp), 2019-01-07 16:44:26.0(Timestamp), 10(Integer), 北京(String), 1(String), 1000(Integer), 2000(Integer), 10(Integer), 123456(String), AK47(String), 26(Integer), 这个脑波的图样跟爱因斯坦的一模一样卧槽(String)
2019-01-07 11:01:55,116:DEBUG qtp1579015748-26 (BaseJdbcLogger.java:159) - <==    Updates: 1
2019-01-07 11:03:37,368:DEBUG qtp1579015748-25 (BaseJdbcLogger.java:159) - ==>  Preparing: select count(1) from experiment_record WHERE DATE_FORMAT(experiment_start_time, '%Y-%m-%d %H:%I:%S') >= DATE_FORMAT(?, '%Y-%m-%d %H:%I:%S') and 1 = 1 
2019-01-07 11:03:37,370:DEBUG qtp1579015748-25 (BaseJdbcLogger.java:159) - ==> Parameters: 2019-01-04 16:44:26.0(Timestamp)
2019-01-07 11:03:37,377:DEBUG qtp1579015748-25 (BaseJdbcLogger.java:159) - <==      Total: 1
2019-01-07 11:03:37,380:DEBUG qtp1579015748-25 (BaseJdbcLogger.java:159) - ==>  Preparing: select id, code, name, experiment_code, subject_user_id, subject_user_name,experiment_start_time,experiment_end_time,experiment_period, experiment_place,experiment_type,hz,sample_rate,experiment_impedance,reference_electrode,device_number,temperature,brain_wave, create_by, update_time, update_by, ver, is_del from experiment_record WHERE DATE_FORMAT(experiment_start_time, '%Y-%m-%d %H:%I:%S') >= DATE_FORMAT(?, '%Y-%m-%d %H:%I:%S') and 1 = 1 limit 10 
2019-01-07 11:03:37,381:DEBUG qtp1579015748-25 (BaseJdbcLogger.java:159) - ==> Parameters: 2019-01-04 16:44:26.0(Timestamp)
2019-01-07 11:03:37,392:DEBUG qtp1579015748-25 (BaseJdbcLogger.java:159) - <==      Total: 1
2019-01-07 11:03:57,309:DEBUG qtp1579015748-26 (BaseJdbcLogger.java:159) - ==>  Preparing: select count(1) from experiment_record WHERE DATE_FORMAT(experiment_start_time, '%Y-%m-%d %H:%I:%S') >= DATE_FORMAT(?, '%Y-%m-%d %H:%I:%S') and 1 = 1 
2019-01-07 11:03:57,310:DEBUG qtp1579015748-26 (BaseJdbcLogger.java:159) - ==> Parameters: 2019-01-04 16:44:27.0(Timestamp)
2019-01-07 11:03:57,317:DEBUG qtp1579015748-26 (BaseJdbcLogger.java:159) - <==      Total: 1
2019-01-07 11:04:11,758:DEBUG qtp1579015748-25 (BaseJdbcLogger.java:159) - ==>  Preparing: select count(1) from experiment_record WHERE DATE_FORMAT(experiment_start_time, '%Y-%m-%d %H:%I:%S') >= DATE_FORMAT(?, '%Y-%m-%d %H:%I:%S') and DATE_FORMAT(experiment_end_time, '%Y-%m-%d %H:%I:%S') <= DATE_FORMAT(?, '%Y-%m-%d %H:%I:%S') and 1 = 1 
2019-01-07 11:04:11,759:DEBUG qtp1579015748-25 (BaseJdbcLogger.java:159) - ==> Parameters: 2019-01-04 16:44:26.0(Timestamp), 2019-01-08 16:44:26.0(Timestamp)
2019-01-07 11:04:11,767:DEBUG qtp1579015748-25 (BaseJdbcLogger.java:159) - <==      Total: 1
2019-01-07 11:04:11,771:DEBUG qtp1579015748-25 (BaseJdbcLogger.java:159) - ==>  Preparing: select id, code, name, experiment_code, subject_user_id, subject_user_name,experiment_start_time,experiment_end_time,experiment_period, experiment_place,experiment_type,hz,sample_rate,experiment_impedance,reference_electrode,device_number,temperature,brain_wave, create_by, update_time, update_by, ver, is_del from experiment_record WHERE DATE_FORMAT(experiment_start_time, '%Y-%m-%d %H:%I:%S') >= DATE_FORMAT(?, '%Y-%m-%d %H:%I:%S') and DATE_FORMAT(experiment_end_time, '%Y-%m-%d %H:%I:%S') <= DATE_FORMAT(?, '%Y-%m-%d %H:%I:%S') and 1 = 1 limit 10 
2019-01-07 11:04:11,772:DEBUG qtp1579015748-25 (BaseJdbcLogger.java:159) - ==> Parameters: 2019-01-04 16:44:26.0(Timestamp), 2019-01-08 16:44:26.0(Timestamp)
2019-01-07 11:04:11,800:DEBUG qtp1579015748-25 (BaseJdbcLogger.java:159) - <==      Total: 1
2019-01-07 11:04:19,877:DEBUG qtp1579015748-26 (BaseJdbcLogger.java:159) - ==>  Preparing: select count(1) from experiment_record WHERE DATE_FORMAT(experiment_start_time, '%Y-%m-%d %H:%I:%S') >= DATE_FORMAT(?, '%Y-%m-%d %H:%I:%S') and DATE_FORMAT(experiment_end_time, '%Y-%m-%d %H:%I:%S') <= DATE_FORMAT(?, '%Y-%m-%d %H:%I:%S') and 1 = 1 
2019-01-07 11:04:19,880:DEBUG qtp1579015748-26 (BaseJdbcLogger.java:159) - ==> Parameters: 2019-01-04 16:44:26.0(Timestamp), 2019-01-05 16:44:26.0(Timestamp)
2019-01-07 11:04:19,888:DEBUG qtp1579015748-26 (BaseJdbcLogger.java:159) - <==      Total: 1
2019-01-07 11:05:14,786:DEBUG qtp1579015748-29 (BaseJdbcLogger.java:159) - ==>  Preparing: select id, code, name, experiment_code, subject_user_id, subject_user_name,experiment_start_time,experiment_end_time,experiment_period, experiment_place,experiment_type,hz,sample_rate,experiment_impedance,reference_electrode,device_number,temperature,brain_wave, create_by, update_time, update_by, ver, is_del from experiment_record where id = ? and 1 = 1 
2019-01-07 11:05:14,788:DEBUG qtp1579015748-29 (BaseJdbcLogger.java:159) - ==> Parameters: 13(Long)
2019-01-07 11:05:14,799:DEBUG qtp1579015748-29 (BaseJdbcLogger.java:159) - <==      Total: 1
2019-01-07 11:05:14,805:DEBUG qtp1579015748-29 (BaseJdbcLogger.java:159) - ==>  Preparing: update experiment_record set name = ?,experiment_code = ?,subject_user_id = ?,subject_user_name = ?,experiment_start_time = ?,experiment_end_time = ?,experiment_period = ?,experiment_place = ?,experiment_type = ?,hz = ?,sample_rate = ?,experiment_impedance = ?,reference_electrode = ?,device_number = ?,temperature = ?,brain_wave = ?,update_by = ?,ver = ?,is_del = ?,ver = ver + 1 where id = ? 
2019-01-07 11:05:14,808:DEBUG qtp1579015748-29 (BaseJdbcLogger.java:159) - ==> Parameters: mapper文件没问题(String), 9(String), 10(String), tom(String), 2019-01-04 16:44:26.0(Timestamp), 2019-01-08 16:44:26.0(Timestamp), 10(Integer), 北京(String), 1(String), 1000(Integer), 2000(Integer), 10(Integer), 123456(String), AK47(String), 26(Integer), 这个脑波的图样跟爱因斯坦的一模一样卧槽(String), SYS(String), 0(Integer), 0(Integer), 13(Long)
2019-01-07 11:05:14,830:DEBUG qtp1579015748-29 (BaseJdbcLogger.java:159) - <==    Updates: 1
2019-01-07 11:05:32,736:DEBUG qtp1579015748-25 (BaseJdbcLogger.java:159) - ==>  Preparing: select id, code, name, experiment_code, subject_user_id, subject_user_name,experiment_start_time,experiment_end_time,experiment_period, experiment_place,experiment_type,hz,sample_rate,experiment_impedance,reference_electrode,device_number,temperature,brain_wave, create_by, update_time, update_by, ver, is_del from experiment_record where id = ? and 1 = 1 
2019-01-07 11:05:32,738:DEBUG qtp1579015748-25 (BaseJdbcLogger.java:159) - ==> Parameters: 13(Long)
2019-01-07 11:05:32,749:DEBUG qtp1579015748-25 (BaseJdbcLogger.java:159) - <==      Total: 1
2019-01-07 11:05:42,988:DEBUG qtp1579015748-30 (BaseJdbcLogger.java:159) - ==>  Preparing: select id, code, name, experiment_code, subject_user_id, subject_user_name,experiment_start_time,experiment_end_time,experiment_period, experiment_place,experiment_type,hz,sample_rate,experiment_impedance,reference_electrode,device_number,temperature,brain_wave, create_by, update_time, update_by, ver, is_del from experiment_record where id = ? and 1 = 1 
2019-01-07 11:05:42,989:DEBUG qtp1579015748-30 (BaseJdbcLogger.java:159) - ==> Parameters: 13(Long)
2019-01-07 11:05:43,203:DEBUG qtp1579015748-30 (BaseJdbcLogger.java:159) - <==      Total: 1
2019-01-07 11:05:43,220:DEBUG qtp1579015748-30 (BaseJdbcLogger.java:159) - ==>  Preparing: select id, code, name, experiment_code, subject_user_id, subject_user_name,experiment_start_time,experiment_end_time,experiment_period, experiment_place,experiment_type,hz,sample_rate,experiment_impedance,reference_electrode,device_number,temperature,brain_wave, create_by, update_time, update_by, ver, is_del from experiment_record where id = ? and 1 = 1 
2019-01-07 11:05:43,221:DEBUG qtp1579015748-30 (BaseJdbcLogger.java:159) - ==> Parameters: 13(Long)
2019-01-07 11:05:43,228:DEBUG qtp1579015748-30 (BaseJdbcLogger.java:159) - <==      Total: 1
2019-01-07 11:05:43,233:DEBUG qtp1579015748-30 (BaseJdbcLogger.java:159) - ==>  Preparing: update experiment_record set name = ?,experiment_code = ?,subject_user_id = ?,subject_user_name = ?,experiment_start_time = ?,experiment_end_time = ?,experiment_period = ?,experiment_place = ?,experiment_type = ?,hz = ?,sample_rate = ?,experiment_impedance = ?,reference_electrode = ?,device_number = ?,temperature = ?,brain_wave = ?,update_by = ?,ver = ?,is_del = ?,ver = ver + 1 where id = ? 
2019-01-07 11:05:43,236:DEBUG qtp1579015748-30 (BaseJdbcLogger.java:159) - ==> Parameters: mapper文件没问题(String), 9(String), 10(String), tom(String), 2019-01-04 16:44:26.0(Timestamp), 2019-01-08 16:44:26.0(Timestamp), 10(Integer), 北京(String), 1(String), 1000(Integer), 2000(Integer), 10(Integer), 123456(String), AK47(String), 26(Integer), 这个脑波的图样跟爱因斯坦的一模一样卧槽(String), SYS(String), 1(Integer), 1(Integer), 13(Long)
2019-01-07 11:05:43,259:DEBUG qtp1579015748-30 (BaseJdbcLogger.java:159) - <==    Updates: 1
2019-01-07 11:05:56,462:DEBUG qtp1579015748-30 (BaseJdbcLogger.java:159) - ==>  Preparing: select count(1) from experiment_record WHERE is_del = ? and 1 = 1 
2019-01-07 11:05:56,463:DEBUG qtp1579015748-30 (BaseJdbcLogger.java:159) - ==> Parameters: 0(Integer)
2019-01-07 11:05:56,470:DEBUG qtp1579015748-30 (BaseJdbcLogger.java:159) - <==      Total: 1
2019-01-07 11:05:59,940:DEBUG qtp1579015748-26 (BaseJdbcLogger.java:159) - ==>  Preparing: select count(1) from experiment_record WHERE is_del = ? and 1 = 1 
2019-01-07 11:05:59,942:DEBUG qtp1579015748-26 (BaseJdbcLogger.java:159) - ==> Parameters: 1(Integer)
2019-01-07 11:05:59,954:DEBUG qtp1579015748-26 (BaseJdbcLogger.java:159) - <==      Total: 1
2019-01-07 11:05:59,957:DEBUG qtp1579015748-26 (BaseJdbcLogger.java:159) - ==>  Preparing: select id, code, name, experiment_code, subject_user_id, subject_user_name,experiment_start_time,experiment_end_time,experiment_period, experiment_place,experiment_type,hz,sample_rate,experiment_impedance,reference_electrode,device_number,temperature,brain_wave, create_by, update_time, update_by, ver, is_del from experiment_record WHERE is_del = ? and 1 = 1 limit 10 
2019-01-07 11:05:59,957:DEBUG qtp1579015748-26 (BaseJdbcLogger.java:159) - ==> Parameters: 1(Integer)
2019-01-07 11:05:59,964:DEBUG qtp1579015748-26 (BaseJdbcLogger.java:159) - <==      Total: 1
2019-01-07 11:07:28,368:DEBUG qtp1579015748-30 (BaseJdbcLogger.java:159) - ==>  Preparing: insert into image(name,image_size_x,image_size_y,get_time,image_type,device_name,scene_location_longitude,scene_location_latitude,scene_type,management_user_code,image_info) values (?,?,?,?,?,?,?,?,?,?,?) 
2019-01-07 11:07:28,370:DEBUG qtp1579015748-30 (BaseJdbcLogger.java:159) - ==> Parameters: 脑图三号(String), 320(Long), 640(Long), 2019-01-05 16:44:26.0(Timestamp), 1(String), ak-47(String), 32(String), 96(String), 2(String), 12(String), 这是第三号脑图片(String)
2019-01-07 11:07:28,379:DEBUG qtp1579015748-30 (BaseJdbcLogger.java:159) - <==    Updates: 1
2019-01-07 11:08:00,062:DEBUG qtp1579015748-25 (BaseJdbcLogger.java:159) - ==>  Preparing: select id, code, name, image_size_x, image_size_y, get_time,image_type,scene_location_longitude,scene_location_latitude, scene_type,device_name,management_user_code,image_info, create_by, update_time, update_by, ver, is_del from image where id = ? and 1 = 1 
2019-01-07 11:08:00,062:DEBUG qtp1579015748-25 (BaseJdbcLogger.java:159) - ==> Parameters: 12(Long)
2019-01-07 11:08:00,073:DEBUG qtp1579015748-25 (BaseJdbcLogger.java:159) - <==      Total: 1
2019-01-07 11:08:46,865:DEBUG qtp1579015748-29 (BaseJdbcLogger.java:159) - ==>  Preparing: select id, code, name, image_size_x, image_size_y, get_time,image_type,scene_location_longitude,scene_location_latitude, scene_type,device_name,management_user_code,image_info, create_by, update_time, update_by, ver, is_del from image where id = ? and 1 = 1 
2019-01-07 11:08:46,866:DEBUG qtp1579015748-29 (BaseJdbcLogger.java:159) - ==> Parameters: 13(Long)
2019-01-07 11:08:46,908:DEBUG qtp1579015748-29 (BaseJdbcLogger.java:159) - <==      Total: 1
2019-01-07 11:09:13,026:DEBUG qtp1579015748-25 (BaseJdbcLogger.java:159) - ==>  Preparing: select count(1) from image WHERE DATE_FORMAT(get_time, '%Y-%m-%d %H:%I:%S') >= DATE_FORMAT(?, '%Y-%m-%d %H:%I:%S') and 1 = 1 
2019-01-07 11:09:13,027:DEBUG qtp1579015748-25 (BaseJdbcLogger.java:159) - ==> Parameters: 2019-01-05 16:44:26.0(Timestamp)
2019-01-07 11:09:13,036:DEBUG qtp1579015748-25 (BaseJdbcLogger.java:159) - <==      Total: 1
2019-01-07 11:09:13,038:DEBUG qtp1579015748-25 (BaseJdbcLogger.java:159) - ==>  Preparing: select id, code, name, image_size_x, image_size_y, get_time,image_type,scene_location_longitude,scene_location_latitude, scene_type,device_name,management_user_code,image_info, create_by, update_time, update_by, ver, is_del from image WHERE DATE_FORMAT(get_time, '%Y-%m-%d %H:%I:%S') >= DATE_FORMAT(?, '%Y-%m-%d %H:%I:%S') and 1 = 1 limit 10 
2019-01-07 11:09:13,039:DEBUG qtp1579015748-25 (BaseJdbcLogger.java:159) - ==> Parameters: 2019-01-05 16:44:26.0(Timestamp)
2019-01-07 11:09:13,046:DEBUG qtp1579015748-25 (BaseJdbcLogger.java:159) - <==      Total: 1
2019-01-07 11:09:21,100:DEBUG qtp1579015748-26 (BaseJdbcLogger.java:159) - ==>  Preparing: select count(1) from image WHERE DATE_FORMAT(get_time, '%Y-%m-%d %H:%I:%S') >= DATE_FORMAT(?, '%Y-%m-%d %H:%I:%S') and 1 = 1 
2019-01-07 11:09:21,101:DEBUG qtp1579015748-26 (BaseJdbcLogger.java:159) - ==> Parameters: 2019-01-05 16:44:27.0(Timestamp)
2019-01-07 11:09:21,108:DEBUG qtp1579015748-26 (BaseJdbcLogger.java:159) - <==      Total: 1
2019-01-07 11:09:35,254:DEBUG qtp1579015748-28 (BaseJdbcLogger.java:159) - ==>  Preparing: select id, code, name, image_size_x, image_size_y, get_time,image_type,scene_location_longitude,scene_location_latitude, scene_type,device_name,management_user_code,image_info, create_by, update_time, update_by, ver, is_del from image where id = ? and 1 = 1 
2019-01-07 11:09:35,255:DEBUG qtp1579015748-28 (BaseJdbcLogger.java:159) - ==> Parameters: 9(Long)
2019-01-07 11:09:35,262:DEBUG qtp1579015748-28 (BaseJdbcLogger.java:159) - <==      Total: 1
2019-01-07 11:09:35,266:DEBUG qtp1579015748-28 (BaseJdbcLogger.java:159) - ==>  Preparing: update image set name = ?,image_size_x = ?,image_size_y = ?,image_type = ?,device_name = ?,scene_location_longitude = ?,scene_location_latitude = ?,scene_type = ?,management_user_code = ?,image_info = ?,update_by = ?,ver = ?,is_del = ?,ver = ver + 1 where id = ? 
2019-01-07 11:09:35,267:DEBUG qtp1579015748-28 (BaseJdbcLogger.java:159) - ==> Parameters: 风景图(String), 320(Long), 640(Long), 1(String), ak-47(String), 32(String), 96(String), 2(String), 12(String), 这是第二号脑图片(String), SYS(String), 2(Integer), 1(Integer), 9(Long)
2019-01-07 11:09:35,276:DEBUG qtp1579015748-28 (BaseJdbcLogger.java:159) - <==    Updates: 1
2019-01-07 11:10:56,807:DEBUG qtp1579015748-26 (BaseJdbcLogger.java:159) - ==>  Preparing: select id, code, name, image_size_x, image_size_y, get_time,image_type,scene_location_longitude,scene_location_latitude, scene_type,device_name,management_user_code,image_info, create_by, update_time, update_by, ver, is_del from image where id = ? and 1 = 1 
2019-01-07 11:10:56,843:DEBUG qtp1579015748-26 (BaseJdbcLogger.java:159) - ==> Parameters: 9(Long)
2019-01-07 11:10:56,887:DEBUG qtp1579015748-26 (BaseJdbcLogger.java:159) - <==      Total: 1
2019-01-07 11:10:56,893:DEBUG qtp1579015748-26 (BaseJdbcLogger.java:159) - ==>  Preparing: update image set name = ?,image_size_x = ?,image_size_y = ?,get_time = ?,image_type = ?,device_name = ?,scene_location_longitude = ?,scene_location_latitude = ?,scene_type = ?,management_user_code = ?,image_info = ?,update_by = ?,ver = ?,is_del = ?,ver = ver + 1 where id = ? 
2019-01-07 11:10:56,897:DEBUG qtp1579015748-26 (BaseJdbcLogger.java:159) - ==> Parameters: 风景图(String), 320(Long), 640(Long), 2019-01-06 16:44:26.0(Timestamp), 1(String), ak-47(String), 32(String), 96(String), 2(String), 12(String), 这是第二号脑图片(String), SYS(String), 3(Integer), 1(Integer), 9(Long)
2019-01-07 11:10:56,908:DEBUG qtp1579015748-26 (BaseJdbcLogger.java:159) - <==    Updates: 1
2019-01-07 11:11:11,366:DEBUG qtp1579015748-29 (BaseJdbcLogger.java:159) - ==>  Preparing: select id, code, name, image_size_x, image_size_y, get_time,image_type,scene_location_longitude,scene_location_latitude, scene_type,device_name,management_user_code,image_info, create_by, update_time, update_by, ver, is_del from image where id = ? and 1 = 1 
2019-01-07 11:11:11,368:DEBUG qtp1579015748-29 (BaseJdbcLogger.java:159) - ==> Parameters: 9(Long)
2019-01-07 11:11:11,377:DEBUG qtp1579015748-29 (BaseJdbcLogger.java:159) - <==      Total: 1
2019-01-07 11:11:26,061:DEBUG qtp1579015748-25 (BaseJdbcLogger.java:159) - ==>  Preparing: select count(1) from image WHERE DATE_FORMAT(get_time, '%Y-%m-%d %H:%I:%S') >= DATE_FORMAT(?, '%Y-%m-%d %H:%I:%S') and 1 = 1 
2019-01-07 11:11:26,062:DEBUG qtp1579015748-25 (BaseJdbcLogger.java:159) - ==> Parameters: 2019-01-05 16:44:26.0(Timestamp)
2019-01-07 11:11:26,072:DEBUG qtp1579015748-25 (BaseJdbcLogger.java:159) - <==      Total: 1
2019-01-07 11:11:26,077:DEBUG qtp1579015748-25 (BaseJdbcLogger.java:159) - ==>  Preparing: select id, code, name, image_size_x, image_size_y, get_time,image_type,scene_location_longitude,scene_location_latitude, scene_type,device_name,management_user_code,image_info, create_by, update_time, update_by, ver, is_del from image WHERE DATE_FORMAT(get_time, '%Y-%m-%d %H:%I:%S') >= DATE_FORMAT(?, '%Y-%m-%d %H:%I:%S') and 1 = 1 limit 10 
2019-01-07 11:11:26,078:DEBUG qtp1579015748-25 (BaseJdbcLogger.java:159) - ==> Parameters: 2019-01-05 16:44:26.0(Timestamp)
2019-01-07 11:11:26,084:DEBUG qtp1579015748-25 (BaseJdbcLogger.java:159) - <==      Total: 2
2019-01-07 11:11:47,150:DEBUG qtp1579015748-29 (BaseJdbcLogger.java:159) - ==>  Preparing: select id, code, name, image_size_x, image_size_y, get_time,image_type,scene_location_longitude,scene_location_latitude, scene_type,device_name,management_user_code,image_info, create_by, update_time, update_by, ver, is_del from image where id = ? and 1 = 1 
2019-01-07 11:11:47,151:DEBUG qtp1579015748-29 (BaseJdbcLogger.java:159) - ==> Parameters: 13(Long)
2019-01-07 11:11:47,162:DEBUG qtp1579015748-29 (BaseJdbcLogger.java:159) - <==      Total: 1
2019-01-07 11:11:47,180:DEBUG qtp1579015748-29 (BaseJdbcLogger.java:159) - ==>  Preparing: select id, code, name, image_size_x, image_size_y, get_time,image_type,scene_location_longitude,scene_location_latitude, scene_type,device_name,management_user_code,image_info, create_by, update_time, update_by, ver, is_del from image where id = ? and 1 = 1 
2019-01-07 11:11:47,181:DEBUG qtp1579015748-29 (BaseJdbcLogger.java:159) - ==> Parameters: 13(Long)
2019-01-07 11:11:47,188:DEBUG qtp1579015748-29 (BaseJdbcLogger.java:159) - <==      Total: 1
2019-01-07 11:11:47,191:DEBUG qtp1579015748-29 (BaseJdbcLogger.java:159) - ==>  Preparing: update image set name = ?,image_size_x = ?,image_size_y = ?,get_time = ?,image_type = ?,device_name = ?,scene_location_longitude = ?,scene_location_latitude = ?,scene_type = ?,management_user_code = ?,image_info = ?,update_by = ?,ver = ?,is_del = ?,ver = ver + 1 where id = ? 
2019-01-07 11:11:47,195:DEBUG qtp1579015748-29 (BaseJdbcLogger.java:159) - ==> Parameters: 脑图三号(String), 320(Long), 640(Long), 2019-01-05 16:44:26.0(Timestamp), 1(String), ak-47(String), 32(String), 96(String), 2(String), 12(String), 这是第三号脑图片(String), SYS(String), 0(Integer), 1(Integer), 13(Long)
2019-01-07 11:11:47,204:DEBUG qtp1579015748-29 (BaseJdbcLogger.java:159) - <==    Updates: 1
2019-01-07 11:12:02,719:DEBUG qtp1579015748-30 (BaseJdbcLogger.java:159) - ==>  Preparing: select count(1) from image WHERE is_del = ? and 1 = 1 
2019-01-07 11:12:02,720:DEBUG qtp1579015748-30 (BaseJdbcLogger.java:159) - ==> Parameters: 0(Integer)
2019-01-07 11:12:02,727:DEBUG qtp1579015748-30 (BaseJdbcLogger.java:159) - <==      Total: 1
2019-01-07 11:12:02,731:DEBUG qtp1579015748-30 (BaseJdbcLogger.java:159) - ==>  Preparing: select id, code, name, image_size_x, image_size_y, get_time,image_type,scene_location_longitude,scene_location_latitude, scene_type,device_name,management_user_code,image_info, create_by, update_time, update_by, ver, is_del from image WHERE is_del = ? and 1 = 1 limit 10 
2019-01-07 11:12:02,734:DEBUG qtp1579015748-30 (BaseJdbcLogger.java:159) - ==> Parameters: 0(Integer)
2019-01-07 11:12:02,745:DEBUG qtp1579015748-30 (BaseJdbcLogger.java:159) - <==      Total: 3
2019-01-07 11:12:15,851:DEBUG qtp1579015748-25 (BaseJdbcLogger.java:159) - ==>  Preparing: select count(1) from image WHERE is_del = ? and 1 = 1 
2019-01-07 11:12:15,852:DEBUG qtp1579015748-25 (BaseJdbcLogger.java:159) - ==> Parameters: 1(Integer)
2019-01-07 11:12:15,859:DEBUG qtp1579015748-25 (BaseJdbcLogger.java:159) - <==      Total: 1
2019-01-07 11:12:15,863:DEBUG qtp1579015748-25 (BaseJdbcLogger.java:159) - ==>  Preparing: select id, code, name, image_size_x, image_size_y, get_time,image_type,scene_location_longitude,scene_location_latitude, scene_type,device_name,management_user_code,image_info, create_by, update_time, update_by, ver, is_del from image WHERE is_del = ? and 1 = 1 limit 10 
2019-01-07 11:12:15,864:DEBUG qtp1579015748-25 (BaseJdbcLogger.java:159) - ==> Parameters: 1(Integer)
2019-01-07 11:12:15,870:DEBUG qtp1579015748-25 (BaseJdbcLogger.java:159) - <==      Total: 2
2019-01-07 11:12:39,712:DEBUG qtp1579015748-27 (BaseJdbcLogger.java:159) - ==>  Preparing: select count(1) from image WHERE is_del = ? and 1 = 1 
2019-01-07 11:12:39,713:DEBUG qtp1579015748-27 (BaseJdbcLogger.java:159) - ==> Parameters: 0(Integer)
2019-01-07 11:12:39,721:DEBUG qtp1579015748-27 (BaseJdbcLogger.java:159) - <==      Total: 1
2019-01-07 11:12:39,726:DEBUG qtp1579015748-27 (BaseJdbcLogger.java:159) - ==>  Preparing: select id, code, name, image_size_x, image_size_y, get_time,image_type,scene_location_longitude,scene_location_latitude, scene_type,device_name,management_user_code,image_info, create_by, update_time, update_by, ver, is_del from image WHERE is_del = ? and 1 = 1 limit 10 
2019-01-07 11:12:39,727:DEBUG qtp1579015748-27 (BaseJdbcLogger.java:159) - ==> Parameters: 0(Integer)
2019-01-07 11:12:39,734:DEBUG qtp1579015748-27 (BaseJdbcLogger.java:159) - <==      Total: 3
2019-01-07 14:26:10,523:DEBUG qtp28612052-26 (BaseJdbcLogger.java:159) - ==>  Preparing: select count(1) from experiment_record WHERE is_del = ? and 1 = 1 
2019-01-07 14:26:10,561:DEBUG qtp28612052-26 (BaseJdbcLogger.java:159) - ==> Parameters: 1(Integer)
2019-01-07 14:26:10,588:DEBUG qtp28612052-26 (BaseJdbcLogger.java:159) - <==      Total: 1
2019-01-07 14:26:10,596:DEBUG qtp28612052-26 (BaseJdbcLogger.java:159) - ==>  Preparing: select id, code, name, experiment_code, subject_user_id, subject_user_name,experiment_start_time,experiment_end_time,experiment_period, experiment_place,experiment_type,hz,sample_rate,experiment_impedance,reference_electrode,device_number,temperature,brain_wave, create_by, update_time, update_by, ver, is_del from experiment_record WHERE is_del = ? and 1 = 1 limit 10 
2019-01-07 14:26:10,597:DEBUG qtp28612052-26 (BaseJdbcLogger.java:159) - ==> Parameters: 1(Integer)
2019-01-07 14:26:10,616:DEBUG qtp28612052-26 (BaseJdbcLogger.java:159) - <==      Total: 1
2019-01-07 14:29:04,451:DEBUG qtp28612052-26 (BaseJdbcLogger.java:159) - ==>  Preparing: insert into experiment_record(name,experiment_code,subject_user_id,subject_user_name,experiment_start_time,experiment_end_time,experiment_period,experiment_place,experiment_type,hz,sample_rate,experiment_impedance,reference_electrode,device_number,temperature,brain_wave) values (?,?,?,?,?,?,?,?,?,?,?,?,?,?,?,?) 
2019-01-07 14:29:04,457:DEBUG qtp28612052-26 (BaseJdbcLogger.java:159) - ==> Parameters: 第一个实验记录(String), 9(String), 10(String), tom(String), 2019-01-04 16:44:26.0(Timestamp), 2019-01-07 16:44:26.0(Timestamp), 10(Integer), 北京(String), S(String), 1000(Integer), 2000(Integer), 10(Integer), 123456(String), AK47(String), 26(Integer), 这个脑波的图样跟爱因斯坦的一模一样卧槽(String)
2019-01-07 14:29:04,514:DEBUG qtp28612052-26 (BaseJdbcLogger.java:159) - <==    Updates: 1
2019-01-07 14:29:44,465:DEBUG qtp28612052-29 (BaseJdbcLogger.java:159) - ==>  Preparing: select id, code, name, experiment_code, subject_user_id, subject_user_name,experiment_start_time,experiment_end_time,experiment_period, experiment_place,experiment_type,hz,sample_rate,experiment_impedance,reference_electrode,device_number,temperature,brain_wave, create_by, update_time, update_by, ver, is_del from experiment_record where id = ? and 1 = 1 
2019-01-07 14:29:44,466:DEBUG qtp28612052-29 (BaseJdbcLogger.java:159) - ==> Parameters: 14(Long)
2019-01-07 14:29:44,478:DEBUG qtp28612052-29 (BaseJdbcLogger.java:159) - <==      Total: 1
2019-01-07 14:29:50,407:DEBUG qtp28612052-27 (BaseJdbcLogger.java:159) - ==>  Preparing: select count(1) from experiment_record WHERE is_del = ? and 1 = 1 
2019-01-07 14:29:50,408:DEBUG qtp28612052-27 (BaseJdbcLogger.java:159) - ==> Parameters: 1(Integer)
2019-01-07 14:29:50,416:DEBUG qtp28612052-27 (BaseJdbcLogger.java:159) - <==      Total: 1
2019-01-07 14:29:50,418:DEBUG qtp28612052-27 (BaseJdbcLogger.java:159) - ==>  Preparing: select id, code, name, experiment_code, subject_user_id, subject_user_name,experiment_start_time,experiment_end_time,experiment_period, experiment_place,experiment_type,hz,sample_rate,experiment_impedance,reference_electrode,device_number,temperature,brain_wave, create_by, update_time, update_by, ver, is_del from experiment_record WHERE is_del = ? and 1 = 1 limit 10 
2019-01-07 14:29:50,420:DEBUG qtp28612052-27 (BaseJdbcLogger.java:159) - ==> Parameters: 1(Integer)
2019-01-07 14:29:50,427:DEBUG qtp28612052-27 (BaseJdbcLogger.java:159) - <==      Total: 1
2019-01-07 14:29:59,340:DEBUG qtp28612052-29 (BaseJdbcLogger.java:159) - ==>  Preparing: select count(1) from experiment_record WHERE is_del = ? and 1 = 1 
2019-01-07 14:29:59,340:DEBUG qtp28612052-29 (BaseJdbcLogger.java:159) - ==> Parameters: 0(Integer)
2019-01-07 14:29:59,348:DEBUG qtp28612052-29 (BaseJdbcLogger.java:159) - <==      Total: 1
2019-01-07 14:29:59,353:DEBUG qtp28612052-29 (BaseJdbcLogger.java:159) - ==>  Preparing: select id, code, name, experiment_code, subject_user_id, subject_user_name,experiment_start_time,experiment_end_time,experiment_period, experiment_place,experiment_type,hz,sample_rate,experiment_impedance,reference_electrode,device_number,temperature,brain_wave, create_by, update_time, update_by, ver, is_del from experiment_record WHERE is_del = ? and 1 = 1 limit 10 
2019-01-07 14:29:59,355:DEBUG qtp28612052-29 (BaseJdbcLogger.java:159) - ==> Parameters: 0(Integer)
2019-01-07 14:29:59,361:DEBUG qtp28612052-29 (BaseJdbcLogger.java:159) - <==      Total: 1
2019-01-07 14:32:57,827:DEBUG qtp2147002844-25 (BaseJdbcLogger.java:159) - ==>  Preparing: insert into image(name,image_size_x,image_size_y,get_time,image_type,device_name,scene_location_longitude,scene_location_latitude,scene_type,management_user_code,image_info) values (?,?,?,?,?,?,?,?,?,?,?) 
2019-01-07 14:32:57,870:DEBUG qtp2147002844-25 (BaseJdbcLogger.java:159) - ==> Parameters: 脑图三号(String), 320(Long), 640(Long), 2019-01-07 16:44:26.0(Timestamp), 1(Integer), ak-47(String), 32(String), 96(String), 2(Integer), 12(String), 这是第三号脑图片(String)
2019-01-07 14:32:57,885:DEBUG qtp2147002844-25 (BaseJdbcLogger.java:159) - <==    Updates: 1
2019-01-07 14:33:35,343:DEBUG qtp2147002844-28 (BaseJdbcLogger.java:159) - ==>  Preparing: select id, code, name, image_size_x, image_size_y, get_time,image_type,scene_location_longitude,scene_location_latitude, scene_type,device_name,management_user_code,image_info, create_by, update_time, update_by, ver, is_del from image where id = ? and 1 = 1 
2019-01-07 14:33:35,344:DEBUG qtp2147002844-28 (BaseJdbcLogger.java:159) - ==> Parameters: 14(Long)
2019-01-07 14:33:35,365:DEBUG qtp2147002844-28 (BaseJdbcLogger.java:159) - <==      Total: 1
2019-01-07 14:34:34,799:DEBUG qtp2147002844-30 (BaseJdbcLogger.java:159) - ==>  Preparing: insert into experiment(name,experiment_time,experiment_place,management_user_id,experiment_image_id,plan_start_time,plan_end_time,stitch_image_src,pre_treating_image_src,status) values (?,?,?,?,?,?,?,?,?,?) 
2019-01-07 14:34:34,800:DEBUG qtp2147002844-30 (BaseJdbcLogger.java:159) - ==> Parameters: 测试mapper文件(String), 2019-01-04 16:44:26.0(Timestamp), soho 1902(String), 2(String), image_one(String), 2019-01-04 16:44:26.0(Timestamp), 2019-01-07 16:44:26.0(Timestamp), /user/desktop/(String), /user/desktop/after(String), C(String)
2019-01-07 14:34:34,811:DEBUG qtp2147002844-30 (BaseJdbcLogger.java:159) - <==    Updates: 1
