2019-01-14 13:29:00,831:DEBUG qtp580979398-26 (BaseJdbcLogger.java:159) - ==>  Preparing: insert into algorithm(name,name_cn,name_en,remark,arguments) values (?,?,?,?,?) 
2019-01-14 13:29:00,882:DEBUG qtp580979398-26 (BaseJdbcLogger.java:159) - ==> Parameters: 用来测试list字段第五次(String), 第三个算法(String), third algorithm(String), 吊炸天(String), {"{\"argument_name\":\"x\",\"argument_description\":\"横向坐标\",\"argument_type\":\"Long\"}":{"argument_name":"y","argument_description":"纵向坐标","argument_type":"Long"}}(String)
2019-01-14 13:29:00,896:DEBUG qtp580979398-26 (BaseJdbcLogger.java:159) - <==    Updates: 1
2019-01-14 13:29:07,483:DEBUG qtp580979398-25 (BaseJdbcLogger.java:159) - ==>  Preparing: select count(1) from algorithm WHERE 1 = 1 
2019-01-14 13:29:07,485:DEBUG qtp580979398-25 (BaseJdbcLogger.java:159) - ==> Parameters: 
2019-01-14 13:29:07,506:DEBUG qtp580979398-25 (BaseJdbcLogger.java:159) - <==      Total: 1
2019-01-14 13:29:07,510:DEBUG qtp580979398-25 (BaseJdbcLogger.java:159) - ==>  Preparing: select id, code, name, name_cn, name_en, remark,arguments, create_time,create_by, update_time, update_by, ver, is_del from algorithm WHERE 1 = 1 limit 10 
2019-01-14 13:29:07,510:DEBUG qtp580979398-25 (BaseJdbcLogger.java:159) - ==> Parameters: 
2019-01-14 13:29:07,529:DEBUG qtp580979398-25 (BaseJdbcLogger.java:159) - <==      Total: 5
2019-01-14 13:29:27,064:DEBUG qtp580979398-30 (BaseJdbcLogger.java:159) - ==>  Preparing: select id, code, name, name_cn, name_en, remark,arguments, create_time,create_by, update_time, update_by, ver, is_del from algorithm where id = ? and 1 = 1 
2019-01-14 13:29:27,065:DEBUG qtp580979398-30 (BaseJdbcLogger.java:159) - ==> Parameters: 35(Long)
2019-01-14 13:29:27,074:DEBUG qtp580979398-30 (BaseJdbcLogger.java:159) - <==      Total: 1
2019-01-14 13:30:05,713:DEBUG qtp580979398-30 (BaseJdbcLogger.java:159) - ==>  Preparing: select count(1) from algorithm WHERE 1 = 1 
2019-01-14 13:30:05,715:DEBUG qtp580979398-30 (BaseJdbcLogger.java:159) - ==> Parameters: 
2019-01-14 13:30:05,723:DEBUG qtp580979398-30 (BaseJdbcLogger.java:159) - <==      Total: 1
2019-01-14 13:30:05,725:DEBUG qtp580979398-30 (BaseJdbcLogger.java:159) - ==>  Preparing: select id, code, name, name_cn, name_en, remark,arguments, create_time,create_by, update_time, update_by, ver, is_del from algorithm WHERE 1 = 1 limit 10 
2019-01-14 13:30:05,726:DEBUG qtp580979398-30 (BaseJdbcLogger.java:159) - ==> Parameters: 
2019-01-14 13:30:05,738:DEBUG qtp580979398-30 (BaseJdbcLogger.java:159) - <==      Total: 5
2019-01-14 13:31:13,309:DEBUG qtp580979398-26 (BaseJdbcLogger.java:159) - ==>  Preparing: select count(1) from algorithm WHERE 1 = 1 
2019-01-14 13:31:13,311:DEBUG qtp580979398-26 (BaseJdbcLogger.java:159) - ==> Parameters: 
2019-01-14 13:31:13,316:DEBUG qtp580979398-26 (BaseJdbcLogger.java:159) - <==      Total: 1
2019-01-14 13:31:13,319:DEBUG qtp580979398-26 (BaseJdbcLogger.java:159) - ==>  Preparing: select id, code, name, name_cn, name_en, remark,arguments, create_time,create_by, update_time, update_by, ver, is_del from algorithm WHERE 1 = 1 limit 10 
2019-01-14 13:31:13,320:DEBUG qtp580979398-26 (BaseJdbcLogger.java:159) - ==> Parameters: 
2019-01-14 13:31:13,334:DEBUG qtp580979398-26 (BaseJdbcLogger.java:159) - <==      Total: 5
2019-01-14 13:31:26,551:DEBUG qtp580979398-29 (BaseJdbcLogger.java:159) - ==>  Preparing: select id, code, name, name_cn, name_en, remark,arguments, create_time,create_by, update_time, update_by, ver, is_del from algorithm where id = ? and 1 = 1 
2019-01-14 13:31:26,552:DEBUG qtp580979398-29 (BaseJdbcLogger.java:159) - ==> Parameters: 35(Long)
2019-01-14 13:31:26,561:DEBUG qtp580979398-29 (BaseJdbcLogger.java:159) - <==      Total: 1
2019-01-14 13:32:41,490:DEBUG qtp1047000562-28 (BaseJdbcLogger.java:159) - ==>  Preparing: select id, code, name, name_cn, name_en, remark,arguments, create_time,create_by, update_time, update_by, ver, is_del from algorithm where id = ? and 1 = 1 
2019-01-14 13:32:41,529:DEBUG qtp1047000562-28 (BaseJdbcLogger.java:159) - ==> Parameters: 35(Long)
2019-01-14 13:32:41,580:DEBUG qtp1047000562-28 (BaseJdbcLogger.java:159) - <==      Total: 1
2019-01-14 13:33:49,219:DEBUG qtp1047000562-29 (BaseJdbcLogger.java:159) - ==>  Preparing: select id, code, name, name_cn, name_en, remark,arguments, create_time,create_by, update_time, update_by, ver, is_del from algorithm where id = ? and 1 = 1 
2019-01-14 13:33:49,224:DEBUG qtp1047000562-29 (BaseJdbcLogger.java:159) - ==> Parameters: 33(Long)
2019-01-14 13:33:49,234:DEBUG qtp1047000562-29 (BaseJdbcLogger.java:159) - <==      Total: 1
2019-01-14 13:34:34,451:DEBUG qtp1047000562-27 (BaseJdbcLogger.java:159) - ==>  Preparing: insert into algorithm(name,name_cn,name_en,remark,arguments) values (?,?,?,?,?) 
2019-01-14 13:34:34,453:DEBUG qtp1047000562-27 (BaseJdbcLogger.java:159) - ==> Parameters: 将fastjson jar包由版本28改回39测试(String), 第三个算法(String), third algorithm(String), 吊炸天(String), {{"argument_name":"x","argument_description":"横向坐标","argument_type":"Long"}:{"argument_name":"y","argument_description":"纵向坐标","argument_type":"Long"}}(String)
2019-01-14 13:34:34,463:DEBUG qtp1047000562-27 (BaseJdbcLogger.java:159) - <==    Updates: 1
2019-01-14 13:35:05,729:DEBUG qtp1047000562-28 (BaseJdbcLogger.java:159) - ==>  Preparing: select id, code, name, name_cn, name_en, remark,arguments, create_time,create_by, update_time, update_by, ver, is_del from algorithm where id = ? and 1 = 1 
2019-01-14 13:35:05,730:DEBUG qtp1047000562-28 (BaseJdbcLogger.java:159) - ==> Parameters: 36(Long)
2019-01-14 13:35:05,739:DEBUG qtp1047000562-28 (BaseJdbcLogger.java:159) - <==      Total: 1
