2019-01-05 14:59:38,113:DEBUG qtp1579015748-27 (BaseJdbcLogger.java:159) - ==>  Preparing: select count(1) from algorithm WHERE 1 = 1 
2019-01-05 14:59:38,158:DEBUG qtp1579015748-27 (BaseJdbcLogger.java:159) - ==> Parameters: 
2019-01-05 14:59:38,189:DEBUG qtp1579015748-27 (BaseJdbcLogger.java:159) - <==      Total: 1
2019-01-05 14:59:38,193:DEBUG qtp1579015748-27 (BaseJdbcLogger.java:159) - ==>  Preparing: select id, code, name, name_cn, name_en, remark,arguments, create_time，create_by, update_time, update_by, ver, is_del from algorithm WHERE 1 = 1 limit 10 
2019-01-05 14:59:38,194:DEBUG qtp1579015748-27 (BaseJdbcLogger.java:159) - ==> Parameters: 
2019-01-05 15:03:23,075:DEBUG qtp1252138909-30 (BaseJdbcLogger.java:159) - ==>  Preparing: select count(1) from algorithm WHERE 1 = 1 
2019-01-05 15:03:23,113:DEBUG qtp1252138909-30 (BaseJdbcLogger.java:159) - ==> Parameters: 
2019-01-05 15:03:23,142:DEBUG qtp1252138909-30 (BaseJdbcLogger.java:159) - <==      Total: 1
2019-01-05 15:03:23,146:DEBUG qtp1252138909-30 (BaseJdbcLogger.java:159) - ==>  Preparing: select id, code, name, name_cn, name_en, remark,arguments, create_time,create_by, update_time, update_by, ver, is_del from algorithm WHERE 1 = 1 limit 10 
2019-01-05 15:03:23,147:DEBUG qtp1252138909-30 (BaseJdbcLogger.java:159) - ==> Parameters: 
2019-01-05 15:03:23,164:DEBUG qtp1252138909-30 (BaseJdbcLogger.java:159) - <==      Total: 2
2019-01-05 16:13:17,182:DEBUG qtp1277882374-26 (BaseJdbcLogger.java:159) - ==>  Preparing: insert into algorithm(name,name_cn,name_en,remark,arguments) values (?,?,?,?,?) 
2019-01-05 16:13:17,220:DEBUG qtp1277882374-26 (BaseJdbcLogger.java:159) - ==> Parameters: 测试mapper文件(String), 第三个算法(String), third algorithm(String), 吊炸天(String), {{"argument_name":"x","argument_description":"横向坐标","argument_type":"Long"}:{"argument_name":"y","argument_description":"纵向坐标","argument_type":"Long"}}(String)
2019-01-05 16:13:17,233:DEBUG qtp1277882374-26 (BaseJdbcLogger.java:159) - <==    Updates: 1
2019-01-05 16:13:27,879:DEBUG qtp1277882374-26 (BaseJdbcLogger.java:159) - ==>  Preparing: select count(1) from algorithm WHERE 1 = 1 
2019-01-05 16:13:27,881:DEBUG qtp1277882374-26 (BaseJdbcLogger.java:159) - ==> Parameters: 
2019-01-05 16:13:27,904:DEBUG qtp1277882374-26 (BaseJdbcLogger.java:159) - <==      Total: 1
2019-01-05 16:13:27,912:DEBUG qtp1277882374-26 (BaseJdbcLogger.java:159) - ==>  Preparing: select id, code, name, name_cn, name_en, remark,arguments, create_time,create_by, update_time, update_by, ver, is_del from algorithm WHERE 1 = 1 limit 10 
2019-01-05 16:13:27,917:DEBUG qtp1277882374-26 (BaseJdbcLogger.java:159) - ==> Parameters: 
2019-01-05 16:13:27,934:DEBUG qtp1277882374-26 (BaseJdbcLogger.java:159) - <==      Total: 3
2019-01-05 16:13:45,813:DEBUG qtp1277882374-28 (BaseJdbcLogger.java:159) - ==>  Preparing: select id, code, name, name_cn, name_en, remark,arguments, create_time,create_by, update_time, update_by, ver, is_del from algorithm where id = ? and 1 = 1 
2019-01-05 16:13:45,814:DEBUG qtp1277882374-28 (BaseJdbcLogger.java:159) - ==> Parameters: 33(Long)
2019-01-05 16:13:46,002:DEBUG qtp1277882374-28 (BaseJdbcLogger.java:159) - <==      Total: 1
2019-01-05 16:18:34,090:DEBUG qtp1277882374-30 (BaseJdbcLogger.java:159) - ==>  Preparing: select id, code, name, name_cn, name_en, remark,arguments, create_time,create_by, update_time, update_by, ver, is_del from algorithm where id = ? and 1 = 1 
2019-01-05 16:18:34,094:DEBUG qtp1277882374-30 (BaseJdbcLogger.java:159) - ==> Parameters: 33(Long)
2019-01-05 16:18:34,100:DEBUG qtp1277882374-30 (BaseJdbcLogger.java:159) - <==      Total: 1
2019-01-05 16:18:34,103:DEBUG qtp1277882374-30 (BaseJdbcLogger.java:159) - ==>  Preparing: update algorithm set name = ?,name_cn = ?,name_en = ?,remark = ?,arguments = ?,update_by = ?,ver = ?,is_del = ?,ver = ver + 1 where id = ? 
2019-01-05 16:18:34,104:DEBUG qtp1277882374-30 (BaseJdbcLogger.java:159) - ==> Parameters: mapper文件没问题(String), 这个算法第一吊(String), this algorithm is no.1(String), 我就这么描述了怎么样(String), {{"argument_name":"x","argument_description":"横向坐标","argument_type":"Long"}:{"argument_name":"y","argument_description":"纵向坐标","argument_type":"Long"}}(String), SYS(String), 0(Integer), 0(Integer), 33(Long)
2019-01-05 16:18:34,113:DEBUG qtp1277882374-30 (BaseJdbcLogger.java:159) - <==    Updates: 1
2019-01-05 16:18:48,191:DEBUG qtp1277882374-27 (BaseJdbcLogger.java:159) - ==>  Preparing: select id, code, name, name_cn, name_en, remark,arguments, create_time,create_by, update_time, update_by, ver, is_del from algorithm where id = ? and 1 = 1 
2019-01-05 16:18:48,192:DEBUG qtp1277882374-27 (BaseJdbcLogger.java:159) - ==> Parameters: 33(Long)
2019-01-05 16:18:48,200:DEBUG qtp1277882374-27 (BaseJdbcLogger.java:159) - <==      Total: 1
2019-01-05 16:19:42,831:DEBUG qtp1277882374-26 (BaseJdbcLogger.java:159) - ==>  Preparing: insert into experiment(name,experiment_place,management_user_id,experiment_image_id,stitch_image_src,pre_treating_image_src,status) values (?,?,?,?,?,?,?) 
2019-01-05 16:19:42,834:DEBUG qtp1277882374-26 (BaseJdbcLogger.java:159) - ==> Parameters: 测试mapper文件(String), soho 1902(String), 2(String), image_one(String), /user/desktop/(String), /user/desktop/after(String), 测试中(String)
2019-01-05 16:20:10,814:DEBUG qtp1277882374-27 (BaseJdbcLogger.java:159) - ==>  Preparing: insert into experiment(name,experiment_place,management_user_id,experiment_image_id,stitch_image_src,pre_treating_image_src,status) values (?,?,?,?,?,?,?) 
2019-01-05 16:20:10,815:DEBUG qtp1277882374-27 (BaseJdbcLogger.java:159) - ==> Parameters: 测试mapper文件(String), soho 1902(String), 2(String), image_one(String), /user/desktop/(String), /user/desktop/after(String), testing(String)
2019-01-05 16:20:17,759:DEBUG qtp1277882374-29 (BaseJdbcLogger.java:159) - ==>  Preparing: insert into experiment(name,experiment_place,management_user_id,experiment_image_id,stitch_image_src,pre_treating_image_src,status) values (?,?,?,?,?,?,?) 
2019-01-05 16:20:17,762:DEBUG qtp1277882374-29 (BaseJdbcLogger.java:159) - ==> Parameters: 测试mapper文件(String), soho 1902(String), 2(String), image_one(String), /user/desktop/(String), /user/desktop/after(String), 1(String)
2019-01-05 16:20:17,772:DEBUG qtp1277882374-29 (BaseJdbcLogger.java:159) - <==    Updates: 1
2019-01-05 16:20:29,763:DEBUG qtp1277882374-27 (BaseJdbcLogger.java:159) - ==>  Preparing: select count(1) from experiment WHERE management_user_id = ? and 1 = 1 
2019-01-05 16:20:29,764:DEBUG qtp1277882374-27 (BaseJdbcLogger.java:159) - ==> Parameters: 3(String)
2019-01-05 16:20:29,772:DEBUG qtp1277882374-27 (BaseJdbcLogger.java:159) - <==      Total: 1
2019-01-05 16:20:29,777:DEBUG qtp1277882374-27 (BaseJdbcLogger.java:159) - ==>  Preparing: select id, code, name, experiment_time, experiment_place, management_user_id, experiment_image_id, plan_start_time, plan_end_time, stitch_image_src, pre_treating_image_src, status, create_time, create_by, update_time, update_by, ver, is_del from experiment WHERE management_user_id = ? and 1 = 1 limit 10 
2019-01-05 16:20:29,778:DEBUG qtp1277882374-27 (BaseJdbcLogger.java:159) - ==> Parameters: 3(String)
2019-01-05 16:20:29,785:DEBUG qtp1277882374-27 (BaseJdbcLogger.java:159) - <==      Total: 2
2019-01-05 16:21:09,620:DEBUG qtp1277882374-25 (BaseJdbcLogger.java:159) - ==>  Preparing: select count(1) from experiment WHERE 1 = 1 
2019-01-05 16:21:09,621:DEBUG qtp1277882374-25 (BaseJdbcLogger.java:159) - ==> Parameters: 
2019-01-05 16:21:09,628:DEBUG qtp1277882374-25 (BaseJdbcLogger.java:159) - <==      Total: 1
2019-01-05 16:21:09,634:DEBUG qtp1277882374-25 (BaseJdbcLogger.java:159) - ==>  Preparing: select id, code, name, experiment_time, experiment_place, management_user_id, experiment_image_id, plan_start_time, plan_end_time, stitch_image_src, pre_treating_image_src, status, create_time, create_by, update_time, update_by, ver, is_del from experiment WHERE 1 = 1 limit 10 
2019-01-05 16:21:09,636:DEBUG qtp1277882374-25 (BaseJdbcLogger.java:159) - ==> Parameters: 
2019-01-05 16:21:09,643:DEBUG qtp1277882374-25 (BaseJdbcLogger.java:159) - <==      Total: 3
2019-01-05 16:21:18,016:DEBUG qtp1277882374-25 (BaseJdbcLogger.java:159) - ==>  Preparing: select count(1) from experiment WHERE management_user_id = ? and 1 = 1 
2019-01-05 16:21:18,017:DEBUG qtp1277882374-25 (BaseJdbcLogger.java:159) - ==> Parameters: 3(String)
2019-01-05 16:21:18,086:DEBUG qtp1277882374-25 (BaseJdbcLogger.java:159) - <==      Total: 1
2019-01-05 16:21:18,093:DEBUG qtp1277882374-25 (BaseJdbcLogger.java:159) - ==>  Preparing: select id, code, name, experiment_time, experiment_place, management_user_id, experiment_image_id, plan_start_time, plan_end_time, stitch_image_src, pre_treating_image_src, status, create_time, create_by, update_time, update_by, ver, is_del from experiment WHERE management_user_id = ? and 1 = 1 limit 10 
2019-01-05 16:21:18,097:DEBUG qtp1277882374-25 (BaseJdbcLogger.java:159) - ==> Parameters: 3(String)
2019-01-05 16:21:18,106:DEBUG qtp1277882374-25 (BaseJdbcLogger.java:159) - <==      Total: 2
2019-01-05 16:21:40,209:DEBUG qtp1277882374-29 (BaseJdbcLogger.java:159) - ==>  Preparing: select count(1) from experiment WHERE 1 = 1 
2019-01-05 16:21:40,210:DEBUG qtp1277882374-29 (BaseJdbcLogger.java:159) - ==> Parameters: 
2019-01-05 16:21:40,218:DEBUG qtp1277882374-29 (BaseJdbcLogger.java:159) - <==      Total: 1
2019-01-05 16:21:40,220:DEBUG qtp1277882374-29 (BaseJdbcLogger.java:159) - ==>  Preparing: select id, code, name, experiment_time, experiment_place, management_user_id, experiment_image_id, plan_start_time, plan_end_time, stitch_image_src, pre_treating_image_src, status, create_time, create_by, update_time, update_by, ver, is_del from experiment WHERE 1 = 1 limit 10 
2019-01-05 16:21:40,221:DEBUG qtp1277882374-29 (BaseJdbcLogger.java:159) - ==> Parameters: 
2019-01-05 16:21:40,233:DEBUG qtp1277882374-29 (BaseJdbcLogger.java:159) - <==      Total: 3
2019-01-05 16:21:52,012:DEBUG qtp1277882374-28 (BaseJdbcLogger.java:159) - ==>  Preparing: select id, code, name, experiment_time, experiment_place, management_user_id, experiment_image_id, plan_start_time, plan_end_time, stitch_image_src, pre_treating_image_src, status, create_time, create_by, update_time, update_by, ver, is_del from experiment where id = ? and 1 = 1 
2019-01-05 16:21:52,013:DEBUG qtp1277882374-28 (BaseJdbcLogger.java:159) - ==> Parameters: 11(Long)
2019-01-05 16:21:52,025:DEBUG qtp1277882374-28 (BaseJdbcLogger.java:159) - <==      Total: 1
2019-01-05 16:22:15,127:DEBUG qtp1277882374-28 (BaseJdbcLogger.java:159) - ==>  Preparing: select id, code, name, experiment_time, experiment_place, management_user_id, experiment_image_id, plan_start_time, plan_end_time, stitch_image_src, pre_treating_image_src, status, create_time, create_by, update_time, update_by, ver, is_del from experiment where id = ? and 1 = 1 
2019-01-05 16:22:15,128:DEBUG qtp1277882374-28 (BaseJdbcLogger.java:159) - ==> Parameters: 11(Long)
2019-01-05 16:22:15,140:DEBUG qtp1277882374-28 (BaseJdbcLogger.java:159) - <==      Total: 1
2019-01-05 16:22:15,155:DEBUG qtp1277882374-28 (BaseJdbcLogger.java:159) - ==>  Preparing: select id, code, name, experiment_time, experiment_place, management_user_id, experiment_image_id, plan_start_time, plan_end_time, stitch_image_src, pre_treating_image_src, status, create_time, create_by, update_time, update_by, ver, is_del from experiment where id = ? and 1 = 1 
2019-01-05 16:22:15,155:DEBUG qtp1277882374-28 (BaseJdbcLogger.java:159) - ==> Parameters: 11(Long)
2019-01-05 16:22:15,162:DEBUG qtp1277882374-28 (BaseJdbcLogger.java:159) - <==      Total: 1
2019-01-05 16:22:15,168:DEBUG qtp1277882374-28 (BaseJdbcLogger.java:159) - ==>  Preparing: update experiment set name = ?,experiment_place = ?,management_user_id = ?,experiment_image_id = ?,stitch_image_src = ?,pre_treating_image_src = ?,status = ?,update_by = ?,ver = ?,is_del = ?,ver = ver + 1 where id = ? 
2019-01-05 16:22:15,169:DEBUG qtp1277882374-28 (BaseJdbcLogger.java:159) - ==> Parameters: 测试mapper文件(String), soho 1902(String), 2(String), image_one(String), /user/desktop/(String), /user/desktop/after(String), 1(String), SYS(String), 0(Integer), 1(Integer), 11(Long)
2019-01-05 16:22:15,177:DEBUG qtp1277882374-28 (BaseJdbcLogger.java:159) - <==    Updates: 1
2019-01-05 16:22:28,205:DEBUG qtp1277882374-28 (BaseJdbcLogger.java:159) - ==>  Preparing: select count(1) from experiment WHERE is_del = ? and 1 = 1 
2019-01-05 16:22:28,205:DEBUG qtp1277882374-28 (BaseJdbcLogger.java:159) - ==> Parameters: 0(Integer)
2019-01-05 16:22:28,214:DEBUG qtp1277882374-28 (BaseJdbcLogger.java:159) - <==      Total: 1
2019-01-05 16:22:58,076:DEBUG qtp1277882374-28 (BaseJdbcLogger.java:159) - ==>  Preparing: select count(1) from experiment WHERE is_del = ? and 1 = 1 
2019-01-05 16:22:58,076:DEBUG qtp1277882374-28 (BaseJdbcLogger.java:159) - ==> Parameters: 1(Integer)
2019-01-05 16:22:58,084:DEBUG qtp1277882374-28 (BaseJdbcLogger.java:159) - <==      Total: 1
2019-01-05 16:22:58,087:DEBUG qtp1277882374-28 (BaseJdbcLogger.java:159) - ==>  Preparing: select id, code, name, experiment_time, experiment_place, management_user_id, experiment_image_id, plan_start_time, plan_end_time, stitch_image_src, pre_treating_image_src, status, create_time, create_by, update_time, update_by, ver, is_del from experiment WHERE is_del = ? and 1 = 1 limit 10 
2019-01-05 16:22:58,087:DEBUG qtp1277882374-28 (BaseJdbcLogger.java:159) - ==> Parameters: 1(Integer)
2019-01-05 16:22:58,096:DEBUG qtp1277882374-28 (BaseJdbcLogger.java:159) - <==      Total: 3
2019-01-05 16:23:07,251:DEBUG qtp1277882374-26 (BaseJdbcLogger.java:159) - ==>  Preparing: select count(1) from experiment WHERE management_user_id = ? and 1 = 1 
2019-01-05 16:23:07,252:DEBUG qtp1277882374-26 (BaseJdbcLogger.java:159) - ==> Parameters: 3(String)
2019-01-05 16:23:07,259:DEBUG qtp1277882374-26 (BaseJdbcLogger.java:159) - <==      Total: 1
2019-01-05 16:23:07,261:DEBUG qtp1277882374-26 (BaseJdbcLogger.java:159) - ==>  Preparing: select id, code, name, experiment_time, experiment_place, management_user_id, experiment_image_id, plan_start_time, plan_end_time, stitch_image_src, pre_treating_image_src, status, create_time, create_by, update_time, update_by, ver, is_del from experiment WHERE management_user_id = ? and 1 = 1 limit 10 
2019-01-05 16:23:07,262:DEBUG qtp1277882374-26 (BaseJdbcLogger.java:159) - ==> Parameters: 3(String)
2019-01-05 16:23:07,268:DEBUG qtp1277882374-26 (BaseJdbcLogger.java:159) - <==      Total: 2
2019-01-05 16:23:16,688:DEBUG qtp1277882374-28 (BaseJdbcLogger.java:159) - ==>  Preparing: select count(1) from experiment WHERE 1 = 1 
2019-01-05 16:23:16,688:DEBUG qtp1277882374-28 (BaseJdbcLogger.java:159) - ==> Parameters: 
2019-01-05 16:23:16,695:DEBUG qtp1277882374-28 (BaseJdbcLogger.java:159) - <==      Total: 1
2019-01-05 16:23:16,699:DEBUG qtp1277882374-28 (BaseJdbcLogger.java:159) - ==>  Preparing: select id, code, name, experiment_time, experiment_place, management_user_id, experiment_image_id, plan_start_time, plan_end_time, stitch_image_src, pre_treating_image_src, status, create_time, create_by, update_time, update_by, ver, is_del from experiment WHERE 1 = 1 limit 10 
2019-01-05 16:23:16,700:DEBUG qtp1277882374-28 (BaseJdbcLogger.java:159) - ==> Parameters: 
2019-01-05 16:23:16,709:DEBUG qtp1277882374-28 (BaseJdbcLogger.java:159) - <==      Total: 3
2019-01-05 16:24:24,341:DEBUG qtp1277882374-29 (BaseJdbcLogger.java:159) - ==>  Preparing: select id, code, name, experiment_time, experiment_place, management_user_id, experiment_image_id, plan_start_time, plan_end_time, stitch_image_src, pre_treating_image_src, status, create_time, create_by, update_time, update_by, ver, is_del from experiment where id = ? and 1 = 1 
2019-01-05 16:24:24,342:DEBUG qtp1277882374-29 (BaseJdbcLogger.java:159) - ==> Parameters: 11(Long)
2019-01-05 16:24:24,349:DEBUG qtp1277882374-29 (BaseJdbcLogger.java:159) - <==      Total: 1
2019-01-05 16:24:24,353:DEBUG qtp1277882374-29 (BaseJdbcLogger.java:159) - ==>  Preparing: update experiment set name = ?,experiment_place = ?,management_user_id = ?,experiment_image_id = ?,stitch_image_src = ?,pre_treating_image_src = ?,status = ?,update_by = ?,ver = ?,is_del = ?,ver = ver + 1 where id = ? 
2019-01-05 16:24:24,354:DEBUG qtp1277882374-29 (BaseJdbcLogger.java:159) - ==> Parameters: mapper文件没问题(String), 解放军医院(String), 2(String), image_one(String), /user/desktop/(String), /user/desktop/after(String), 1(String), SYS(String), 1(Integer), 1(Integer), 11(Long)
2019-01-05 16:24:24,364:DEBUG qtp1277882374-29 (BaseJdbcLogger.java:159) - <==    Updates: 1
2019-01-05 16:24:43,578:DEBUG qtp1277882374-30 (BaseJdbcLogger.java:159) - ==>  Preparing: select count(1) from experiment WHERE 1 = 1 
2019-01-05 16:24:43,578:DEBUG qtp1277882374-30 (BaseJdbcLogger.java:159) - ==> Parameters: 
2019-01-05 16:24:43,587:DEBUG qtp1277882374-30 (BaseJdbcLogger.java:159) - <==      Total: 1
2019-01-05 16:24:43,591:DEBUG qtp1277882374-30 (BaseJdbcLogger.java:159) - ==>  Preparing: select id, code, name, experiment_time, experiment_place, management_user_id, experiment_image_id, plan_start_time, plan_end_time, stitch_image_src, pre_treating_image_src, status, create_time, create_by, update_time, update_by, ver, is_del from experiment WHERE 1 = 1 limit 10 
2019-01-05 16:24:43,592:DEBUG qtp1277882374-30 (BaseJdbcLogger.java:159) - ==> Parameters: 
2019-01-05 16:24:43,598:DEBUG qtp1277882374-30 (BaseJdbcLogger.java:159) - <==      Total: 3
2019-01-05 16:25:06,000:DEBUG qtp1277882374-29 (BaseJdbcLogger.java:159) - ==>  Preparing: insert into experiment_algorithm(name,experiment_id,algorithm_id,algorithm_name_cn,algorithm_name_en,remark,arguments) values (?,?,?,?,?,?,?) 
2019-01-05 16:25:06,003:DEBUG qtp1277882374-29 (BaseJdbcLogger.java:159) - ==> Parameters: 测试mapper文件(String), 12(Long), 13(Long), 第四个对(String), forth(String), 随便描述(String), {"a":1,"b":2,"c":3}(String)
2019-01-05 16:25:06,013:DEBUG qtp1277882374-29 (BaseJdbcLogger.java:159) - <==    Updates: 1
2019-01-05 16:25:13,179:DEBUG qtp1277882374-30 (BaseJdbcLogger.java:159) - ==>  Preparing: select count(1) from experiment_algorithm WHERE 1 = 1 
2019-01-05 16:25:13,179:DEBUG qtp1277882374-30 (BaseJdbcLogger.java:159) - ==> Parameters: 
2019-01-05 16:25:13,185:DEBUG qtp1277882374-30 (BaseJdbcLogger.java:159) - <==      Total: 1
2019-01-05 16:25:13,190:DEBUG qtp1277882374-30 (BaseJdbcLogger.java:159) - ==>  Preparing: select id, code, name, experiment_id, algorithm_id, algorithm_name_cn, algorithm_name_en, remark, arguments, create_time, create_by, update_time, update_by, ver, is_del from experiment_algorithm WHERE 1 = 1 limit 10 
2019-01-05 16:25:13,191:DEBUG qtp1277882374-30 (BaseJdbcLogger.java:159) - ==> Parameters: 
2019-01-05 16:25:13,200:DEBUG qtp1277882374-30 (BaseJdbcLogger.java:159) - <==      Total: 6
2019-01-05 16:25:25,052:DEBUG qtp1277882374-30 (BaseJdbcLogger.java:159) - ==>  Preparing: select id, code, name, experiment_id, algorithm_id, algorithm_name_cn, algorithm_name_en, remark, arguments, create_time, create_by, update_time, update_by, ver, is_del from experiment_algorithm where id = ? and 1 = 1 
2019-01-05 16:25:25,052:DEBUG qtp1277882374-30 (BaseJdbcLogger.java:159) - ==> Parameters: 14(Long)
2019-01-05 16:25:25,061:DEBUG qtp1277882374-30 (BaseJdbcLogger.java:159) - <==      Total: 1
2019-01-05 16:25:35,671:DEBUG qtp1277882374-28 (BaseJdbcLogger.java:159) - ==>  Preparing: select id, code, name, experiment_id, algorithm_id, algorithm_name_cn, algorithm_name_en, remark, arguments, create_time, create_by, update_time, update_by, ver, is_del from experiment_algorithm where id = ? and 1 = 1 
2019-01-05 16:25:35,672:DEBUG qtp1277882374-28 (BaseJdbcLogger.java:159) - ==> Parameters: 14(Long)
2019-01-05 16:25:35,681:DEBUG qtp1277882374-28 (BaseJdbcLogger.java:159) - <==      Total: 1
2019-01-05 16:25:35,695:DEBUG qtp1277882374-28 (BaseJdbcLogger.java:159) - ==>  Preparing: select id, code, name, experiment_id, algorithm_id, algorithm_name_cn, algorithm_name_en, remark, arguments, create_time, create_by, update_time, update_by, ver, is_del from experiment_algorithm where id = ? and 1 = 1 
2019-01-05 16:25:35,696:DEBUG qtp1277882374-28 (BaseJdbcLogger.java:159) - ==> Parameters: 14(Long)
2019-01-05 16:25:35,701:DEBUG qtp1277882374-28 (BaseJdbcLogger.java:159) - <==      Total: 1
2019-01-05 16:25:35,704:DEBUG qtp1277882374-28 (BaseJdbcLogger.java:159) - ==>  Preparing: update experiment_algorithm set name = ?,experiment_id = ?,algorithm_id = ?,algorithm_name_cn = ?,algorithm_name_en = ?,remark = ?,arguments = ?,update_by = ?,ver = ?,is_del = ?,ver = ver + 1 where id = ? 
2019-01-05 16:25:35,705:DEBUG qtp1277882374-28 (BaseJdbcLogger.java:159) - ==> Parameters: 测试mapper文件(String), 12(Long), 13(Long), 第四个对(String), forth(String), 随便描述(String), {"a":1,"b":2,"c":3}(String), SYS(String), 0(Integer), 1(Integer), 14(Long)
2019-01-05 16:25:35,715:DEBUG qtp1277882374-28 (BaseJdbcLogger.java:159) - <==    Updates: 1
2019-01-05 16:25:45,464:DEBUG qtp1277882374-30 (BaseJdbcLogger.java:159) - ==>  Preparing: select count(1) from experiment_algorithm WHERE is_del = ? and 1 = 1 
2019-01-05 16:25:45,466:DEBUG qtp1277882374-30 (BaseJdbcLogger.java:159) - ==> Parameters: 0(Integer)
2019-01-05 16:25:45,473:DEBUG qtp1277882374-30 (BaseJdbcLogger.java:159) - <==      Total: 1
2019-01-05 16:25:45,475:DEBUG qtp1277882374-30 (BaseJdbcLogger.java:159) - ==>  Preparing: select id, code, name, experiment_id, algorithm_id, algorithm_name_cn, algorithm_name_en, remark, arguments, create_time, create_by, update_time, update_by, ver, is_del from experiment_algorithm WHERE is_del = ? and 1 = 1 limit 10 
2019-01-05 16:25:45,476:DEBUG qtp1277882374-30 (BaseJdbcLogger.java:159) - ==> Parameters: 0(Integer)
2019-01-05 16:25:45,484:DEBUG qtp1277882374-30 (BaseJdbcLogger.java:159) - <==      Total: 2
2019-01-05 16:26:20,785:DEBUG qtp1277882374-26 (BaseJdbcLogger.java:159) - ==>  Preparing: select id, code, name, experiment_id, algorithm_id, algorithm_name_cn, algorithm_name_en, remark, arguments, create_time, create_by, update_time, update_by, ver, is_del from experiment_algorithm where id = ? and 1 = 1 
2019-01-05 16:26:20,786:DEBUG qtp1277882374-26 (BaseJdbcLogger.java:159) - ==> Parameters: 14(Long)
2019-01-05 16:26:20,793:DEBUG qtp1277882374-26 (BaseJdbcLogger.java:159) - <==      Total: 1
2019-01-05 16:26:20,801:DEBUG qtp1277882374-26 (BaseJdbcLogger.java:159) - ==>  Preparing: update experiment_algorithm set name = ?,experiment_id = ?,algorithm_id = ?,algorithm_name_cn = ?,algorithm_name_en = ?,remark = ?,arguments = ?,update_by = ?,ver = ?,is_del = ?,ver = ver + 1 where id = ? 
2019-01-05 16:26:20,803:DEBUG qtp1277882374-26 (BaseJdbcLogger.java:159) - ==> Parameters: mapper文件没问题(String), 11(Long), 12(Long), 第二个对(String), second(String), 随便描述(String), {"a":1,"b":2,"c":3}(String), SYS(String), 1(Integer), 1(Integer), 14(Long)
2019-01-05 16:26:20,811:DEBUG qtp1277882374-26 (BaseJdbcLogger.java:159) - <==    Updates: 1
2019-01-05 16:26:27,202:DEBUG qtp1277882374-27 (BaseJdbcLogger.java:159) - ==>  Preparing: select count(1) from experiment_algorithm WHERE 1 = 1 
2019-01-05 16:26:27,202:DEBUG qtp1277882374-27 (BaseJdbcLogger.java:159) - ==> Parameters: 
2019-01-05 16:26:27,208:DEBUG qtp1277882374-27 (BaseJdbcLogger.java:159) - <==      Total: 1
2019-01-05 16:26:27,210:DEBUG qtp1277882374-27 (BaseJdbcLogger.java:159) - ==>  Preparing: select id, code, name, experiment_id, algorithm_id, algorithm_name_cn, algorithm_name_en, remark, arguments, create_time, create_by, update_time, update_by, ver, is_del from experiment_algorithm WHERE 1 = 1 limit 10 
2019-01-05 16:26:27,211:DEBUG qtp1277882374-27 (BaseJdbcLogger.java:159) - ==> Parameters: 
2019-01-05 16:26:27,220:DEBUG qtp1277882374-27 (BaseJdbcLogger.java:159) - <==      Total: 6
2019-01-05 16:26:47,745:DEBUG qtp1277882374-28 (BaseJdbcLogger.java:159) - ==>  Preparing: insert into experiment_record(name,experiment_code,subject_user_id,subject_user_name,experiment_period,experiment_place,experiment_type,hz,sample_rate,experiment_impedance,reference_electrode,device_number,temperature,brain_wave) values (?,?,?,?,?,?,?,?,?,?,?,?,?,?) 
2019-01-05 16:26:47,747:DEBUG qtp1277882374-28 (BaseJdbcLogger.java:159) - ==> Parameters: 测试mapper文件(String), 9(String), 10(String), tom(String), 10(Integer), 北京(String), 1(String), 1000(Integer), 2000(Integer), 10(Integer), 123456(String), AK47(String), 26(Integer), 这个脑波的图样跟爱因斯坦的一模一样卧槽(String)
2019-01-05 16:26:47,775:DEBUG qtp1277882374-28 (BaseJdbcLogger.java:159) - <==    Updates: 1
2019-01-05 16:27:02,037:DEBUG qtp1277882374-28 (BaseJdbcLogger.java:159) - ==>  Preparing: select count(1) from experiment_record WHERE 1 = 1 
2019-01-05 16:27:02,038:DEBUG qtp1277882374-28 (BaseJdbcLogger.java:159) - ==> Parameters: 
2019-01-05 16:27:02,045:DEBUG qtp1277882374-28 (BaseJdbcLogger.java:159) - <==      Total: 1
2019-01-05 16:27:02,050:DEBUG qtp1277882374-28 (BaseJdbcLogger.java:159) - ==>  Preparing: select id, code, name, experiment_code, subject_user_id, subject_user_name,experiment_start_time,experiment_end_time,experiment_period, experiment_place,experiment_type,hz,sample_rate,experiment_impedance,reference_electrode,device_number,temperature,brain_wave, create_by, update_time, update_by, ver, is_del from experiment_record WHERE 1 = 1 limit 10 
2019-01-05 16:27:02,051:DEBUG qtp1277882374-28 (BaseJdbcLogger.java:159) - ==> Parameters: 
2019-01-05 16:27:02,059:DEBUG qtp1277882374-28 (BaseJdbcLogger.java:159) - <==      Total: 4
2019-01-05 16:27:22,240:DEBUG qtp1277882374-25 (BaseJdbcLogger.java:159) - ==>  Preparing: select id, code, name, experiment_code, subject_user_id, subject_user_name,experiment_start_time,experiment_end_time,experiment_period, experiment_place,experiment_type,hz,sample_rate,experiment_impedance,reference_electrode,device_number,temperature,brain_wave, create_by, update_time, update_by, ver, is_del from experiment_record where id = ? and 1 = 1 
2019-01-05 16:27:22,242:DEBUG qtp1277882374-25 (BaseJdbcLogger.java:159) - ==> Parameters: 12(Long)
2019-01-05 16:27:22,251:DEBUG qtp1277882374-25 (BaseJdbcLogger.java:159) - <==      Total: 1
2019-01-05 16:27:22,255:DEBUG qtp1277882374-25 (BaseJdbcLogger.java:159) - ==>  Preparing: update experiment_record set name = ?,experiment_code = ?,subject_user_id = ?,subject_user_name = ?,experiment_period = ?,experiment_place = ?,experiment_type = ?,hz = ?,sample_rate = ?,experiment_impedance = ?,reference_electrode = ?,device_number = ?,temperature = ?,brain_wave = ?,update_by = ?,ver = ?,is_del = ?,ver = ver + 1 where id = ? 
2019-01-05 16:27:22,258:DEBUG qtp1277882374-25 (BaseJdbcLogger.java:159) - ==> Parameters: mapper文件没问题(String), 9(String), 10(String), tom(String), 10(Integer), hongkong(String), 1(String), 1000(Integer), 2000(Integer), 10(Integer), 123456(String), AK47(String), 26(Integer), 这个脑波的图样跟爱因斯坦的一模一样卧槽(String), SYS(String), 0(Integer), 0(Integer), 12(Long)
2019-01-05 16:27:22,280:DEBUG qtp1277882374-25 (BaseJdbcLogger.java:159) - <==    Updates: 1
2019-01-05 16:27:33,619:DEBUG qtp1277882374-28 (BaseJdbcLogger.java:159) - ==>  Preparing: select id, code, name, experiment_code, subject_user_id, subject_user_name,experiment_start_time,experiment_end_time,experiment_period, experiment_place,experiment_type,hz,sample_rate,experiment_impedance,reference_electrode,device_number,temperature,brain_wave, create_by, update_time, update_by, ver, is_del from experiment_record where id = ? and 1 = 1 
2019-01-05 16:27:33,619:DEBUG qtp1277882374-28 (BaseJdbcLogger.java:159) - ==> Parameters: 12(Long)
2019-01-05 16:27:33,631:DEBUG qtp1277882374-28 (BaseJdbcLogger.java:159) - <==      Total: 1
2019-01-05 16:27:56,428:DEBUG qtp1277882374-26 (BaseJdbcLogger.java:159) - ==>  Preparing: select id, code, name, experiment_code, subject_user_id, subject_user_name,experiment_start_time,experiment_end_time,experiment_period, experiment_place,experiment_type,hz,sample_rate,experiment_impedance,reference_electrode,device_number,temperature,brain_wave, create_by, update_time, update_by, ver, is_del from experiment_record where id = ? and 1 = 1 
2019-01-05 16:27:56,429:DEBUG qtp1277882374-26 (BaseJdbcLogger.java:159) - ==> Parameters: 12(Long)
2019-01-05 16:27:56,438:DEBUG qtp1277882374-26 (BaseJdbcLogger.java:159) - <==      Total: 1
2019-01-05 16:27:56,450:DEBUG qtp1277882374-26 (BaseJdbcLogger.java:159) - ==>  Preparing: select id, code, name, experiment_code, subject_user_id, subject_user_name,experiment_start_time,experiment_end_time,experiment_period, experiment_place,experiment_type,hz,sample_rate,experiment_impedance,reference_electrode,device_number,temperature,brain_wave, create_by, update_time, update_by, ver, is_del from experiment_record where id = ? and 1 = 1 
2019-01-05 16:27:56,451:DEBUG qtp1277882374-26 (BaseJdbcLogger.java:159) - ==> Parameters: 12(Long)
2019-01-05 16:27:56,458:DEBUG qtp1277882374-26 (BaseJdbcLogger.java:159) - <==      Total: 1
2019-01-05 16:27:56,461:DEBUG qtp1277882374-26 (BaseJdbcLogger.java:159) - ==>  Preparing: update experiment_record set name = ?,experiment_code = ?,subject_user_id = ?,subject_user_name = ?,experiment_period = ?,experiment_place = ?,experiment_type = ?,hz = ?,sample_rate = ?,experiment_impedance = ?,reference_electrode = ?,device_number = ?,temperature = ?,brain_wave = ?,update_by = ?,ver = ?,is_del = ?,ver = ver + 1 where id = ? 
2019-01-05 16:27:56,461:DEBUG qtp1277882374-26 (BaseJdbcLogger.java:159) - ==> Parameters: mapper文件没问题(String), 9(String), 10(String), tom(String), 10(Integer), hongkong(String), 1(String), 1000(Integer), 2000(Integer), 10(Integer), 123456(String), AK47(String), 26(Integer), 这个脑波的图样跟爱因斯坦的一模一样卧槽(String), SYS(String), 1(Integer), 1(Integer), 12(Long)
2019-01-05 16:27:56,484:DEBUG qtp1277882374-26 (BaseJdbcLogger.java:159) - <==    Updates: 1
2019-01-05 16:28:04,759:DEBUG qtp1277882374-26 (BaseJdbcLogger.java:159) - ==>  Preparing: select count(1) from experiment_record WHERE is_del = ? and 1 = 1 
2019-01-05 16:28:04,760:DEBUG qtp1277882374-26 (BaseJdbcLogger.java:159) - ==> Parameters: 0(Integer)
2019-01-05 16:28:04,766:DEBUG qtp1277882374-26 (BaseJdbcLogger.java:159) - <==      Total: 1
2019-01-05 16:28:04,770:DEBUG qtp1277882374-26 (BaseJdbcLogger.java:159) - ==>  Preparing: select id, code, name, experiment_code, subject_user_id, subject_user_name,experiment_start_time,experiment_end_time,experiment_period, experiment_place,experiment_type,hz,sample_rate,experiment_impedance,reference_electrode,device_number,temperature,brain_wave, create_by, update_time, update_by, ver, is_del from experiment_record WHERE is_del = ? and 1 = 1 limit 10 
2019-01-05 16:28:04,771:DEBUG qtp1277882374-26 (BaseJdbcLogger.java:159) - ==> Parameters: 0(Integer)
2019-01-05 16:28:04,779:DEBUG qtp1277882374-26 (BaseJdbcLogger.java:159) - <==      Total: 2
2019-01-05 16:28:20,996:DEBUG qtp1277882374-27 (BaseJdbcLogger.java:159) - ==>  Preparing: insert into image(name,image_size_x,image_size_y,image_type,device_name,scene_location_longitude,scene_location_latitude,scene_type,management_user_code,image_info) values (?,?,?,?,?,?,?,?,?,?) 
2019-01-05 16:28:20,998:DEBUG qtp1277882374-27 (BaseJdbcLogger.java:159) - ==> Parameters: 测试mapper文件(String), 320(Long), 640(Long), 1(String), ak-47(String), 32(String), 96(String), 2(String), 12(String), 这是第三号脑图片(String)
2019-01-05 16:28:21,006:DEBUG qtp1277882374-27 (BaseJdbcLogger.java:159) - <==    Updates: 1
2019-01-05 16:28:27,932:DEBUG qtp1277882374-26 (BaseJdbcLogger.java:159) - ==>  Preparing: select count(1) from image WHERE 1 = 1 
2019-01-05 16:28:27,932:DEBUG qtp1277882374-26 (BaseJdbcLogger.java:159) - ==> Parameters: 
2019-01-05 16:28:27,938:DEBUG qtp1277882374-26 (BaseJdbcLogger.java:159) - <==      Total: 1
2019-01-05 16:28:27,943:DEBUG qtp1277882374-26 (BaseJdbcLogger.java:159) - ==>  Preparing: select id, code, name, image_size_x, image_size_y, get_time,image_type,scene_location_longitude,scene_location_latitude, scene_type,device_name,management_user_code,image_info, create_by, update_time, update_by, ver, is_del from image WHERE 1 = 1 limit 10 
2019-01-05 16:28:27,944:DEBUG qtp1277882374-26 (BaseJdbcLogger.java:159) - ==> Parameters: 
2019-01-05 16:28:27,951:DEBUG qtp1277882374-26 (BaseJdbcLogger.java:159) - <==      Total: 4
2019-01-05 16:28:34,185:DEBUG qtp1277882374-27 (BaseJdbcLogger.java:159) - ==>  Preparing: select count(1) from image WHERE 1 = 1 
2019-01-05 16:28:34,185:DEBUG qtp1277882374-27 (BaseJdbcLogger.java:159) - ==> Parameters: 
2019-01-05 16:28:34,192:DEBUG qtp1277882374-27 (BaseJdbcLogger.java:159) - <==      Total: 1
2019-01-05 16:28:34,197:DEBUG qtp1277882374-27 (BaseJdbcLogger.java:159) - ==>  Preparing: select id, code, name, image_size_x, image_size_y, get_time,image_type,scene_location_longitude,scene_location_latitude, scene_type,device_name,management_user_code,image_info, create_by, update_time, update_by, ver, is_del from image WHERE 1 = 1 limit 10 
2019-01-05 16:28:34,198:DEBUG qtp1277882374-27 (BaseJdbcLogger.java:159) - ==> Parameters: 
2019-01-05 16:28:34,205:DEBUG qtp1277882374-27 (BaseJdbcLogger.java:159) - <==      Total: 4
2019-01-05 16:29:23,054:DEBUG qtp1277882374-28 (BaseJdbcLogger.java:159) - ==>  Preparing: select id, code, name, image_size_x, image_size_y, get_time,image_type,scene_location_longitude,scene_location_latitude, scene_type,device_name,management_user_code,image_info, create_by, update_time, update_by, ver, is_del from image where id = ? and 1 = 1 
2019-01-05 16:29:23,055:DEBUG qtp1277882374-28 (BaseJdbcLogger.java:159) - ==> Parameters: 12(Long)
2019-01-05 16:29:23,062:DEBUG qtp1277882374-28 (BaseJdbcLogger.java:159) - <==      Total: 1
2019-01-05 16:29:23,066:DEBUG qtp1277882374-28 (BaseJdbcLogger.java:159) - ==>  Preparing: update image set name = ?,image_size_x = ?,image_size_y = ?,image_type = ?,device_name = ?,scene_location_longitude = ?,scene_location_latitude = ?,scene_type = ?,management_user_code = ?,image_info = ?,update_by = ?,ver = ?,is_del = ?,ver = ver + 1 where id = ? 
2019-01-05 16:29:23,067:DEBUG qtp1277882374-28 (BaseJdbcLogger.java:159) - ==> Parameters: mapper文件没问题(String), 320(Long), 640(Long), 1(String), ak-47(String), 32(String), 96(String), 2(String), 12(String), 这是第二号脑图片(String), SYS(String), 0(Integer), 0(Integer), 12(Long)
2019-01-05 16:29:23,078:DEBUG qtp1277882374-28 (BaseJdbcLogger.java:159) - <==    Updates: 1
2019-01-05 16:29:30,208:DEBUG qtp1277882374-27 (BaseJdbcLogger.java:159) - ==>  Preparing: select id, code, name, image_size_x, image_size_y, get_time,image_type,scene_location_longitude,scene_location_latitude, scene_type,device_name,management_user_code,image_info, create_by, update_time, update_by, ver, is_del from image where id = ? and 1 = 1 
2019-01-05 16:29:30,209:DEBUG qtp1277882374-27 (BaseJdbcLogger.java:159) - ==> Parameters: 12(Long)
2019-01-05 16:29:30,219:DEBUG qtp1277882374-27 (BaseJdbcLogger.java:159) - <==      Total: 1
2019-01-05 16:29:44,871:DEBUG qtp1277882374-29 (BaseJdbcLogger.java:159) - ==>  Preparing: insert into image_piece(name,image_id,image_patch_num,image_patch_pyramid,image_position,image_group) values (?,?,?,?,?,?) 
2019-01-05 16:29:44,872:DEBUG qtp1277882374-29 (BaseJdbcLogger.java:159) - ==> Parameters: 测试mapper文件(String), 9(String), 42(String), 32(Long), /user/desktop(String), 23(Long)
2019-01-05 16:29:44,884:DEBUG qtp1277882374-29 (BaseJdbcLogger.java:159) - <==    Updates: 1
2019-01-05 16:29:48,648:DEBUG qtp1277882374-26 (BaseJdbcLogger.java:159) - ==>  Preparing: select count(1) from image_piece WHERE 1 = 1 
2019-01-05 16:29:48,649:DEBUG qtp1277882374-26 (BaseJdbcLogger.java:159) - ==> Parameters: 
2019-01-05 16:29:48,655:DEBUG qtp1277882374-26 (BaseJdbcLogger.java:159) - <==      Total: 1
2019-01-05 16:29:48,657:DEBUG qtp1277882374-26 (BaseJdbcLogger.java:159) - ==>  Preparing: select id, code, name, image_id, image_patch_num, image_patch_pyramid,image_position,image_group, create_by, update_time, update_by, ver, is_del from image_piece WHERE 1 = 1 limit 10 
2019-01-05 16:29:48,657:DEBUG qtp1277882374-26 (BaseJdbcLogger.java:159) - ==> Parameters: 
2019-01-05 16:29:48,664:DEBUG qtp1277882374-26 (BaseJdbcLogger.java:159) - <==      Total: 4
2019-01-05 16:30:38,440:DEBUG qtp1277882374-30 (BaseJdbcLogger.java:159) - ==>  Preparing: select id, code, name, image_id, image_patch_num, image_patch_pyramid,image_position,image_group, create_by, update_time, update_by, ver, is_del from image_piece where id = ? and 1 = 1 
2019-01-05 16:30:38,441:DEBUG qtp1277882374-30 (BaseJdbcLogger.java:159) - ==> Parameters: 12(Long)
2019-01-05 16:30:38,448:DEBUG qtp1277882374-30 (BaseJdbcLogger.java:159) - <==      Total: 1
2019-01-05 16:30:38,452:DEBUG qtp1277882374-30 (BaseJdbcLogger.java:159) - ==>  Preparing: update image_piece set name = ?,image_id = ?,image_patch_num = ?,image_patch_pyramid = ?,image_position = ?,image_group = ?,update_by = ?,ver = ?,is_del = ?,ver = ver + 1 where id = ? 
2019-01-05 16:30:38,453:DEBUG qtp1277882374-30 (BaseJdbcLogger.java:159) - ==> Parameters: 测试mapper文件(String), 9(String), 42(String), 32(Long), /user/desktop(String), 23(Long), SYS(String), 0(Integer), 0(Integer), 12(Long)
2019-01-05 16:30:38,461:DEBUG qtp1277882374-30 (BaseJdbcLogger.java:159) - <==    Updates: 1
2019-01-05 16:30:47,220:DEBUG qtp1277882374-30 (BaseJdbcLogger.java:159) - ==>  Preparing: select id, code, name, image_id, image_patch_num, image_patch_pyramid,image_position,image_group, create_by, update_time, update_by, ver, is_del from image_piece where id = ? and 1 = 1 
2019-01-05 16:30:47,221:DEBUG qtp1277882374-30 (BaseJdbcLogger.java:159) - ==> Parameters: 12(Long)
2019-01-05 16:30:47,229:DEBUG qtp1277882374-30 (BaseJdbcLogger.java:159) - <==      Total: 1
2019-01-05 16:30:47,244:DEBUG qtp1277882374-30 (BaseJdbcLogger.java:159) - ==>  Preparing: select id, code, name, image_id, image_patch_num, image_patch_pyramid,image_position,image_group, create_by, update_time, update_by, ver, is_del from image_piece where id = ? and 1 = 1 
2019-01-05 16:30:47,244:DEBUG qtp1277882374-30 (BaseJdbcLogger.java:159) - ==> Parameters: 12(Long)
2019-01-05 16:30:47,250:DEBUG qtp1277882374-30 (BaseJdbcLogger.java:159) - <==      Total: 1
2019-01-05 16:30:47,252:DEBUG qtp1277882374-30 (BaseJdbcLogger.java:159) - ==>  Preparing: update image_piece set name = ?,image_id = ?,image_patch_num = ?,image_patch_pyramid = ?,image_position = ?,image_group = ?,update_by = ?,ver = ?,is_del = ?,ver = ver + 1 where id = ? 
2019-01-05 16:30:47,253:DEBUG qtp1277882374-30 (BaseJdbcLogger.java:159) - ==> Parameters: 测试mapper文件(String), 9(String), 42(String), 32(Long), /user/desktop(String), 23(Long), SYS(String), 1(Integer), 1(Integer), 12(Long)
2019-01-05 16:30:47,261:DEBUG qtp1277882374-30 (BaseJdbcLogger.java:159) - <==    Updates: 1
2019-01-05 16:31:09,529:DEBUG qtp1277882374-28 (BaseJdbcLogger.java:159) - ==>  Preparing: select id, code, name, image_id, image_patch_num, image_patch_pyramid,image_position,image_group, create_by, update_time, update_by, ver, is_del from image_piece where id = ? and 1 = 1 
2019-01-05 16:31:09,529:DEBUG qtp1277882374-28 (BaseJdbcLogger.java:159) - ==> Parameters: 12(Long)
2019-01-05 16:31:09,536:DEBUG qtp1277882374-28 (BaseJdbcLogger.java:159) - <==      Total: 1
2019-01-05 16:32:00,682:DEBUG qtp1277882374-26 (BaseJdbcLogger.java:159) - ==>  Preparing: select count(1) from image_piece WHERE is_del = ? and 1 = 1 
2019-01-05 16:32:00,682:DEBUG qtp1277882374-26 (BaseJdbcLogger.java:159) - ==> Parameters: 0(Integer)
2019-01-05 16:32:00,688:DEBUG qtp1277882374-26 (BaseJdbcLogger.java:159) - <==      Total: 1
2019-01-05 16:32:00,690:DEBUG qtp1277882374-26 (BaseJdbcLogger.java:159) - ==>  Preparing: select id, code, name, image_id, image_patch_num, image_patch_pyramid,image_position,image_group, create_by, update_time, update_by, ver, is_del from image_piece WHERE is_del = ? and 1 = 1 limit 10 
2019-01-05 16:32:00,693:DEBUG qtp1277882374-26 (BaseJdbcLogger.java:159) - ==> Parameters: 0(Integer)
2019-01-05 16:32:00,701:DEBUG qtp1277882374-26 (BaseJdbcLogger.java:159) - <==      Total: 2
2019-01-05 17:18:31,337:DEBUG qtp28612052-26 (BaseJdbcLogger.java:159) - ==>  Preparing: select count(1) from algorithm WHERE 1 = 1 
2019-01-05 17:18:31,375:DEBUG qtp28612052-26 (BaseJdbcLogger.java:159) - ==> Parameters: 
2019-01-05 17:18:31,404:DEBUG qtp28612052-26 (BaseJdbcLogger.java:159) - <==      Total: 1
2019-01-05 17:18:31,409:DEBUG qtp28612052-26 (BaseJdbcLogger.java:159) - ==>  Preparing: select id, code, name, name_cn, name_en, remark,arguments, create_time,create_by, update_time, update_by, ver, is_del from algorithm WHERE 1 = 1 limit 10 
2019-01-05 17:18:31,411:DEBUG qtp28612052-26 (BaseJdbcLogger.java:159) - ==> Parameters: 
2019-01-05 17:18:31,436:DEBUG qtp28612052-26 (BaseJdbcLogger.java:159) - <==      Total: 3
2019-01-05 17:27:23,365:DEBUG qtp1678422332-27 (BaseJdbcLogger.java:159) - ==>  Preparing: select count(1) from algorithm WHERE 1 = 1 
2019-01-05 17:27:23,400:DEBUG qtp1678422332-27 (BaseJdbcLogger.java:159) - ==> Parameters: 
2019-01-05 17:27:23,424:DEBUG qtp1678422332-27 (BaseJdbcLogger.java:159) - <==      Total: 1
2019-01-05 17:27:23,428:DEBUG qtp1678422332-27 (BaseJdbcLogger.java:159) - ==>  Preparing: select id, code, name, name_cn, name_en, remark,arguments, create_time,create_by, update_time, update_by, ver, is_del from algorithm WHERE 1 = 1 limit 10 
2019-01-05 17:27:23,429:DEBUG qtp1678422332-27 (BaseJdbcLogger.java:159) - ==> Parameters: 
2019-01-05 17:27:23,448:DEBUG qtp1678422332-27 (BaseJdbcLogger.java:159) - <==      Total: 3
2019-01-05 17:35:22,615:DEBUG qtp1678422332-26 (BaseJdbcLogger.java:159) - ==>  Preparing: select count(1) from algorithm WHERE 1 = 1 
2019-01-05 17:35:22,622:DEBUG qtp1678422332-26 (BaseJdbcLogger.java:159) - ==> Parameters: 
2019-01-05 17:35:22,629:DEBUG qtp1678422332-26 (BaseJdbcLogger.java:159) - <==      Total: 1
2019-01-05 17:35:22,637:DEBUG qtp1678422332-26 (BaseJdbcLogger.java:159) - ==>  Preparing: select id, code, name, name_cn, name_en, remark,arguments, create_time,create_by, update_time, update_by, ver, is_del from algorithm WHERE 1 = 1 limit 10 
2019-01-05 17:35:22,639:DEBUG qtp1678422332-26 (BaseJdbcLogger.java:159) - ==> Parameters: 
2019-01-05 17:35:22,648:DEBUG qtp1678422332-26 (BaseJdbcLogger.java:159) - <==      Total: 3
2019-01-05 17:36:15,395:DEBUG qtp1678422332-26 (BaseJdbcLogger.java:159) - ==>  Preparing: select count(1) from algorithm WHERE 1 = 1 
2019-01-05 17:36:15,399:DEBUG qtp1678422332-26 (BaseJdbcLogger.java:159) - ==> Parameters: 
2019-01-05 17:36:15,405:DEBUG qtp1678422332-26 (BaseJdbcLogger.java:159) - <==      Total: 1
2019-01-05 17:36:15,409:DEBUG qtp1678422332-26 (BaseJdbcLogger.java:159) - ==>  Preparing: select id, code, name, name_cn, name_en, remark,arguments, create_time,create_by, update_time, update_by, ver, is_del from algorithm WHERE 1 = 1 limit 10 
2019-01-05 17:36:15,411:DEBUG qtp1678422332-26 (BaseJdbcLogger.java:159) - ==> Parameters: 
2019-01-05 17:36:15,419:DEBUG qtp1678422332-26 (BaseJdbcLogger.java:159) - <==      Total: 3
2019-01-05 17:38:30,928:DEBUG qtp1678422332-27 (BaseJdbcLogger.java:159) - ==>  Preparing: select count(1) from algorithm WHERE 1 = 1 
2019-01-05 17:38:30,930:DEBUG qtp1678422332-27 (BaseJdbcLogger.java:159) - ==> Parameters: 
2019-01-05 17:38:30,936:DEBUG qtp1678422332-27 (BaseJdbcLogger.java:159) - <==      Total: 1
2019-01-05 17:38:30,948:DEBUG qtp1678422332-27 (BaseJdbcLogger.java:159) - ==>  Preparing: select id, code, name, name_cn, name_en, remark,arguments, create_time,create_by, update_time, update_by, ver, is_del from algorithm WHERE 1 = 1 limit 10 
2019-01-05 17:38:30,950:DEBUG qtp1678422332-27 (BaseJdbcLogger.java:159) - ==> Parameters: 
2019-01-05 17:38:30,965:DEBUG qtp1678422332-27 (BaseJdbcLogger.java:159) - <==      Total: 3
2019-01-05 17:41:01,738:DEBUG qtp1678422332-27 (BaseJdbcLogger.java:159) - ==>  Preparing: select count(1) from algorithm WHERE 1 = 1 
2019-01-05 17:41:01,742:DEBUG qtp1678422332-27 (BaseJdbcLogger.java:159) - ==> Parameters: 
2019-01-05 17:41:01,748:DEBUG qtp1678422332-27 (BaseJdbcLogger.java:159) - <==      Total: 1
2019-01-05 17:41:01,754:DEBUG qtp1678422332-27 (BaseJdbcLogger.java:159) - ==>  Preparing: select id, code, name, name_cn, name_en, remark,arguments, create_time,create_by, update_time, update_by, ver, is_del from algorithm WHERE 1 = 1 limit 10 
2019-01-05 17:41:01,754:DEBUG qtp1678422332-27 (BaseJdbcLogger.java:159) - ==> Parameters: 
2019-01-05 17:41:01,762:DEBUG qtp1678422332-27 (BaseJdbcLogger.java:159) - <==      Total: 3
2019-01-05 17:41:05,231:DEBUG qtp1678422332-25 (BaseJdbcLogger.java:159) - ==>  Preparing: select count(1) from algorithm WHERE 1 = 1 
2019-01-05 17:41:05,232:DEBUG qtp1678422332-25 (BaseJdbcLogger.java:159) - ==> Parameters: 
2019-01-05 17:41:05,240:DEBUG qtp1678422332-25 (BaseJdbcLogger.java:159) - <==      Total: 1
2019-01-05 17:41:05,242:DEBUG qtp1678422332-25 (BaseJdbcLogger.java:159) - ==>  Preparing: select id, code, name, name_cn, name_en, remark,arguments, create_time,create_by, update_time, update_by, ver, is_del from algorithm WHERE 1 = 1 limit 10 
2019-01-05 17:41:05,243:DEBUG qtp1678422332-25 (BaseJdbcLogger.java:159) - ==> Parameters: 
2019-01-05 17:41:05,254:DEBUG qtp1678422332-25 (BaseJdbcLogger.java:159) - <==      Total: 3
2019-01-05 17:43:25,290:DEBUG qtp1678422332-30 (BaseJdbcLogger.java:159) - ==>  Preparing: select count(1) from algorithm WHERE 1 = 1 
2019-01-05 17:43:25,292:DEBUG qtp1678422332-30 (BaseJdbcLogger.java:159) - ==> Parameters: 
2019-01-05 17:43:25,298:DEBUG qtp1678422332-30 (BaseJdbcLogger.java:159) - <==      Total: 1
2019-01-05 17:43:25,302:DEBUG qtp1678422332-30 (BaseJdbcLogger.java:159) - ==>  Preparing: select id, code, name, name_cn, name_en, remark,arguments, create_time,create_by, update_time, update_by, ver, is_del from algorithm WHERE 1 = 1 limit 10 
2019-01-05 17:43:25,307:DEBUG qtp1678422332-30 (BaseJdbcLogger.java:159) - ==> Parameters: 
2019-01-05 17:43:25,321:DEBUG qtp1678422332-30 (BaseJdbcLogger.java:159) - <==      Total: 3
2019-01-05 17:52:50,371:DEBUG qtp2134357721-27 (BaseJdbcLogger.java:159) - ==>  Preparing: select count(1) from algorithm WHERE 1 = 1 
2019-01-05 17:52:50,402:DEBUG qtp2134357721-27 (BaseJdbcLogger.java:159) - ==> Parameters: 
2019-01-05 17:52:50,436:DEBUG qtp2134357721-27 (BaseJdbcLogger.java:159) - <==      Total: 1
2019-01-05 17:52:50,445:DEBUG qtp2134357721-27 (BaseJdbcLogger.java:159) - ==>  Preparing: select id, code, name, name_cn, name_en, remark,arguments, create_time,create_by, update_time, update_by, ver, is_del from algorithm WHERE 1 = 1 limit 10 
2019-01-05 17:52:50,447:DEBUG qtp2134357721-27 (BaseJdbcLogger.java:159) - ==> Parameters: 
2019-01-05 17:52:50,472:DEBUG qtp2134357721-27 (BaseJdbcLogger.java:159) - <==      Total: 3
2019-01-05 17:54:09,771:DEBUG qtp2134357721-25 (BaseJdbcLogger.java:159) - ==>  Preparing: select count(1) from algorithm WHERE 1 = 1 
2019-01-05 17:54:09,775:DEBUG qtp2134357721-25 (BaseJdbcLogger.java:159) - ==> Parameters: 
2019-01-05 17:54:09,782:DEBUG qtp2134357721-25 (BaseJdbcLogger.java:159) - <==      Total: 1
2019-01-05 17:54:09,792:DEBUG qtp2134357721-25 (BaseJdbcLogger.java:159) - ==>  Preparing: select id, code, name, name_cn, name_en, remark,arguments, create_time,create_by, update_time, update_by, ver, is_del from algorithm WHERE 1 = 1 limit 10 
2019-01-05 17:54:09,794:DEBUG qtp2134357721-25 (BaseJdbcLogger.java:159) - ==> Parameters: 
2019-01-05 17:54:09,806:DEBUG qtp2134357721-25 (BaseJdbcLogger.java:159) - <==      Total: 3
2019-01-05 18:30:23,787:DEBUG qtp1579015748-27 (BaseJdbcLogger.java:159) - ==>  Preparing: select count(1) from algorithm WHERE 1 = 1 
2019-01-05 18:30:23,817:DEBUG qtp1579015748-27 (BaseJdbcLogger.java:159) - ==> Parameters: 
2019-01-05 18:30:23,839:DEBUG qtp1579015748-27 (BaseJdbcLogger.java:159) - <==      Total: 1
2019-01-05 18:30:23,843:DEBUG qtp1579015748-27 (BaseJdbcLogger.java:159) - ==>  Preparing: select id, code, name, name_cn, name_en, remark,arguments, create_time,create_by, update_time, update_by, ver, is_del from algorithm WHERE 1 = 1 limit 10 
2019-01-05 18:30:23,844:DEBUG qtp1579015748-27 (BaseJdbcLogger.java:159) - ==> Parameters: 
2019-01-05 18:30:23,862:DEBUG qtp1579015748-27 (BaseJdbcLogger.java:159) - <==      Total: 3
2019-01-05 18:31:02,346:DEBUG qtp1579015748-29 (BaseJdbcLogger.java:159) - ==>  Preparing: select count(1) from algorithm WHERE 1 = 1 
2019-01-05 18:31:02,348:DEBUG qtp1579015748-29 (BaseJdbcLogger.java:159) - ==> Parameters: 
2019-01-05 18:31:02,358:DEBUG qtp1579015748-29 (BaseJdbcLogger.java:159) - <==      Total: 1
2019-01-05 18:31:02,365:DEBUG qtp1579015748-29 (BaseJdbcLogger.java:159) - ==>  Preparing: select id, code, name, name_cn, name_en, remark,arguments, create_time,create_by, update_time, update_by, ver, is_del from algorithm WHERE 1 = 1 limit 10 
2019-01-05 18:31:02,368:DEBUG qtp1579015748-29 (BaseJdbcLogger.java:159) - ==> Parameters: 
2019-01-05 18:31:02,379:DEBUG qtp1579015748-29 (BaseJdbcLogger.java:159) - <==      Total: 3
2019-01-05 20:51:10,383:DEBUG qtp28612052-26 (BaseJdbcLogger.java:159) - ==>  Preparing: select count(1) from algorithm WHERE 1 = 1 
2019-01-05 20:51:10,421:DEBUG qtp28612052-26 (BaseJdbcLogger.java:159) - ==> Parameters: 
2019-01-05 20:51:10,461:DEBUG qtp28612052-26 (BaseJdbcLogger.java:159) - <==      Total: 1
2019-01-05 20:51:10,465:DEBUG qtp28612052-26 (BaseJdbcLogger.java:159) - ==>  Preparing: select id, code, name, name_cn, name_en, remark,arguments, create_time,create_by, update_time, update_by, ver, is_del from algorithm WHERE 1 = 1 limit 10 
2019-01-05 20:51:10,467:DEBUG qtp28612052-26 (BaseJdbcLogger.java:159) - ==> Parameters: 
2019-01-05 20:51:10,497:DEBUG qtp28612052-26 (BaseJdbcLogger.java:159) - <==      Total: 3
2019-01-05 20:54:23,899:DEBUG qtp28612052-30 (BaseJdbcLogger.java:159) - ==>  Preparing: select count(1) from algorithm WHERE 1 = 1 
2019-01-05 20:54:23,906:DEBUG qtp28612052-30 (BaseJdbcLogger.java:159) - ==> Parameters: 
2019-01-05 20:54:23,930:DEBUG qtp28612052-30 (BaseJdbcLogger.java:159) - <==      Total: 1
2019-01-05 20:54:23,934:DEBUG qtp28612052-30 (BaseJdbcLogger.java:159) - ==>  Preparing: select id, code, name, name_cn, name_en, remark,arguments, create_time,create_by, update_time, update_by, ver, is_del from algorithm WHERE 1 = 1 limit 10 
2019-01-05 20:54:23,936:DEBUG qtp28612052-30 (BaseJdbcLogger.java:159) - ==> Parameters: 
2019-01-05 20:54:23,960:DEBUG qtp28612052-30 (BaseJdbcLogger.java:159) - <==      Total: 3
2019-01-05 20:56:16,928:DEBUG qtp28612052-28 (BaseJdbcLogger.java:159) - ==>  Preparing: insert into algorithm(name,name_cn,name_en,remark,arguments) values (?,?,?,?,?) 
2019-01-05 20:56:16,933:DEBUG qtp28612052-28 (BaseJdbcLogger.java:159) - ==> Parameters: 用来测试list字段第五次(String), 第三个算法(String), third algorithm(String), 吊炸天(String), {{"argument_name":"x","argument_description":"横向坐标","argument_type":"Long"}:{"argument_name":"y","argument_description":"纵向坐标","argument_type":"Long"}}(String)
2019-01-05 20:56:16,980:DEBUG qtp28612052-28 (BaseJdbcLogger.java:159) - <==    Updates: 1
2019-01-05 21:02:55,072:DEBUG qtp28612052-28 (BaseJdbcLogger.java:159) - ==>  Preparing: select count(1) from algorithm WHERE 1 = 1 
2019-01-05 21:02:55,100:DEBUG qtp28612052-28 (BaseJdbcLogger.java:159) - ==> Parameters: 
2019-01-05 21:02:55,133:DEBUG qtp28612052-28 (BaseJdbcLogger.java:159) - <==      Total: 1
2019-01-05 21:02:55,138:DEBUG qtp28612052-28 (BaseJdbcLogger.java:159) - ==>  Preparing: select id, code, name, name_cn, name_en, remark,arguments, create_time,create_by, update_time, update_by, ver, is_del from algorithm WHERE 1 = 1 limit 10 
2019-01-05 21:02:55,139:DEBUG qtp28612052-28 (BaseJdbcLogger.java:159) - ==> Parameters: 
2019-01-05 21:02:55,166:DEBUG qtp28612052-28 (BaseJdbcLogger.java:159) - <==      Total: 4
2019-01-05 21:59:10,045:DEBUG qtp1678422332-28 (BaseJdbcLogger.java:159) - ==>  Preparing: select count(1) from algorithm WHERE DATE_FORMAT(create_time, '%Y-%m-%d %H:%I:%S')>= DATE_FORMAT(?, '%Y-%m-%d %H:%I:%S') and is_del = ? and 1 = 1 
2019-01-05 21:59:10,083:DEBUG qtp1678422332-28 (BaseJdbcLogger.java:159) - ==> Parameters: 2019-01-04 16:44:27.0(Timestamp), 0(Integer)
2019-01-05 21:59:10,334:DEBUG qtp1678422332-28 (BaseJdbcLogger.java:159) - <==      Total: 1
2019-01-05 21:59:10,338:DEBUG qtp1678422332-28 (BaseJdbcLogger.java:159) - ==>  Preparing: select id, code, name, name_cn, name_en, remark,arguments, create_time,create_by, update_time, update_by, ver, is_del from algorithm WHERE DATE_FORMAT(create_time, '%Y-%m-%d %H:%I:%S')>= DATE_FORMAT(?, '%Y-%m-%d %H:%I:%S') and is_del = ? and 1 = 1 limit 10 
2019-01-05 21:59:10,339:DEBUG qtp1678422332-28 (BaseJdbcLogger.java:159) - ==> Parameters: 2019-01-04 16:44:27.0(Timestamp), 0(Integer)
2019-01-05 21:59:11,124:DEBUG qtp1678422332-28 (BaseJdbcLogger.java:159) - <==      Total: 3
