2018-12-24 11:25:53,810:DEBUG qtp504006221-30 (BaseJdbcLogger.java:159) - ==>  Preparing: select id, content, number_mine, number_your, secret, save_time, action, create_time, create_by, update_time, update_by, ver, is_del from card WHERE number_mine = ? and 1 = 1 
2018-12-24 11:25:53,814:DEBUG qtp504006221-30 (BaseJdbcLogger.java:159) - ==> Parameters: 15549048091(String)
2018-12-24 11:25:53,826:DEBUG qtp504006221-30 (BaseJdbcLogger.java:159) - <==      Total: 1
2018-12-24 13:08:30,528:DEBUG qtp1001946422-25 (BaseJdbcLogger.java:159) - ==>  Preparing: select id, theme, number_mine, name_mine, number_your, name_your, secret, save_time, action, create_time, create_by, update_time, update_by, ver, is_del from card WHERE 1 = 1 
2018-12-24 13:08:30,556:DEBUG qtp1001946422-25 (BaseJdbcLogger.java:159) - ==> Parameters: 
2018-12-24 13:09:42,155:DEBUG qtp1001946422-25 (BaseJdbcLogger.java:159) - ==>  Preparing: select id, theme, number_mine, name_mine, number_your, name_your, secret, save_time, action, create_time, create_by, update_time, update_by, ver, is_del from card WHERE 1 = 1 
2018-12-24 13:09:42,156:DEBUG qtp1001946422-25 (BaseJdbcLogger.java:159) - ==> Parameters: 
2018-12-24 13:09:42,187:DEBUG qtp1001946422-25 (BaseJdbcLogger.java:159) - <==      Total: 1
2018-12-24 13:13:45,376:DEBUG qtp1001946422-27 (BaseJdbcLogger.java:159) - ==>  Preparing: insert into card(save_time,action) values (?,?) 
2018-12-24 13:13:45,378:DEBUG qtp1001946422-27 (BaseJdbcLogger.java:159) - ==> Parameters: 0(Integer), 0(Integer)
2018-12-24 13:13:45,394:DEBUG qtp1001946422-27 (BaseJdbcLogger.java:159) - <==    Updates: 1
2018-12-24 13:13:45,397:DEBUG qtp1001946422-27 (BaseJdbcLogger.java:159) - ==>  Preparing: select id, theme, number_mine, name_mine, number_your, name_your, secret, save_time, action, create_time, create_by, update_time, update_by, ver, is_del from card WHERE 1 = 1 
2018-12-24 13:13:45,398:DEBUG qtp1001946422-27 (BaseJdbcLogger.java:159) - ==> Parameters: 
2018-12-24 13:13:45,407:DEBUG qtp1001946422-27 (BaseJdbcLogger.java:159) - <==      Total: 1
2018-12-24 13:13:45,417:DEBUG qtp1001946422-27 (BaseJdbcLogger.java:159) - ==>  Preparing: insert into feeling(card_id) values (?) 
2018-12-24 13:13:45,419:DEBUG qtp1001946422-27 (BaseJdbcLogger.java:159) - ==> Parameters: 16(Long)
2018-12-24 13:17:10,125:DEBUG qtp1001946422-29 (BaseJdbcLogger.java:159) - ==>  Preparing: insert into card(save_time,action) values (?,?) 
2018-12-24 13:17:10,128:DEBUG qtp1001946422-29 (BaseJdbcLogger.java:159) - ==> Parameters: 0(Integer), 0(Integer)
2018-12-24 13:17:10,145:DEBUG qtp1001946422-29 (BaseJdbcLogger.java:159) - <==    Updates: 1
2018-12-24 13:17:10,152:DEBUG qtp1001946422-29 (BaseJdbcLogger.java:159) - ==>  Preparing: select id, theme, number_mine, name_mine, number_your, name_your, secret, save_time, action, create_time, create_by, update_time, update_by, ver, is_del from card WHERE 1 = 1 
2018-12-24 13:17:10,153:DEBUG qtp1001946422-29 (BaseJdbcLogger.java:159) - ==> Parameters: 
2018-12-24 13:17:10,165:DEBUG qtp1001946422-29 (BaseJdbcLogger.java:159) - <==      Total: 2
2018-12-24 14:07:50,747:DEBUG qtp1001946422-25 (BaseJdbcLogger.java:159) - ==>  Preparing: insert into card(save_time,action) values (?,?) 
2018-12-24 14:07:50,749:DEBUG qtp1001946422-25 (BaseJdbcLogger.java:159) - ==> Parameters: 0(Integer), 0(Integer)
2018-12-24 14:07:50,766:DEBUG qtp1001946422-25 (BaseJdbcLogger.java:159) - <==    Updates: 1
2018-12-24 14:07:50,769:DEBUG qtp1001946422-25 (BaseJdbcLogger.java:159) - ==>  Preparing: select id, theme, number_mine, name_mine, number_your, name_your, secret, save_time, action, create_time, create_by, update_time, update_by, ver, is_del from card WHERE 1 = 1 
2018-12-24 14:07:50,770:DEBUG qtp1001946422-25 (BaseJdbcLogger.java:159) - ==> Parameters: 
2018-12-24 14:07:50,778:DEBUG qtp1001946422-25 (BaseJdbcLogger.java:159) - <==      Total: 3
2018-12-24 14:10:15,759:DEBUG qtp1001946422-28 (BaseJdbcLogger.java:159) - ==>  Preparing: insert into card(number_mine,number_your,name_mine,name_your,secret,save_time,action) values (?,?,?,?,?,?,?) 
2018-12-24 14:10:15,769:DEBUG qtp1001946422-28 (BaseJdbcLogger.java:159) - ==> Parameters: 15549048091(String), 15549048092(String), ckx(String), lyf(String), 123(String), 3(Integer), 1(Integer)
2018-12-24 14:10:15,790:DEBUG qtp1001946422-28 (BaseJdbcLogger.java:159) - <==    Updates: 1
2018-12-24 14:10:19,458:DEBUG qtp1001946422-28 (BaseJdbcLogger.java:159) - ==>  Preparing: select id, theme, number_mine, name_mine, number_your, name_your, secret, save_time, action, create_time, create_by, update_time, update_by, ver, is_del from card WHERE number_mine = ? and 1 = 1 
2018-12-24 14:10:19,462:DEBUG qtp1001946422-28 (BaseJdbcLogger.java:159) - ==> Parameters: 15549048091(String)
2018-12-24 14:10:19,483:DEBUG qtp1001946422-28 (BaseJdbcLogger.java:159) - <==      Total: 1
2018-12-24 14:10:55,420:DEBUG qtp1001946422-28 (BaseJdbcLogger.java:159) - ==>  Preparing: insert into feeling(card_id,title,content,visibility,create_by) values (?,?,?,?,?) 
2018-12-24 14:10:55,426:DEBUG qtp1001946422-28 (BaseJdbcLogger.java:159) - ==> Parameters: 19(Long), 第一条feeling(String), 第一次见你是下雨天(String), 1(Integer), ckx(String)
2018-12-24 14:15:40,874:DEBUG qtp1001946422-25 (BaseJdbcLogger.java:159) - ==>  Preparing: insert into card(number_mine,number_your,name_mine,name_your,secret,save_time,action) values (?,?,?,?,?,?,?) 
2018-12-24 14:15:40,882:DEBUG qtp1001946422-25 (BaseJdbcLogger.java:159) - ==> Parameters: 15549048091(String), 15549048092(String), ckx(String), lyf(String), 123(String), 3(Integer), 1(Integer)
2018-12-24 14:15:40,900:DEBUG qtp1001946422-25 (BaseJdbcLogger.java:159) - <==    Updates: 1
2018-12-24 14:15:41,364:DEBUG qtp1001946422-25 (BaseJdbcLogger.java:159) - ==>  Preparing: select id, theme, number_mine, name_mine, number_your, name_your, secret, save_time, action, create_time, create_by, update_time, update_by, ver, is_del from card WHERE number_mine = ? and 1 = 1 
2018-12-24 14:15:41,367:DEBUG qtp1001946422-25 (BaseJdbcLogger.java:159) - ==> Parameters: 15549048091(String)
2018-12-24 14:15:41,397:DEBUG qtp1001946422-25 (BaseJdbcLogger.java:159) - <==      Total: 1
2018-12-24 14:47:58,235:DEBUG qtp1001946422-25 (BaseJdbcLogger.java:159) - ==>  Preparing: insert into feeling(card_id,title,content,visibility,create_by) values (?,?,?,?,?) 
2018-12-24 14:47:58,239:DEBUG qtp1001946422-25 (BaseJdbcLogger.java:159) - ==> Parameters: 20(Long), 第一条feeling(String), 第一次见你是下雨天(String), 1(Integer), ckx(String)
2018-12-24 14:54:19,680:DEBUG qtp1001946422-27 (BaseJdbcLogger.java:159) - ==>  Preparing: insert into card(number_mine,number_your,name_mine,name_your,secret,save_time,action) values (?,?,?,?,?,?,?) 
2018-12-24 14:54:19,683:DEBUG qtp1001946422-27 (BaseJdbcLogger.java:159) - ==> Parameters: 15549048091(String), 15549048092(String), ckx(String), lyf(String), 123(String), 3(Integer), 1(Integer)
2018-12-24 14:54:19,701:DEBUG qtp1001946422-27 (BaseJdbcLogger.java:159) - <==    Updates: 1
2018-12-24 14:54:19,704:DEBUG qtp1001946422-27 (BaseJdbcLogger.java:159) - ==>  Preparing: select id, theme, number_mine, name_mine, number_your, name_your, secret, save_time, action, create_time, create_by, update_time, update_by, ver, is_del from card WHERE number_mine = ? and 1 = 1 
2018-12-24 14:54:19,705:DEBUG qtp1001946422-27 (BaseJdbcLogger.java:159) - ==> Parameters: 15549048091(String)
2018-12-24 14:54:19,718:DEBUG qtp1001946422-27 (BaseJdbcLogger.java:159) - <==      Total: 1
2018-12-24 14:54:19,721:DEBUG qtp1001946422-27 (BaseJdbcLogger.java:159) - ==>  Preparing: insert into feeling(card_id,title,content,visibility,create_by) values (?,?,?,?,?) 
2018-12-24 14:54:19,722:DEBUG qtp1001946422-27 (BaseJdbcLogger.java:159) - ==> Parameters: 21(Long), 第一条feeling(String), 第一次见你是下雨天(String), 1(Integer), ckx(String)
2018-12-24 14:54:19,738:DEBUG qtp1001946422-27 (BaseJdbcLogger.java:159) - <==    Updates: 1
2018-12-24 16:23:59,514:DEBUG qtp1908505175-28 (BaseJdbcLogger.java:159) - ==>  Preparing: insert into feeling(card_id,title,content,visibility) values (?,?,?,?) 
2018-12-24 16:23:59,544:DEBUG qtp1908505175-28 (BaseJdbcLogger.java:159) - ==> Parameters: 21(Long), 第二条(String), 第二次见你是晴天(String), 2(Integer)
2018-12-24 16:23:59,565:DEBUG qtp1908505175-28 (BaseJdbcLogger.java:159) - <==    Updates: 1
2018-12-24 16:57:22,872:DEBUG qtp1397643446-26 (BaseJdbcLogger.java:159) - ==>  Preparing: select id, theme, number_mine, name_mine, number_your, name_your, secret, save_time, action, create_time, create_by, update_time, update_by, ver, is_del from card WHERE number_mine = ? and 1 = 1 
2018-12-24 16:57:22,902:DEBUG qtp1397643446-26 (BaseJdbcLogger.java:159) - ==> Parameters: 15549048091(String)
2018-12-24 16:57:22,931:DEBUG qtp1397643446-26 (BaseJdbcLogger.java:159) - <==      Total: 1
2018-12-24 16:57:22,940:DEBUG qtp1397643446-26 (BaseJdbcLogger.java:159) - ==>  Preparing: select id, card_id, title, content, visibility, create_time, create_by, update_time, update_by, ver, is_del from sys_attachment WHERE card_id = ? and 1 = 1 
2018-12-24 16:57:22,941:DEBUG qtp1397643446-26 (BaseJdbcLogger.java:159) - ==> Parameters: 21(Long)
2018-12-24 17:01:13,808:DEBUG qtp1001946422-30 (BaseJdbcLogger.java:159) - ==>  Preparing: select id, theme, number_mine, name_mine, number_your, name_your, secret, save_time, action, create_time, create_by, update_time, update_by, ver, is_del from card WHERE number_mine = ? and 1 = 1 
2018-12-24 17:01:13,834:DEBUG qtp1001946422-30 (BaseJdbcLogger.java:159) - ==> Parameters: 15549048091(String)
2018-12-24 17:01:13,863:DEBUG qtp1001946422-30 (BaseJdbcLogger.java:159) - <==      Total: 1
2018-12-24 17:01:13,872:DEBUG qtp1001946422-30 (BaseJdbcLogger.java:159) - ==>  Preparing: select id, card_id, title, content, visibility, create_time, create_by, update_time, update_by, ver, is_del from feeling WHERE card_id = ? and 1 = 1 
2018-12-24 17:01:13,873:DEBUG qtp1001946422-30 (BaseJdbcLogger.java:159) - ==> Parameters: 21(Long)
2018-12-24 17:01:13,882:DEBUG qtp1001946422-30 (BaseJdbcLogger.java:159) - <==      Total: 2
2018-12-24 17:04:17,320:DEBUG qtp1001946422-30 (BaseJdbcLogger.java:159) - ==>  Preparing: select id, theme, number_mine, name_mine, number_your, name_your, secret, save_time, action, create_time, create_by, update_time, update_by, ver, is_del from card WHERE number_mine = ? and 1 = 1 
2018-12-24 17:04:17,321:DEBUG qtp1001946422-30 (BaseJdbcLogger.java:159) - ==> Parameters: 15549048091(String)
2018-12-24 17:04:17,329:DEBUG qtp1001946422-30 (BaseJdbcLogger.java:159) - <==      Total: 1
2018-12-24 17:04:17,331:DEBUG qtp1001946422-30 (BaseJdbcLogger.java:159) - ==>  Preparing: select id, card_id, title, content, visibility, create_time, create_by, update_time, update_by, ver, is_del from feeling WHERE card_id = ? and 1 = 1 
2018-12-24 17:04:17,332:DEBUG qtp1001946422-30 (BaseJdbcLogger.java:159) - ==> Parameters: 21(Long)
2018-12-24 17:04:17,340:DEBUG qtp1001946422-30 (BaseJdbcLogger.java:159) - <==      Total: 2
2018-12-24 17:05:54,010:DEBUG qtp1001946422-28 (BaseJdbcLogger.java:159) - ==>  Preparing: select id, theme, number_mine, name_mine, number_your, name_your, secret, save_time, action, create_time, create_by, update_time, update_by, ver, is_del from card WHERE number_mine = ? and 1 = 1 
2018-12-24 17:05:54,012:DEBUG qtp1001946422-28 (BaseJdbcLogger.java:159) - ==> Parameters: 15549048091(String)
2018-12-24 17:05:54,020:DEBUG qtp1001946422-28 (BaseJdbcLogger.java:159) - <==      Total: 1
2018-12-24 17:05:54,023:DEBUG qtp1001946422-28 (BaseJdbcLogger.java:159) - ==>  Preparing: select id, card_id, title, content, visibility, create_time, create_by, update_time, update_by, ver, is_del from feeling WHERE card_id = ? and 1 = 1 
2018-12-24 17:05:54,024:DEBUG qtp1001946422-28 (BaseJdbcLogger.java:159) - ==> Parameters: 21(Long)
2018-12-24 17:05:54,032:DEBUG qtp1001946422-28 (BaseJdbcLogger.java:159) - <==      Total: 2
2018-12-24 17:06:10,933:DEBUG qtp1001946422-25 (BaseJdbcLogger.java:159) - ==>  Preparing: select id, theme, number_mine, name_mine, number_your, name_your, secret, save_time, action, create_time, create_by, update_time, update_by, ver, is_del from card WHERE number_mine = ? and 1 = 1 
2018-12-24 17:06:10,935:DEBUG qtp1001946422-25 (BaseJdbcLogger.java:159) - ==> Parameters: 15549048091(String)
2018-12-24 17:06:10,946:DEBUG qtp1001946422-25 (BaseJdbcLogger.java:159) - <==      Total: 1
2018-12-24 17:06:10,949:DEBUG qtp1001946422-25 (BaseJdbcLogger.java:159) - ==>  Preparing: select id, card_id, title, content, visibility, create_time, create_by, update_time, update_by, ver, is_del from feeling WHERE card_id = ? and 1 = 1 
2018-12-24 17:06:10,950:DEBUG qtp1001946422-25 (BaseJdbcLogger.java:159) - ==> Parameters: 21(Long)
2018-12-24 17:06:10,957:DEBUG qtp1001946422-25 (BaseJdbcLogger.java:159) - <==      Total: 2
2018-12-24 17:06:32,469:DEBUG qtp1001946422-25 (BaseJdbcLogger.java:159) - ==>  Preparing: select id, theme, number_mine, name_mine, number_your, name_your, secret, save_time, action, create_time, create_by, update_time, update_by, ver, is_del from card WHERE number_mine = ? and 1 = 1 
2018-12-24 17:06:32,471:DEBUG qtp1001946422-25 (BaseJdbcLogger.java:159) - ==> Parameters: 15549048091(String)
2018-12-24 17:06:32,481:DEBUG qtp1001946422-25 (BaseJdbcLogger.java:159) - <==      Total: 1
2018-12-24 17:06:32,484:DEBUG qtp1001946422-25 (BaseJdbcLogger.java:159) - ==>  Preparing: select id, card_id, title, content, visibility, create_time, create_by, update_time, update_by, ver, is_del from feeling WHERE card_id = ? and 1 = 1 
2018-12-24 17:06:32,485:DEBUG qtp1001946422-25 (BaseJdbcLogger.java:159) - ==> Parameters: 21(Long)
2018-12-24 17:06:32,495:DEBUG qtp1001946422-25 (BaseJdbcLogger.java:159) - <==      Total: 2
2018-12-24 17:06:48,042:DEBUG qtp1001946422-29 (BaseJdbcLogger.java:159) - ==>  Preparing: select id, theme, number_mine, name_mine, number_your, name_your, secret, save_time, action, create_time, create_by, update_time, update_by, ver, is_del from card WHERE number_mine = ? and 1 = 1 
2018-12-24 17:06:48,043:DEBUG qtp1001946422-29 (BaseJdbcLogger.java:159) - ==> Parameters: 15549048091(String)
2018-12-24 17:06:48,054:DEBUG qtp1001946422-29 (BaseJdbcLogger.java:159) - <==      Total: 1
2018-12-24 17:06:48,056:DEBUG qtp1001946422-29 (BaseJdbcLogger.java:159) - ==>  Preparing: select id, card_id, title, content, visibility, create_time, create_by, update_time, update_by, ver, is_del from feeling WHERE card_id = ? and 1 = 1 
2018-12-24 17:06:48,056:DEBUG qtp1001946422-29 (BaseJdbcLogger.java:159) - ==> Parameters: 21(Long)
2018-12-24 17:06:48,065:DEBUG qtp1001946422-29 (BaseJdbcLogger.java:159) - <==      Total: 2
2018-12-24 17:07:28,761:DEBUG qtp1001946422-29 (BaseJdbcLogger.java:159) - ==>  Preparing: select id, theme, number_mine, name_mine, number_your, name_your, secret, save_time, action, create_time, create_by, update_time, update_by, ver, is_del from card WHERE number_mine = ? and 1 = 1 
2018-12-24 17:07:28,761:DEBUG qtp1001946422-29 (BaseJdbcLogger.java:159) - ==> Parameters: 15549048091(String)
2018-12-24 17:07:28,771:DEBUG qtp1001946422-29 (BaseJdbcLogger.java:159) - <==      Total: 1
2018-12-24 17:07:28,773:DEBUG qtp1001946422-29 (BaseJdbcLogger.java:159) - ==>  Preparing: select id, card_id, title, content, visibility, create_time, create_by, update_time, update_by, ver, is_del from feeling WHERE card_id = ? and 1 = 1 
2018-12-24 17:07:28,774:DEBUG qtp1001946422-29 (BaseJdbcLogger.java:159) - ==> Parameters: 21(Long)
2018-12-24 17:07:28,782:DEBUG qtp1001946422-29 (BaseJdbcLogger.java:159) - <==      Total: 2
2018-12-24 17:07:44,029:DEBUG qtp1001946422-28 (BaseJdbcLogger.java:159) - ==>  Preparing: select id, theme, number_mine, name_mine, number_your, name_your, secret, save_time, action, create_time, create_by, update_time, update_by, ver, is_del from card WHERE number_mine = ? and 1 = 1 
2018-12-24 17:07:44,030:DEBUG qtp1001946422-28 (BaseJdbcLogger.java:159) - ==> Parameters: 15549048091(String)
2018-12-24 17:07:44,041:DEBUG qtp1001946422-28 (BaseJdbcLogger.java:159) - <==      Total: 1
2018-12-24 17:07:44,045:DEBUG qtp1001946422-28 (BaseJdbcLogger.java:159) - ==>  Preparing: select id, card_id, title, content, visibility, create_time, create_by, update_time, update_by, ver, is_del from feeling WHERE card_id = ? and 1 = 1 
2018-12-24 17:07:44,047:DEBUG qtp1001946422-28 (BaseJdbcLogger.java:159) - ==> Parameters: 21(Long)
2018-12-24 17:07:44,058:DEBUG qtp1001946422-28 (BaseJdbcLogger.java:159) - <==      Total: 2
2018-12-24 17:10:25,685:DEBUG qtp1001946422-25 (BaseJdbcLogger.java:159) - ==>  Preparing: select id, theme, number_mine, name_mine, number_your, name_your, secret, save_time, action, create_time, create_by, update_time, update_by, ver, is_del from card WHERE number_mine = ? and 1 = 1 
2018-12-24 17:10:25,686:DEBUG qtp1001946422-25 (BaseJdbcLogger.java:159) - ==> Parameters: 15549048091(String)
2018-12-24 17:10:25,695:DEBUG qtp1001946422-25 (BaseJdbcLogger.java:159) - <==      Total: 1
2018-12-24 17:10:25,698:DEBUG qtp1001946422-25 (BaseJdbcLogger.java:159) - ==>  Preparing: select id, card_id, title, content, visibility, create_time, create_by, update_time, update_by, ver, is_del from feeling WHERE card_id = ? and 1 = 1 
2018-12-24 17:10:25,699:DEBUG qtp1001946422-25 (BaseJdbcLogger.java:159) - ==> Parameters: 21(Long)
2018-12-24 17:10:25,707:DEBUG qtp1001946422-25 (BaseJdbcLogger.java:159) - <==      Total: 2
2018-12-24 17:15:21,173:DEBUG qtp1001946422-25 (BaseJdbcLogger.java:159) - ==>  Preparing: select id, theme, number_mine, name_mine, number_your, name_your, secret, save_time, action, create_time, create_by, update_time, update_by, ver, is_del from card WHERE number_mine = ? and 1 = 1 
2018-12-24 17:15:21,175:DEBUG qtp1001946422-25 (BaseJdbcLogger.java:159) - ==> Parameters: 15549048091(String)
2018-12-24 17:15:21,184:DEBUG qtp1001946422-25 (BaseJdbcLogger.java:159) - <==      Total: 1
2018-12-24 17:15:21,187:DEBUG qtp1001946422-25 (BaseJdbcLogger.java:159) - ==>  Preparing: select id, card_id, title, content, visibility, create_time, create_by, update_time, update_by, ver, is_del from feeling WHERE card_id = ? and 1 = 1 
2018-12-24 17:15:21,187:DEBUG qtp1001946422-25 (BaseJdbcLogger.java:159) - ==> Parameters: 21(Long)
2018-12-24 17:15:21,196:DEBUG qtp1001946422-25 (BaseJdbcLogger.java:159) - <==      Total: 2
2018-12-24 17:29:39,816:DEBUG qtp1001946422-30 (BaseJdbcLogger.java:159) - ==>  Preparing: insert into feeling(card_id,title,content,visibility) values (?,?,?,?) 
2018-12-24 17:29:39,818:DEBUG qtp1001946422-30 (BaseJdbcLogger.java:159) - ==> Parameters: 21(Long), 第三条(String), 第三次见你是在下雪(String), 0(Integer)
2018-12-24 17:29:39,836:DEBUG qtp1001946422-30 (BaseJdbcLogger.java:159) - <==    Updates: 1
2018-12-24 17:29:51,988:DEBUG qtp1001946422-30 (BaseJdbcLogger.java:159) - ==>  Preparing: select id, theme, number_mine, name_mine, number_your, name_your, secret, save_time, action, create_time, create_by, update_time, update_by, ver, is_del from card WHERE number_mine = ? and 1 = 1 
2018-12-24 17:29:51,988:DEBUG qtp1001946422-30 (BaseJdbcLogger.java:159) - ==> Parameters: 15549048091(String)
2018-12-24 17:29:51,999:DEBUG qtp1001946422-30 (BaseJdbcLogger.java:159) - <==      Total: 1
2018-12-24 17:29:52,002:DEBUG qtp1001946422-30 (BaseJdbcLogger.java:159) - ==>  Preparing: select id, card_id, title, content, visibility, create_time, create_by, update_time, update_by, ver, is_del from feeling WHERE card_id = ? and 1 = 1 
2018-12-24 17:29:52,003:DEBUG qtp1001946422-30 (BaseJdbcLogger.java:159) - ==> Parameters: 21(Long)
2018-12-24 17:29:52,013:DEBUG qtp1001946422-30 (BaseJdbcLogger.java:159) - <==      Total: 3
